[0.456s] Invoking command in '/home/pavitpc/ros2_ws/build/my_package': CMAKE_PREFIX_PATH=${CMAKE_PREFIX_PATH}:/home/pavitpc/ros2_ws/install/my_python_package:/opt/ros/humble /usr/bin/cmake /home/pavitpc/ros2_ws/src/my_package -DAMENT_CMAKE_SYMLINK_INSTALL=1 -DCMAKE_INSTALL_PREFIX=/home/pavitpc/ros2_ws/install/my_package
[1.275s] -- Found ament_cmake: 1.3.6 (/opt/ros/humble/share/ament_cmake/cmake)
[1.408s] -- Override CMake install command with custom implementation using symlinks instead of copying resources
[1.628s] -- Found ament_lint_auto: 0.12.9 (/opt/ros/humble/share/ament_lint_auto/cmake)
[1.907s] -- Added test 'cppcheck' to perform static code analysis on C / C++ code
[1.907s] -- Configured cppcheck include dirs: $<BUILD_INTERFACE:/home/pavitpc/ros2_ws/src/my_package/include>
[1.908s] -- Configured cppcheck exclude dirs and/or files: 
[1.909s] -- Added test 'lint_cmake' to check CMake code style
[1.911s] -- Added test 'uncrustify' to check C / C++ code style
[1.911s] -- Configured uncrustify additional arguments: 
[1.912s] -- Added test 'xmllint' to check XML markup files
[1.914s] -- Configuring done
[2.004s] -- Generating done
[2.006s] -- Build files have been written to: /home/pavitpc/ros2_ws/build/my_package
[2.012s] Invoked command in '/home/pavitpc/ros2_ws/build/my_package' returned '0': CMAKE_PREFIX_PATH=${CMAKE_PREFIX_PATH}:/home/pavitpc/ros2_ws/install/my_python_package:/opt/ros/humble /usr/bin/cmake /home/pavitpc/ros2_ws/src/my_package -DAMENT_CMAKE_SYMLINK_INSTALL=1 -DCMAKE_INSTALL_PREFIX=/home/pavitpc/ros2_ws/install/my_package
[2.015s] Invoking command in '/home/pavitpc/ros2_ws/build/my_package': CMAKE_PREFIX_PATH=${CMAKE_PREFIX_PATH}:/home/pavitpc/ros2_ws/install/my_python_package:/opt/ros/humble /usr/bin/cmake --build /home/pavitpc/ros2_ws/build/my_package -- -j4 -l4
[2.204s] [35m[1mConsolidate compiler generated dependencies of target my_node[0m
[2.256s] [100%] Built target my_node
[2.309s] Invoked command in '/home/pavitpc/ros2_ws/build/my_package' returned '0': CMAKE_PREFIX_PATH=${CMAKE_PREFIX_PATH}:/home/pavitpc/ros2_ws/install/my_python_package:/opt/ros/humble /usr/bin/cmake --build /home/pavitpc/ros2_ws/build/my_package -- -j4 -l4
[2.398s] Invoking command in '/home/pavitpc/ros2_ws/build/my_package': CMAKE_PREFIX_PATH=${CMAKE_PREFIX_PATH}:/home/pavitpc/ros2_ws/install/my_python_package:/opt/ros/humble /usr/bin/cmake --install /home/pavitpc/ros2_ws/build/my_package
[2.415s] -- Install configuration: ""
[2.416s] -- Execute custom install script
[2.417s] -- Symlinking: /home/pavitpc/ros2_ws/install/my_package/lib/my_package/my_node
[2.437s] -- Symlinking: /home/pavitpc/ros2_ws/install/my_package/share/ament_index/resource_index/package_run_dependencies/my_package
[2.463s] -- Symlinking: /home/pavitpc/ros2_ws/install/my_package/share/ament_index/resource_index/parent_prefix_path/my_package
[2.485s] -- Symlinking: /home/pavitpc/ros2_ws/install/my_package/share/my_package/environment/ament_prefix_path.sh
[2.508s] -- Symlinking: /home/pavitpc/ros2_ws/install/my_package/share/my_package/environment/ament_prefix_path.dsv
[2.528s] -- Symlinking: /home/pavitpc/ros2_ws/install/my_package/share/my_package/environment/path.sh
[2.541s] -- Symlinking: /home/pavitpc/ros2_ws/install/my_package/share/my_package/environment/path.dsv
[2.556s] -- Symlinking: /home/pavitpc/ros2_ws/install/my_package/share/my_package/local_setup.bash
[2.583s] -- Symlinking: /home/pavitpc/ros2_ws/install/my_package/share/my_package/local_setup.sh
[2.597s] -- Symlinking: /home/pavitpc/ros2_ws/install/my_package/share/my_package/local_setup.zsh
[2.612s] -- Symlinking: /home/pavitpc/ros2_ws/install/my_package/share/my_package/local_setup.dsv
[2.625s] -- Symlinking: /home/pavitpc/ros2_ws/install/my_package/share/my_package/package.dsv
[2.639s] -- Symlinking: /home/pavitpc/ros2_ws/install/my_package/share/ament_index/resource_index/packages/my_package
[2.673s] -- Symlinking: /home/pavitpc/ros2_ws/install/my_package/share/my_package/cmake/my_packageConfig.cmake
[2.686s] -- Symlinking: /home/pavitpc/ros2_ws/install/my_package/share/my_package/cmake/my_packageConfig-version.cmake
[2.700s] -- Symlinking: /home/pavitpc/ros2_ws/install/my_package/share/my_package/package.xml
[2.718s] Invoked command in '/home/pavitpc/ros2_ws/build/my_package' returned '0': CMAKE_PREFIX_PATH=${CMAKE_PREFIX_PATH}:/home/pavitpc/ros2_ws/install/my_python_package:/opt/ros/humble /usr/bin/cmake --install /home/pavitpc/ros2_ws/build/my_package
