[3.238s] Invoking command in '/home/pavitpc/ros2_ws/build/action_tutorials_cpp': CMAKE_PREFIX_PATH=${CMAKE_PREFIX_PATH}:/home/pavitpc/ros2_ws/install/my_robot_controller:/home/pavitpc/ros2_ws/install/my_python_package:/opt/ros/humble /usr/bin/cmake /home/pavitpc/ros2_ws/src/action_tutorials_cpp -DAMENT_CMAKE_SYMLINK_INSTALL=1 -DCMAKE_INSTALL_PREFIX=/home/pavitpc/ros2_ws/install/action_tutorials_cpp
[6.680s] -- The C compiler identification is GNU 11.4.0
[6.681s] -- The CXX compiler identification is GNU 11.4.0
[6.681s] -- Detecting C compiler ABI info
[6.682s] -- Detecting C compiler ABI info - done
[6.684s] -- Check for working C compiler: /usr/bin/cc - skipped
[6.734s] -- Detecting C compile features
[6.735s] -- Detecting C compile features - done
[6.736s] -- Detecting CXX compiler ABI info
[6.736s] -- Detecting CXX compiler ABI info - done
[6.736s] -- Check for working CXX compiler: /usr/bin/c++ - skipped
[6.736s] -- Detecting CXX compile features
[6.736s] -- Detecting CXX compile features - done
[6.774s] -- Found ament_cmake: 1.3.6 (/opt/ros/humble/share/ament_cmake/cmake)
[8.365s] -- Found Python3: /usr/bin/python3.10 (found version "3.10.12") found components: Interpreter 
[8.827s] -- Override CMake install command with custom implementation using symlinks instead of copying resources
[9.037s] -- Found action_tutorials_interfaces: 0.20.3 (/opt/ros/humble/share/action_tutorials_interfaces/cmake)
[9.447s] -- Found rosidl_generator_c: 3.1.5 (/opt/ros/humble/share/rosidl_generator_c/cmake)
[9.516s] -- Found rosidl_adapter: 3.1.5 (/opt/ros/humble/share/rosidl_adapter/cmake)
[9.655s] -- Found rosidl_generator_cpp: 3.1.5 (/opt/ros/humble/share/rosidl_generator_cpp/cmake)
[9.795s] -- Using all available rosidl_typesupport_c: rosidl_typesupport_fastrtps_c;rosidl_typesupport_introspection_c
[10.048s] -- Using all available rosidl_typesupport_cpp: rosidl_typesupport_fastrtps_cpp;rosidl_typesupport_introspection_cpp
[11.881s] -- Found rclcpp: 16.0.7 (/opt/ros/humble/share/rclcpp/cmake)
[12.330s] -- Found rmw_implementation_cmake: 6.1.1 (/opt/ros/humble/share/rmw_implementation_cmake/cmake)
[12.340s] -- Found rmw_cyclonedds_cpp: 1.3.4 (/opt/ros/humble/share/rmw_cyclonedds_cpp/cmake)
[12.565s] -- Using RMW implementation 'rmw_cyclonedds_cpp' as default
[12.802s] -- Looking for pthread.h
[14.527s] -- Looking for pthread.h - found
[14.528s] -- Performing Test CMAKE_HAVE_LIBC_PTHREAD
[16.325s] -- Performing Test CMAKE_HAVE_LIBC_PTHREAD - Success
[16.333s] -- Found Threads: TRUE  
[18.884s] -- Found rclcpp_action: 16.0.7 (/opt/ros/humble/share/rclcpp_action/cmake)
[19.585s] -- Found rclcpp_components: 16.0.7 (/opt/ros/humble/share/rclcpp_components/cmake)
[20.316s] -- Found nav2_msgs: 1.1.12 (/opt/ros/humble/share/nav2_msgs/cmake)
[24.013s] -- Found ament_lint_auto: 0.12.9 (/opt/ros/humble/share/ament_lint_auto/cmake)
[24.886s] -- Added test 'cppcheck' to perform static code analysis on C / C++ code
[24.889s] -- Configured cppcheck include dirs: $<BUILD_INTERFACE:/home/pavitpc/ros2_ws/src/action_tutorials_cpp/include>
[24.889s] -- Configured cppcheck exclude dirs and/or files: 
[24.892s] -- Added test 'lint_cmake' to check CMake code style
[24.895s] -- Added test 'uncrustify' to check C / C++ code style
[24.896s] -- Configured uncrustify additional arguments: 
[24.898s] -- Added test 'xmllint' to check XML markup files
[24.935s] -- Configuring done
[25.049s] -- Generating done
[25.063s] -- Build files have been written to: /home/pavitpc/ros2_ws/build/action_tutorials_cpp
[25.181s] Invoked command in '/home/pavitpc/ros2_ws/build/action_tutorials_cpp' returned '0': CMAKE_PREFIX_PATH=${CMAKE_PREFIX_PATH}:/home/pavitpc/ros2_ws/install/my_robot_controller:/home/pavitpc/ros2_ws/install/my_python_package:/opt/ros/humble /usr/bin/cmake /home/pavitpc/ros2_ws/src/action_tutorials_cpp -DAMENT_CMAKE_SYMLINK_INSTALL=1 -DCMAKE_INSTALL_PREFIX=/home/pavitpc/ros2_ws/install/action_tutorials_cpp
[25.189s] Invoking command in '/home/pavitpc/ros2_ws/build/action_tutorials_cpp': CMAKE_PREFIX_PATH=${CMAKE_PREFIX_PATH}:/home/pavitpc/ros2_ws/install/my_robot_controller:/home/pavitpc/ros2_ws/install/my_python_package:/opt/ros/humble /usr/bin/cmake --build /home/pavitpc/ros2_ws/build/action_tutorials_cpp -- -j4 -l4
[25.595s] [ 25%] [32mBuilding CXX object CMakeFiles/action_client.dir/src/navigate_to_pose_action_client.cpp.o[0m
[65.678s] [ 50%] [32m[1mLinking CXX shared library libaction_client.so[0m
[67.573s] [ 50%] Built target action_client
[67.841s] [ 75%] [32mBuilding CXX object CMakeFiles/navigate_to_pose_action_client.dir/rclcpp_components/node_main_navigate_to_pose_action_client.cpp.o[0m
[100.796s] [100%] [32m[1mLinking CXX executable navigate_to_pose_action_client[0m
[102.055s] [100%] Built target navigate_to_pose_action_client
[102.134s] Invoked command in '/home/pavitpc/ros2_ws/build/action_tutorials_cpp' returned '0': CMAKE_PREFIX_PATH=${CMAKE_PREFIX_PATH}:/home/pavitpc/ros2_ws/install/my_robot_controller:/home/pavitpc/ros2_ws/install/my_python_package:/opt/ros/humble /usr/bin/cmake --build /home/pavitpc/ros2_ws/build/action_tutorials_cpp -- -j4 -l4
[102.529s] Invoking command in '/home/pavitpc/ros2_ws/build/action_tutorials_cpp': CMAKE_PREFIX_PATH=${CMAKE_PREFIX_PATH}:/home/pavitpc/ros2_ws/install/my_robot_controller:/home/pavitpc/ros2_ws/install/my_python_package:/opt/ros/humble /usr/bin/cmake --install /home/pavitpc/ros2_ws/build/action_tutorials_cpp
[102.592s] -- Install configuration: ""
[102.601s] -- Execute custom install script
[102.610s] -- Symlinking: /home/pavitpc/ros2_ws/install/action_tutorials_cpp/lib/action_tutorials_cpp/navigate_to_pose_action_client
[102.759s] -- Symlinking: /home/pavitpc/ros2_ws/install/action_tutorials_cpp/lib/libaction_client.so
[102.836s] -- Symlinking: /home/pavitpc/ros2_ws/install/action_tutorials_cpp/share/ament_index/resource_index/package_run_dependencies/action_tutorials_cpp
[102.933s] -- Symlinking: /home/pavitpc/ros2_ws/install/action_tutorials_cpp/share/ament_index/resource_index/parent_prefix_path/action_tutorials_cpp
[102.999s] -- Symlinking: /home/pavitpc/ros2_ws/install/action_tutorials_cpp/share/action_tutorials_cpp/environment/ament_prefix_path.sh
[103.061s] -- Symlinking: /home/pavitpc/ros2_ws/install/action_tutorials_cpp/share/action_tutorials_cpp/environment/ament_prefix_path.dsv
[103.140s] -- Symlinking: /home/pavitpc/ros2_ws/install/action_tutorials_cpp/share/action_tutorials_cpp/environment/path.sh
[103.218s] -- Symlinking: /home/pavitpc/ros2_ws/install/action_tutorials_cpp/share/action_tutorials_cpp/environment/path.dsv
[103.296s] -- Symlinking: /home/pavitpc/ros2_ws/install/action_tutorials_cpp/share/action_tutorials_cpp/local_setup.bash
[103.386s] -- Symlinking: /home/pavitpc/ros2_ws/install/action_tutorials_cpp/share/action_tutorials_cpp/local_setup.sh
[103.481s] -- Symlinking: /home/pavitpc/ros2_ws/install/action_tutorials_cpp/share/action_tutorials_cpp/local_setup.zsh
[103.551s] -- Symlinking: /home/pavitpc/ros2_ws/install/action_tutorials_cpp/share/action_tutorials_cpp/local_setup.dsv
[103.579s] -- Symlinking: /home/pavitpc/ros2_ws/install/action_tutorials_cpp/share/action_tutorials_cpp/package.dsv
[103.663s] -- Symlinking: /home/pavitpc/ros2_ws/install/action_tutorials_cpp/share/ament_index/resource_index/packages/action_tutorials_cpp
[103.715s] -- Symlinking: /home/pavitpc/ros2_ws/install/action_tutorials_cpp/share/ament_index/resource_index/rclcpp_components/action_tutorials_cpp
[103.812s] -- Symlinking: /home/pavitpc/ros2_ws/install/action_tutorials_cpp/share/action_tutorials_cpp/cmake/action_tutorials_cppConfig.cmake
[103.896s] -- Symlinking: /home/pavitpc/ros2_ws/install/action_tutorials_cpp/share/action_tutorials_cpp/cmake/action_tutorials_cppConfig-version.cmake
[103.980s] -- Symlinking: /home/pavitpc/ros2_ws/install/action_tutorials_cpp/share/action_tutorials_cpp/package.xml
[104.065s] Invoked command in '/home/pavitpc/ros2_ws/build/action_tutorials_cpp' returned '0': CMAKE_PREFIX_PATH=${CMAKE_PREFIX_PATH}:/home/pavitpc/ros2_ws/install/my_robot_controller:/home/pavitpc/ros2_ws/install/my_python_package:/opt/ros/humble /usr/bin/cmake --install /home/pavitpc/ros2_ws/build/action_tutorials_cpp
