[11.086s] DEBUG:colcon:Command line arguments: ['/usr/bin/colcon', 'build', '--symlink-install']
[11.087s] DEBUG:colcon:Parsed command line arguments: Namespace(log_base=None, log_level=None, verb_name='build', build_base='build', install_base='install', merge_install=False, symlink_install=True, test_result_base=None, continue_on_error=False, executor='parallel', parallel_workers=4, event_handlers=None, ignore_user_meta=False, metas=['./colcon.meta'], base_paths=['.'], packages_ignore=None, packages_ignore_regex=None, paths=None, packages_up_to=None, packages_up_to_regex=None, packages_above=None, packages_above_and_dependencies=None, packages_above_depth=None, packages_select_by_dep=None, packages_skip_by_dep=None, packages_skip_up_to=None, packages_select_build_failed=False, packages_skip_build_finished=False, packages_select_test_failures=False, packages_skip_test_passed=False, packages_select=None, packages_skip=None, packages_select_regex=None, packages_skip_regex=None, packages_start=None, packages_end=None, allow_overriding=[], cmake_args=None, cmake_target=None, cmake_target_skip_unavailable=False, cmake_clean_cache=False, cmake_clean_first=False, cmake_force_configure=False, ament_cmake_args=None, catkin_cmake_args=None, catkin_skip_building_tests=False, verb_parser=<colcon_defaults.argument_parser.defaults.DefaultArgumentsDecorator object at 0x7fb0a9604fd0>, verb_extension=<colcon_core.verb.build.BuildVerb object at 0x7fb0a9a73a60>, main=<bound method BuildVerb.main of <colcon_core.verb.build.BuildVerb object at 0x7fb0a9a73a60>>)
[11.588s] Level 1:colcon.colcon_core.package_discovery:discover_packages(colcon_meta) check parameters
[11.589s] Level 1:colcon.colcon_core.package_discovery:discover_packages(recursive) check parameters
[11.589s] Level 1:colcon.colcon_core.package_discovery:discover_packages(ignore) check parameters
[11.589s] Level 1:colcon.colcon_core.package_discovery:discover_packages(path) check parameters
[11.590s] Level 1:colcon.colcon_core.package_discovery:discover_packages(colcon_meta) discover
[11.590s] Level 1:colcon.colcon_core.package_discovery:discover_packages(recursive) discover
[11.590s] INFO:colcon.colcon_core.package_discovery:Crawling recursively for packages in '/home/pavitpc/ros2_ws'
[11.591s] Level 1:colcon.colcon_core.package_identification:_identify(.) by extensions ['ignore', 'ignore_ament_install']
[11.591s] Level 1:colcon.colcon_core.package_identification:_identify(.) by extension 'ignore'
[11.591s] Level 1:colcon.colcon_core.package_identification:_identify(.) by extension 'ignore_ament_install'
[11.591s] Level 1:colcon.colcon_core.package_identification:_identify(.) by extensions ['colcon_pkg']
[11.591s] Level 1:colcon.colcon_core.package_identification:_identify(.) by extension 'colcon_pkg'
[11.591s] Level 1:colcon.colcon_core.package_identification:_identify(.) by extensions ['colcon_meta']
[11.591s] Level 1:colcon.colcon_core.package_identification:_identify(.) by extension 'colcon_meta'
[11.592s] Level 1:colcon.colcon_core.package_identification:_identify(.) by extensions ['ros']
[11.592s] Level 1:colcon.colcon_core.package_identification:_identify(.) by extension 'ros'
[11.656s] Level 1:colcon.colcon_core.package_identification:_identify(.) by extensions ['cmake', 'python']
[11.657s] Level 1:colcon.colcon_core.package_identification:_identify(.) by extension 'cmake'
[11.657s] Level 1:colcon.colcon_core.package_identification:_identify(.) by extension 'python'
[11.657s] Level 1:colcon.colcon_core.package_identification:_identify(.) by extensions ['python_setup_py']
[11.657s] Level 1:colcon.colcon_core.package_identification:_identify(.) by extension 'python_setup_py'
[11.658s] Level 1:colcon.colcon_core.package_identification:_identify(build) by extensions ['ignore', 'ignore_ament_install']
[11.658s] Level 1:colcon.colcon_core.package_identification:_identify(build) by extension 'ignore'
[11.658s] Level 1:colcon.colcon_core.package_identification:_identify(build) ignored
[11.715s] Level 1:colcon.colcon_core.package_identification:_identify(install) by extensions ['ignore', 'ignore_ament_install']
[11.718s] Level 1:colcon.colcon_core.package_identification:_identify(install) by extension 'ignore'
[11.720s] Level 1:colcon.colcon_core.package_identification:_identify(install) ignored
[11.723s] Level 1:colcon.colcon_core.package_identification:_identify(log) by extensions ['ignore', 'ignore_ament_install']
[11.724s] Level 1:colcon.colcon_core.package_identification:_identify(log) by extension 'ignore'
[11.725s] Level 1:colcon.colcon_core.package_identification:_identify(log) ignored
[11.725s] Level 1:colcon.colcon_core.package_identification:_identify(src) by extensions ['ignore', 'ignore_ament_install']
[11.726s] Level 1:colcon.colcon_core.package_identification:_identify(src) by extension 'ignore'
[11.726s] Level 1:colcon.colcon_core.package_identification:_identify(src) by extension 'ignore_ament_install'
[11.726s] Level 1:colcon.colcon_core.package_identification:_identify(src) by extensions ['colcon_pkg']
[11.726s] Level 1:colcon.colcon_core.package_identification:_identify(src) by extension 'colcon_pkg'
[11.727s] Level 1:colcon.colcon_core.package_identification:_identify(src) by extensions ['colcon_meta']
[11.727s] Level 1:colcon.colcon_core.package_identification:_identify(src) by extension 'colcon_meta'
[11.727s] Level 1:colcon.colcon_core.package_identification:_identify(src) by extensions ['ros']
[11.727s] Level 1:colcon.colcon_core.package_identification:_identify(src) by extension 'ros'
[11.727s] Level 1:colcon.colcon_core.package_identification:_identify(src) by extensions ['cmake', 'python']
[11.727s] Level 1:colcon.colcon_core.package_identification:_identify(src) by extension 'cmake'
[11.727s] Level 1:colcon.colcon_core.package_identification:_identify(src) by extension 'python'
[11.727s] Level 1:colcon.colcon_core.package_identification:_identify(src) by extensions ['python_setup_py']
[11.728s] Level 1:colcon.colcon_core.package_identification:_identify(src) by extension 'python_setup_py'
[11.747s] Level 1:colcon.colcon_core.package_identification:_identify(src/action_tutorials_cpp) by extensions ['ignore', 'ignore_ament_install']
[11.748s] Level 1:colcon.colcon_core.package_identification:_identify(src/action_tutorials_cpp) by extension 'ignore'
[11.748s] Level 1:colcon.colcon_core.package_identification:_identify(src/action_tutorials_cpp) by extension 'ignore_ament_install'
[11.749s] Level 1:colcon.colcon_core.package_identification:_identify(src/action_tutorials_cpp) by extensions ['colcon_pkg']
[11.749s] Level 1:colcon.colcon_core.package_identification:_identify(src/action_tutorials_cpp) by extension 'colcon_pkg'
[11.749s] Level 1:colcon.colcon_core.package_identification:_identify(src/action_tutorials_cpp) by extensions ['colcon_meta']
[11.749s] Level 1:colcon.colcon_core.package_identification:_identify(src/action_tutorials_cpp) by extension 'colcon_meta'
[11.749s] Level 1:colcon.colcon_core.package_identification:_identify(src/action_tutorials_cpp) by extensions ['ros']
[11.749s] Level 1:colcon.colcon_core.package_identification:_identify(src/action_tutorials_cpp) by extension 'ros'
[11.757s] DEBUG:colcon.colcon_core.package_identification:Package 'src/action_tutorials_cpp' with type 'ros.ament_cmake' and name 'action_tutorials_cpp'
[11.757s] Level 1:colcon.colcon_core.package_identification:_identify(src/build) by extensions ['ignore', 'ignore_ament_install']
[11.757s] Level 1:colcon.colcon_core.package_identification:_identify(src/build) by extension 'ignore'
[11.758s] Level 1:colcon.colcon_core.package_identification:_identify(src/build) by extension 'ignore_ament_install'
[11.758s] Level 1:colcon.colcon_core.package_identification:_identify(src/build) by extensions ['colcon_pkg']
[11.758s] Level 1:colcon.colcon_core.package_identification:_identify(src/build) by extension 'colcon_pkg'
[11.758s] Level 1:colcon.colcon_core.package_identification:_identify(src/build) by extensions ['colcon_meta']
[11.758s] Level 1:colcon.colcon_core.package_identification:_identify(src/build) by extension 'colcon_meta'
[11.758s] Level 1:colcon.colcon_core.package_identification:_identify(src/build) by extensions ['ros']
[11.759s] Level 1:colcon.colcon_core.package_identification:_identify(src/build) by extension 'ros'
[11.759s] Level 1:colcon.colcon_core.package_identification:_identify(src/build) by extensions ['cmake', 'python']
[11.759s] Level 1:colcon.colcon_core.package_identification:_identify(src/build) by extension 'cmake'
[11.759s] Level 1:colcon.colcon_core.package_identification:_identify(src/build) by extension 'python'
[11.766s] Level 1:colcon.colcon_core.package_identification:_identify(src/build) by extensions ['python_setup_py']
[11.767s] Level 1:colcon.colcon_core.package_identification:_identify(src/build) by extension 'python_setup_py'
[11.769s] Level 1:colcon.colcon_core.package_identification:_identify(src/build/CMakeFiles) by extensions ['ignore', 'ignore_ament_install']
[11.771s] Level 1:colcon.colcon_core.package_identification:_identify(src/build/CMakeFiles) by extension 'ignore'
[11.773s] Level 1:colcon.colcon_core.package_identification:_identify(src/build/CMakeFiles) by extension 'ignore_ament_install'
[11.774s] Level 1:colcon.colcon_core.package_identification:_identify(src/build/CMakeFiles) by extensions ['colcon_pkg']
[11.775s] Level 1:colcon.colcon_core.package_identification:_identify(src/build/CMakeFiles) by extension 'colcon_pkg'
[11.776s] Level 1:colcon.colcon_core.package_identification:_identify(src/build/CMakeFiles) by extensions ['colcon_meta']
[11.776s] Level 1:colcon.colcon_core.package_identification:_identify(src/build/CMakeFiles) by extension 'colcon_meta'
[11.777s] Level 1:colcon.colcon_core.package_identification:_identify(src/build/CMakeFiles) by extensions ['ros']
[11.778s] Level 1:colcon.colcon_core.package_identification:_identify(src/build/CMakeFiles) by extension 'ros'
[11.778s] Level 1:colcon.colcon_core.package_identification:_identify(src/build/CMakeFiles) by extensions ['cmake', 'python']
[11.779s] Level 1:colcon.colcon_core.package_identification:_identify(src/build/CMakeFiles) by extension 'cmake'
[11.779s] Level 1:colcon.colcon_core.package_identification:_identify(src/build/CMakeFiles) by extension 'python'
[11.779s] Level 1:colcon.colcon_core.package_identification:_identify(src/build/CMakeFiles) by extensions ['python_setup_py']
[11.779s] Level 1:colcon.colcon_core.package_identification:_identify(src/build/CMakeFiles) by extension 'python_setup_py'
[11.779s] Level 1:colcon.colcon_core.package_identification:_identify(src/build/CMakeFiles/3.22.1) by extensions ['ignore', 'ignore_ament_install']
[11.780s] Level 1:colcon.colcon_core.package_identification:_identify(src/build/CMakeFiles/3.22.1) by extension 'ignore'
[11.780s] Level 1:colcon.colcon_core.package_identification:_identify(src/build/CMakeFiles/3.22.1) by extension 'ignore_ament_install'
[11.780s] Level 1:colcon.colcon_core.package_identification:_identify(src/build/CMakeFiles/3.22.1) by extensions ['colcon_pkg']
[11.780s] Level 1:colcon.colcon_core.package_identification:_identify(src/build/CMakeFiles/3.22.1) by extension 'colcon_pkg'
[11.780s] Level 1:colcon.colcon_core.package_identification:_identify(src/build/CMakeFiles/3.22.1) by extensions ['colcon_meta']
[11.780s] Level 1:colcon.colcon_core.package_identification:_identify(src/build/CMakeFiles/3.22.1) by extension 'colcon_meta'
[11.781s] Level 1:colcon.colcon_core.package_identification:_identify(src/build/CMakeFiles/3.22.1) by extensions ['ros']
[11.781s] Level 1:colcon.colcon_core.package_identification:_identify(src/build/CMakeFiles/3.22.1) by extension 'ros'
[11.781s] Level 1:colcon.colcon_core.package_identification:_identify(src/build/CMakeFiles/3.22.1) by extensions ['cmake', 'python']
[11.781s] Level 1:colcon.colcon_core.package_identification:_identify(src/build/CMakeFiles/3.22.1) by extension 'cmake'
[11.781s] Level 1:colcon.colcon_core.package_identification:_identify(src/build/CMakeFiles/3.22.1) by extension 'python'
[11.781s] Level 1:colcon.colcon_core.package_identification:_identify(src/build/CMakeFiles/3.22.1) by extensions ['python_setup_py']
[11.782s] Level 1:colcon.colcon_core.package_identification:_identify(src/build/CMakeFiles/3.22.1) by extension 'python_setup_py'
[11.782s] Level 1:colcon.colcon_core.package_identification:_identify(src/build/CMakeFiles/3.22.1/CompilerIdC) by extensions ['ignore', 'ignore_ament_install']
[11.782s] Level 1:colcon.colcon_core.package_identification:_identify(src/build/CMakeFiles/3.22.1/CompilerIdC) by extension 'ignore'
[11.782s] Level 1:colcon.colcon_core.package_identification:_identify(src/build/CMakeFiles/3.22.1/CompilerIdC) by extension 'ignore_ament_install'
[11.783s] Level 1:colcon.colcon_core.package_identification:_identify(src/build/CMakeFiles/3.22.1/CompilerIdC) by extensions ['colcon_pkg']
[11.783s] Level 1:colcon.colcon_core.package_identification:_identify(src/build/CMakeFiles/3.22.1/CompilerIdC) by extension 'colcon_pkg'
[11.783s] Level 1:colcon.colcon_core.package_identification:_identify(src/build/CMakeFiles/3.22.1/CompilerIdC) by extensions ['colcon_meta']
[11.783s] Level 1:colcon.colcon_core.package_identification:_identify(src/build/CMakeFiles/3.22.1/CompilerIdC) by extension 'colcon_meta'
[11.783s] Level 1:colcon.colcon_core.package_identification:_identify(src/build/CMakeFiles/3.22.1/CompilerIdC) by extensions ['ros']
[11.783s] Level 1:colcon.colcon_core.package_identification:_identify(src/build/CMakeFiles/3.22.1/CompilerIdC) by extension 'ros'
[11.783s] Level 1:colcon.colcon_core.package_identification:_identify(src/build/CMakeFiles/3.22.1/CompilerIdC) by extensions ['cmake', 'python']
[11.783s] Level 1:colcon.colcon_core.package_identification:_identify(src/build/CMakeFiles/3.22.1/CompilerIdC) by extension 'cmake'
[11.784s] Level 1:colcon.colcon_core.package_identification:_identify(src/build/CMakeFiles/3.22.1/CompilerIdC) by extension 'python'
[11.784s] Level 1:colcon.colcon_core.package_identification:_identify(src/build/CMakeFiles/3.22.1/CompilerIdC) by extensions ['python_setup_py']
[11.784s] Level 1:colcon.colcon_core.package_identification:_identify(src/build/CMakeFiles/3.22.1/CompilerIdC) by extension 'python_setup_py'
[11.784s] Level 1:colcon.colcon_core.package_identification:_identify(src/build/CMakeFiles/3.22.1/CompilerIdC/tmp) by extensions ['ignore', 'ignore_ament_install']
[11.784s] Level 1:colcon.colcon_core.package_identification:_identify(src/build/CMakeFiles/3.22.1/CompilerIdC/tmp) by extension 'ignore'
[11.785s] Level 1:colcon.colcon_core.package_identification:_identify(src/build/CMakeFiles/3.22.1/CompilerIdC/tmp) by extension 'ignore_ament_install'
[11.785s] Level 1:colcon.colcon_core.package_identification:_identify(src/build/CMakeFiles/3.22.1/CompilerIdC/tmp) by extensions ['colcon_pkg']
[11.785s] Level 1:colcon.colcon_core.package_identification:_identify(src/build/CMakeFiles/3.22.1/CompilerIdC/tmp) by extension 'colcon_pkg'
[11.785s] Level 1:colcon.colcon_core.package_identification:_identify(src/build/CMakeFiles/3.22.1/CompilerIdC/tmp) by extensions ['colcon_meta']
[11.785s] Level 1:colcon.colcon_core.package_identification:_identify(src/build/CMakeFiles/3.22.1/CompilerIdC/tmp) by extension 'colcon_meta'
[11.785s] Level 1:colcon.colcon_core.package_identification:_identify(src/build/CMakeFiles/3.22.1/CompilerIdC/tmp) by extensions ['ros']
[11.785s] Level 1:colcon.colcon_core.package_identification:_identify(src/build/CMakeFiles/3.22.1/CompilerIdC/tmp) by extension 'ros'
[11.786s] Level 1:colcon.colcon_core.package_identification:_identify(src/build/CMakeFiles/3.22.1/CompilerIdC/tmp) by extensions ['cmake', 'python']
[11.786s] Level 1:colcon.colcon_core.package_identification:_identify(src/build/CMakeFiles/3.22.1/CompilerIdC/tmp) by extension 'cmake'
[11.786s] Level 1:colcon.colcon_core.package_identification:_identify(src/build/CMakeFiles/3.22.1/CompilerIdC/tmp) by extension 'python'
[11.786s] Level 1:colcon.colcon_core.package_identification:_identify(src/build/CMakeFiles/3.22.1/CompilerIdC/tmp) by extensions ['python_setup_py']
[11.786s] Level 1:colcon.colcon_core.package_identification:_identify(src/build/CMakeFiles/3.22.1/CompilerIdC/tmp) by extension 'python_setup_py'
[11.793s] Level 1:colcon.colcon_core.package_identification:_identify(src/build/CMakeFiles/3.22.1/CompilerIdCXX) by extensions ['ignore', 'ignore_ament_install']
[11.793s] Level 1:colcon.colcon_core.package_identification:_identify(src/build/CMakeFiles/3.22.1/CompilerIdCXX) by extension 'ignore'
[11.793s] Level 1:colcon.colcon_core.package_identification:_identify(src/build/CMakeFiles/3.22.1/CompilerIdCXX) by extension 'ignore_ament_install'
[11.794s] Level 1:colcon.colcon_core.package_identification:_identify(src/build/CMakeFiles/3.22.1/CompilerIdCXX) by extensions ['colcon_pkg']
[11.794s] Level 1:colcon.colcon_core.package_identification:_identify(src/build/CMakeFiles/3.22.1/CompilerIdCXX) by extension 'colcon_pkg'
[11.794s] Level 1:colcon.colcon_core.package_identification:_identify(src/build/CMakeFiles/3.22.1/CompilerIdCXX) by extensions ['colcon_meta']
[11.794s] Level 1:colcon.colcon_core.package_identification:_identify(src/build/CMakeFiles/3.22.1/CompilerIdCXX) by extension 'colcon_meta'
[11.794s] Level 1:colcon.colcon_core.package_identification:_identify(src/build/CMakeFiles/3.22.1/CompilerIdCXX) by extensions ['ros']
[11.794s] Level 1:colcon.colcon_core.package_identification:_identify(src/build/CMakeFiles/3.22.1/CompilerIdCXX) by extension 'ros'
[11.794s] Level 1:colcon.colcon_core.package_identification:_identify(src/build/CMakeFiles/3.22.1/CompilerIdCXX) by extensions ['cmake', 'python']
[11.795s] Level 1:colcon.colcon_core.package_identification:_identify(src/build/CMakeFiles/3.22.1/CompilerIdCXX) by extension 'cmake'
[11.795s] Level 1:colcon.colcon_core.package_identification:_identify(src/build/CMakeFiles/3.22.1/CompilerIdCXX) by extension 'python'
[11.795s] Level 1:colcon.colcon_core.package_identification:_identify(src/build/CMakeFiles/3.22.1/CompilerIdCXX) by extensions ['python_setup_py']
[11.795s] Level 1:colcon.colcon_core.package_identification:_identify(src/build/CMakeFiles/3.22.1/CompilerIdCXX) by extension 'python_setup_py'
[11.795s] Level 1:colcon.colcon_core.package_identification:_identify(src/build/CMakeFiles/3.22.1/CompilerIdCXX/tmp) by extensions ['ignore', 'ignore_ament_install']
[11.796s] Level 1:colcon.colcon_core.package_identification:_identify(src/build/CMakeFiles/3.22.1/CompilerIdCXX/tmp) by extension 'ignore'
[11.796s] Level 1:colcon.colcon_core.package_identification:_identify(src/build/CMakeFiles/3.22.1/CompilerIdCXX/tmp) by extension 'ignore_ament_install'
[11.796s] Level 1:colcon.colcon_core.package_identification:_identify(src/build/CMakeFiles/3.22.1/CompilerIdCXX/tmp) by extensions ['colcon_pkg']
[11.796s] Level 1:colcon.colcon_core.package_identification:_identify(src/build/CMakeFiles/3.22.1/CompilerIdCXX/tmp) by extension 'colcon_pkg'
[11.796s] Level 1:colcon.colcon_core.package_identification:_identify(src/build/CMakeFiles/3.22.1/CompilerIdCXX/tmp) by extensions ['colcon_meta']
[11.796s] Level 1:colcon.colcon_core.package_identification:_identify(src/build/CMakeFiles/3.22.1/CompilerIdCXX/tmp) by extension 'colcon_meta'
[11.797s] Level 1:colcon.colcon_core.package_identification:_identify(src/build/CMakeFiles/3.22.1/CompilerIdCXX/tmp) by extensions ['ros']
[11.797s] Level 1:colcon.colcon_core.package_identification:_identify(src/build/CMakeFiles/3.22.1/CompilerIdCXX/tmp) by extension 'ros'
[11.797s] Level 1:colcon.colcon_core.package_identification:_identify(src/build/CMakeFiles/3.22.1/CompilerIdCXX/tmp) by extensions ['cmake', 'python']
[11.797s] Level 1:colcon.colcon_core.package_identification:_identify(src/build/CMakeFiles/3.22.1/CompilerIdCXX/tmp) by extension 'cmake'
[11.797s] Level 1:colcon.colcon_core.package_identification:_identify(src/build/CMakeFiles/3.22.1/CompilerIdCXX/tmp) by extension 'python'
[11.797s] Level 1:colcon.colcon_core.package_identification:_identify(src/build/CMakeFiles/3.22.1/CompilerIdCXX/tmp) by extensions ['python_setup_py']
[11.802s] Level 1:colcon.colcon_core.package_identification:_identify(src/build/CMakeFiles/3.22.1/CompilerIdCXX/tmp) by extension 'python_setup_py'
[11.802s] Level 1:colcon.colcon_core.package_identification:_identify(src/build/CMakeFiles/CMakeTmp) by extensions ['ignore', 'ignore_ament_install']
[11.802s] Level 1:colcon.colcon_core.package_identification:_identify(src/build/CMakeFiles/CMakeTmp) by extension 'ignore'
[11.803s] Level 1:colcon.colcon_core.package_identification:_identify(src/build/CMakeFiles/CMakeTmp) by extension 'ignore_ament_install'
[11.803s] Level 1:colcon.colcon_core.package_identification:_identify(src/build/CMakeFiles/CMakeTmp) by extensions ['colcon_pkg']
[11.803s] Level 1:colcon.colcon_core.package_identification:_identify(src/build/CMakeFiles/CMakeTmp) by extension 'colcon_pkg'
[11.803s] Level 1:colcon.colcon_core.package_identification:_identify(src/build/CMakeFiles/CMakeTmp) by extensions ['colcon_meta']
[11.803s] Level 1:colcon.colcon_core.package_identification:_identify(src/build/CMakeFiles/CMakeTmp) by extension 'colcon_meta'
[11.803s] Level 1:colcon.colcon_core.package_identification:_identify(src/build/CMakeFiles/CMakeTmp) by extensions ['ros']
[11.803s] Level 1:colcon.colcon_core.package_identification:_identify(src/build/CMakeFiles/CMakeTmp) by extension 'ros'
[11.804s] Level 1:colcon.colcon_core.package_identification:_identify(src/build/CMakeFiles/CMakeTmp) by extensions ['cmake', 'python']
[11.804s] Level 1:colcon.colcon_core.package_identification:_identify(src/build/CMakeFiles/CMakeTmp) by extension 'cmake'
[11.804s] Level 1:colcon.colcon_core.package_identification:_identify(src/build/CMakeFiles/CMakeTmp) by extension 'python'
[11.804s] Level 1:colcon.colcon_core.package_identification:_identify(src/build/CMakeFiles/CMakeTmp) by extensions ['python_setup_py']
[11.804s] Level 1:colcon.colcon_core.package_identification:_identify(src/build/CMakeFiles/CMakeTmp) by extension 'python_setup_py'
[11.804s] Level 1:colcon.colcon_core.package_identification:_identify(src/build/CMakeFiles/my_node.dir) by extensions ['ignore', 'ignore_ament_install']
[11.805s] Level 1:colcon.colcon_core.package_identification:_identify(src/build/CMakeFiles/my_node.dir) by extension 'ignore'
[11.805s] Level 1:colcon.colcon_core.package_identification:_identify(src/build/CMakeFiles/my_node.dir) by extension 'ignore_ament_install'
[11.805s] Level 1:colcon.colcon_core.package_identification:_identify(src/build/CMakeFiles/my_node.dir) by extensions ['colcon_pkg']
[11.805s] Level 1:colcon.colcon_core.package_identification:_identify(src/build/CMakeFiles/my_node.dir) by extension 'colcon_pkg'
[11.805s] Level 1:colcon.colcon_core.package_identification:_identify(src/build/CMakeFiles/my_node.dir) by extensions ['colcon_meta']
[11.805s] Level 1:colcon.colcon_core.package_identification:_identify(src/build/CMakeFiles/my_node.dir) by extension 'colcon_meta'
[11.805s] Level 1:colcon.colcon_core.package_identification:_identify(src/build/CMakeFiles/my_node.dir) by extensions ['ros']
[11.805s] Level 1:colcon.colcon_core.package_identification:_identify(src/build/CMakeFiles/my_node.dir) by extension 'ros'
[11.806s] Level 1:colcon.colcon_core.package_identification:_identify(src/build/CMakeFiles/my_node.dir) by extensions ['cmake', 'python']
[11.806s] Level 1:colcon.colcon_core.package_identification:_identify(src/build/CMakeFiles/my_node.dir) by extension 'cmake'
[11.806s] Level 1:colcon.colcon_core.package_identification:_identify(src/build/CMakeFiles/my_node.dir) by extension 'python'
[11.806s] Level 1:colcon.colcon_core.package_identification:_identify(src/build/CMakeFiles/my_node.dir) by extensions ['python_setup_py']
[11.806s] Level 1:colcon.colcon_core.package_identification:_identify(src/build/CMakeFiles/my_node.dir) by extension 'python_setup_py'
[11.808s] Level 1:colcon.colcon_core.package_identification:_identify(src/build/CMakeFiles/my_node.dir/src) by extensions ['ignore', 'ignore_ament_install']
[11.808s] Level 1:colcon.colcon_core.package_identification:_identify(src/build/CMakeFiles/my_node.dir/src) by extension 'ignore'
[11.808s] Level 1:colcon.colcon_core.package_identification:_identify(src/build/CMakeFiles/my_node.dir/src) by extension 'ignore_ament_install'
[11.808s] Level 1:colcon.colcon_core.package_identification:_identify(src/build/CMakeFiles/my_node.dir/src) by extensions ['colcon_pkg']
[11.809s] Level 1:colcon.colcon_core.package_identification:_identify(src/build/CMakeFiles/my_node.dir/src) by extension 'colcon_pkg'
[11.809s] Level 1:colcon.colcon_core.package_identification:_identify(src/build/CMakeFiles/my_node.dir/src) by extensions ['colcon_meta']
[11.809s] Level 1:colcon.colcon_core.package_identification:_identify(src/build/CMakeFiles/my_node.dir/src) by extension 'colcon_meta'
[11.809s] Level 1:colcon.colcon_core.package_identification:_identify(src/build/CMakeFiles/my_node.dir/src) by extensions ['ros']
[11.809s] Level 1:colcon.colcon_core.package_identification:_identify(src/build/CMakeFiles/my_node.dir/src) by extension 'ros'
[11.809s] Level 1:colcon.colcon_core.package_identification:_identify(src/build/CMakeFiles/my_node.dir/src) by extensions ['cmake', 'python']
[11.809s] Level 1:colcon.colcon_core.package_identification:_identify(src/build/CMakeFiles/my_node.dir/src) by extension 'cmake'
[11.810s] Level 1:colcon.colcon_core.package_identification:_identify(src/build/CMakeFiles/my_node.dir/src) by extension 'python'
[11.810s] Level 1:colcon.colcon_core.package_identification:_identify(src/build/CMakeFiles/my_node.dir/src) by extensions ['python_setup_py']
[11.810s] Level 1:colcon.colcon_core.package_identification:_identify(src/build/CMakeFiles/my_node.dir/src) by extension 'python_setup_py'
[11.814s] Level 1:colcon.colcon_core.package_identification:_identify(src/build/CMakeFiles/my_package_uninstall.dir) by extensions ['ignore', 'ignore_ament_install']
[11.816s] Level 1:colcon.colcon_core.package_identification:_identify(src/build/CMakeFiles/my_package_uninstall.dir) by extension 'ignore'
[11.817s] Level 1:colcon.colcon_core.package_identification:_identify(src/build/CMakeFiles/my_package_uninstall.dir) by extension 'ignore_ament_install'
[11.827s] Level 1:colcon.colcon_core.package_identification:_identify(src/build/CMakeFiles/my_package_uninstall.dir) by extensions ['colcon_pkg']
[11.827s] Level 1:colcon.colcon_core.package_identification:_identify(src/build/CMakeFiles/my_package_uninstall.dir) by extension 'colcon_pkg'
[11.828s] Level 1:colcon.colcon_core.package_identification:_identify(src/build/CMakeFiles/my_package_uninstall.dir) by extensions ['colcon_meta']
[11.829s] Level 1:colcon.colcon_core.package_identification:_identify(src/build/CMakeFiles/my_package_uninstall.dir) by extension 'colcon_meta'
[11.831s] Level 1:colcon.colcon_core.package_identification:_identify(src/build/CMakeFiles/my_package_uninstall.dir) by extensions ['ros']
[11.831s] Level 1:colcon.colcon_core.package_identification:_identify(src/build/CMakeFiles/my_package_uninstall.dir) by extension 'ros'
[11.832s] Level 1:colcon.colcon_core.package_identification:_identify(src/build/CMakeFiles/my_package_uninstall.dir) by extensions ['cmake', 'python']
[11.833s] Level 1:colcon.colcon_core.package_identification:_identify(src/build/CMakeFiles/my_package_uninstall.dir) by extension 'cmake'
[11.833s] Level 1:colcon.colcon_core.package_identification:_identify(src/build/CMakeFiles/my_package_uninstall.dir) by extension 'python'
[11.833s] Level 1:colcon.colcon_core.package_identification:_identify(src/build/CMakeFiles/my_package_uninstall.dir) by extensions ['python_setup_py']
[11.838s] Level 1:colcon.colcon_core.package_identification:_identify(src/build/CMakeFiles/my_package_uninstall.dir) by extension 'python_setup_py'
[11.839s] Level 1:colcon.colcon_core.package_identification:_identify(src/build/CMakeFiles/uninstall.dir) by extensions ['ignore', 'ignore_ament_install']
[11.840s] Level 1:colcon.colcon_core.package_identification:_identify(src/build/CMakeFiles/uninstall.dir) by extension 'ignore'
[11.841s] Level 1:colcon.colcon_core.package_identification:_identify(src/build/CMakeFiles/uninstall.dir) by extension 'ignore_ament_install'
[11.841s] Level 1:colcon.colcon_core.package_identification:_identify(src/build/CMakeFiles/uninstall.dir) by extensions ['colcon_pkg']
[11.842s] Level 1:colcon.colcon_core.package_identification:_identify(src/build/CMakeFiles/uninstall.dir) by extension 'colcon_pkg'
[11.842s] Level 1:colcon.colcon_core.package_identification:_identify(src/build/CMakeFiles/uninstall.dir) by extensions ['colcon_meta']
[11.843s] Level 1:colcon.colcon_core.package_identification:_identify(src/build/CMakeFiles/uninstall.dir) by extension 'colcon_meta'
[11.843s] Level 1:colcon.colcon_core.package_identification:_identify(src/build/CMakeFiles/uninstall.dir) by extensions ['ros']
[11.845s] Level 1:colcon.colcon_core.package_identification:_identify(src/build/CMakeFiles/uninstall.dir) by extension 'ros'
[11.848s] Level 1:colcon.colcon_core.package_identification:_identify(src/build/CMakeFiles/uninstall.dir) by extensions ['cmake', 'python']
[11.849s] Level 1:colcon.colcon_core.package_identification:_identify(src/build/CMakeFiles/uninstall.dir) by extension 'cmake'
[11.850s] Level 1:colcon.colcon_core.package_identification:_identify(src/build/CMakeFiles/uninstall.dir) by extension 'python'
[11.855s] Level 1:colcon.colcon_core.package_identification:_identify(src/build/CMakeFiles/uninstall.dir) by extensions ['python_setup_py']
[11.855s] Level 1:colcon.colcon_core.package_identification:_identify(src/build/CMakeFiles/uninstall.dir) by extension 'python_setup_py'
[11.856s] Level 1:colcon.colcon_core.package_identification:_identify(src/build/Testing) by extensions ['ignore', 'ignore_ament_install']
[11.856s] Level 1:colcon.colcon_core.package_identification:_identify(src/build/Testing) by extension 'ignore'
[11.856s] Level 1:colcon.colcon_core.package_identification:_identify(src/build/Testing) by extension 'ignore_ament_install'
[11.856s] Level 1:colcon.colcon_core.package_identification:_identify(src/build/Testing) by extensions ['colcon_pkg']
[11.857s] Level 1:colcon.colcon_core.package_identification:_identify(src/build/Testing) by extension 'colcon_pkg'
[11.857s] Level 1:colcon.colcon_core.package_identification:_identify(src/build/Testing) by extensions ['colcon_meta']
[11.857s] Level 1:colcon.colcon_core.package_identification:_identify(src/build/Testing) by extension 'colcon_meta'
[11.857s] Level 1:colcon.colcon_core.package_identification:_identify(src/build/Testing) by extensions ['ros']
[11.857s] Level 1:colcon.colcon_core.package_identification:_identify(src/build/Testing) by extension 'ros'
[11.857s] Level 1:colcon.colcon_core.package_identification:_identify(src/build/Testing) by extensions ['cmake', 'python']
[11.857s] Level 1:colcon.colcon_core.package_identification:_identify(src/build/Testing) by extension 'cmake'
[11.857s] Level 1:colcon.colcon_core.package_identification:_identify(src/build/Testing) by extension 'python'
[11.858s] Level 1:colcon.colcon_core.package_identification:_identify(src/build/Testing) by extensions ['python_setup_py']
[11.858s] Level 1:colcon.colcon_core.package_identification:_identify(src/build/Testing) by extension 'python_setup_py'
[11.858s] Level 1:colcon.colcon_core.package_identification:_identify(src/build/Testing/20240123-0611) by extensions ['ignore', 'ignore_ament_install']
[11.858s] Level 1:colcon.colcon_core.package_identification:_identify(src/build/Testing/20240123-0611) by extension 'ignore'
[11.858s] Level 1:colcon.colcon_core.package_identification:_identify(src/build/Testing/20240123-0611) by extension 'ignore_ament_install'
[11.859s] Level 1:colcon.colcon_core.package_identification:_identify(src/build/Testing/20240123-0611) by extensions ['colcon_pkg']
[11.859s] Level 1:colcon.colcon_core.package_identification:_identify(src/build/Testing/20240123-0611) by extension 'colcon_pkg'
[11.859s] Level 1:colcon.colcon_core.package_identification:_identify(src/build/Testing/20240123-0611) by extensions ['colcon_meta']
[11.859s] Level 1:colcon.colcon_core.package_identification:_identify(src/build/Testing/20240123-0611) by extension 'colcon_meta'
[11.859s] Level 1:colcon.colcon_core.package_identification:_identify(src/build/Testing/20240123-0611) by extensions ['ros']
[11.859s] Level 1:colcon.colcon_core.package_identification:_identify(src/build/Testing/20240123-0611) by extension 'ros'
[11.859s] Level 1:colcon.colcon_core.package_identification:_identify(src/build/Testing/20240123-0611) by extensions ['cmake', 'python']
[11.860s] Level 1:colcon.colcon_core.package_identification:_identify(src/build/Testing/20240123-0611) by extension 'cmake'
[11.860s] Level 1:colcon.colcon_core.package_identification:_identify(src/build/Testing/20240123-0611) by extension 'python'
[11.860s] Level 1:colcon.colcon_core.package_identification:_identify(src/build/Testing/20240123-0611) by extensions ['python_setup_py']
[11.860s] Level 1:colcon.colcon_core.package_identification:_identify(src/build/Testing/20240123-0611) by extension 'python_setup_py'
[11.860s] Level 1:colcon.colcon_core.package_identification:_identify(src/build/Testing/20240124-1042) by extensions ['ignore', 'ignore_ament_install']
[11.861s] Level 1:colcon.colcon_core.package_identification:_identify(src/build/Testing/20240124-1042) by extension 'ignore'
[11.861s] Level 1:colcon.colcon_core.package_identification:_identify(src/build/Testing/20240124-1042) by extension 'ignore_ament_install'
[11.861s] Level 1:colcon.colcon_core.package_identification:_identify(src/build/Testing/20240124-1042) by extensions ['colcon_pkg']
[11.861s] Level 1:colcon.colcon_core.package_identification:_identify(src/build/Testing/20240124-1042) by extension 'colcon_pkg'
[11.861s] Level 1:colcon.colcon_core.package_identification:_identify(src/build/Testing/20240124-1042) by extensions ['colcon_meta']
[11.861s] Level 1:colcon.colcon_core.package_identification:_identify(src/build/Testing/20240124-1042) by extension 'colcon_meta'
[11.862s] Level 1:colcon.colcon_core.package_identification:_identify(src/build/Testing/20240124-1042) by extensions ['ros']
[11.866s] Level 1:colcon.colcon_core.package_identification:_identify(src/build/Testing/20240124-1042) by extension 'ros'
[11.867s] Level 1:colcon.colcon_core.package_identification:_identify(src/build/Testing/20240124-1042) by extensions ['cmake', 'python']
[11.867s] Level 1:colcon.colcon_core.package_identification:_identify(src/build/Testing/20240124-1042) by extension 'cmake'
[11.867s] Level 1:colcon.colcon_core.package_identification:_identify(src/build/Testing/20240124-1042) by extension 'python'
[11.867s] Level 1:colcon.colcon_core.package_identification:_identify(src/build/Testing/20240124-1042) by extensions ['python_setup_py']
[11.867s] Level 1:colcon.colcon_core.package_identification:_identify(src/build/Testing/20240124-1042) by extension 'python_setup_py'
[11.868s] Level 1:colcon.colcon_core.package_identification:_identify(src/build/Testing/Temporary) by extensions ['ignore', 'ignore_ament_install']
[11.868s] Level 1:colcon.colcon_core.package_identification:_identify(src/build/Testing/Temporary) by extension 'ignore'
[11.868s] Level 1:colcon.colcon_core.package_identification:_identify(src/build/Testing/Temporary) by extension 'ignore_ament_install'
[11.869s] Level 1:colcon.colcon_core.package_identification:_identify(src/build/Testing/Temporary) by extensions ['colcon_pkg']
[11.869s] Level 1:colcon.colcon_core.package_identification:_identify(src/build/Testing/Temporary) by extension 'colcon_pkg'
[11.869s] Level 1:colcon.colcon_core.package_identification:_identify(src/build/Testing/Temporary) by extensions ['colcon_meta']
[11.869s] Level 1:colcon.colcon_core.package_identification:_identify(src/build/Testing/Temporary) by extension 'colcon_meta'
[11.869s] Level 1:colcon.colcon_core.package_identification:_identify(src/build/Testing/Temporary) by extensions ['ros']
[11.869s] Level 1:colcon.colcon_core.package_identification:_identify(src/build/Testing/Temporary) by extension 'ros'
[11.869s] Level 1:colcon.colcon_core.package_identification:_identify(src/build/Testing/Temporary) by extensions ['cmake', 'python']
[11.870s] Level 1:colcon.colcon_core.package_identification:_identify(src/build/Testing/Temporary) by extension 'cmake'
[11.870s] Level 1:colcon.colcon_core.package_identification:_identify(src/build/Testing/Temporary) by extension 'python'
[11.870s] Level 1:colcon.colcon_core.package_identification:_identify(src/build/Testing/Temporary) by extensions ['python_setup_py']
[11.870s] Level 1:colcon.colcon_core.package_identification:_identify(src/build/Testing/Temporary) by extension 'python_setup_py'
[11.870s] Level 1:colcon.colcon_core.package_identification:_identify(src/build/ament_cmake_core) by extensions ['ignore', 'ignore_ament_install']
[11.870s] Level 1:colcon.colcon_core.package_identification:_identify(src/build/ament_cmake_core) by extension 'ignore'
[11.871s] Level 1:colcon.colcon_core.package_identification:_identify(src/build/ament_cmake_core) by extension 'ignore_ament_install'
[11.871s] Level 1:colcon.colcon_core.package_identification:_identify(src/build/ament_cmake_core) by extensions ['colcon_pkg']
[11.871s] Level 1:colcon.colcon_core.package_identification:_identify(src/build/ament_cmake_core) by extension 'colcon_pkg'
[11.871s] Level 1:colcon.colcon_core.package_identification:_identify(src/build/ament_cmake_core) by extensions ['colcon_meta']
[11.871s] Level 1:colcon.colcon_core.package_identification:_identify(src/build/ament_cmake_core) by extension 'colcon_meta'
[11.871s] Level 1:colcon.colcon_core.package_identification:_identify(src/build/ament_cmake_core) by extensions ['ros']
[11.871s] Level 1:colcon.colcon_core.package_identification:_identify(src/build/ament_cmake_core) by extension 'ros'
[11.872s] Level 1:colcon.colcon_core.package_identification:_identify(src/build/ament_cmake_core) by extensions ['cmake', 'python']
[11.872s] Level 1:colcon.colcon_core.package_identification:_identify(src/build/ament_cmake_core) by extension 'cmake'
[11.872s] Level 1:colcon.colcon_core.package_identification:_identify(src/build/ament_cmake_core) by extension 'python'
[11.872s] Level 1:colcon.colcon_core.package_identification:_identify(src/build/ament_cmake_core) by extensions ['python_setup_py']
[11.872s] Level 1:colcon.colcon_core.package_identification:_identify(src/build/ament_cmake_core) by extension 'python_setup_py'
[11.872s] Level 1:colcon.colcon_core.package_identification:_identify(src/build/ament_cmake_core/stamps) by extensions ['ignore', 'ignore_ament_install']
[11.873s] Level 1:colcon.colcon_core.package_identification:_identify(src/build/ament_cmake_core/stamps) by extension 'ignore'
[11.873s] Level 1:colcon.colcon_core.package_identification:_identify(src/build/ament_cmake_core/stamps) by extension 'ignore_ament_install'
[11.873s] Level 1:colcon.colcon_core.package_identification:_identify(src/build/ament_cmake_core/stamps) by extensions ['colcon_pkg']
[11.873s] Level 1:colcon.colcon_core.package_identification:_identify(src/build/ament_cmake_core/stamps) by extension 'colcon_pkg'
[11.873s] Level 1:colcon.colcon_core.package_identification:_identify(src/build/ament_cmake_core/stamps) by extensions ['colcon_meta']
[11.873s] Level 1:colcon.colcon_core.package_identification:_identify(src/build/ament_cmake_core/stamps) by extension 'colcon_meta'
[11.873s] Level 1:colcon.colcon_core.package_identification:_identify(src/build/ament_cmake_core/stamps) by extensions ['ros']
[11.873s] Level 1:colcon.colcon_core.package_identification:_identify(src/build/ament_cmake_core/stamps) by extension 'ros'
[11.874s] Level 1:colcon.colcon_core.package_identification:_identify(src/build/ament_cmake_core/stamps) by extensions ['cmake', 'python']
[11.874s] Level 1:colcon.colcon_core.package_identification:_identify(src/build/ament_cmake_core/stamps) by extension 'cmake'
[11.874s] Level 1:colcon.colcon_core.package_identification:_identify(src/build/ament_cmake_core/stamps) by extension 'python'
[11.874s] Level 1:colcon.colcon_core.package_identification:_identify(src/build/ament_cmake_core/stamps) by extensions ['python_setup_py']
[11.874s] Level 1:colcon.colcon_core.package_identification:_identify(src/build/ament_cmake_core/stamps) by extension 'python_setup_py'
[11.874s] Level 1:colcon.colcon_core.package_identification:_identify(src/build/ament_cmake_environment_hooks) by extensions ['ignore', 'ignore_ament_install']
[11.875s] Level 1:colcon.colcon_core.package_identification:_identify(src/build/ament_cmake_environment_hooks) by extension 'ignore'
[11.875s] Level 1:colcon.colcon_core.package_identification:_identify(src/build/ament_cmake_environment_hooks) by extension 'ignore_ament_install'
[11.875s] Level 1:colcon.colcon_core.package_identification:_identify(src/build/ament_cmake_environment_hooks) by extensions ['colcon_pkg']
[11.875s] Level 1:colcon.colcon_core.package_identification:_identify(src/build/ament_cmake_environment_hooks) by extension 'colcon_pkg'
[11.875s] Level 1:colcon.colcon_core.package_identification:_identify(src/build/ament_cmake_environment_hooks) by extensions ['colcon_meta']
[11.875s] Level 1:colcon.colcon_core.package_identification:_identify(src/build/ament_cmake_environment_hooks) by extension 'colcon_meta'
[11.875s] Level 1:colcon.colcon_core.package_identification:_identify(src/build/ament_cmake_environment_hooks) by extensions ['ros']
[11.875s] Level 1:colcon.colcon_core.package_identification:_identify(src/build/ament_cmake_environment_hooks) by extension 'ros'
[11.879s] Level 1:colcon.colcon_core.package_identification:_identify(src/build/ament_cmake_environment_hooks) by extensions ['cmake', 'python']
[11.879s] Level 1:colcon.colcon_core.package_identification:_identify(src/build/ament_cmake_environment_hooks) by extension 'cmake'
[11.879s] Level 1:colcon.colcon_core.package_identification:_identify(src/build/ament_cmake_environment_hooks) by extension 'python'
[11.879s] Level 1:colcon.colcon_core.package_identification:_identify(src/build/ament_cmake_environment_hooks) by extensions ['python_setup_py']
[11.880s] Level 1:colcon.colcon_core.package_identification:_identify(src/build/ament_cmake_environment_hooks) by extension 'python_setup_py'
[11.880s] Level 1:colcon.colcon_core.package_identification:_identify(src/build/ament_cmake_index) by extensions ['ignore', 'ignore_ament_install']
[11.881s] Level 1:colcon.colcon_core.package_identification:_identify(src/build/ament_cmake_index) by extension 'ignore'
[11.881s] Level 1:colcon.colcon_core.package_identification:_identify(src/build/ament_cmake_index) by extension 'ignore_ament_install'
[11.881s] Level 1:colcon.colcon_core.package_identification:_identify(src/build/ament_cmake_index) by extensions ['colcon_pkg']
[11.881s] Level 1:colcon.colcon_core.package_identification:_identify(src/build/ament_cmake_index) by extension 'colcon_pkg'
[11.881s] Level 1:colcon.colcon_core.package_identification:_identify(src/build/ament_cmake_index) by extensions ['colcon_meta']
[11.881s] Level 1:colcon.colcon_core.package_identification:_identify(src/build/ament_cmake_index) by extension 'colcon_meta'
[11.881s] Level 1:colcon.colcon_core.package_identification:_identify(src/build/ament_cmake_index) by extensions ['ros']
[11.882s] Level 1:colcon.colcon_core.package_identification:_identify(src/build/ament_cmake_index) by extension 'ros'
[11.882s] Level 1:colcon.colcon_core.package_identification:_identify(src/build/ament_cmake_index) by extensions ['cmake', 'python']
[11.882s] Level 1:colcon.colcon_core.package_identification:_identify(src/build/ament_cmake_index) by extension 'cmake'
[11.882s] Level 1:colcon.colcon_core.package_identification:_identify(src/build/ament_cmake_index) by extension 'python'
[11.882s] Level 1:colcon.colcon_core.package_identification:_identify(src/build/ament_cmake_index) by extensions ['python_setup_py']
[11.884s] Level 1:colcon.colcon_core.package_identification:_identify(src/build/ament_cmake_index) by extension 'python_setup_py'
[11.885s] Level 1:colcon.colcon_core.package_identification:_identify(src/build/ament_cmake_index/share) by extensions ['ignore', 'ignore_ament_install']
[11.886s] Level 1:colcon.colcon_core.package_identification:_identify(src/build/ament_cmake_index/share) by extension 'ignore'
[11.888s] Level 1:colcon.colcon_core.package_identification:_identify(src/build/ament_cmake_index/share) by extension 'ignore_ament_install'
[11.891s] Level 1:colcon.colcon_core.package_identification:_identify(src/build/ament_cmake_index/share) by extensions ['colcon_pkg']
[11.893s] Level 1:colcon.colcon_core.package_identification:_identify(src/build/ament_cmake_index/share) by extension 'colcon_pkg'
[11.893s] Level 1:colcon.colcon_core.package_identification:_identify(src/build/ament_cmake_index/share) by extensions ['colcon_meta']
[11.894s] Level 1:colcon.colcon_core.package_identification:_identify(src/build/ament_cmake_index/share) by extension 'colcon_meta'
[11.894s] Level 1:colcon.colcon_core.package_identification:_identify(src/build/ament_cmake_index/share) by extensions ['ros']
[11.894s] Level 1:colcon.colcon_core.package_identification:_identify(src/build/ament_cmake_index/share) by extension 'ros'
[11.895s] Level 1:colcon.colcon_core.package_identification:_identify(src/build/ament_cmake_index/share) by extensions ['cmake', 'python']
[11.896s] Level 1:colcon.colcon_core.package_identification:_identify(src/build/ament_cmake_index/share) by extension 'cmake'
[11.896s] Level 1:colcon.colcon_core.package_identification:_identify(src/build/ament_cmake_index/share) by extension 'python'
[11.897s] Level 1:colcon.colcon_core.package_identification:_identify(src/build/ament_cmake_index/share) by extensions ['python_setup_py']
[11.897s] Level 1:colcon.colcon_core.package_identification:_identify(src/build/ament_cmake_index/share) by extension 'python_setup_py'
[11.899s] Level 1:colcon.colcon_core.package_identification:_identify(src/build/ament_cmake_index/share/ament_index) by extensions ['ignore', 'ignore_ament_install']
[11.899s] Level 1:colcon.colcon_core.package_identification:_identify(src/build/ament_cmake_index/share/ament_index) by extension 'ignore'
[11.900s] Level 1:colcon.colcon_core.package_identification:_identify(src/build/ament_cmake_index/share/ament_index) by extension 'ignore_ament_install'
[11.900s] Level 1:colcon.colcon_core.package_identification:_identify(src/build/ament_cmake_index/share/ament_index) by extensions ['colcon_pkg']
[11.901s] Level 1:colcon.colcon_core.package_identification:_identify(src/build/ament_cmake_index/share/ament_index) by extension 'colcon_pkg'
[11.901s] Level 1:colcon.colcon_core.package_identification:_identify(src/build/ament_cmake_index/share/ament_index) by extensions ['colcon_meta']
[11.901s] Level 1:colcon.colcon_core.package_identification:_identify(src/build/ament_cmake_index/share/ament_index) by extension 'colcon_meta'
[11.901s] Level 1:colcon.colcon_core.package_identification:_identify(src/build/ament_cmake_index/share/ament_index) by extensions ['ros']
[11.902s] Level 1:colcon.colcon_core.package_identification:_identify(src/build/ament_cmake_index/share/ament_index) by extension 'ros'
[11.902s] Level 1:colcon.colcon_core.package_identification:_identify(src/build/ament_cmake_index/share/ament_index) by extensions ['cmake', 'python']
[11.902s] Level 1:colcon.colcon_core.package_identification:_identify(src/build/ament_cmake_index/share/ament_index) by extension 'cmake'
[11.902s] Level 1:colcon.colcon_core.package_identification:_identify(src/build/ament_cmake_index/share/ament_index) by extension 'python'
[11.905s] Level 1:colcon.colcon_core.package_identification:_identify(src/build/ament_cmake_index/share/ament_index) by extensions ['python_setup_py']
[11.907s] Level 1:colcon.colcon_core.package_identification:_identify(src/build/ament_cmake_index/share/ament_index) by extension 'python_setup_py'
[11.909s] Level 1:colcon.colcon_core.package_identification:_identify(src/build/ament_cmake_index/share/ament_index/resource_index) by extensions ['ignore', 'ignore_ament_install']
[11.910s] Level 1:colcon.colcon_core.package_identification:_identify(src/build/ament_cmake_index/share/ament_index/resource_index) by extension 'ignore'
[11.912s] Level 1:colcon.colcon_core.package_identification:_identify(src/build/ament_cmake_index/share/ament_index/resource_index) by extension 'ignore_ament_install'
[11.912s] Level 1:colcon.colcon_core.package_identification:_identify(src/build/ament_cmake_index/share/ament_index/resource_index) by extensions ['colcon_pkg']
[11.913s] Level 1:colcon.colcon_core.package_identification:_identify(src/build/ament_cmake_index/share/ament_index/resource_index) by extension 'colcon_pkg'
[11.913s] Level 1:colcon.colcon_core.package_identification:_identify(src/build/ament_cmake_index/share/ament_index/resource_index) by extensions ['colcon_meta']
[11.914s] Level 1:colcon.colcon_core.package_identification:_identify(src/build/ament_cmake_index/share/ament_index/resource_index) by extension 'colcon_meta'
[11.915s] Level 1:colcon.colcon_core.package_identification:_identify(src/build/ament_cmake_index/share/ament_index/resource_index) by extensions ['ros']
[11.916s] Level 1:colcon.colcon_core.package_identification:_identify(src/build/ament_cmake_index/share/ament_index/resource_index) by extension 'ros'
[11.916s] Level 1:colcon.colcon_core.package_identification:_identify(src/build/ament_cmake_index/share/ament_index/resource_index) by extensions ['cmake', 'python']
[11.916s] Level 1:colcon.colcon_core.package_identification:_identify(src/build/ament_cmake_index/share/ament_index/resource_index) by extension 'cmake'
[11.917s] Level 1:colcon.colcon_core.package_identification:_identify(src/build/ament_cmake_index/share/ament_index/resource_index) by extension 'python'
[11.917s] Level 1:colcon.colcon_core.package_identification:_identify(src/build/ament_cmake_index/share/ament_index/resource_index) by extensions ['python_setup_py']
[11.917s] Level 1:colcon.colcon_core.package_identification:_identify(src/build/ament_cmake_index/share/ament_index/resource_index) by extension 'python_setup_py'
[11.917s] Level 1:colcon.colcon_core.package_identification:_identify(src/build/ament_cmake_index/share/ament_index/resource_index/package_run_dependencies) by extensions ['ignore', 'ignore_ament_install']
[11.917s] Level 1:colcon.colcon_core.package_identification:_identify(src/build/ament_cmake_index/share/ament_index/resource_index/package_run_dependencies) by extension 'ignore'
[11.918s] Level 1:colcon.colcon_core.package_identification:_identify(src/build/ament_cmake_index/share/ament_index/resource_index/package_run_dependencies) by extension 'ignore_ament_install'
[11.918s] Level 1:colcon.colcon_core.package_identification:_identify(src/build/ament_cmake_index/share/ament_index/resource_index/package_run_dependencies) by extensions ['colcon_pkg']
[11.918s] Level 1:colcon.colcon_core.package_identification:_identify(src/build/ament_cmake_index/share/ament_index/resource_index/package_run_dependencies) by extension 'colcon_pkg'
[11.918s] Level 1:colcon.colcon_core.package_identification:_identify(src/build/ament_cmake_index/share/ament_index/resource_index/package_run_dependencies) by extensions ['colcon_meta']
[11.918s] Level 1:colcon.colcon_core.package_identification:_identify(src/build/ament_cmake_index/share/ament_index/resource_index/package_run_dependencies) by extension 'colcon_meta'
[11.919s] Level 1:colcon.colcon_core.package_identification:_identify(src/build/ament_cmake_index/share/ament_index/resource_index/package_run_dependencies) by extensions ['ros']
[11.919s] Level 1:colcon.colcon_core.package_identification:_identify(src/build/ament_cmake_index/share/ament_index/resource_index/package_run_dependencies) by extension 'ros'
[11.919s] Level 1:colcon.colcon_core.package_identification:_identify(src/build/ament_cmake_index/share/ament_index/resource_index/package_run_dependencies) by extensions ['cmake', 'python']
[11.919s] Level 1:colcon.colcon_core.package_identification:_identify(src/build/ament_cmake_index/share/ament_index/resource_index/package_run_dependencies) by extension 'cmake'
[11.919s] Level 1:colcon.colcon_core.package_identification:_identify(src/build/ament_cmake_index/share/ament_index/resource_index/package_run_dependencies) by extension 'python'
[11.920s] Level 1:colcon.colcon_core.package_identification:_identify(src/build/ament_cmake_index/share/ament_index/resource_index/package_run_dependencies) by extensions ['python_setup_py']
[11.920s] Level 1:colcon.colcon_core.package_identification:_identify(src/build/ament_cmake_index/share/ament_index/resource_index/package_run_dependencies) by extension 'python_setup_py'
[11.920s] Level 1:colcon.colcon_core.package_identification:_identify(src/build/ament_cmake_index/share/ament_index/resource_index/packages) by extensions ['ignore', 'ignore_ament_install']
[11.920s] Level 1:colcon.colcon_core.package_identification:_identify(src/build/ament_cmake_index/share/ament_index/resource_index/packages) by extension 'ignore'
[11.921s] Level 1:colcon.colcon_core.package_identification:_identify(src/build/ament_cmake_index/share/ament_index/resource_index/packages) by extension 'ignore_ament_install'
[11.926s] Level 1:colcon.colcon_core.package_identification:_identify(src/build/ament_cmake_index/share/ament_index/resource_index/packages) by extensions ['colcon_pkg']
[11.927s] Level 1:colcon.colcon_core.package_identification:_identify(src/build/ament_cmake_index/share/ament_index/resource_index/packages) by extension 'colcon_pkg'
[11.928s] Level 1:colcon.colcon_core.package_identification:_identify(src/build/ament_cmake_index/share/ament_index/resource_index/packages) by extensions ['colcon_meta']
[11.929s] Level 1:colcon.colcon_core.package_identification:_identify(src/build/ament_cmake_index/share/ament_index/resource_index/packages) by extension 'colcon_meta'
[11.930s] Level 1:colcon.colcon_core.package_identification:_identify(src/build/ament_cmake_index/share/ament_index/resource_index/packages) by extensions ['ros']
[11.934s] Level 1:colcon.colcon_core.package_identification:_identify(src/build/ament_cmake_index/share/ament_index/resource_index/packages) by extension 'ros'
[11.935s] Level 1:colcon.colcon_core.package_identification:_identify(src/build/ament_cmake_index/share/ament_index/resource_index/packages) by extensions ['cmake', 'python']
[11.935s] Level 1:colcon.colcon_core.package_identification:_identify(src/build/ament_cmake_index/share/ament_index/resource_index/packages) by extension 'cmake'
[11.935s] Level 1:colcon.colcon_core.package_identification:_identify(src/build/ament_cmake_index/share/ament_index/resource_index/packages) by extension 'python'
[11.935s] Level 1:colcon.colcon_core.package_identification:_identify(src/build/ament_cmake_index/share/ament_index/resource_index/packages) by extensions ['python_setup_py']
[11.935s] Level 1:colcon.colcon_core.package_identification:_identify(src/build/ament_cmake_index/share/ament_index/resource_index/packages) by extension 'python_setup_py'
[11.936s] Level 1:colcon.colcon_core.package_identification:_identify(src/build/ament_cmake_index/share/ament_index/resource_index/parent_prefix_path) by extensions ['ignore', 'ignore_ament_install']
[11.936s] Level 1:colcon.colcon_core.package_identification:_identify(src/build/ament_cmake_index/share/ament_index/resource_index/parent_prefix_path) by extension 'ignore'
[11.936s] Level 1:colcon.colcon_core.package_identification:_identify(src/build/ament_cmake_index/share/ament_index/resource_index/parent_prefix_path) by extension 'ignore_ament_install'
[11.936s] Level 1:colcon.colcon_core.package_identification:_identify(src/build/ament_cmake_index/share/ament_index/resource_index/parent_prefix_path) by extensions ['colcon_pkg']
[11.936s] Level 1:colcon.colcon_core.package_identification:_identify(src/build/ament_cmake_index/share/ament_index/resource_index/parent_prefix_path) by extension 'colcon_pkg'
[11.937s] Level 1:colcon.colcon_core.package_identification:_identify(src/build/ament_cmake_index/share/ament_index/resource_index/parent_prefix_path) by extensions ['colcon_meta']
[11.937s] Level 1:colcon.colcon_core.package_identification:_identify(src/build/ament_cmake_index/share/ament_index/resource_index/parent_prefix_path) by extension 'colcon_meta'
[11.937s] Level 1:colcon.colcon_core.package_identification:_identify(src/build/ament_cmake_index/share/ament_index/resource_index/parent_prefix_path) by extensions ['ros']
[11.937s] Level 1:colcon.colcon_core.package_identification:_identify(src/build/ament_cmake_index/share/ament_index/resource_index/parent_prefix_path) by extension 'ros'
[11.937s] Level 1:colcon.colcon_core.package_identification:_identify(src/build/ament_cmake_index/share/ament_index/resource_index/parent_prefix_path) by extensions ['cmake', 'python']
[11.937s] Level 1:colcon.colcon_core.package_identification:_identify(src/build/ament_cmake_index/share/ament_index/resource_index/parent_prefix_path) by extension 'cmake'
[11.937s] Level 1:colcon.colcon_core.package_identification:_identify(src/build/ament_cmake_index/share/ament_index/resource_index/parent_prefix_path) by extension 'python'
[11.938s] Level 1:colcon.colcon_core.package_identification:_identify(src/build/ament_cmake_index/share/ament_index/resource_index/parent_prefix_path) by extensions ['python_setup_py']
[11.938s] Level 1:colcon.colcon_core.package_identification:_identify(src/build/ament_cmake_index/share/ament_index/resource_index/parent_prefix_path) by extension 'python_setup_py'
[11.938s] Level 1:colcon.colcon_core.package_identification:_identify(src/build/ament_cmake_package_templates) by extensions ['ignore', 'ignore_ament_install']
[11.938s] Level 1:colcon.colcon_core.package_identification:_identify(src/build/ament_cmake_package_templates) by extension 'ignore'
[11.940s] Level 1:colcon.colcon_core.package_identification:_identify(src/build/ament_cmake_package_templates) by extension 'ignore_ament_install'
[11.940s] Level 1:colcon.colcon_core.package_identification:_identify(src/build/ament_cmake_package_templates) by extensions ['colcon_pkg']
[11.940s] Level 1:colcon.colcon_core.package_identification:_identify(src/build/ament_cmake_package_templates) by extension 'colcon_pkg'
[11.940s] Level 1:colcon.colcon_core.package_identification:_identify(src/build/ament_cmake_package_templates) by extensions ['colcon_meta']
[11.940s] Level 1:colcon.colcon_core.package_identification:_identify(src/build/ament_cmake_package_templates) by extension 'colcon_meta'
[11.940s] Level 1:colcon.colcon_core.package_identification:_identify(src/build/ament_cmake_package_templates) by extensions ['ros']
[11.941s] Level 1:colcon.colcon_core.package_identification:_identify(src/build/ament_cmake_package_templates) by extension 'ros'
[11.941s] Level 1:colcon.colcon_core.package_identification:_identify(src/build/ament_cmake_package_templates) by extensions ['cmake', 'python']
[11.941s] Level 1:colcon.colcon_core.package_identification:_identify(src/build/ament_cmake_package_templates) by extension 'cmake'
[11.941s] Level 1:colcon.colcon_core.package_identification:_identify(src/build/ament_cmake_package_templates) by extension 'python'
[11.941s] Level 1:colcon.colcon_core.package_identification:_identify(src/build/ament_cmake_package_templates) by extensions ['python_setup_py']
[11.941s] Level 1:colcon.colcon_core.package_identification:_identify(src/build/ament_cmake_package_templates) by extension 'python_setup_py'
[11.941s] Level 1:colcon.colcon_core.package_identification:_identify(src/build/ament_cmake_uninstall_target) by extensions ['ignore', 'ignore_ament_install']
[11.942s] Level 1:colcon.colcon_core.package_identification:_identify(src/build/ament_cmake_uninstall_target) by extension 'ignore'
[11.942s] Level 1:colcon.colcon_core.package_identification:_identify(src/build/ament_cmake_uninstall_target) by extension 'ignore_ament_install'
[11.942s] Level 1:colcon.colcon_core.package_identification:_identify(src/build/ament_cmake_uninstall_target) by extensions ['colcon_pkg']
[11.942s] Level 1:colcon.colcon_core.package_identification:_identify(src/build/ament_cmake_uninstall_target) by extension 'colcon_pkg'
[11.942s] Level 1:colcon.colcon_core.package_identification:_identify(src/build/ament_cmake_uninstall_target) by extensions ['colcon_meta']
[11.942s] Level 1:colcon.colcon_core.package_identification:_identify(src/build/ament_cmake_uninstall_target) by extension 'colcon_meta'
[11.943s] Level 1:colcon.colcon_core.package_identification:_identify(src/build/ament_cmake_uninstall_target) by extensions ['ros']
[11.943s] Level 1:colcon.colcon_core.package_identification:_identify(src/build/ament_cmake_uninstall_target) by extension 'ros'
[11.943s] Level 1:colcon.colcon_core.package_identification:_identify(src/build/ament_cmake_uninstall_target) by extensions ['cmake', 'python']
[11.943s] Level 1:colcon.colcon_core.package_identification:_identify(src/build/ament_cmake_uninstall_target) by extension 'cmake'
[11.943s] Level 1:colcon.colcon_core.package_identification:_identify(src/build/ament_cmake_uninstall_target) by extension 'python'
[11.943s] Level 1:colcon.colcon_core.package_identification:_identify(src/build/ament_cmake_uninstall_target) by extensions ['python_setup_py']
[11.943s] Level 1:colcon.colcon_core.package_identification:_identify(src/build/ament_cmake_uninstall_target) by extension 'python_setup_py'
[11.944s] Level 1:colcon.colcon_core.package_identification:_identify(src/build/ament_cppcheck) by extensions ['ignore', 'ignore_ament_install']
[11.946s] Level 1:colcon.colcon_core.package_identification:_identify(src/build/ament_cppcheck) by extension 'ignore'
[11.947s] Level 1:colcon.colcon_core.package_identification:_identify(src/build/ament_cppcheck) by extension 'ignore_ament_install'
[11.949s] Level 1:colcon.colcon_core.package_identification:_identify(src/build/ament_cppcheck) by extensions ['colcon_pkg']
[11.953s] Level 1:colcon.colcon_core.package_identification:_identify(src/build/ament_cppcheck) by extension 'colcon_pkg'
[11.954s] Level 1:colcon.colcon_core.package_identification:_identify(src/build/ament_cppcheck) by extensions ['colcon_meta']
[11.954s] Level 1:colcon.colcon_core.package_identification:_identify(src/build/ament_cppcheck) by extension 'colcon_meta'
[11.956s] Level 1:colcon.colcon_core.package_identification:_identify(src/build/ament_cppcheck) by extensions ['ros']
[11.956s] Level 1:colcon.colcon_core.package_identification:_identify(src/build/ament_cppcheck) by extension 'ros'
[11.957s] Level 1:colcon.colcon_core.package_identification:_identify(src/build/ament_cppcheck) by extensions ['cmake', 'python']
[11.958s] Level 1:colcon.colcon_core.package_identification:_identify(src/build/ament_cppcheck) by extension 'cmake'
[11.961s] Level 1:colcon.colcon_core.package_identification:_identify(src/build/ament_cppcheck) by extension 'python'
[11.962s] Level 1:colcon.colcon_core.package_identification:_identify(src/build/ament_cppcheck) by extensions ['python_setup_py']
[11.962s] Level 1:colcon.colcon_core.package_identification:_identify(src/build/ament_cppcheck) by extension 'python_setup_py'
[11.963s] Level 1:colcon.colcon_core.package_identification:_identify(src/build/ament_lint_cmake) by extensions ['ignore', 'ignore_ament_install']
[11.963s] Level 1:colcon.colcon_core.package_identification:_identify(src/build/ament_lint_cmake) by extension 'ignore'
[11.963s] Level 1:colcon.colcon_core.package_identification:_identify(src/build/ament_lint_cmake) by extension 'ignore_ament_install'
[11.963s] Level 1:colcon.colcon_core.package_identification:_identify(src/build/ament_lint_cmake) by extensions ['colcon_pkg']
[11.964s] Level 1:colcon.colcon_core.package_identification:_identify(src/build/ament_lint_cmake) by extension 'colcon_pkg'
[11.964s] Level 1:colcon.colcon_core.package_identification:_identify(src/build/ament_lint_cmake) by extensions ['colcon_meta']
[11.964s] Level 1:colcon.colcon_core.package_identification:_identify(src/build/ament_lint_cmake) by extension 'colcon_meta'
[11.964s] Level 1:colcon.colcon_core.package_identification:_identify(src/build/ament_lint_cmake) by extensions ['ros']
[11.964s] Level 1:colcon.colcon_core.package_identification:_identify(src/build/ament_lint_cmake) by extension 'ros'
[11.964s] Level 1:colcon.colcon_core.package_identification:_identify(src/build/ament_lint_cmake) by extensions ['cmake', 'python']
[11.964s] Level 1:colcon.colcon_core.package_identification:_identify(src/build/ament_lint_cmake) by extension 'cmake'
[11.965s] Level 1:colcon.colcon_core.package_identification:_identify(src/build/ament_lint_cmake) by extension 'python'
[11.965s] Level 1:colcon.colcon_core.package_identification:_identify(src/build/ament_lint_cmake) by extensions ['python_setup_py']
[11.965s] Level 1:colcon.colcon_core.package_identification:_identify(src/build/ament_lint_cmake) by extension 'python_setup_py'
[11.965s] Level 1:colcon.colcon_core.package_identification:_identify(src/build/ament_uncrustify) by extensions ['ignore', 'ignore_ament_install']
[11.965s] Level 1:colcon.colcon_core.package_identification:_identify(src/build/ament_uncrustify) by extension 'ignore'
[11.965s] Level 1:colcon.colcon_core.package_identification:_identify(src/build/ament_uncrustify) by extension 'ignore_ament_install'
[11.966s] Level 1:colcon.colcon_core.package_identification:_identify(src/build/ament_uncrustify) by extensions ['colcon_pkg']
[11.966s] Level 1:colcon.colcon_core.package_identification:_identify(src/build/ament_uncrustify) by extension 'colcon_pkg'
[11.966s] Level 1:colcon.colcon_core.package_identification:_identify(src/build/ament_uncrustify) by extensions ['colcon_meta']
[11.966s] Level 1:colcon.colcon_core.package_identification:_identify(src/build/ament_uncrustify) by extension 'colcon_meta'
[11.966s] Level 1:colcon.colcon_core.package_identification:_identify(src/build/ament_uncrustify) by extensions ['ros']
[11.966s] Level 1:colcon.colcon_core.package_identification:_identify(src/build/ament_uncrustify) by extension 'ros'
[11.970s] Level 1:colcon.colcon_core.package_identification:_identify(src/build/ament_uncrustify) by extensions ['cmake', 'python']
[11.970s] Level 1:colcon.colcon_core.package_identification:_identify(src/build/ament_uncrustify) by extension 'cmake'
[11.970s] Level 1:colcon.colcon_core.package_identification:_identify(src/build/ament_uncrustify) by extension 'python'
[11.970s] Level 1:colcon.colcon_core.package_identification:_identify(src/build/ament_uncrustify) by extensions ['python_setup_py']
[11.970s] Level 1:colcon.colcon_core.package_identification:_identify(src/build/ament_uncrustify) by extension 'python_setup_py'
[11.971s] Level 1:colcon.colcon_core.package_identification:_identify(src/build/ament_xmllint) by extensions ['ignore', 'ignore_ament_install']
[11.971s] Level 1:colcon.colcon_core.package_identification:_identify(src/build/ament_xmllint) by extension 'ignore'
[11.971s] Level 1:colcon.colcon_core.package_identification:_identify(src/build/ament_xmllint) by extension 'ignore_ament_install'
[11.971s] Level 1:colcon.colcon_core.package_identification:_identify(src/build/ament_xmllint) by extensions ['colcon_pkg']
[11.971s] Level 1:colcon.colcon_core.package_identification:_identify(src/build/ament_xmllint) by extension 'colcon_pkg'
[11.971s] Level 1:colcon.colcon_core.package_identification:_identify(src/build/ament_xmllint) by extensions ['colcon_meta']
[11.972s] Level 1:colcon.colcon_core.package_identification:_identify(src/build/ament_xmllint) by extension 'colcon_meta'
[11.972s] Level 1:colcon.colcon_core.package_identification:_identify(src/build/ament_xmllint) by extensions ['ros']
[11.972s] Level 1:colcon.colcon_core.package_identification:_identify(src/build/ament_xmllint) by extension 'ros'
[11.972s] Level 1:colcon.colcon_core.package_identification:_identify(src/build/ament_xmllint) by extensions ['cmake', 'python']
[11.972s] Level 1:colcon.colcon_core.package_identification:_identify(src/build/ament_xmllint) by extension 'cmake'
[11.972s] Level 1:colcon.colcon_core.package_identification:_identify(src/build/ament_xmllint) by extension 'python'
[11.972s] Level 1:colcon.colcon_core.package_identification:_identify(src/build/ament_xmllint) by extensions ['python_setup_py']
[11.972s] Level 1:colcon.colcon_core.package_identification:_identify(src/build/ament_xmllint) by extension 'python_setup_py'
[11.973s] Level 1:colcon.colcon_core.package_discovery:discover_packages(recursive) using defaults
[11.973s] Level 1:colcon.colcon_core.package_discovery:discover_packages(ignore) discover
[11.973s] Level 1:colcon.colcon_core.package_discovery:discover_packages(ignore) using defaults
[11.973s] Level 1:colcon.colcon_core.package_discovery:discover_packages(path) discover
[11.973s] Level 1:colcon.colcon_core.package_discovery:discover_packages(path) using defaults
[12.607s] Level 1:colcon.colcon_core.package_discovery:discover_packages(prefix_path) check parameters
[12.608s] Level 1:colcon.colcon_core.package_discovery:discover_packages(prefix_path) discover
[12.954s] DEBUG:colcon.colcon_installed_package_information.package_discovery:Found 1 installed packages in /home/pavitpc/ros2_ws/install
[13.129s] DEBUG:colcon.colcon_installed_package_information.package_discovery:Found 385 installed packages in /opt/ros/humble
[13.145s] Level 1:colcon.colcon_core.package_discovery:discover_packages(prefix_path) using defaults
[14.162s] WARNING:colcon.colcon_core.package_selection:Some selected packages are already built in one or more underlay workspaces:
	'action_tutorials_cpp' is in: /home/pavitpc/ros2_ws/install/action_tutorials_cpp, /opt/ros/humble
If a package in a merged underlay workspace is overridden and it installs headers, then all packages in the overlay must sort their include directories by workspace order. Failure to do so may result in build failures or undefined behavior at run time.
If the overridden package is used by another package in any underlay, then the overriding package in the overlay must be API and ABI compatible or undefined behavior at run time may occur.

If you understand the risks and want to override a package anyways, add the following to the command line:
	--allow-overriding action_tutorials_cpp

This may be promoted to an error in a future release of colcon-override-check.
[14.277s] Level 5:colcon.colcon_core.verb:set package 'action_tutorials_cpp' build argument 'cmake_args' from command line to 'None'
[14.279s] Level 5:colcon.colcon_core.verb:set package 'action_tutorials_cpp' build argument 'cmake_target' from command line to 'None'
[14.279s] Level 5:colcon.colcon_core.verb:set package 'action_tutorials_cpp' build argument 'cmake_target_skip_unavailable' from command line to 'False'
[14.281s] Level 5:colcon.colcon_core.verb:set package 'action_tutorials_cpp' build argument 'cmake_clean_cache' from command line to 'False'
[14.281s] Level 5:colcon.colcon_core.verb:set package 'action_tutorials_cpp' build argument 'cmake_clean_first' from command line to 'False'
[14.281s] Level 5:colcon.colcon_core.verb:set package 'action_tutorials_cpp' build argument 'cmake_force_configure' from command line to 'False'
[14.282s] Level 5:colcon.colcon_core.verb:set package 'action_tutorials_cpp' build argument 'ament_cmake_args' from command line to 'None'
[14.283s] Level 5:colcon.colcon_core.verb:set package 'action_tutorials_cpp' build argument 'catkin_cmake_args' from command line to 'None'
[14.284s] Level 5:colcon.colcon_core.verb:set package 'action_tutorials_cpp' build argument 'catkin_skip_building_tests' from command line to 'False'
[14.285s] DEBUG:colcon.colcon_core.verb:Building package 'action_tutorials_cpp' with the following arguments: {'ament_cmake_args': None, 'build_base': '/home/pavitpc/ros2_ws/build/action_tutorials_cpp', 'catkin_cmake_args': None, 'catkin_skip_building_tests': False, 'cmake_args': None, 'cmake_clean_cache': False, 'cmake_clean_first': False, 'cmake_force_configure': False, 'cmake_target': None, 'cmake_target_skip_unavailable': False, 'install_base': '/home/pavitpc/ros2_ws/install/action_tutorials_cpp', 'merge_install': False, 'path': '/home/pavitpc/ros2_ws/src/action_tutorials_cpp', 'symlink_install': True, 'test_result_base': None}
[14.433s] INFO:colcon.colcon_core.executor:Executing jobs using 'parallel' executor
[14.565s] DEBUG:colcon.colcon_parallel_executor.executor.parallel:run_until_complete
[14.565s] INFO:colcon.colcon_ros.task.ament_cmake.build:Building ROS package in '/home/pavitpc/ros2_ws/src/action_tutorials_cpp' with build type 'ament_cmake'
[14.566s] INFO:colcon.colcon_cmake.task.cmake.build:Building CMake package in '/home/pavitpc/ros2_ws/src/action_tutorials_cpp'
[15.713s] INFO:colcon.colcon_core.plugin_system:Skipping extension 'colcon_core.shell.bat': Not used on non-Windows systems
[15.714s] INFO:colcon.colcon_core.shell:Skip shell extension 'powershell' for command environment: Not usable outside of PowerShell
[15.714s] DEBUG:colcon.colcon_core.shell:Skip shell extension 'dsv' for command environment
[17.521s] DEBUG:colcon.colcon_core.event_handler.log_command:Invoking command in '/home/pavitpc/ros2_ws/build/action_tutorials_cpp': CMAKE_PREFIX_PATH=${CMAKE_PREFIX_PATH}:/opt/ros/humble /usr/bin/cmake --build /home/pavitpc/ros2_ws/build/action_tutorials_cpp -- -j4 -l4
[61.589s] DEBUG:colcon.colcon_core.event_handler.log_command:Invoked command in '/home/pavitpc/ros2_ws/build/action_tutorials_cpp' returned '0': CMAKE_PREFIX_PATH=${CMAKE_PREFIX_PATH}:/opt/ros/humble /usr/bin/cmake --build /home/pavitpc/ros2_ws/build/action_tutorials_cpp -- -j4 -l4
[61.984s] DEBUG:colcon.colcon_core.event_handler.log_command:Invoking command in '/home/pavitpc/ros2_ws/build/action_tutorials_cpp': CMAKE_PREFIX_PATH=${CMAKE_PREFIX_PATH}:/opt/ros/humble /usr/bin/cmake --install /home/pavitpc/ros2_ws/build/action_tutorials_cpp
[62.477s] Level 1:colcon.colcon_core.environment:create_environment_scripts_only(action_tutorials_cpp)
[62.480s] DEBUG:colcon.colcon_core.event_handler.log_command:Invoked command in '/home/pavitpc/ros2_ws/build/action_tutorials_cpp' returned '0': CMAKE_PREFIX_PATH=${CMAKE_PREFIX_PATH}:/opt/ros/humble /usr/bin/cmake --install /home/pavitpc/ros2_ws/build/action_tutorials_cpp
[65.323s] Level 1:colcon.colcon_core.environment:checking '/home/pavitpc/ros2_ws/install/action_tutorials_cpp' for CMake module files
[65.326s] Level 1:colcon.colcon_core.environment:checking '/home/pavitpc/ros2_ws/install/action_tutorials_cpp' for CMake config files
[65.331s] Level 1:colcon.colcon_core.shell:create_environment_hook('action_tutorials_cpp', 'cmake_prefix_path')
[65.551s] INFO:colcon.colcon_core.shell:Creating environment hook '/home/pavitpc/ros2_ws/install/action_tutorials_cpp/share/action_tutorials_cpp/hook/cmake_prefix_path.ps1'
[65.586s] INFO:colcon.colcon_core.shell:Creating environment descriptor '/home/pavitpc/ros2_ws/install/action_tutorials_cpp/share/action_tutorials_cpp/hook/cmake_prefix_path.dsv'
[65.606s] INFO:colcon.colcon_core.shell:Creating environment hook '/home/pavitpc/ros2_ws/install/action_tutorials_cpp/share/action_tutorials_cpp/hook/cmake_prefix_path.sh'
[65.610s] Level 1:colcon.colcon_core.environment:checking '/home/pavitpc/ros2_ws/install/action_tutorials_cpp/lib'
[65.610s] Level 1:colcon.colcon_core.shell:create_environment_hook('action_tutorials_cpp', 'ld_library_path_lib')
[65.791s] INFO:colcon.colcon_core.shell:Creating environment hook '/home/pavitpc/ros2_ws/install/action_tutorials_cpp/share/action_tutorials_cpp/hook/ld_library_path_lib.ps1'
[65.793s] INFO:colcon.colcon_core.shell:Creating environment descriptor '/home/pavitpc/ros2_ws/install/action_tutorials_cpp/share/action_tutorials_cpp/hook/ld_library_path_lib.dsv'
[65.795s] INFO:colcon.colcon_core.shell:Creating environment hook '/home/pavitpc/ros2_ws/install/action_tutorials_cpp/share/action_tutorials_cpp/hook/ld_library_path_lib.sh'
[65.797s] Level 1:colcon.colcon_core.environment:checking '/home/pavitpc/ros2_ws/install/action_tutorials_cpp/bin'
[65.797s] Level 1:colcon.colcon_core.environment:checking '/home/pavitpc/ros2_ws/install/action_tutorials_cpp/lib/pkgconfig/action_tutorials_cpp.pc'
[65.798s] Level 1:colcon.colcon_core.environment:checking '/home/pavitpc/ros2_ws/install/action_tutorials_cpp/lib/python3.10/site-packages'
[65.799s] Level 1:colcon.colcon_core.environment:checking '/home/pavitpc/ros2_ws/install/action_tutorials_cpp/bin'
[65.954s] INFO:colcon.colcon_core.shell:Creating package script '/home/pavitpc/ros2_ws/install/action_tutorials_cpp/share/action_tutorials_cpp/package.ps1'
[65.968s] INFO:colcon.colcon_core.shell:Creating package descriptor '/home/pavitpc/ros2_ws/install/action_tutorials_cpp/share/action_tutorials_cpp/package.dsv'
[65.973s] INFO:colcon.colcon_core.shell:Creating package script '/home/pavitpc/ros2_ws/install/action_tutorials_cpp/share/action_tutorials_cpp/package.sh'
[65.982s] INFO:colcon.colcon_core.shell:Creating package script '/home/pavitpc/ros2_ws/install/action_tutorials_cpp/share/action_tutorials_cpp/package.bash'
[66.004s] INFO:colcon.colcon_core.shell:Creating package script '/home/pavitpc/ros2_ws/install/action_tutorials_cpp/share/action_tutorials_cpp/package.zsh'
[66.008s] Level 1:colcon.colcon_core.environment:create_file_with_runtime_dependencies(/home/pavitpc/ros2_ws/install/action_tutorials_cpp/share/colcon-core/packages/action_tutorials_cpp)
[66.385s] Level 1:colcon.colcon_core.environment:create_environment_scripts_only(action_tutorials_cpp)
[66.487s] Level 1:colcon.colcon_core.environment:checking '/home/pavitpc/ros2_ws/install/action_tutorials_cpp' for CMake module files
[66.500s] Level 1:colcon.colcon_core.environment:checking '/home/pavitpc/ros2_ws/install/action_tutorials_cpp' for CMake config files
[66.501s] Level 1:colcon.colcon_core.shell:create_environment_hook('action_tutorials_cpp', 'cmake_prefix_path')
[66.610s] INFO:colcon.colcon_core.shell:Creating environment hook '/home/pavitpc/ros2_ws/install/action_tutorials_cpp/share/action_tutorials_cpp/hook/cmake_prefix_path.ps1'
[66.612s] INFO:colcon.colcon_core.shell:Creating environment descriptor '/home/pavitpc/ros2_ws/install/action_tutorials_cpp/share/action_tutorials_cpp/hook/cmake_prefix_path.dsv'
[66.613s] INFO:colcon.colcon_core.shell:Creating environment hook '/home/pavitpc/ros2_ws/install/action_tutorials_cpp/share/action_tutorials_cpp/hook/cmake_prefix_path.sh'
[66.615s] Level 1:colcon.colcon_core.environment:checking '/home/pavitpc/ros2_ws/install/action_tutorials_cpp/lib'
[66.615s] Level 1:colcon.colcon_core.shell:create_environment_hook('action_tutorials_cpp', 'ld_library_path_lib')
[66.712s] INFO:colcon.colcon_core.shell:Creating environment hook '/home/pavitpc/ros2_ws/install/action_tutorials_cpp/share/action_tutorials_cpp/hook/ld_library_path_lib.ps1'
[66.717s] INFO:colcon.colcon_core.shell:Creating environment descriptor '/home/pavitpc/ros2_ws/install/action_tutorials_cpp/share/action_tutorials_cpp/hook/ld_library_path_lib.dsv'
[66.718s] INFO:colcon.colcon_core.shell:Creating environment hook '/home/pavitpc/ros2_ws/install/action_tutorials_cpp/share/action_tutorials_cpp/hook/ld_library_path_lib.sh'
[66.719s] Level 1:colcon.colcon_core.environment:checking '/home/pavitpc/ros2_ws/install/action_tutorials_cpp/bin'
[66.719s] Level 1:colcon.colcon_core.environment:checking '/home/pavitpc/ros2_ws/install/action_tutorials_cpp/lib/pkgconfig/action_tutorials_cpp.pc'
[66.720s] Level 1:colcon.colcon_core.environment:checking '/home/pavitpc/ros2_ws/install/action_tutorials_cpp/lib/python3.10/site-packages'
[66.721s] Level 1:colcon.colcon_core.environment:checking '/home/pavitpc/ros2_ws/install/action_tutorials_cpp/bin'
[66.817s] INFO:colcon.colcon_core.shell:Creating package script '/home/pavitpc/ros2_ws/install/action_tutorials_cpp/share/action_tutorials_cpp/package.ps1'
[66.818s] INFO:colcon.colcon_core.shell:Creating package descriptor '/home/pavitpc/ros2_ws/install/action_tutorials_cpp/share/action_tutorials_cpp/package.dsv'
[66.821s] INFO:colcon.colcon_core.shell:Creating package script '/home/pavitpc/ros2_ws/install/action_tutorials_cpp/share/action_tutorials_cpp/package.sh'
[66.822s] INFO:colcon.colcon_core.shell:Creating package script '/home/pavitpc/ros2_ws/install/action_tutorials_cpp/share/action_tutorials_cpp/package.bash'
[66.824s] INFO:colcon.colcon_core.shell:Creating package script '/home/pavitpc/ros2_ws/install/action_tutorials_cpp/share/action_tutorials_cpp/package.zsh'
[66.825s] Level 1:colcon.colcon_core.environment:create_file_with_runtime_dependencies(/home/pavitpc/ros2_ws/install/action_tutorials_cpp/share/colcon-core/packages/action_tutorials_cpp)
[66.829s] DEBUG:colcon.colcon_parallel_executor.executor.parallel:closing loop
[66.830s] DEBUG:colcon.colcon_parallel_executor.executor.parallel:loop closed
[66.830s] DEBUG:colcon.colcon_parallel_executor.executor.parallel:run_until_complete finished with '0'
[66.830s] DEBUG:colcon.colcon_core.event_reactor:joining thread
[67.558s] INFO:colcon.colcon_core.plugin_system:Skipping extension 'colcon_notification.desktop_notification.terminal_notifier': Not used on non-Darwin systems
[67.559s] INFO:colcon.colcon_core.plugin_system:Skipping extension 'colcon_notification.desktop_notification.win32': Not used on non-Windows systems
[67.559s] INFO:colcon.colcon_notification.desktop_notification:Sending desktop notification using 'notify2'
[67.797s] DEBUG:colcon.colcon_core.event_reactor:joined thread
[67.965s] INFO:colcon.colcon_core.shell:Creating prefix script '/home/pavitpc/ros2_ws/install/local_setup.ps1'
[67.978s] INFO:colcon.colcon_core.shell:Creating prefix util module '/home/pavitpc/ros2_ws/install/_local_setup_util_ps1.py'
[67.993s] INFO:colcon.colcon_core.shell:Creating prefix chain script '/home/pavitpc/ros2_ws/install/setup.ps1'
[68.206s] INFO:colcon.colcon_core.shell:Creating prefix script '/home/pavitpc/ros2_ws/install/local_setup.sh'
[68.208s] INFO:colcon.colcon_core.shell:Creating prefix util module '/home/pavitpc/ros2_ws/install/_local_setup_util_sh.py'
[68.209s] INFO:colcon.colcon_core.shell:Creating prefix chain script '/home/pavitpc/ros2_ws/install/setup.sh'
[68.359s] INFO:colcon.colcon_core.shell:Creating prefix script '/home/pavitpc/ros2_ws/install/local_setup.bash'
[68.367s] INFO:colcon.colcon_core.shell:Creating prefix chain script '/home/pavitpc/ros2_ws/install/setup.bash'
[68.549s] INFO:colcon.colcon_core.shell:Creating prefix script '/home/pavitpc/ros2_ws/install/local_setup.zsh'
[68.552s] INFO:colcon.colcon_core.shell:Creating prefix chain script '/home/pavitpc/ros2_ws/install/setup.zsh'
