[0.374s] Invoking command in '/home/pavitpc/ros2_ws/build/my_package': CMAKE_PREFIX_PATH=${CMAKE_PREFIX_PATH}:/home/pavitpc/ros2_ws/install/my_python_package:/opt/ros/humble /usr/bin/cmake /home/pavitpc/ros2_ws/src/my_package -DAMENT_CMAKE_SYMLINK_INSTALL=1 -DCMAKE_INSTALL_PREFIX=/home/pavitpc/ros2_ws/install/my_package
[1.013s] -- The C compiler identification is GNU 11.4.0
[1.207s] -- The CXX compiler identification is GNU 11.4.0
[1.219s] -- Detecting C compiler ABI info
[1.377s] -- Detecting C compiler ABI info - done
[1.391s] -- Check for working C compiler: /usr/bin/cc - skipped
[1.392s] -- Detecting C compile features
[1.416s] -- Detecting C compile features - done
[1.423s] -- Detecting CXX compiler ABI info
[1.593s] -- Detecting CXX compiler ABI info - done
[1.618s] -- Check for working CXX compiler: /usr/bin/c++ - skipped
[1.618s] -- Detecting CXX compile features
[1.619s] -- Detecting CXX compile features - done
[1.735s] -- Found ament_cmake: 1.3.6 (/opt/ros/humble/share/ament_cmake/cmake)
[2.168s] -- Found Python3: /usr/bin/python3.10 (found version "3.10.12") found components: Interpreter 
[2.333s] -- Override CMake install command with custom implementation using symlinks instead of copying resources
[2.430s] -- Found ament_lint_auto: 0.12.9 (/opt/ros/humble/share/ament_lint_auto/cmake)
[2.637s] -- Added test 'cppcheck' to perform static code analysis on C / C++ code
[2.641s] -- Configured cppcheck include dirs: $<BUILD_INTERFACE:/home/pavitpc/ros2_ws/src/my_package/include>
[2.641s] -- Configured cppcheck exclude dirs and/or files: 
[2.641s] -- Added test 'lint_cmake' to check CMake code style
[2.643s] -- Added test 'uncrustify' to check C / C++ code style
[2.643s] -- Configured uncrustify additional arguments: 
[2.644s] -- Added test 'xmllint' to check XML markup files
[2.647s] -- Configuring done
[2.658s] -- Generating done
[2.660s] -- Build files have been written to: /home/pavitpc/ros2_ws/build/my_package
[2.670s] Invoked command in '/home/pavitpc/ros2_ws/build/my_package' returned '0': CMAKE_PREFIX_PATH=${CMAKE_PREFIX_PATH}:/home/pavitpc/ros2_ws/install/my_python_package:/opt/ros/humble /usr/bin/cmake /home/pavitpc/ros2_ws/src/my_package -DAMENT_CMAKE_SYMLINK_INSTALL=1 -DCMAKE_INSTALL_PREFIX=/home/pavitpc/ros2_ws/install/my_package
[2.675s] Invoking command in '/home/pavitpc/ros2_ws/build/my_package': CMAKE_PREFIX_PATH=${CMAKE_PREFIX_PATH}:/home/pavitpc/ros2_ws/install/my_python_package:/opt/ros/humble /usr/bin/cmake --build /home/pavitpc/ros2_ws/build/my_package -- -j4 -l4
[2.782s] [ 50%] [32mBuilding CXX object CMakeFiles/my_node.dir/src/my_node.cpp.o[0m
[3.034s] [100%] [32m[1mLinking CXX executable my_node[0m
[3.153s] [100%] Built target my_node
[3.213s] Invoked command in '/home/pavitpc/ros2_ws/build/my_package' returned '0': CMAKE_PREFIX_PATH=${CMAKE_PREFIX_PATH}:/home/pavitpc/ros2_ws/install/my_python_package:/opt/ros/humble /usr/bin/cmake --build /home/pavitpc/ros2_ws/build/my_package -- -j4 -l4
[3.272s] Invoking command in '/home/pavitpc/ros2_ws/build/my_package': CMAKE_PREFIX_PATH=${CMAKE_PREFIX_PATH}:/home/pavitpc/ros2_ws/install/my_python_package:/opt/ros/humble /usr/bin/cmake --install /home/pavitpc/ros2_ws/build/my_package
[3.285s] -- Install configuration: ""
[3.286s] -- Execute custom install script
[3.287s] -- Symlinking: /home/pavitpc/ros2_ws/install/my_package/lib/my_package/my_node
[3.303s] -- Symlinking: /home/pavitpc/ros2_ws/install/my_package/share/ament_index/resource_index/package_run_dependencies/my_package
[3.318s] -- Symlinking: /home/pavitpc/ros2_ws/install/my_package/share/ament_index/resource_index/parent_prefix_path/my_package
[3.333s] -- Symlinking: /home/pavitpc/ros2_ws/install/my_package/share/my_package/environment/ament_prefix_path.sh
[3.349s] -- Symlinking: /home/pavitpc/ros2_ws/install/my_package/share/my_package/environment/ament_prefix_path.dsv
[3.363s] -- Symlinking: /home/pavitpc/ros2_ws/install/my_package/share/my_package/environment/path.sh
[3.377s] -- Symlinking: /home/pavitpc/ros2_ws/install/my_package/share/my_package/environment/path.dsv
[3.391s] -- Symlinking: /home/pavitpc/ros2_ws/install/my_package/share/my_package/local_setup.bash
[3.404s] -- Symlinking: /home/pavitpc/ros2_ws/install/my_package/share/my_package/local_setup.sh
[3.418s] -- Symlinking: /home/pavitpc/ros2_ws/install/my_package/share/my_package/local_setup.zsh
[3.431s] -- Symlinking: /home/pavitpc/ros2_ws/install/my_package/share/my_package/local_setup.dsv
[3.447s] -- Symlinking: /home/pavitpc/ros2_ws/install/my_package/share/my_package/package.dsv
[3.467s] -- Symlinking: /home/pavitpc/ros2_ws/install/my_package/share/ament_index/resource_index/packages/my_package
[3.481s] -- Symlinking: /home/pavitpc/ros2_ws/install/my_package/share/my_package/cmake/my_packageConfig.cmake
[3.494s] -- Symlinking: /home/pavitpc/ros2_ws/install/my_package/share/my_package/cmake/my_packageConfig-version.cmake
[3.508s] -- Symlinking: /home/pavitpc/ros2_ws/install/my_package/share/my_package/package.xml
[3.524s] Invoked command in '/home/pavitpc/ros2_ws/build/my_package' returned '0': CMAKE_PREFIX_PATH=${CMAKE_PREFIX_PATH}:/home/pavitpc/ros2_ws/install/my_python_package:/opt/ros/humble /usr/bin/cmake --install /home/pavitpc/ros2_ws/build/my_package
