[36.122s] DEBUG:colcon:Command line arguments: ['/usr/bin/colcon', 'build', '--symlink-install']
[36.122s] DEBUG:colcon:Parsed command line arguments: Namespace(log_base=None, log_level=None, verb_name='build', build_base='build', install_base='install', merge_install=False, symlink_install=True, test_result_base=None, continue_on_error=False, executor='parallel', parallel_workers=4, event_handlers=None, ignore_user_meta=False, metas=['./colcon.meta'], base_paths=['.'], packages_ignore=None, packages_ignore_regex=None, paths=None, packages_up_to=None, packages_up_to_regex=None, packages_above=None, packages_above_and_dependencies=None, packages_above_depth=None, packages_select_by_dep=None, packages_skip_by_dep=None, packages_skip_up_to=None, packages_select_build_failed=False, packages_skip_build_finished=False, packages_select_test_failures=False, packages_skip_test_passed=False, packages_select=None, packages_skip=None, packages_select_regex=None, packages_skip_regex=None, packages_start=None, packages_end=None, allow_overriding=[], cmake_args=None, cmake_target=None, cmake_target_skip_unavailable=False, cmake_clean_cache=False, cmake_clean_first=False, cmake_force_configure=False, ament_cmake_args=None, catkin_cmake_args=None, catkin_skip_building_tests=False, verb_parser=<colcon_defaults.argument_parser.defaults.DefaultArgumentsDecorator object at 0x7f1268c05090>, verb_extension=<colcon_core.verb.build.BuildVerb object at 0x7f1269073a60>, main=<bound method BuildVerb.main of <colcon_core.verb.build.BuildVerb object at 0x7f1269073a60>>)
[39.497s] Level 1:colcon.colcon_core.package_discovery:discover_packages(colcon_meta) check parameters
[39.498s] Level 1:colcon.colcon_core.package_discovery:discover_packages(recursive) check parameters
[39.499s] Level 1:colcon.colcon_core.package_discovery:discover_packages(ignore) check parameters
[39.500s] Level 1:colcon.colcon_core.package_discovery:discover_packages(path) check parameters
[39.500s] Level 1:colcon.colcon_core.package_discovery:discover_packages(colcon_meta) discover
[39.501s] Level 1:colcon.colcon_core.package_discovery:discover_packages(recursive) discover
[39.501s] INFO:colcon.colcon_core.package_discovery:Crawling recursively for packages in '/home/pavitpc/ros2_ws'
[39.502s] Level 1:colcon.colcon_core.package_identification:_identify(.) by extensions ['ignore', 'ignore_ament_install']
[39.502s] Level 1:colcon.colcon_core.package_identification:_identify(.) by extension 'ignore'
[39.502s] Level 1:colcon.colcon_core.package_identification:_identify(.) by extension 'ignore_ament_install'
[39.503s] Level 1:colcon.colcon_core.package_identification:_identify(.) by extensions ['colcon_pkg']
[39.504s] Level 1:colcon.colcon_core.package_identification:_identify(.) by extension 'colcon_pkg'
[39.504s] Level 1:colcon.colcon_core.package_identification:_identify(.) by extensions ['colcon_meta']
[39.504s] Level 1:colcon.colcon_core.package_identification:_identify(.) by extension 'colcon_meta'
[39.505s] Level 1:colcon.colcon_core.package_identification:_identify(.) by extensions ['ros']
[39.505s] Level 1:colcon.colcon_core.package_identification:_identify(.) by extension 'ros'
[40.455s] Level 1:colcon.colcon_core.package_identification:_identify(.) by extensions ['cmake', 'python']
[40.456s] Level 1:colcon.colcon_core.package_identification:_identify(.) by extension 'cmake'
[40.456s] Level 1:colcon.colcon_core.package_identification:_identify(.) by extension 'python'
[40.456s] Level 1:colcon.colcon_core.package_identification:_identify(.) by extensions ['python_setup_py']
[40.456s] Level 1:colcon.colcon_core.package_identification:_identify(.) by extension 'python_setup_py'
[40.483s] Level 1:colcon.colcon_core.package_identification:_identify(build) by extensions ['ignore', 'ignore_ament_install']
[40.483s] Level 1:colcon.colcon_core.package_identification:_identify(build) by extension 'ignore'
[40.484s] Level 1:colcon.colcon_core.package_identification:_identify(build) ignored
[40.485s] Level 1:colcon.colcon_core.package_identification:_identify(install) by extensions ['ignore', 'ignore_ament_install']
[40.485s] Level 1:colcon.colcon_core.package_identification:_identify(install) by extension 'ignore'
[40.485s] Level 1:colcon.colcon_core.package_identification:_identify(install) ignored
[40.486s] Level 1:colcon.colcon_core.package_identification:_identify(log) by extensions ['ignore', 'ignore_ament_install']
[40.486s] Level 1:colcon.colcon_core.package_identification:_identify(log) by extension 'ignore'
[40.486s] Level 1:colcon.colcon_core.package_identification:_identify(log) ignored
[40.487s] Level 1:colcon.colcon_core.package_identification:_identify(src) by extensions ['ignore', 'ignore_ament_install']
[40.487s] Level 1:colcon.colcon_core.package_identification:_identify(src) by extension 'ignore'
[40.488s] Level 1:colcon.colcon_core.package_identification:_identify(src) by extension 'ignore_ament_install'
[40.488s] Level 1:colcon.colcon_core.package_identification:_identify(src) by extensions ['colcon_pkg']
[40.488s] Level 1:colcon.colcon_core.package_identification:_identify(src) by extension 'colcon_pkg'
[40.489s] Level 1:colcon.colcon_core.package_identification:_identify(src) by extensions ['colcon_meta']
[40.490s] Level 1:colcon.colcon_core.package_identification:_identify(src) by extension 'colcon_meta'
[40.490s] Level 1:colcon.colcon_core.package_identification:_identify(src) by extensions ['ros']
[40.491s] Level 1:colcon.colcon_core.package_identification:_identify(src) by extension 'ros'
[40.491s] Level 1:colcon.colcon_core.package_identification:_identify(src) by extensions ['cmake', 'python']
[40.492s] Level 1:colcon.colcon_core.package_identification:_identify(src) by extension 'cmake'
[40.492s] Level 1:colcon.colcon_core.package_identification:_identify(src) by extension 'python'
[40.492s] Level 1:colcon.colcon_core.package_identification:_identify(src) by extensions ['python_setup_py']
[40.493s] Level 1:colcon.colcon_core.package_identification:_identify(src) by extension 'python_setup_py'
[40.494s] Level 1:colcon.colcon_core.package_identification:_identify(src/action_tutorials_cpp) by extensions ['ignore', 'ignore_ament_install']
[40.495s] Level 1:colcon.colcon_core.package_identification:_identify(src/action_tutorials_cpp) by extension 'ignore'
[40.496s] Level 1:colcon.colcon_core.package_identification:_identify(src/action_tutorials_cpp) by extension 'ignore_ament_install'
[40.496s] Level 1:colcon.colcon_core.package_identification:_identify(src/action_tutorials_cpp) by extensions ['colcon_pkg']
[40.497s] Level 1:colcon.colcon_core.package_identification:_identify(src/action_tutorials_cpp) by extension 'colcon_pkg'
[40.497s] Level 1:colcon.colcon_core.package_identification:_identify(src/action_tutorials_cpp) by extensions ['colcon_meta']
[40.497s] Level 1:colcon.colcon_core.package_identification:_identify(src/action_tutorials_cpp) by extension 'colcon_meta'
[40.498s] Level 1:colcon.colcon_core.package_identification:_identify(src/action_tutorials_cpp) by extensions ['ros']
[40.498s] Level 1:colcon.colcon_core.package_identification:_identify(src/action_tutorials_cpp) by extension 'ros'
[40.544s] DEBUG:colcon.colcon_core.package_identification:Package 'src/action_tutorials_cpp' with type 'ros.ament_cmake' and name 'action_tutorials_cpp'
[40.544s] Level 1:colcon.colcon_core.package_identification:_identify(src/build) by extensions ['ignore', 'ignore_ament_install']
[40.545s] Level 1:colcon.colcon_core.package_identification:_identify(src/build) by extension 'ignore'
[40.545s] Level 1:colcon.colcon_core.package_identification:_identify(src/build) by extension 'ignore_ament_install'
[40.545s] Level 1:colcon.colcon_core.package_identification:_identify(src/build) by extensions ['colcon_pkg']
[40.545s] Level 1:colcon.colcon_core.package_identification:_identify(src/build) by extension 'colcon_pkg'
[40.545s] Level 1:colcon.colcon_core.package_identification:_identify(src/build) by extensions ['colcon_meta']
[40.545s] Level 1:colcon.colcon_core.package_identification:_identify(src/build) by extension 'colcon_meta'
[40.545s] Level 1:colcon.colcon_core.package_identification:_identify(src/build) by extensions ['ros']
[40.545s] Level 1:colcon.colcon_core.package_identification:_identify(src/build) by extension 'ros'
[40.546s] Level 1:colcon.colcon_core.package_identification:_identify(src/build) by extensions ['cmake', 'python']
[40.546s] Level 1:colcon.colcon_core.package_identification:_identify(src/build) by extension 'cmake'
[40.546s] Level 1:colcon.colcon_core.package_identification:_identify(src/build) by extension 'python'
[40.546s] Level 1:colcon.colcon_core.package_identification:_identify(src/build) by extensions ['python_setup_py']
[40.546s] Level 1:colcon.colcon_core.package_identification:_identify(src/build) by extension 'python_setup_py'
[40.546s] Level 1:colcon.colcon_core.package_identification:_identify(src/build/CMakeFiles) by extensions ['ignore', 'ignore_ament_install']
[40.547s] Level 1:colcon.colcon_core.package_identification:_identify(src/build/CMakeFiles) by extension 'ignore'
[40.547s] Level 1:colcon.colcon_core.package_identification:_identify(src/build/CMakeFiles) by extension 'ignore_ament_install'
[40.547s] Level 1:colcon.colcon_core.package_identification:_identify(src/build/CMakeFiles) by extensions ['colcon_pkg']
[40.547s] Level 1:colcon.colcon_core.package_identification:_identify(src/build/CMakeFiles) by extension 'colcon_pkg'
[40.547s] Level 1:colcon.colcon_core.package_identification:_identify(src/build/CMakeFiles) by extensions ['colcon_meta']
[40.547s] Level 1:colcon.colcon_core.package_identification:_identify(src/build/CMakeFiles) by extension 'colcon_meta'
[40.547s] Level 1:colcon.colcon_core.package_identification:_identify(src/build/CMakeFiles) by extensions ['ros']
[40.547s] Level 1:colcon.colcon_core.package_identification:_identify(src/build/CMakeFiles) by extension 'ros'
[40.548s] Level 1:colcon.colcon_core.package_identification:_identify(src/build/CMakeFiles) by extensions ['cmake', 'python']
[40.548s] Level 1:colcon.colcon_core.package_identification:_identify(src/build/CMakeFiles) by extension 'cmake'
[40.548s] Level 1:colcon.colcon_core.package_identification:_identify(src/build/CMakeFiles) by extension 'python'
[40.548s] Level 1:colcon.colcon_core.package_identification:_identify(src/build/CMakeFiles) by extensions ['python_setup_py']
[40.548s] Level 1:colcon.colcon_core.package_identification:_identify(src/build/CMakeFiles) by extension 'python_setup_py'
[40.548s] Level 1:colcon.colcon_core.package_identification:_identify(src/build/CMakeFiles/3.22.1) by extensions ['ignore', 'ignore_ament_install']
[40.549s] Level 1:colcon.colcon_core.package_identification:_identify(src/build/CMakeFiles/3.22.1) by extension 'ignore'
[40.549s] Level 1:colcon.colcon_core.package_identification:_identify(src/build/CMakeFiles/3.22.1) by extension 'ignore_ament_install'
[40.550s] Level 1:colcon.colcon_core.package_identification:_identify(src/build/CMakeFiles/3.22.1) by extensions ['colcon_pkg']
[40.550s] Level 1:colcon.colcon_core.package_identification:_identify(src/build/CMakeFiles/3.22.1) by extension 'colcon_pkg'
[40.551s] Level 1:colcon.colcon_core.package_identification:_identify(src/build/CMakeFiles/3.22.1) by extensions ['colcon_meta']
[40.552s] Level 1:colcon.colcon_core.package_identification:_identify(src/build/CMakeFiles/3.22.1) by extension 'colcon_meta'
[40.555s] Level 1:colcon.colcon_core.package_identification:_identify(src/build/CMakeFiles/3.22.1) by extensions ['ros']
[40.556s] Level 1:colcon.colcon_core.package_identification:_identify(src/build/CMakeFiles/3.22.1) by extension 'ros'
[40.564s] Level 1:colcon.colcon_core.package_identification:_identify(src/build/CMakeFiles/3.22.1) by extensions ['cmake', 'python']
[40.564s] Level 1:colcon.colcon_core.package_identification:_identify(src/build/CMakeFiles/3.22.1) by extension 'cmake'
[40.565s] Level 1:colcon.colcon_core.package_identification:_identify(src/build/CMakeFiles/3.22.1) by extension 'python'
[40.565s] Level 1:colcon.colcon_core.package_identification:_identify(src/build/CMakeFiles/3.22.1) by extensions ['python_setup_py']
[40.566s] Level 1:colcon.colcon_core.package_identification:_identify(src/build/CMakeFiles/3.22.1) by extension 'python_setup_py'
[40.567s] Level 1:colcon.colcon_core.package_identification:_identify(src/build/CMakeFiles/3.22.1/CompilerIdC) by extensions ['ignore', 'ignore_ament_install']
[40.567s] Level 1:colcon.colcon_core.package_identification:_identify(src/build/CMakeFiles/3.22.1/CompilerIdC) by extension 'ignore'
[40.567s] Level 1:colcon.colcon_core.package_identification:_identify(src/build/CMakeFiles/3.22.1/CompilerIdC) by extension 'ignore_ament_install'
[40.568s] Level 1:colcon.colcon_core.package_identification:_identify(src/build/CMakeFiles/3.22.1/CompilerIdC) by extensions ['colcon_pkg']
[40.568s] Level 1:colcon.colcon_core.package_identification:_identify(src/build/CMakeFiles/3.22.1/CompilerIdC) by extension 'colcon_pkg'
[40.568s] Level 1:colcon.colcon_core.package_identification:_identify(src/build/CMakeFiles/3.22.1/CompilerIdC) by extensions ['colcon_meta']
[40.568s] Level 1:colcon.colcon_core.package_identification:_identify(src/build/CMakeFiles/3.22.1/CompilerIdC) by extension 'colcon_meta'
[40.568s] Level 1:colcon.colcon_core.package_identification:_identify(src/build/CMakeFiles/3.22.1/CompilerIdC) by extensions ['ros']
[40.568s] Level 1:colcon.colcon_core.package_identification:_identify(src/build/CMakeFiles/3.22.1/CompilerIdC) by extension 'ros'
[40.569s] Level 1:colcon.colcon_core.package_identification:_identify(src/build/CMakeFiles/3.22.1/CompilerIdC) by extensions ['cmake', 'python']
[40.569s] Level 1:colcon.colcon_core.package_identification:_identify(src/build/CMakeFiles/3.22.1/CompilerIdC) by extension 'cmake'
[40.569s] Level 1:colcon.colcon_core.package_identification:_identify(src/build/CMakeFiles/3.22.1/CompilerIdC) by extension 'python'
[40.569s] Level 1:colcon.colcon_core.package_identification:_identify(src/build/CMakeFiles/3.22.1/CompilerIdC) by extensions ['python_setup_py']
[40.569s] Level 1:colcon.colcon_core.package_identification:_identify(src/build/CMakeFiles/3.22.1/CompilerIdC) by extension 'python_setup_py'
[40.570s] Level 1:colcon.colcon_core.package_identification:_identify(src/build/CMakeFiles/3.22.1/CompilerIdC/tmp) by extensions ['ignore', 'ignore_ament_install']
[40.570s] Level 1:colcon.colcon_core.package_identification:_identify(src/build/CMakeFiles/3.22.1/CompilerIdC/tmp) by extension 'ignore'
[40.570s] Level 1:colcon.colcon_core.package_identification:_identify(src/build/CMakeFiles/3.22.1/CompilerIdC/tmp) by extension 'ignore_ament_install'
[40.570s] Level 1:colcon.colcon_core.package_identification:_identify(src/build/CMakeFiles/3.22.1/CompilerIdC/tmp) by extensions ['colcon_pkg']
[40.571s] Level 1:colcon.colcon_core.package_identification:_identify(src/build/CMakeFiles/3.22.1/CompilerIdC/tmp) by extension 'colcon_pkg'
[40.571s] Level 1:colcon.colcon_core.package_identification:_identify(src/build/CMakeFiles/3.22.1/CompilerIdC/tmp) by extensions ['colcon_meta']
[40.571s] Level 1:colcon.colcon_core.package_identification:_identify(src/build/CMakeFiles/3.22.1/CompilerIdC/tmp) by extension 'colcon_meta'
[40.571s] Level 1:colcon.colcon_core.package_identification:_identify(src/build/CMakeFiles/3.22.1/CompilerIdC/tmp) by extensions ['ros']
[40.571s] Level 1:colcon.colcon_core.package_identification:_identify(src/build/CMakeFiles/3.22.1/CompilerIdC/tmp) by extension 'ros'
[40.572s] Level 1:colcon.colcon_core.package_identification:_identify(src/build/CMakeFiles/3.22.1/CompilerIdC/tmp) by extensions ['cmake', 'python']
[40.572s] Level 1:colcon.colcon_core.package_identification:_identify(src/build/CMakeFiles/3.22.1/CompilerIdC/tmp) by extension 'cmake'
[40.572s] Level 1:colcon.colcon_core.package_identification:_identify(src/build/CMakeFiles/3.22.1/CompilerIdC/tmp) by extension 'python'
[40.572s] Level 1:colcon.colcon_core.package_identification:_identify(src/build/CMakeFiles/3.22.1/CompilerIdC/tmp) by extensions ['python_setup_py']
[40.572s] Level 1:colcon.colcon_core.package_identification:_identify(src/build/CMakeFiles/3.22.1/CompilerIdC/tmp) by extension 'python_setup_py'
[40.572s] Level 1:colcon.colcon_core.package_identification:_identify(src/build/CMakeFiles/3.22.1/CompilerIdCXX) by extensions ['ignore', 'ignore_ament_install']
[40.573s] Level 1:colcon.colcon_core.package_identification:_identify(src/build/CMakeFiles/3.22.1/CompilerIdCXX) by extension 'ignore'
[40.573s] Level 1:colcon.colcon_core.package_identification:_identify(src/build/CMakeFiles/3.22.1/CompilerIdCXX) by extension 'ignore_ament_install'
[40.573s] Level 1:colcon.colcon_core.package_identification:_identify(src/build/CMakeFiles/3.22.1/CompilerIdCXX) by extensions ['colcon_pkg']
[40.573s] Level 1:colcon.colcon_core.package_identification:_identify(src/build/CMakeFiles/3.22.1/CompilerIdCXX) by extension 'colcon_pkg'
[40.573s] Level 1:colcon.colcon_core.package_identification:_identify(src/build/CMakeFiles/3.22.1/CompilerIdCXX) by extensions ['colcon_meta']
[40.573s] Level 1:colcon.colcon_core.package_identification:_identify(src/build/CMakeFiles/3.22.1/CompilerIdCXX) by extension 'colcon_meta'
[40.573s] Level 1:colcon.colcon_core.package_identification:_identify(src/build/CMakeFiles/3.22.1/CompilerIdCXX) by extensions ['ros']
[40.574s] Level 1:colcon.colcon_core.package_identification:_identify(src/build/CMakeFiles/3.22.1/CompilerIdCXX) by extension 'ros'
[40.574s] Level 1:colcon.colcon_core.package_identification:_identify(src/build/CMakeFiles/3.22.1/CompilerIdCXX) by extensions ['cmake', 'python']
[40.574s] Level 1:colcon.colcon_core.package_identification:_identify(src/build/CMakeFiles/3.22.1/CompilerIdCXX) by extension 'cmake'
[40.574s] Level 1:colcon.colcon_core.package_identification:_identify(src/build/CMakeFiles/3.22.1/CompilerIdCXX) by extension 'python'
[40.574s] Level 1:colcon.colcon_core.package_identification:_identify(src/build/CMakeFiles/3.22.1/CompilerIdCXX) by extensions ['python_setup_py']
[40.574s] Level 1:colcon.colcon_core.package_identification:_identify(src/build/CMakeFiles/3.22.1/CompilerIdCXX) by extension 'python_setup_py'
[40.575s] Level 1:colcon.colcon_core.package_identification:_identify(src/build/CMakeFiles/3.22.1/CompilerIdCXX/tmp) by extensions ['ignore', 'ignore_ament_install']
[40.575s] Level 1:colcon.colcon_core.package_identification:_identify(src/build/CMakeFiles/3.22.1/CompilerIdCXX/tmp) by extension 'ignore'
[40.575s] Level 1:colcon.colcon_core.package_identification:_identify(src/build/CMakeFiles/3.22.1/CompilerIdCXX/tmp) by extension 'ignore_ament_install'
[40.575s] Level 1:colcon.colcon_core.package_identification:_identify(src/build/CMakeFiles/3.22.1/CompilerIdCXX/tmp) by extensions ['colcon_pkg']
[40.575s] Level 1:colcon.colcon_core.package_identification:_identify(src/build/CMakeFiles/3.22.1/CompilerIdCXX/tmp) by extension 'colcon_pkg'
[40.576s] Level 1:colcon.colcon_core.package_identification:_identify(src/build/CMakeFiles/3.22.1/CompilerIdCXX/tmp) by extensions ['colcon_meta']
[40.576s] Level 1:colcon.colcon_core.package_identification:_identify(src/build/CMakeFiles/3.22.1/CompilerIdCXX/tmp) by extension 'colcon_meta'
[40.576s] Level 1:colcon.colcon_core.package_identification:_identify(src/build/CMakeFiles/3.22.1/CompilerIdCXX/tmp) by extensions ['ros']
[40.576s] Level 1:colcon.colcon_core.package_identification:_identify(src/build/CMakeFiles/3.22.1/CompilerIdCXX/tmp) by extension 'ros'
[40.576s] Level 1:colcon.colcon_core.package_identification:_identify(src/build/CMakeFiles/3.22.1/CompilerIdCXX/tmp) by extensions ['cmake', 'python']
[40.576s] Level 1:colcon.colcon_core.package_identification:_identify(src/build/CMakeFiles/3.22.1/CompilerIdCXX/tmp) by extension 'cmake'
[40.576s] Level 1:colcon.colcon_core.package_identification:_identify(src/build/CMakeFiles/3.22.1/CompilerIdCXX/tmp) by extension 'python'
[40.576s] Level 1:colcon.colcon_core.package_identification:_identify(src/build/CMakeFiles/3.22.1/CompilerIdCXX/tmp) by extensions ['python_setup_py']
[40.576s] Level 1:colcon.colcon_core.package_identification:_identify(src/build/CMakeFiles/3.22.1/CompilerIdCXX/tmp) by extension 'python_setup_py'
[40.577s] Level 1:colcon.colcon_core.package_identification:_identify(src/build/CMakeFiles/CMakeTmp) by extensions ['ignore', 'ignore_ament_install']
[40.577s] Level 1:colcon.colcon_core.package_identification:_identify(src/build/CMakeFiles/CMakeTmp) by extension 'ignore'
[40.577s] Level 1:colcon.colcon_core.package_identification:_identify(src/build/CMakeFiles/CMakeTmp) by extension 'ignore_ament_install'
[40.577s] Level 1:colcon.colcon_core.package_identification:_identify(src/build/CMakeFiles/CMakeTmp) by extensions ['colcon_pkg']
[40.577s] Level 1:colcon.colcon_core.package_identification:_identify(src/build/CMakeFiles/CMakeTmp) by extension 'colcon_pkg'
[40.577s] Level 1:colcon.colcon_core.package_identification:_identify(src/build/CMakeFiles/CMakeTmp) by extensions ['colcon_meta']
[40.578s] Level 1:colcon.colcon_core.package_identification:_identify(src/build/CMakeFiles/CMakeTmp) by extension 'colcon_meta'
[40.578s] Level 1:colcon.colcon_core.package_identification:_identify(src/build/CMakeFiles/CMakeTmp) by extensions ['ros']
[40.578s] Level 1:colcon.colcon_core.package_identification:_identify(src/build/CMakeFiles/CMakeTmp) by extension 'ros'
[40.578s] Level 1:colcon.colcon_core.package_identification:_identify(src/build/CMakeFiles/CMakeTmp) by extensions ['cmake', 'python']
[40.578s] Level 1:colcon.colcon_core.package_identification:_identify(src/build/CMakeFiles/CMakeTmp) by extension 'cmake'
[40.578s] Level 1:colcon.colcon_core.package_identification:_identify(src/build/CMakeFiles/CMakeTmp) by extension 'python'
[40.579s] Level 1:colcon.colcon_core.package_identification:_identify(src/build/CMakeFiles/CMakeTmp) by extensions ['python_setup_py']
[40.579s] Level 1:colcon.colcon_core.package_identification:_identify(src/build/CMakeFiles/CMakeTmp) by extension 'python_setup_py'
[40.579s] Level 1:colcon.colcon_core.package_identification:_identify(src/build/CMakeFiles/my_node.dir) by extensions ['ignore', 'ignore_ament_install']
[40.579s] Level 1:colcon.colcon_core.package_identification:_identify(src/build/CMakeFiles/my_node.dir) by extension 'ignore'
[40.579s] Level 1:colcon.colcon_core.package_identification:_identify(src/build/CMakeFiles/my_node.dir) by extension 'ignore_ament_install'
[40.579s] Level 1:colcon.colcon_core.package_identification:_identify(src/build/CMakeFiles/my_node.dir) by extensions ['colcon_pkg']
[40.580s] Level 1:colcon.colcon_core.package_identification:_identify(src/build/CMakeFiles/my_node.dir) by extension 'colcon_pkg'
[40.580s] Level 1:colcon.colcon_core.package_identification:_identify(src/build/CMakeFiles/my_node.dir) by extensions ['colcon_meta']
[40.580s] Level 1:colcon.colcon_core.package_identification:_identify(src/build/CMakeFiles/my_node.dir) by extension 'colcon_meta'
[40.580s] Level 1:colcon.colcon_core.package_identification:_identify(src/build/CMakeFiles/my_node.dir) by extensions ['ros']
[40.580s] Level 1:colcon.colcon_core.package_identification:_identify(src/build/CMakeFiles/my_node.dir) by extension 'ros'
[40.580s] Level 1:colcon.colcon_core.package_identification:_identify(src/build/CMakeFiles/my_node.dir) by extensions ['cmake', 'python']
[40.580s] Level 1:colcon.colcon_core.package_identification:_identify(src/build/CMakeFiles/my_node.dir) by extension 'cmake'
[40.580s] Level 1:colcon.colcon_core.package_identification:_identify(src/build/CMakeFiles/my_node.dir) by extension 'python'
[40.580s] Level 1:colcon.colcon_core.package_identification:_identify(src/build/CMakeFiles/my_node.dir) by extensions ['python_setup_py']
[40.581s] Level 1:colcon.colcon_core.package_identification:_identify(src/build/CMakeFiles/my_node.dir) by extension 'python_setup_py'
[40.581s] Level 1:colcon.colcon_core.package_identification:_identify(src/build/CMakeFiles/my_node.dir/src) by extensions ['ignore', 'ignore_ament_install']
[40.581s] Level 1:colcon.colcon_core.package_identification:_identify(src/build/CMakeFiles/my_node.dir/src) by extension 'ignore'
[40.581s] Level 1:colcon.colcon_core.package_identification:_identify(src/build/CMakeFiles/my_node.dir/src) by extension 'ignore_ament_install'
[40.582s] Level 1:colcon.colcon_core.package_identification:_identify(src/build/CMakeFiles/my_node.dir/src) by extensions ['colcon_pkg']
[40.582s] Level 1:colcon.colcon_core.package_identification:_identify(src/build/CMakeFiles/my_node.dir/src) by extension 'colcon_pkg'
[40.582s] Level 1:colcon.colcon_core.package_identification:_identify(src/build/CMakeFiles/my_node.dir/src) by extensions ['colcon_meta']
[40.582s] Level 1:colcon.colcon_core.package_identification:_identify(src/build/CMakeFiles/my_node.dir/src) by extension 'colcon_meta'
[40.582s] Level 1:colcon.colcon_core.package_identification:_identify(src/build/CMakeFiles/my_node.dir/src) by extensions ['ros']
[40.582s] Level 1:colcon.colcon_core.package_identification:_identify(src/build/CMakeFiles/my_node.dir/src) by extension 'ros'
[40.583s] Level 1:colcon.colcon_core.package_identification:_identify(src/build/CMakeFiles/my_node.dir/src) by extensions ['cmake', 'python']
[40.583s] Level 1:colcon.colcon_core.package_identification:_identify(src/build/CMakeFiles/my_node.dir/src) by extension 'cmake'
[40.583s] Level 1:colcon.colcon_core.package_identification:_identify(src/build/CMakeFiles/my_node.dir/src) by extension 'python'
[40.583s] Level 1:colcon.colcon_core.package_identification:_identify(src/build/CMakeFiles/my_node.dir/src) by extensions ['python_setup_py']
[40.583s] Level 1:colcon.colcon_core.package_identification:_identify(src/build/CMakeFiles/my_node.dir/src) by extension 'python_setup_py'
[40.583s] Level 1:colcon.colcon_core.package_identification:_identify(src/build/CMakeFiles/my_package_uninstall.dir) by extensions ['ignore', 'ignore_ament_install']
[40.584s] Level 1:colcon.colcon_core.package_identification:_identify(src/build/CMakeFiles/my_package_uninstall.dir) by extension 'ignore'
[40.584s] Level 1:colcon.colcon_core.package_identification:_identify(src/build/CMakeFiles/my_package_uninstall.dir) by extension 'ignore_ament_install'
[40.584s] Level 1:colcon.colcon_core.package_identification:_identify(src/build/CMakeFiles/my_package_uninstall.dir) by extensions ['colcon_pkg']
[40.584s] Level 1:colcon.colcon_core.package_identification:_identify(src/build/CMakeFiles/my_package_uninstall.dir) by extension 'colcon_pkg'
[40.584s] Level 1:colcon.colcon_core.package_identification:_identify(src/build/CMakeFiles/my_package_uninstall.dir) by extensions ['colcon_meta']
[40.584s] Level 1:colcon.colcon_core.package_identification:_identify(src/build/CMakeFiles/my_package_uninstall.dir) by extension 'colcon_meta'
[40.584s] Level 1:colcon.colcon_core.package_identification:_identify(src/build/CMakeFiles/my_package_uninstall.dir) by extensions ['ros']
[40.584s] Level 1:colcon.colcon_core.package_identification:_identify(src/build/CMakeFiles/my_package_uninstall.dir) by extension 'ros'
[40.585s] Level 1:colcon.colcon_core.package_identification:_identify(src/build/CMakeFiles/my_package_uninstall.dir) by extensions ['cmake', 'python']
[40.585s] Level 1:colcon.colcon_core.package_identification:_identify(src/build/CMakeFiles/my_package_uninstall.dir) by extension 'cmake'
[40.585s] Level 1:colcon.colcon_core.package_identification:_identify(src/build/CMakeFiles/my_package_uninstall.dir) by extension 'python'
[40.585s] Level 1:colcon.colcon_core.package_identification:_identify(src/build/CMakeFiles/my_package_uninstall.dir) by extensions ['python_setup_py']
[40.585s] Level 1:colcon.colcon_core.package_identification:_identify(src/build/CMakeFiles/my_package_uninstall.dir) by extension 'python_setup_py'
[40.585s] Level 1:colcon.colcon_core.package_identification:_identify(src/build/CMakeFiles/uninstall.dir) by extensions ['ignore', 'ignore_ament_install']
[40.586s] Level 1:colcon.colcon_core.package_identification:_identify(src/build/CMakeFiles/uninstall.dir) by extension 'ignore'
[40.586s] Level 1:colcon.colcon_core.package_identification:_identify(src/build/CMakeFiles/uninstall.dir) by extension 'ignore_ament_install'
[40.586s] Level 1:colcon.colcon_core.package_identification:_identify(src/build/CMakeFiles/uninstall.dir) by extensions ['colcon_pkg']
[40.586s] Level 1:colcon.colcon_core.package_identification:_identify(src/build/CMakeFiles/uninstall.dir) by extension 'colcon_pkg'
[40.586s] Level 1:colcon.colcon_core.package_identification:_identify(src/build/CMakeFiles/uninstall.dir) by extensions ['colcon_meta']
[40.586s] Level 1:colcon.colcon_core.package_identification:_identify(src/build/CMakeFiles/uninstall.dir) by extension 'colcon_meta'
[40.587s] Level 1:colcon.colcon_core.package_identification:_identify(src/build/CMakeFiles/uninstall.dir) by extensions ['ros']
[40.587s] Level 1:colcon.colcon_core.package_identification:_identify(src/build/CMakeFiles/uninstall.dir) by extension 'ros'
[40.587s] Level 1:colcon.colcon_core.package_identification:_identify(src/build/CMakeFiles/uninstall.dir) by extensions ['cmake', 'python']
[40.587s] Level 1:colcon.colcon_core.package_identification:_identify(src/build/CMakeFiles/uninstall.dir) by extension 'cmake'
[40.587s] Level 1:colcon.colcon_core.package_identification:_identify(src/build/CMakeFiles/uninstall.dir) by extension 'python'
[40.587s] Level 1:colcon.colcon_core.package_identification:_identify(src/build/CMakeFiles/uninstall.dir) by extensions ['python_setup_py']
[40.587s] Level 1:colcon.colcon_core.package_identification:_identify(src/build/CMakeFiles/uninstall.dir) by extension 'python_setup_py'
[40.588s] Level 1:colcon.colcon_core.package_identification:_identify(src/build/Testing) by extensions ['ignore', 'ignore_ament_install']
[40.588s] Level 1:colcon.colcon_core.package_identification:_identify(src/build/Testing) by extension 'ignore'
[40.588s] Level 1:colcon.colcon_core.package_identification:_identify(src/build/Testing) by extension 'ignore_ament_install'
[40.589s] Level 1:colcon.colcon_core.package_identification:_identify(src/build/Testing) by extensions ['colcon_pkg']
[40.589s] Level 1:colcon.colcon_core.package_identification:_identify(src/build/Testing) by extension 'colcon_pkg'
[40.589s] Level 1:colcon.colcon_core.package_identification:_identify(src/build/Testing) by extensions ['colcon_meta']
[40.589s] Level 1:colcon.colcon_core.package_identification:_identify(src/build/Testing) by extension 'colcon_meta'
[40.589s] Level 1:colcon.colcon_core.package_identification:_identify(src/build/Testing) by extensions ['ros']
[40.589s] Level 1:colcon.colcon_core.package_identification:_identify(src/build/Testing) by extension 'ros'
[40.589s] Level 1:colcon.colcon_core.package_identification:_identify(src/build/Testing) by extensions ['cmake', 'python']
[40.589s] Level 1:colcon.colcon_core.package_identification:_identify(src/build/Testing) by extension 'cmake'
[40.589s] Level 1:colcon.colcon_core.package_identification:_identify(src/build/Testing) by extension 'python'
[40.590s] Level 1:colcon.colcon_core.package_identification:_identify(src/build/Testing) by extensions ['python_setup_py']
[40.590s] Level 1:colcon.colcon_core.package_identification:_identify(src/build/Testing) by extension 'python_setup_py'
[40.590s] Level 1:colcon.colcon_core.package_identification:_identify(src/build/Testing/20240123-0611) by extensions ['ignore', 'ignore_ament_install']
[40.590s] Level 1:colcon.colcon_core.package_identification:_identify(src/build/Testing/20240123-0611) by extension 'ignore'
[40.590s] Level 1:colcon.colcon_core.package_identification:_identify(src/build/Testing/20240123-0611) by extension 'ignore_ament_install'
[40.590s] Level 1:colcon.colcon_core.package_identification:_identify(src/build/Testing/20240123-0611) by extensions ['colcon_pkg']
[40.591s] Level 1:colcon.colcon_core.package_identification:_identify(src/build/Testing/20240123-0611) by extension 'colcon_pkg'
[40.591s] Level 1:colcon.colcon_core.package_identification:_identify(src/build/Testing/20240123-0611) by extensions ['colcon_meta']
[40.591s] Level 1:colcon.colcon_core.package_identification:_identify(src/build/Testing/20240123-0611) by extension 'colcon_meta'
[40.591s] Level 1:colcon.colcon_core.package_identification:_identify(src/build/Testing/20240123-0611) by extensions ['ros']
[40.591s] Level 1:colcon.colcon_core.package_identification:_identify(src/build/Testing/20240123-0611) by extension 'ros'
[40.591s] Level 1:colcon.colcon_core.package_identification:_identify(src/build/Testing/20240123-0611) by extensions ['cmake', 'python']
[40.592s] Level 1:colcon.colcon_core.package_identification:_identify(src/build/Testing/20240123-0611) by extension 'cmake'
[40.592s] Level 1:colcon.colcon_core.package_identification:_identify(src/build/Testing/20240123-0611) by extension 'python'
[40.592s] Level 1:colcon.colcon_core.package_identification:_identify(src/build/Testing/20240123-0611) by extensions ['python_setup_py']
[40.592s] Level 1:colcon.colcon_core.package_identification:_identify(src/build/Testing/20240123-0611) by extension 'python_setup_py'
[40.592s] Level 1:colcon.colcon_core.package_identification:_identify(src/build/Testing/20240124-1042) by extensions ['ignore', 'ignore_ament_install']
[40.593s] Level 1:colcon.colcon_core.package_identification:_identify(src/build/Testing/20240124-1042) by extension 'ignore'
[40.593s] Level 1:colcon.colcon_core.package_identification:_identify(src/build/Testing/20240124-1042) by extension 'ignore_ament_install'
[40.593s] Level 1:colcon.colcon_core.package_identification:_identify(src/build/Testing/20240124-1042) by extensions ['colcon_pkg']
[40.593s] Level 1:colcon.colcon_core.package_identification:_identify(src/build/Testing/20240124-1042) by extension 'colcon_pkg'
[40.593s] Level 1:colcon.colcon_core.package_identification:_identify(src/build/Testing/20240124-1042) by extensions ['colcon_meta']
[40.593s] Level 1:colcon.colcon_core.package_identification:_identify(src/build/Testing/20240124-1042) by extension 'colcon_meta'
[40.594s] Level 1:colcon.colcon_core.package_identification:_identify(src/build/Testing/20240124-1042) by extensions ['ros']
[40.594s] Level 1:colcon.colcon_core.package_identification:_identify(src/build/Testing/20240124-1042) by extension 'ros'
[40.594s] Level 1:colcon.colcon_core.package_identification:_identify(src/build/Testing/20240124-1042) by extensions ['cmake', 'python']
[40.594s] Level 1:colcon.colcon_core.package_identification:_identify(src/build/Testing/20240124-1042) by extension 'cmake'
[40.594s] Level 1:colcon.colcon_core.package_identification:_identify(src/build/Testing/20240124-1042) by extension 'python'
[40.594s] Level 1:colcon.colcon_core.package_identification:_identify(src/build/Testing/20240124-1042) by extensions ['python_setup_py']
[40.594s] Level 1:colcon.colcon_core.package_identification:_identify(src/build/Testing/20240124-1042) by extension 'python_setup_py'
[40.595s] Level 1:colcon.colcon_core.package_identification:_identify(src/build/Testing/Temporary) by extensions ['ignore', 'ignore_ament_install']
[40.595s] Level 1:colcon.colcon_core.package_identification:_identify(src/build/Testing/Temporary) by extension 'ignore'
[40.595s] Level 1:colcon.colcon_core.package_identification:_identify(src/build/Testing/Temporary) by extension 'ignore_ament_install'
[40.595s] Level 1:colcon.colcon_core.package_identification:_identify(src/build/Testing/Temporary) by extensions ['colcon_pkg']
[40.595s] Level 1:colcon.colcon_core.package_identification:_identify(src/build/Testing/Temporary) by extension 'colcon_pkg'
[40.595s] Level 1:colcon.colcon_core.package_identification:_identify(src/build/Testing/Temporary) by extensions ['colcon_meta']
[40.595s] Level 1:colcon.colcon_core.package_identification:_identify(src/build/Testing/Temporary) by extension 'colcon_meta'
[40.596s] Level 1:colcon.colcon_core.package_identification:_identify(src/build/Testing/Temporary) by extensions ['ros']
[40.596s] Level 1:colcon.colcon_core.package_identification:_identify(src/build/Testing/Temporary) by extension 'ros'
[40.596s] Level 1:colcon.colcon_core.package_identification:_identify(src/build/Testing/Temporary) by extensions ['cmake', 'python']
[40.596s] Level 1:colcon.colcon_core.package_identification:_identify(src/build/Testing/Temporary) by extension 'cmake'
[40.596s] Level 1:colcon.colcon_core.package_identification:_identify(src/build/Testing/Temporary) by extension 'python'
[40.596s] Level 1:colcon.colcon_core.package_identification:_identify(src/build/Testing/Temporary) by extensions ['python_setup_py']
[40.596s] Level 1:colcon.colcon_core.package_identification:_identify(src/build/Testing/Temporary) by extension 'python_setup_py'
[40.597s] Level 1:colcon.colcon_core.package_identification:_identify(src/build/ament_cmake_core) by extensions ['ignore', 'ignore_ament_install']
[40.597s] Level 1:colcon.colcon_core.package_identification:_identify(src/build/ament_cmake_core) by extension 'ignore'
[40.597s] Level 1:colcon.colcon_core.package_identification:_identify(src/build/ament_cmake_core) by extension 'ignore_ament_install'
[40.597s] Level 1:colcon.colcon_core.package_identification:_identify(src/build/ament_cmake_core) by extensions ['colcon_pkg']
[40.597s] Level 1:colcon.colcon_core.package_identification:_identify(src/build/ament_cmake_core) by extension 'colcon_pkg'
[40.597s] Level 1:colcon.colcon_core.package_identification:_identify(src/build/ament_cmake_core) by extensions ['colcon_meta']
[40.597s] Level 1:colcon.colcon_core.package_identification:_identify(src/build/ament_cmake_core) by extension 'colcon_meta'
[40.598s] Level 1:colcon.colcon_core.package_identification:_identify(src/build/ament_cmake_core) by extensions ['ros']
[40.598s] Level 1:colcon.colcon_core.package_identification:_identify(src/build/ament_cmake_core) by extension 'ros'
[40.598s] Level 1:colcon.colcon_core.package_identification:_identify(src/build/ament_cmake_core) by extensions ['cmake', 'python']
[40.598s] Level 1:colcon.colcon_core.package_identification:_identify(src/build/ament_cmake_core) by extension 'cmake'
[40.598s] Level 1:colcon.colcon_core.package_identification:_identify(src/build/ament_cmake_core) by extension 'python'
[40.598s] Level 1:colcon.colcon_core.package_identification:_identify(src/build/ament_cmake_core) by extensions ['python_setup_py']
[40.598s] Level 1:colcon.colcon_core.package_identification:_identify(src/build/ament_cmake_core) by extension 'python_setup_py'
[40.599s] Level 1:colcon.colcon_core.package_identification:_identify(src/build/ament_cmake_core/stamps) by extensions ['ignore', 'ignore_ament_install']
[40.599s] Level 1:colcon.colcon_core.package_identification:_identify(src/build/ament_cmake_core/stamps) by extension 'ignore'
[40.599s] Level 1:colcon.colcon_core.package_identification:_identify(src/build/ament_cmake_core/stamps) by extension 'ignore_ament_install'
[40.599s] Level 1:colcon.colcon_core.package_identification:_identify(src/build/ament_cmake_core/stamps) by extensions ['colcon_pkg']
[40.600s] Level 1:colcon.colcon_core.package_identification:_identify(src/build/ament_cmake_core/stamps) by extension 'colcon_pkg'
[40.600s] Level 1:colcon.colcon_core.package_identification:_identify(src/build/ament_cmake_core/stamps) by extensions ['colcon_meta']
[40.600s] Level 1:colcon.colcon_core.package_identification:_identify(src/build/ament_cmake_core/stamps) by extension 'colcon_meta'
[40.600s] Level 1:colcon.colcon_core.package_identification:_identify(src/build/ament_cmake_core/stamps) by extensions ['ros']
[40.600s] Level 1:colcon.colcon_core.package_identification:_identify(src/build/ament_cmake_core/stamps) by extension 'ros'
[40.600s] Level 1:colcon.colcon_core.package_identification:_identify(src/build/ament_cmake_core/stamps) by extensions ['cmake', 'python']
[40.601s] Level 1:colcon.colcon_core.package_identification:_identify(src/build/ament_cmake_core/stamps) by extension 'cmake'
[40.601s] Level 1:colcon.colcon_core.package_identification:_identify(src/build/ament_cmake_core/stamps) by extension 'python'
[40.601s] Level 1:colcon.colcon_core.package_identification:_identify(src/build/ament_cmake_core/stamps) by extensions ['python_setup_py']
[40.601s] Level 1:colcon.colcon_core.package_identification:_identify(src/build/ament_cmake_core/stamps) by extension 'python_setup_py'
[40.601s] Level 1:colcon.colcon_core.package_identification:_identify(src/build/ament_cmake_environment_hooks) by extensions ['ignore', 'ignore_ament_install']
[40.602s] Level 1:colcon.colcon_core.package_identification:_identify(src/build/ament_cmake_environment_hooks) by extension 'ignore'
[40.602s] Level 1:colcon.colcon_core.package_identification:_identify(src/build/ament_cmake_environment_hooks) by extension 'ignore_ament_install'
[40.602s] Level 1:colcon.colcon_core.package_identification:_identify(src/build/ament_cmake_environment_hooks) by extensions ['colcon_pkg']
[40.602s] Level 1:colcon.colcon_core.package_identification:_identify(src/build/ament_cmake_environment_hooks) by extension 'colcon_pkg'
[40.602s] Level 1:colcon.colcon_core.package_identification:_identify(src/build/ament_cmake_environment_hooks) by extensions ['colcon_meta']
[40.602s] Level 1:colcon.colcon_core.package_identification:_identify(src/build/ament_cmake_environment_hooks) by extension 'colcon_meta'
[40.602s] Level 1:colcon.colcon_core.package_identification:_identify(src/build/ament_cmake_environment_hooks) by extensions ['ros']
[40.602s] Level 1:colcon.colcon_core.package_identification:_identify(src/build/ament_cmake_environment_hooks) by extension 'ros'
[40.602s] Level 1:colcon.colcon_core.package_identification:_identify(src/build/ament_cmake_environment_hooks) by extensions ['cmake', 'python']
[40.602s] Level 1:colcon.colcon_core.package_identification:_identify(src/build/ament_cmake_environment_hooks) by extension 'cmake'
[40.603s] Level 1:colcon.colcon_core.package_identification:_identify(src/build/ament_cmake_environment_hooks) by extension 'python'
[40.603s] Level 1:colcon.colcon_core.package_identification:_identify(src/build/ament_cmake_environment_hooks) by extensions ['python_setup_py']
[40.603s] Level 1:colcon.colcon_core.package_identification:_identify(src/build/ament_cmake_environment_hooks) by extension 'python_setup_py'
[40.603s] Level 1:colcon.colcon_core.package_identification:_identify(src/build/ament_cmake_index) by extensions ['ignore', 'ignore_ament_install']
[40.603s] Level 1:colcon.colcon_core.package_identification:_identify(src/build/ament_cmake_index) by extension 'ignore'
[40.603s] Level 1:colcon.colcon_core.package_identification:_identify(src/build/ament_cmake_index) by extension 'ignore_ament_install'
[40.603s] Level 1:colcon.colcon_core.package_identification:_identify(src/build/ament_cmake_index) by extensions ['colcon_pkg']
[40.603s] Level 1:colcon.colcon_core.package_identification:_identify(src/build/ament_cmake_index) by extension 'colcon_pkg'
[40.603s] Level 1:colcon.colcon_core.package_identification:_identify(src/build/ament_cmake_index) by extensions ['colcon_meta']
[40.603s] Level 1:colcon.colcon_core.package_identification:_identify(src/build/ament_cmake_index) by extension 'colcon_meta'
[40.603s] Level 1:colcon.colcon_core.package_identification:_identify(src/build/ament_cmake_index) by extensions ['ros']
[40.603s] Level 1:colcon.colcon_core.package_identification:_identify(src/build/ament_cmake_index) by extension 'ros'
[40.604s] Level 1:colcon.colcon_core.package_identification:_identify(src/build/ament_cmake_index) by extensions ['cmake', 'python']
[40.604s] Level 1:colcon.colcon_core.package_identification:_identify(src/build/ament_cmake_index) by extension 'cmake'
[40.604s] Level 1:colcon.colcon_core.package_identification:_identify(src/build/ament_cmake_index) by extension 'python'
[40.604s] Level 1:colcon.colcon_core.package_identification:_identify(src/build/ament_cmake_index) by extensions ['python_setup_py']
[40.604s] Level 1:colcon.colcon_core.package_identification:_identify(src/build/ament_cmake_index) by extension 'python_setup_py'
[40.604s] Level 1:colcon.colcon_core.package_identification:_identify(src/build/ament_cmake_index/share) by extensions ['ignore', 'ignore_ament_install']
[40.604s] Level 1:colcon.colcon_core.package_identification:_identify(src/build/ament_cmake_index/share) by extension 'ignore'
[40.604s] Level 1:colcon.colcon_core.package_identification:_identify(src/build/ament_cmake_index/share) by extension 'ignore_ament_install'
[40.605s] Level 1:colcon.colcon_core.package_identification:_identify(src/build/ament_cmake_index/share) by extensions ['colcon_pkg']
[40.605s] Level 1:colcon.colcon_core.package_identification:_identify(src/build/ament_cmake_index/share) by extension 'colcon_pkg'
[40.605s] Level 1:colcon.colcon_core.package_identification:_identify(src/build/ament_cmake_index/share) by extensions ['colcon_meta']
[40.605s] Level 1:colcon.colcon_core.package_identification:_identify(src/build/ament_cmake_index/share) by extension 'colcon_meta'
[40.605s] Level 1:colcon.colcon_core.package_identification:_identify(src/build/ament_cmake_index/share) by extensions ['ros']
[40.605s] Level 1:colcon.colcon_core.package_identification:_identify(src/build/ament_cmake_index/share) by extension 'ros'
[40.606s] Level 1:colcon.colcon_core.package_identification:_identify(src/build/ament_cmake_index/share) by extensions ['cmake', 'python']
[40.606s] Level 1:colcon.colcon_core.package_identification:_identify(src/build/ament_cmake_index/share) by extension 'cmake'
[40.606s] Level 1:colcon.colcon_core.package_identification:_identify(src/build/ament_cmake_index/share) by extension 'python'
[40.607s] Level 1:colcon.colcon_core.package_identification:_identify(src/build/ament_cmake_index/share) by extensions ['python_setup_py']
[40.607s] Level 1:colcon.colcon_core.package_identification:_identify(src/build/ament_cmake_index/share) by extension 'python_setup_py'
[40.610s] Level 1:colcon.colcon_core.package_identification:_identify(src/build/ament_cmake_index/share/ament_index) by extensions ['ignore', 'ignore_ament_install']
[40.612s] Level 1:colcon.colcon_core.package_identification:_identify(src/build/ament_cmake_index/share/ament_index) by extension 'ignore'
[40.613s] Level 1:colcon.colcon_core.package_identification:_identify(src/build/ament_cmake_index/share/ament_index) by extension 'ignore_ament_install'
[40.613s] Level 1:colcon.colcon_core.package_identification:_identify(src/build/ament_cmake_index/share/ament_index) by extensions ['colcon_pkg']
[40.614s] Level 1:colcon.colcon_core.package_identification:_identify(src/build/ament_cmake_index/share/ament_index) by extension 'colcon_pkg'
[40.616s] Level 1:colcon.colcon_core.package_identification:_identify(src/build/ament_cmake_index/share/ament_index) by extensions ['colcon_meta']
[40.617s] Level 1:colcon.colcon_core.package_identification:_identify(src/build/ament_cmake_index/share/ament_index) by extension 'colcon_meta'
[40.618s] Level 1:colcon.colcon_core.package_identification:_identify(src/build/ament_cmake_index/share/ament_index) by extensions ['ros']
[40.618s] Level 1:colcon.colcon_core.package_identification:_identify(src/build/ament_cmake_index/share/ament_index) by extension 'ros'
[40.619s] Level 1:colcon.colcon_core.package_identification:_identify(src/build/ament_cmake_index/share/ament_index) by extensions ['cmake', 'python']
[40.619s] Level 1:colcon.colcon_core.package_identification:_identify(src/build/ament_cmake_index/share/ament_index) by extension 'cmake'
[40.620s] Level 1:colcon.colcon_core.package_identification:_identify(src/build/ament_cmake_index/share/ament_index) by extension 'python'
[40.620s] Level 1:colcon.colcon_core.package_identification:_identify(src/build/ament_cmake_index/share/ament_index) by extensions ['python_setup_py']
[40.620s] Level 1:colcon.colcon_core.package_identification:_identify(src/build/ament_cmake_index/share/ament_index) by extension 'python_setup_py'
[40.620s] Level 1:colcon.colcon_core.package_identification:_identify(src/build/ament_cmake_index/share/ament_index/resource_index) by extensions ['ignore', 'ignore_ament_install']
[40.621s] Level 1:colcon.colcon_core.package_identification:_identify(src/build/ament_cmake_index/share/ament_index/resource_index) by extension 'ignore'
[40.621s] Level 1:colcon.colcon_core.package_identification:_identify(src/build/ament_cmake_index/share/ament_index/resource_index) by extension 'ignore_ament_install'
[40.621s] Level 1:colcon.colcon_core.package_identification:_identify(src/build/ament_cmake_index/share/ament_index/resource_index) by extensions ['colcon_pkg']
[40.621s] Level 1:colcon.colcon_core.package_identification:_identify(src/build/ament_cmake_index/share/ament_index/resource_index) by extension 'colcon_pkg'
[40.621s] Level 1:colcon.colcon_core.package_identification:_identify(src/build/ament_cmake_index/share/ament_index/resource_index) by extensions ['colcon_meta']
[40.622s] Level 1:colcon.colcon_core.package_identification:_identify(src/build/ament_cmake_index/share/ament_index/resource_index) by extension 'colcon_meta'
[40.622s] Level 1:colcon.colcon_core.package_identification:_identify(src/build/ament_cmake_index/share/ament_index/resource_index) by extensions ['ros']
[40.622s] Level 1:colcon.colcon_core.package_identification:_identify(src/build/ament_cmake_index/share/ament_index/resource_index) by extension 'ros'
[40.622s] Level 1:colcon.colcon_core.package_identification:_identify(src/build/ament_cmake_index/share/ament_index/resource_index) by extensions ['cmake', 'python']
[40.622s] Level 1:colcon.colcon_core.package_identification:_identify(src/build/ament_cmake_index/share/ament_index/resource_index) by extension 'cmake'
[40.622s] Level 1:colcon.colcon_core.package_identification:_identify(src/build/ament_cmake_index/share/ament_index/resource_index) by extension 'python'
[40.623s] Level 1:colcon.colcon_core.package_identification:_identify(src/build/ament_cmake_index/share/ament_index/resource_index) by extensions ['python_setup_py']
[40.623s] Level 1:colcon.colcon_core.package_identification:_identify(src/build/ament_cmake_index/share/ament_index/resource_index) by extension 'python_setup_py'
[40.623s] Level 1:colcon.colcon_core.package_identification:_identify(src/build/ament_cmake_index/share/ament_index/resource_index/package_run_dependencies) by extensions ['ignore', 'ignore_ament_install']
[40.623s] Level 1:colcon.colcon_core.package_identification:_identify(src/build/ament_cmake_index/share/ament_index/resource_index/package_run_dependencies) by extension 'ignore'
[40.624s] Level 1:colcon.colcon_core.package_identification:_identify(src/build/ament_cmake_index/share/ament_index/resource_index/package_run_dependencies) by extension 'ignore_ament_install'
[40.624s] Level 1:colcon.colcon_core.package_identification:_identify(src/build/ament_cmake_index/share/ament_index/resource_index/package_run_dependencies) by extensions ['colcon_pkg']
[40.624s] Level 1:colcon.colcon_core.package_identification:_identify(src/build/ament_cmake_index/share/ament_index/resource_index/package_run_dependencies) by extension 'colcon_pkg'
[40.624s] Level 1:colcon.colcon_core.package_identification:_identify(src/build/ament_cmake_index/share/ament_index/resource_index/package_run_dependencies) by extensions ['colcon_meta']
[40.624s] Level 1:colcon.colcon_core.package_identification:_identify(src/build/ament_cmake_index/share/ament_index/resource_index/package_run_dependencies) by extension 'colcon_meta'
[40.624s] Level 1:colcon.colcon_core.package_identification:_identify(src/build/ament_cmake_index/share/ament_index/resource_index/package_run_dependencies) by extensions ['ros']
[40.625s] Level 1:colcon.colcon_core.package_identification:_identify(src/build/ament_cmake_index/share/ament_index/resource_index/package_run_dependencies) by extension 'ros'
[40.625s] Level 1:colcon.colcon_core.package_identification:_identify(src/build/ament_cmake_index/share/ament_index/resource_index/package_run_dependencies) by extensions ['cmake', 'python']
[40.625s] Level 1:colcon.colcon_core.package_identification:_identify(src/build/ament_cmake_index/share/ament_index/resource_index/package_run_dependencies) by extension 'cmake'
[40.625s] Level 1:colcon.colcon_core.package_identification:_identify(src/build/ament_cmake_index/share/ament_index/resource_index/package_run_dependencies) by extension 'python'
[40.625s] Level 1:colcon.colcon_core.package_identification:_identify(src/build/ament_cmake_index/share/ament_index/resource_index/package_run_dependencies) by extensions ['python_setup_py']
[40.625s] Level 1:colcon.colcon_core.package_identification:_identify(src/build/ament_cmake_index/share/ament_index/resource_index/package_run_dependencies) by extension 'python_setup_py'
[40.625s] Level 1:colcon.colcon_core.package_identification:_identify(src/build/ament_cmake_index/share/ament_index/resource_index/packages) by extensions ['ignore', 'ignore_ament_install']
[40.626s] Level 1:colcon.colcon_core.package_identification:_identify(src/build/ament_cmake_index/share/ament_index/resource_index/packages) by extension 'ignore'
[40.626s] Level 1:colcon.colcon_core.package_identification:_identify(src/build/ament_cmake_index/share/ament_index/resource_index/packages) by extension 'ignore_ament_install'
[40.626s] Level 1:colcon.colcon_core.package_identification:_identify(src/build/ament_cmake_index/share/ament_index/resource_index/packages) by extensions ['colcon_pkg']
[40.627s] Level 1:colcon.colcon_core.package_identification:_identify(src/build/ament_cmake_index/share/ament_index/resource_index/packages) by extension 'colcon_pkg'
[40.627s] Level 1:colcon.colcon_core.package_identification:_identify(src/build/ament_cmake_index/share/ament_index/resource_index/packages) by extensions ['colcon_meta']
[40.627s] Level 1:colcon.colcon_core.package_identification:_identify(src/build/ament_cmake_index/share/ament_index/resource_index/packages) by extension 'colcon_meta'
[40.627s] Level 1:colcon.colcon_core.package_identification:_identify(src/build/ament_cmake_index/share/ament_index/resource_index/packages) by extensions ['ros']
[40.628s] Level 1:colcon.colcon_core.package_identification:_identify(src/build/ament_cmake_index/share/ament_index/resource_index/packages) by extension 'ros'
[40.628s] Level 1:colcon.colcon_core.package_identification:_identify(src/build/ament_cmake_index/share/ament_index/resource_index/packages) by extensions ['cmake', 'python']
[40.628s] Level 1:colcon.colcon_core.package_identification:_identify(src/build/ament_cmake_index/share/ament_index/resource_index/packages) by extension 'cmake'
[40.628s] Level 1:colcon.colcon_core.package_identification:_identify(src/build/ament_cmake_index/share/ament_index/resource_index/packages) by extension 'python'
[40.628s] Level 1:colcon.colcon_core.package_identification:_identify(src/build/ament_cmake_index/share/ament_index/resource_index/packages) by extensions ['python_setup_py']
[40.628s] Level 1:colcon.colcon_core.package_identification:_identify(src/build/ament_cmake_index/share/ament_index/resource_index/packages) by extension 'python_setup_py'
[40.629s] Level 1:colcon.colcon_core.package_identification:_identify(src/build/ament_cmake_index/share/ament_index/resource_index/parent_prefix_path) by extensions ['ignore', 'ignore_ament_install']
[40.629s] Level 1:colcon.colcon_core.package_identification:_identify(src/build/ament_cmake_index/share/ament_index/resource_index/parent_prefix_path) by extension 'ignore'
[40.629s] Level 1:colcon.colcon_core.package_identification:_identify(src/build/ament_cmake_index/share/ament_index/resource_index/parent_prefix_path) by extension 'ignore_ament_install'
[40.629s] Level 1:colcon.colcon_core.package_identification:_identify(src/build/ament_cmake_index/share/ament_index/resource_index/parent_prefix_path) by extensions ['colcon_pkg']
[40.629s] Level 1:colcon.colcon_core.package_identification:_identify(src/build/ament_cmake_index/share/ament_index/resource_index/parent_prefix_path) by extension 'colcon_pkg'
[40.629s] Level 1:colcon.colcon_core.package_identification:_identify(src/build/ament_cmake_index/share/ament_index/resource_index/parent_prefix_path) by extensions ['colcon_meta']
[40.629s] Level 1:colcon.colcon_core.package_identification:_identify(src/build/ament_cmake_index/share/ament_index/resource_index/parent_prefix_path) by extension 'colcon_meta'
[40.629s] Level 1:colcon.colcon_core.package_identification:_identify(src/build/ament_cmake_index/share/ament_index/resource_index/parent_prefix_path) by extensions ['ros']
[40.629s] Level 1:colcon.colcon_core.package_identification:_identify(src/build/ament_cmake_index/share/ament_index/resource_index/parent_prefix_path) by extension 'ros'
[40.630s] Level 1:colcon.colcon_core.package_identification:_identify(src/build/ament_cmake_index/share/ament_index/resource_index/parent_prefix_path) by extensions ['cmake', 'python']
[40.630s] Level 1:colcon.colcon_core.package_identification:_identify(src/build/ament_cmake_index/share/ament_index/resource_index/parent_prefix_path) by extension 'cmake'
[40.630s] Level 1:colcon.colcon_core.package_identification:_identify(src/build/ament_cmake_index/share/ament_index/resource_index/parent_prefix_path) by extension 'python'
[40.630s] Level 1:colcon.colcon_core.package_identification:_identify(src/build/ament_cmake_index/share/ament_index/resource_index/parent_prefix_path) by extensions ['python_setup_py']
[40.630s] Level 1:colcon.colcon_core.package_identification:_identify(src/build/ament_cmake_index/share/ament_index/resource_index/parent_prefix_path) by extension 'python_setup_py'
[40.630s] Level 1:colcon.colcon_core.package_identification:_identify(src/build/ament_cmake_package_templates) by extensions ['ignore', 'ignore_ament_install']
[40.630s] Level 1:colcon.colcon_core.package_identification:_identify(src/build/ament_cmake_package_templates) by extension 'ignore'
[40.630s] Level 1:colcon.colcon_core.package_identification:_identify(src/build/ament_cmake_package_templates) by extension 'ignore_ament_install'
[40.630s] Level 1:colcon.colcon_core.package_identification:_identify(src/build/ament_cmake_package_templates) by extensions ['colcon_pkg']
[40.630s] Level 1:colcon.colcon_core.package_identification:_identify(src/build/ament_cmake_package_templates) by extension 'colcon_pkg'
[40.630s] Level 1:colcon.colcon_core.package_identification:_identify(src/build/ament_cmake_package_templates) by extensions ['colcon_meta']
[40.630s] Level 1:colcon.colcon_core.package_identification:_identify(src/build/ament_cmake_package_templates) by extension 'colcon_meta'
[40.631s] Level 1:colcon.colcon_core.package_identification:_identify(src/build/ament_cmake_package_templates) by extensions ['ros']
[40.631s] Level 1:colcon.colcon_core.package_identification:_identify(src/build/ament_cmake_package_templates) by extension 'ros'
[40.631s] Level 1:colcon.colcon_core.package_identification:_identify(src/build/ament_cmake_package_templates) by extensions ['cmake', 'python']
[40.631s] Level 1:colcon.colcon_core.package_identification:_identify(src/build/ament_cmake_package_templates) by extension 'cmake'
[40.631s] Level 1:colcon.colcon_core.package_identification:_identify(src/build/ament_cmake_package_templates) by extension 'python'
[40.631s] Level 1:colcon.colcon_core.package_identification:_identify(src/build/ament_cmake_package_templates) by extensions ['python_setup_py']
[40.631s] Level 1:colcon.colcon_core.package_identification:_identify(src/build/ament_cmake_package_templates) by extension 'python_setup_py'
[40.631s] Level 1:colcon.colcon_core.package_identification:_identify(src/build/ament_cmake_uninstall_target) by extensions ['ignore', 'ignore_ament_install']
[40.632s] Level 1:colcon.colcon_core.package_identification:_identify(src/build/ament_cmake_uninstall_target) by extension 'ignore'
[40.632s] Level 1:colcon.colcon_core.package_identification:_identify(src/build/ament_cmake_uninstall_target) by extension 'ignore_ament_install'
[40.632s] Level 1:colcon.colcon_core.package_identification:_identify(src/build/ament_cmake_uninstall_target) by extensions ['colcon_pkg']
[40.632s] Level 1:colcon.colcon_core.package_identification:_identify(src/build/ament_cmake_uninstall_target) by extension 'colcon_pkg'
[40.632s] Level 1:colcon.colcon_core.package_identification:_identify(src/build/ament_cmake_uninstall_target) by extensions ['colcon_meta']
[40.632s] Level 1:colcon.colcon_core.package_identification:_identify(src/build/ament_cmake_uninstall_target) by extension 'colcon_meta'
[40.632s] Level 1:colcon.colcon_core.package_identification:_identify(src/build/ament_cmake_uninstall_target) by extensions ['ros']
[40.632s] Level 1:colcon.colcon_core.package_identification:_identify(src/build/ament_cmake_uninstall_target) by extension 'ros'
[40.633s] Level 1:colcon.colcon_core.package_identification:_identify(src/build/ament_cmake_uninstall_target) by extensions ['cmake', 'python']
[40.633s] Level 1:colcon.colcon_core.package_identification:_identify(src/build/ament_cmake_uninstall_target) by extension 'cmake'
[40.633s] Level 1:colcon.colcon_core.package_identification:_identify(src/build/ament_cmake_uninstall_target) by extension 'python'
[40.633s] Level 1:colcon.colcon_core.package_identification:_identify(src/build/ament_cmake_uninstall_target) by extensions ['python_setup_py']
[40.633s] Level 1:colcon.colcon_core.package_identification:_identify(src/build/ament_cmake_uninstall_target) by extension 'python_setup_py'
[40.633s] Level 1:colcon.colcon_core.package_identification:_identify(src/build/ament_cppcheck) by extensions ['ignore', 'ignore_ament_install']
[40.633s] Level 1:colcon.colcon_core.package_identification:_identify(src/build/ament_cppcheck) by extension 'ignore'
[40.633s] Level 1:colcon.colcon_core.package_identification:_identify(src/build/ament_cppcheck) by extension 'ignore_ament_install'
[40.634s] Level 1:colcon.colcon_core.package_identification:_identify(src/build/ament_cppcheck) by extensions ['colcon_pkg']
[40.634s] Level 1:colcon.colcon_core.package_identification:_identify(src/build/ament_cppcheck) by extension 'colcon_pkg'
[40.634s] Level 1:colcon.colcon_core.package_identification:_identify(src/build/ament_cppcheck) by extensions ['colcon_meta']
[40.634s] Level 1:colcon.colcon_core.package_identification:_identify(src/build/ament_cppcheck) by extension 'colcon_meta'
[40.634s] Level 1:colcon.colcon_core.package_identification:_identify(src/build/ament_cppcheck) by extensions ['ros']
[40.634s] Level 1:colcon.colcon_core.package_identification:_identify(src/build/ament_cppcheck) by extension 'ros'
[40.634s] Level 1:colcon.colcon_core.package_identification:_identify(src/build/ament_cppcheck) by extensions ['cmake', 'python']
[40.634s] Level 1:colcon.colcon_core.package_identification:_identify(src/build/ament_cppcheck) by extension 'cmake'
[40.634s] Level 1:colcon.colcon_core.package_identification:_identify(src/build/ament_cppcheck) by extension 'python'
[40.635s] Level 1:colcon.colcon_core.package_identification:_identify(src/build/ament_cppcheck) by extensions ['python_setup_py']
[40.635s] Level 1:colcon.colcon_core.package_identification:_identify(src/build/ament_cppcheck) by extension 'python_setup_py'
[40.635s] Level 1:colcon.colcon_core.package_identification:_identify(src/build/ament_lint_cmake) by extensions ['ignore', 'ignore_ament_install']
[40.635s] Level 1:colcon.colcon_core.package_identification:_identify(src/build/ament_lint_cmake) by extension 'ignore'
[40.635s] Level 1:colcon.colcon_core.package_identification:_identify(src/build/ament_lint_cmake) by extension 'ignore_ament_install'
[40.635s] Level 1:colcon.colcon_core.package_identification:_identify(src/build/ament_lint_cmake) by extensions ['colcon_pkg']
[40.635s] Level 1:colcon.colcon_core.package_identification:_identify(src/build/ament_lint_cmake) by extension 'colcon_pkg'
[40.635s] Level 1:colcon.colcon_core.package_identification:_identify(src/build/ament_lint_cmake) by extensions ['colcon_meta']
[40.636s] Level 1:colcon.colcon_core.package_identification:_identify(src/build/ament_lint_cmake) by extension 'colcon_meta'
[40.636s] Level 1:colcon.colcon_core.package_identification:_identify(src/build/ament_lint_cmake) by extensions ['ros']
[40.636s] Level 1:colcon.colcon_core.package_identification:_identify(src/build/ament_lint_cmake) by extension 'ros'
[40.636s] Level 1:colcon.colcon_core.package_identification:_identify(src/build/ament_lint_cmake) by extensions ['cmake', 'python']
[40.636s] Level 1:colcon.colcon_core.package_identification:_identify(src/build/ament_lint_cmake) by extension 'cmake'
[40.636s] Level 1:colcon.colcon_core.package_identification:_identify(src/build/ament_lint_cmake) by extension 'python'
[40.636s] Level 1:colcon.colcon_core.package_identification:_identify(src/build/ament_lint_cmake) by extensions ['python_setup_py']
[40.636s] Level 1:colcon.colcon_core.package_identification:_identify(src/build/ament_lint_cmake) by extension 'python_setup_py'
[40.636s] Level 1:colcon.colcon_core.package_identification:_identify(src/build/ament_uncrustify) by extensions ['ignore', 'ignore_ament_install']
[40.637s] Level 1:colcon.colcon_core.package_identification:_identify(src/build/ament_uncrustify) by extension 'ignore'
[40.637s] Level 1:colcon.colcon_core.package_identification:_identify(src/build/ament_uncrustify) by extension 'ignore_ament_install'
[40.637s] Level 1:colcon.colcon_core.package_identification:_identify(src/build/ament_uncrustify) by extensions ['colcon_pkg']
[40.637s] Level 1:colcon.colcon_core.package_identification:_identify(src/build/ament_uncrustify) by extension 'colcon_pkg'
[40.637s] Level 1:colcon.colcon_core.package_identification:_identify(src/build/ament_uncrustify) by extensions ['colcon_meta']
[40.637s] Level 1:colcon.colcon_core.package_identification:_identify(src/build/ament_uncrustify) by extension 'colcon_meta'
[40.638s] Level 1:colcon.colcon_core.package_identification:_identify(src/build/ament_uncrustify) by extensions ['ros']
[40.638s] Level 1:colcon.colcon_core.package_identification:_identify(src/build/ament_uncrustify) by extension 'ros'
[40.638s] Level 1:colcon.colcon_core.package_identification:_identify(src/build/ament_uncrustify) by extensions ['cmake', 'python']
[40.638s] Level 1:colcon.colcon_core.package_identification:_identify(src/build/ament_uncrustify) by extension 'cmake'
[40.638s] Level 1:colcon.colcon_core.package_identification:_identify(src/build/ament_uncrustify) by extension 'python'
[40.638s] Level 1:colcon.colcon_core.package_identification:_identify(src/build/ament_uncrustify) by extensions ['python_setup_py']
[40.638s] Level 1:colcon.colcon_core.package_identification:_identify(src/build/ament_uncrustify) by extension 'python_setup_py'
[40.639s] Level 1:colcon.colcon_core.package_identification:_identify(src/build/ament_xmllint) by extensions ['ignore', 'ignore_ament_install']
[40.639s] Level 1:colcon.colcon_core.package_identification:_identify(src/build/ament_xmllint) by extension 'ignore'
[40.639s] Level 1:colcon.colcon_core.package_identification:_identify(src/build/ament_xmllint) by extension 'ignore_ament_install'
[40.639s] Level 1:colcon.colcon_core.package_identification:_identify(src/build/ament_xmllint) by extensions ['colcon_pkg']
[40.639s] Level 1:colcon.colcon_core.package_identification:_identify(src/build/ament_xmllint) by extension 'colcon_pkg'
[40.639s] Level 1:colcon.colcon_core.package_identification:_identify(src/build/ament_xmllint) by extensions ['colcon_meta']
[40.639s] Level 1:colcon.colcon_core.package_identification:_identify(src/build/ament_xmllint) by extension 'colcon_meta'
[40.640s] Level 1:colcon.colcon_core.package_identification:_identify(src/build/ament_xmllint) by extensions ['ros']
[40.640s] Level 1:colcon.colcon_core.package_identification:_identify(src/build/ament_xmllint) by extension 'ros'
[40.640s] Level 1:colcon.colcon_core.package_identification:_identify(src/build/ament_xmllint) by extensions ['cmake', 'python']
[40.640s] Level 1:colcon.colcon_core.package_identification:_identify(src/build/ament_xmllint) by extension 'cmake'
[40.640s] Level 1:colcon.colcon_core.package_identification:_identify(src/build/ament_xmllint) by extension 'python'
[40.640s] Level 1:colcon.colcon_core.package_identification:_identify(src/build/ament_xmllint) by extensions ['python_setup_py']
[40.640s] Level 1:colcon.colcon_core.package_identification:_identify(src/build/ament_xmllint) by extension 'python_setup_py'
[40.640s] Level 1:colcon.colcon_core.package_discovery:discover_packages(recursive) using defaults
[40.640s] Level 1:colcon.colcon_core.package_discovery:discover_packages(ignore) discover
[40.640s] Level 1:colcon.colcon_core.package_discovery:discover_packages(ignore) using defaults
[40.640s] Level 1:colcon.colcon_core.package_discovery:discover_packages(path) discover
[40.640s] Level 1:colcon.colcon_core.package_discovery:discover_packages(path) using defaults
[41.661s] Level 1:colcon.colcon_core.package_discovery:discover_packages(prefix_path) check parameters
[41.661s] Level 1:colcon.colcon_core.package_discovery:discover_packages(prefix_path) discover
[41.857s] DEBUG:colcon.colcon_installed_package_information.package_discovery:Found 1 installed packages in /home/pavitpc/ros2_ws/install
[41.937s] DEBUG:colcon.colcon_installed_package_information.package_discovery:Found 385 installed packages in /opt/ros/humble
[41.943s] Level 1:colcon.colcon_core.package_discovery:discover_packages(prefix_path) using defaults
[46.629s] WARNING:colcon.colcon_core.package_selection:Some selected packages are already built in one or more underlay workspaces:
	'action_tutorials_cpp' is in: /home/pavitpc/ros2_ws/install/action_tutorials_cpp, /opt/ros/humble
If a package in a merged underlay workspace is overridden and it installs headers, then all packages in the overlay must sort their include directories by workspace order. Failure to do so may result in build failures or undefined behavior at run time.
If the overridden package is used by another package in any underlay, then the overriding package in the overlay must be API and ABI compatible or undefined behavior at run time may occur.

If you understand the risks and want to override a package anyways, add the following to the command line:
	--allow-overriding action_tutorials_cpp

This may be promoted to an error in a future release of colcon-override-check.
[46.693s] Level 5:colcon.colcon_core.verb:set package 'action_tutorials_cpp' build argument 'cmake_args' from command line to 'None'
[46.694s] Level 5:colcon.colcon_core.verb:set package 'action_tutorials_cpp' build argument 'cmake_target' from command line to 'None'
[46.694s] Level 5:colcon.colcon_core.verb:set package 'action_tutorials_cpp' build argument 'cmake_target_skip_unavailable' from command line to 'False'
[46.694s] Level 5:colcon.colcon_core.verb:set package 'action_tutorials_cpp' build argument 'cmake_clean_cache' from command line to 'False'
[46.694s] Level 5:colcon.colcon_core.verb:set package 'action_tutorials_cpp' build argument 'cmake_clean_first' from command line to 'False'
[46.694s] Level 5:colcon.colcon_core.verb:set package 'action_tutorials_cpp' build argument 'cmake_force_configure' from command line to 'False'
[46.694s] Level 5:colcon.colcon_core.verb:set package 'action_tutorials_cpp' build argument 'ament_cmake_args' from command line to 'None'
[46.694s] Level 5:colcon.colcon_core.verb:set package 'action_tutorials_cpp' build argument 'catkin_cmake_args' from command line to 'None'
[46.694s] Level 5:colcon.colcon_core.verb:set package 'action_tutorials_cpp' build argument 'catkin_skip_building_tests' from command line to 'False'
[46.694s] DEBUG:colcon.colcon_core.verb:Building package 'action_tutorials_cpp' with the following arguments: {'ament_cmake_args': None, 'build_base': '/home/pavitpc/ros2_ws/build/action_tutorials_cpp', 'catkin_cmake_args': None, 'catkin_skip_building_tests': False, 'cmake_args': None, 'cmake_clean_cache': False, 'cmake_clean_first': False, 'cmake_force_configure': False, 'cmake_target': None, 'cmake_target_skip_unavailable': False, 'install_base': '/home/pavitpc/ros2_ws/install/action_tutorials_cpp', 'merge_install': False, 'path': '/home/pavitpc/ros2_ws/src/action_tutorials_cpp', 'symlink_install': True, 'test_result_base': None}
[46.749s] INFO:colcon.colcon_core.executor:Executing jobs using 'parallel' executor
[46.802s] DEBUG:colcon.colcon_parallel_executor.executor.parallel:run_until_complete
[46.802s] INFO:colcon.colcon_ros.task.ament_cmake.build:Building ROS package in '/home/pavitpc/ros2_ws/src/action_tutorials_cpp' with build type 'ament_cmake'
[46.803s] INFO:colcon.colcon_cmake.task.cmake.build:Building CMake package in '/home/pavitpc/ros2_ws/src/action_tutorials_cpp'
[46.976s] INFO:colcon.colcon_core.plugin_system:Skipping extension 'colcon_core.shell.bat': Not used on non-Windows systems
[46.977s] INFO:colcon.colcon_core.shell:Skip shell extension 'powershell' for command environment: Not usable outside of PowerShell
[46.977s] DEBUG:colcon.colcon_core.shell:Skip shell extension 'dsv' for command environment
[47.587s] DEBUG:colcon.colcon_core.event_handler.log_command:Invoking command in '/home/pavitpc/ros2_ws/build/action_tutorials_cpp': CMAKE_PREFIX_PATH=${CMAKE_PREFIX_PATH}:/opt/ros/humble /usr/bin/cmake --build /home/pavitpc/ros2_ws/build/action_tutorials_cpp -- -j4 -l4
[54.216s] DEBUG:colcon.colcon_core.event_handler.log_command:Invoked command in '/home/pavitpc/ros2_ws/build/action_tutorials_cpp' returned '0': CMAKE_PREFIX_PATH=${CMAKE_PREFIX_PATH}:/opt/ros/humble /usr/bin/cmake --build /home/pavitpc/ros2_ws/build/action_tutorials_cpp -- -j4 -l4
[54.347s] DEBUG:colcon.colcon_core.event_handler.log_command:Invoking command in '/home/pavitpc/ros2_ws/build/action_tutorials_cpp': CMAKE_PREFIX_PATH=${CMAKE_PREFIX_PATH}:/opt/ros/humble /usr/bin/cmake --install /home/pavitpc/ros2_ws/build/action_tutorials_cpp
[54.985s] Level 1:colcon.colcon_core.environment:create_environment_scripts_only(action_tutorials_cpp)
[54.997s] DEBUG:colcon.colcon_core.event_handler.log_command:Invoked command in '/home/pavitpc/ros2_ws/build/action_tutorials_cpp' returned '0': CMAKE_PREFIX_PATH=${CMAKE_PREFIX_PATH}:/opt/ros/humble /usr/bin/cmake --install /home/pavitpc/ros2_ws/build/action_tutorials_cpp
[55.272s] Level 1:colcon.colcon_core.environment:checking '/home/pavitpc/ros2_ws/install/action_tutorials_cpp' for CMake module files
[55.276s] Level 1:colcon.colcon_core.environment:checking '/home/pavitpc/ros2_ws/install/action_tutorials_cpp' for CMake config files
[55.276s] Level 1:colcon.colcon_core.shell:create_environment_hook('action_tutorials_cpp', 'cmake_prefix_path')
[55.351s] INFO:colcon.colcon_core.shell:Creating environment hook '/home/pavitpc/ros2_ws/install/action_tutorials_cpp/share/action_tutorials_cpp/hook/cmake_prefix_path.ps1'
[55.415s] INFO:colcon.colcon_core.shell:Creating environment descriptor '/home/pavitpc/ros2_ws/install/action_tutorials_cpp/share/action_tutorials_cpp/hook/cmake_prefix_path.dsv'
[55.469s] INFO:colcon.colcon_core.shell:Creating environment hook '/home/pavitpc/ros2_ws/install/action_tutorials_cpp/share/action_tutorials_cpp/hook/cmake_prefix_path.sh'
[55.473s] Level 1:colcon.colcon_core.environment:checking '/home/pavitpc/ros2_ws/install/action_tutorials_cpp/lib'
[55.476s] Level 1:colcon.colcon_core.shell:create_environment_hook('action_tutorials_cpp', 'ld_library_path_lib')
[55.543s] INFO:colcon.colcon_core.shell:Creating environment hook '/home/pavitpc/ros2_ws/install/action_tutorials_cpp/share/action_tutorials_cpp/hook/ld_library_path_lib.ps1'
[55.544s] INFO:colcon.colcon_core.shell:Creating environment descriptor '/home/pavitpc/ros2_ws/install/action_tutorials_cpp/share/action_tutorials_cpp/hook/ld_library_path_lib.dsv'
[55.546s] INFO:colcon.colcon_core.shell:Creating environment hook '/home/pavitpc/ros2_ws/install/action_tutorials_cpp/share/action_tutorials_cpp/hook/ld_library_path_lib.sh'
[55.548s] Level 1:colcon.colcon_core.environment:checking '/home/pavitpc/ros2_ws/install/action_tutorials_cpp/bin'
[55.548s] Level 1:colcon.colcon_core.environment:checking '/home/pavitpc/ros2_ws/install/action_tutorials_cpp/lib/pkgconfig/action_tutorials_cpp.pc'
[55.549s] Level 1:colcon.colcon_core.environment:checking '/home/pavitpc/ros2_ws/install/action_tutorials_cpp/lib/python3.10/site-packages'
[55.550s] Level 1:colcon.colcon_core.environment:checking '/home/pavitpc/ros2_ws/install/action_tutorials_cpp/bin'
[55.615s] INFO:colcon.colcon_core.shell:Creating package script '/home/pavitpc/ros2_ws/install/action_tutorials_cpp/share/action_tutorials_cpp/package.ps1'
[55.619s] INFO:colcon.colcon_core.shell:Creating package descriptor '/home/pavitpc/ros2_ws/install/action_tutorials_cpp/share/action_tutorials_cpp/package.dsv'
[55.624s] INFO:colcon.colcon_core.shell:Creating package script '/home/pavitpc/ros2_ws/install/action_tutorials_cpp/share/action_tutorials_cpp/package.sh'
[55.626s] INFO:colcon.colcon_core.shell:Creating package script '/home/pavitpc/ros2_ws/install/action_tutorials_cpp/share/action_tutorials_cpp/package.bash'
[55.678s] INFO:colcon.colcon_core.shell:Creating package script '/home/pavitpc/ros2_ws/install/action_tutorials_cpp/share/action_tutorials_cpp/package.zsh'
[55.681s] Level 1:colcon.colcon_core.environment:create_file_with_runtime_dependencies(/home/pavitpc/ros2_ws/install/action_tutorials_cpp/share/colcon-core/packages/action_tutorials_cpp)
[55.876s] Level 1:colcon.colcon_core.environment:create_environment_scripts_only(action_tutorials_cpp)
[55.933s] Level 1:colcon.colcon_core.environment:checking '/home/pavitpc/ros2_ws/install/action_tutorials_cpp' for CMake module files
[55.934s] Level 1:colcon.colcon_core.environment:checking '/home/pavitpc/ros2_ws/install/action_tutorials_cpp' for CMake config files
[55.935s] Level 1:colcon.colcon_core.shell:create_environment_hook('action_tutorials_cpp', 'cmake_prefix_path')
[55.986s] INFO:colcon.colcon_core.shell:Creating environment hook '/home/pavitpc/ros2_ws/install/action_tutorials_cpp/share/action_tutorials_cpp/hook/cmake_prefix_path.ps1'
[55.986s] INFO:colcon.colcon_core.shell:Creating environment descriptor '/home/pavitpc/ros2_ws/install/action_tutorials_cpp/share/action_tutorials_cpp/hook/cmake_prefix_path.dsv'
[55.987s] INFO:colcon.colcon_core.shell:Creating environment hook '/home/pavitpc/ros2_ws/install/action_tutorials_cpp/share/action_tutorials_cpp/hook/cmake_prefix_path.sh'
[55.988s] Level 1:colcon.colcon_core.environment:checking '/home/pavitpc/ros2_ws/install/action_tutorials_cpp/lib'
[55.988s] Level 1:colcon.colcon_core.shell:create_environment_hook('action_tutorials_cpp', 'ld_library_path_lib')
[56.047s] INFO:colcon.colcon_core.shell:Creating environment hook '/home/pavitpc/ros2_ws/install/action_tutorials_cpp/share/action_tutorials_cpp/hook/ld_library_path_lib.ps1'
[56.049s] INFO:colcon.colcon_core.shell:Creating environment descriptor '/home/pavitpc/ros2_ws/install/action_tutorials_cpp/share/action_tutorials_cpp/hook/ld_library_path_lib.dsv'
[56.052s] INFO:colcon.colcon_core.shell:Creating environment hook '/home/pavitpc/ros2_ws/install/action_tutorials_cpp/share/action_tutorials_cpp/hook/ld_library_path_lib.sh'
[56.054s] Level 1:colcon.colcon_core.environment:checking '/home/pavitpc/ros2_ws/install/action_tutorials_cpp/bin'
[56.055s] Level 1:colcon.colcon_core.environment:checking '/home/pavitpc/ros2_ws/install/action_tutorials_cpp/lib/pkgconfig/action_tutorials_cpp.pc'
[56.055s] Level 1:colcon.colcon_core.environment:checking '/home/pavitpc/ros2_ws/install/action_tutorials_cpp/lib/python3.10/site-packages'
[56.056s] Level 1:colcon.colcon_core.environment:checking '/home/pavitpc/ros2_ws/install/action_tutorials_cpp/bin'
[56.115s] INFO:colcon.colcon_core.shell:Creating package script '/home/pavitpc/ros2_ws/install/action_tutorials_cpp/share/action_tutorials_cpp/package.ps1'
[56.118s] INFO:colcon.colcon_core.shell:Creating package descriptor '/home/pavitpc/ros2_ws/install/action_tutorials_cpp/share/action_tutorials_cpp/package.dsv'
[56.120s] INFO:colcon.colcon_core.shell:Creating package script '/home/pavitpc/ros2_ws/install/action_tutorials_cpp/share/action_tutorials_cpp/package.sh'
[56.123s] INFO:colcon.colcon_core.shell:Creating package script '/home/pavitpc/ros2_ws/install/action_tutorials_cpp/share/action_tutorials_cpp/package.bash'
[56.125s] INFO:colcon.colcon_core.shell:Creating package script '/home/pavitpc/ros2_ws/install/action_tutorials_cpp/share/action_tutorials_cpp/package.zsh'
[56.126s] Level 1:colcon.colcon_core.environment:create_file_with_runtime_dependencies(/home/pavitpc/ros2_ws/install/action_tutorials_cpp/share/colcon-core/packages/action_tutorials_cpp)
[56.129s] DEBUG:colcon.colcon_parallel_executor.executor.parallel:closing loop
[56.129s] DEBUG:colcon.colcon_parallel_executor.executor.parallel:loop closed
[56.130s] DEBUG:colcon.colcon_parallel_executor.executor.parallel:run_until_complete finished with '0'
[56.130s] DEBUG:colcon.colcon_core.event_reactor:joining thread
[56.436s] INFO:colcon.colcon_core.plugin_system:Skipping extension 'colcon_notification.desktop_notification.terminal_notifier': Not used on non-Darwin systems
[56.439s] INFO:colcon.colcon_core.plugin_system:Skipping extension 'colcon_notification.desktop_notification.win32': Not used on non-Windows systems
[56.440s] INFO:colcon.colcon_notification.desktop_notification:Sending desktop notification using 'notify2'
[57.265s] DEBUG:colcon.colcon_core.event_reactor:joined thread
[57.328s] INFO:colcon.colcon_core.shell:Creating prefix script '/home/pavitpc/ros2_ws/install/local_setup.ps1'
[57.332s] INFO:colcon.colcon_core.shell:Creating prefix util module '/home/pavitpc/ros2_ws/install/_local_setup_util_ps1.py'
[57.338s] INFO:colcon.colcon_core.shell:Creating prefix chain script '/home/pavitpc/ros2_ws/install/setup.ps1'
[57.398s] INFO:colcon.colcon_core.shell:Creating prefix script '/home/pavitpc/ros2_ws/install/local_setup.sh'
[57.400s] INFO:colcon.colcon_core.shell:Creating prefix util module '/home/pavitpc/ros2_ws/install/_local_setup_util_sh.py'
[57.402s] INFO:colcon.colcon_core.shell:Creating prefix chain script '/home/pavitpc/ros2_ws/install/setup.sh'
[57.469s] INFO:colcon.colcon_core.shell:Creating prefix script '/home/pavitpc/ros2_ws/install/local_setup.bash'
[57.472s] INFO:colcon.colcon_core.shell:Creating prefix chain script '/home/pavitpc/ros2_ws/install/setup.bash'
[57.533s] INFO:colcon.colcon_core.shell:Creating prefix script '/home/pavitpc/ros2_ws/install/local_setup.zsh'
[57.534s] INFO:colcon.colcon_core.shell:Creating prefix chain script '/home/pavitpc/ros2_ws/install/setup.zsh'
