[0.115s] Invoking command in '/home/pavitpc/ros2_ws/build/my_cpp_py_pkg': CMAKE_PREFIX_PATH=${CMAKE_PREFIX_PATH}:/home/pavitpc/ros2_ws/install/my_robot_controller:/opt/ros/humble /usr/bin/cmake --build /home/pavitpc/ros2_ws/build/my_cpp_py_pkg -- -j4 -l4
[0.183s] [35m[1mConsolidate compiler generated dependencies of target cpp_exe[0m
[0.217s] [  0%] Built target ament_cmake_python_symlink_my_cpp_py_pkg
[0.217s] [ 50%] [32mBuilding CXX object CMakeFiles/cpp_exe.dir/src/cpp_node.cpp.o[0m
[0.711s] running egg_info
[0.713s] writing my_cpp_py_pkg.egg-info/PKG-INFO
[0.713s] writing dependency_links to my_cpp_py_pkg.egg-info/dependency_links.txt
[0.713s] writing top-level names to my_cpp_py_pkg.egg-info/top_level.txt
[0.718s] reading manifest file 'my_cpp_py_pkg.egg-info/SOURCES.txt'
[0.719s] writing manifest file 'my_cpp_py_pkg.egg-info/SOURCES.txt'
[0.770s] [ 50%] Built target ament_cmake_python_build_my_cpp_py_pkg_egg
[5.866s] [100%] [32m[1mLinking CXX executable cpp_exe[0m
[6.148s] [100%] Built target cpp_exe
[6.166s] Invoked command in '/home/pavitpc/ros2_ws/build/my_cpp_py_pkg' returned '0': CMAKE_PREFIX_PATH=${CMAKE_PREFIX_PATH}:/home/pavitpc/ros2_ws/install/my_robot_controller:/opt/ros/humble /usr/bin/cmake --build /home/pavitpc/ros2_ws/build/my_cpp_py_pkg -- -j4 -l4
[6.250s] Invoking command in '/home/pavitpc/ros2_ws/build/my_cpp_py_pkg': CMAKE_PREFIX_PATH=${CMAKE_PREFIX_PATH}:/home/pavitpc/ros2_ws/install/my_robot_controller:/opt/ros/humble /usr/bin/cmake --install /home/pavitpc/ros2_ws/build/my_cpp_py_pkg
[6.365s] -- Install configuration: ""
[6.380s] -- Execute custom install script
[6.380s] -- Up-to-date symlink: /home/pavitpc/ros2_ws/install/my_cpp_py_pkg/libs/my_cpp_py_pkg/cpp_exe
[6.381s] -- Up-to-date symlink: /home/pavitpc/ros2_ws/install/my_cpp_py_pkg/share/my_cpp_py_pkg/environment/pythonpath.sh
[6.381s] -- Up-to-date symlink: /home/pavitpc/ros2_ws/install/my_cpp_py_pkg/share/my_cpp_py_pkg/environment/pythonpath.dsv
[6.418s] -- Up-to-date symlink: /home/pavitpc/ros2_ws/install/my_cpp_py_pkg/local/lib/python3.10/dist-packages/my_cpp_py_pkg-0.0.0-py3.10.egg-info/PKG-INFO
[6.418s] -- Up-to-date symlink: /home/pavitpc/ros2_ws/install/my_cpp_py_pkg/local/lib/python3.10/dist-packages/my_cpp_py_pkg-0.0.0-py3.10.egg-info/SOURCES.txt
[6.418s] -- Up-to-date symlink: /home/pavitpc/ros2_ws/install/my_cpp_py_pkg/local/lib/python3.10/dist-packages/my_cpp_py_pkg-0.0.0-py3.10.egg-info/dependency_links.txt
[6.419s] -- Up-to-date symlink: /home/pavitpc/ros2_ws/install/my_cpp_py_pkg/local/lib/python3.10/dist-packages/my_cpp_py_pkg-0.0.0-py3.10.egg-info/top_level.txt
[6.419s] -- Up-to-date symlink: /home/pavitpc/ros2_ws/install/my_cpp_py_pkg/local/lib/python3.10/dist-packages/my_cpp_py_pkg/__init__.py
[6.420s] -- Up-to-date symlink: /home/pavitpc/ros2_ws/install/my_cpp_py_pkg/local/lib/python3.10/dist-packages/my_cpp_py_pkg/my_node.py
[6.420s] -- Up-to-date symlink: /home/pavitpc/ros2_ws/install/my_cpp_py_pkg/local/lib/python3.10/dist-packages/my_cpp_py_pkg/stop_node.py
[6.420s] -- Up-to-date symlink: /home/pavitpc/ros2_ws/install/my_cpp_py_pkg/libs/my_cpp_py_pkg/py_node.py
[6.420s] -- Up-to-date symlink: /home/pavitpc/ros2_ws/install/my_cpp_py_pkg/share/ament_index/resource_index/package_run_dependencies/my_cpp_py_pkg
[6.421s] -- Up-to-date symlink: /home/pavitpc/ros2_ws/install/my_cpp_py_pkg/share/ament_index/resource_index/parent_prefix_path/my_cpp_py_pkg
[6.421s] -- Up-to-date symlink: /home/pavitpc/ros2_ws/install/my_cpp_py_pkg/share/my_cpp_py_pkg/environment/ament_prefix_path.sh
[6.421s] -- Up-to-date symlink: /home/pavitpc/ros2_ws/install/my_cpp_py_pkg/share/my_cpp_py_pkg/environment/ament_prefix_path.dsv
[6.422s] -- Up-to-date symlink: /home/pavitpc/ros2_ws/install/my_cpp_py_pkg/share/my_cpp_py_pkg/environment/path.sh
[6.422s] -- Up-to-date symlink: /home/pavitpc/ros2_ws/install/my_cpp_py_pkg/share/my_cpp_py_pkg/environment/path.dsv
[6.422s] -- Up-to-date symlink: /home/pavitpc/ros2_ws/install/my_cpp_py_pkg/share/my_cpp_py_pkg/local_setup.bash
[6.422s] -- Up-to-date symlink: /home/pavitpc/ros2_ws/install/my_cpp_py_pkg/share/my_cpp_py_pkg/local_setup.sh
[6.423s] -- Up-to-date symlink: /home/pavitpc/ros2_ws/install/my_cpp_py_pkg/share/my_cpp_py_pkg/local_setup.zsh
[6.423s] -- Up-to-date symlink: /home/pavitpc/ros2_ws/install/my_cpp_py_pkg/share/my_cpp_py_pkg/local_setup.dsv
[6.424s] -- Symlinking: /home/pavitpc/ros2_ws/install/my_cpp_py_pkg/share/my_cpp_py_pkg/package.dsv
[6.437s] -- Up-to-date symlink: /home/pavitpc/ros2_ws/install/my_cpp_py_pkg/share/ament_index/resource_index/packages/my_cpp_py_pkg
[6.438s] -- Up-to-date symlink: /home/pavitpc/ros2_ws/install/my_cpp_py_pkg/share/my_cpp_py_pkg/cmake/my_cpp_py_pkgConfig.cmake
[6.438s] -- Up-to-date symlink: /home/pavitpc/ros2_ws/install/my_cpp_py_pkg/share/my_cpp_py_pkg/cmake/my_cpp_py_pkgConfig-version.cmake
[6.438s] -- Up-to-date symlink: /home/pavitpc/ros2_ws/install/my_cpp_py_pkg/share/my_cpp_py_pkg/package.xml
[6.577s] Listing '/home/pavitpc/ros2_ws/install/my_cpp_py_pkg/local/lib/python3.10/dist-packages/my_cpp_py_pkg'...
[6.586s] Invoked command in '/home/pavitpc/ros2_ws/build/my_cpp_py_pkg' returned '0': CMAKE_PREFIX_PATH=${CMAKE_PREFIX_PATH}:/home/pavitpc/ros2_ws/install/my_robot_controller:/opt/ros/humble /usr/bin/cmake --install /home/pavitpc/ros2_ws/build/my_cpp_py_pkg
