[0.440s] Invoking command in '/home/pavitpc/ros2_ws/build/my_cpp_py_pkg': CMAKE_PREFIX_PATH=/home/pavitpc/ros2_ws/install/my_robot_controller:/opt/ros/humble /usr/bin/cmake /home/pavitpc/ros2_ws/src/my_cpp_py_pkg -DCMAKE_INSTALL_PREFIX=/home/pavitpc/ros2_ws/install/my_cpp_py_pkg
[2.112s] -- The C compiler identification is GNU 11.4.0
[2.894s] -- The CXX compiler identification is GNU 11.4.0
[3.130s] -- Detecting C compiler ABI info
[3.365s] -- Detecting C compiler ABI info - done
[3.376s] -- Check for working C compiler: /usr/bin/cc - skipped
[3.377s] -- Detecting C compile features
[3.414s] -- Detecting C compile features - done
[3.420s] -- Detecting CXX compiler ABI info
[3.578s] -- Detecting CXX compiler ABI info - done
[3.592s] -- Check for working CXX compiler: /usr/bin/c++ - skipped
[3.592s] -- Detecting CXX compile features
[3.594s] -- Detecting CXX compile features - done
[3.750s] -- Found ament_cmake: 1.3.6 (/opt/ros/humble/share/ament_cmake/cmake)
[4.199s] -- Found Python3: /usr/bin/python3.10 (found version "3.10.12") found components: Interpreter 
[4.653s] -- Found rclcpp: 16.0.7 (/opt/ros/humble/share/rclcpp/cmake)
[4.970s] -- Found rosidl_generator_c: 3.1.5 (/opt/ros/humble/share/rosidl_generator_c/cmake)
[5.018s] -- Found rosidl_adapter: 3.1.5 (/opt/ros/humble/share/rosidl_adapter/cmake)
[5.038s] -- Found rosidl_generator_cpp: 3.1.5 (/opt/ros/humble/share/rosidl_generator_cpp/cmake)
[5.120s] -- Using all available rosidl_typesupport_c: rosidl_typesupport_fastrtps_c;rosidl_typesupport_introspection_c
[5.161s] -- Using all available rosidl_typesupport_cpp: rosidl_typesupport_fastrtps_cpp;rosidl_typesupport_introspection_cpp
[5.375s] -- Found rmw_implementation_cmake: 6.1.1 (/opt/ros/humble/share/rmw_implementation_cmake/cmake)
[5.397s] -- Found rmw_cyclonedds_cpp: 1.3.4 (/opt/ros/humble/share/rmw_cyclonedds_cpp/cmake)
[5.567s] -- Using RMW implementation 'rmw_cyclonedds_cpp' as default
[5.741s] -- Looking for pthread.h
[6.091s] -- Looking for pthread.h - found
[6.092s] -- Performing Test CMAKE_HAVE_LIBC_PTHREAD
[6.229s] -- Performing Test CMAKE_HAVE_LIBC_PTHREAD - Success
[6.230s] -- Found Threads: TRUE  
[6.662s] -- Found rclpy: 3.3.11 (/opt/ros/humble/share/rclpy/cmake)
[6.663s] [31mCMake Error at CMakeLists.txt:21 (install):
[6.664s]   install TARGETS given target "cpp.exe" which does not exist.
[6.664s] 
[6.664s] [0m
[6.813s] -- Found ament_lint_auto: 0.12.9 (/opt/ros/humble/share/ament_lint_auto/cmake)
[7.043s] -- Added test 'cppcheck' to perform static code analysis on C / C++ code
[7.044s] -- Configured cppcheck include dirs: /home/pavitpc/ros2_ws/src/my_cpp_py_pkg/include
[7.044s] -- Configured cppcheck exclude dirs and/or files: 
[7.045s] -- Added test 'flake8' to check Python code syntax and style conventions
[7.046s] -- Added test 'lint_cmake' to check CMake code style
[7.047s] -- Added test 'pep257' to check Python code against some of the docstring style conventions in PEP 257
[7.049s] -- Added test 'uncrustify' to check C / C++ code style
[7.050s] -- Configured uncrustify additional arguments: 
[7.051s] -- Added test 'xmllint' to check XML markup files
[7.053s] -- Configuring incomplete, errors occurred!
[7.053s] See also "/home/pavitpc/ros2_ws/build/my_cpp_py_pkg/CMakeFiles/CMakeOutput.log".
[7.067s] Invoked command in '/home/pavitpc/ros2_ws/build/my_cpp_py_pkg' returned '1': CMAKE_PREFIX_PATH=/home/pavitpc/ros2_ws/install/my_robot_controller:/opt/ros/humble /usr/bin/cmake /home/pavitpc/ros2_ws/src/my_cpp_py_pkg -DCMAKE_INSTALL_PREFIX=/home/pavitpc/ros2_ws/install/my_cpp_py_pkg
