[3.701s] Invoking command in '/home/pavitpc/ros2_ws/build/action_tutorials_cpp': CMAKE_PREFIX_PATH=${CMAKE_PREFIX_PATH}:/home/pavitpc/ros2_ws/install/my_robot_controller:/home/pavitpc/ros2_ws/install/my_python_package:/opt/ros/humble /usr/bin/cmake /home/pavitpc/ros2_ws/src/action_tutorials_cpp -DCMAKE_INSTALL_PREFIX=/home/pavitpc/ros2_ws/install/action_tutorials_cpp
[16.533s] -- The C compiler identification is GNU 11.4.0
[16.533s] -- The CXX compiler identification is GNU 11.4.0
[16.533s] -- Detecting C compiler ABI info
[16.535s] -- Detecting C compiler ABI info - done
[16.535s] -- Check for working C compiler: /usr/bin/cc - skipped
[16.536s] -- Detecting C compile features
[16.536s] -- Detecting C compile features - done
[16.537s] -- Detecting CXX compiler ABI info
[16.537s] -- Detecting CXX compiler ABI info - done
[16.537s] -- Check for working CXX compiler: /usr/bin/c++ - skipped
[16.538s] -- Detecting CXX compile features
[16.538s] -- Detecting CXX compile features - done
[16.538s] -- Found ament_cmake: 1.3.6 (/opt/ros/humble/share/ament_cmake/cmake)
[21.553s] -- Found Python3: /usr/bin/python3.10 (found version "3.10.12") found components: Interpreter 
[26.346s] -- Found action_tutorials_interfaces: 0.20.3 (/opt/ros/humble/share/action_tutorials_interfaces/cmake)
[28.964s] -- Found rosidl_generator_c: 3.1.5 (/opt/ros/humble/share/rosidl_generator_c/cmake)
[29.235s] -- Found rosidl_adapter: 3.1.5 (/opt/ros/humble/share/rosidl_adapter/cmake)
[29.507s] -- Found rosidl_generator_cpp: 3.1.5 (/opt/ros/humble/share/rosidl_generator_cpp/cmake)
[30.306s] -- Using all available rosidl_typesupport_c: rosidl_typesupport_fastrtps_c;rosidl_typesupport_introspection_c
[30.828s] -- Using all available rosidl_typesupport_cpp: rosidl_typesupport_fastrtps_cpp;rosidl_typesupport_introspection_cpp
[33.681s] -- Found rclcpp: 16.0.7 (/opt/ros/humble/share/rclcpp/cmake)
[35.861s] -- Found rmw_implementation_cmake: 6.1.1 (/opt/ros/humble/share/rmw_implementation_cmake/cmake)
[35.928s] -- Found rmw_cyclonedds_cpp: 1.3.4 (/opt/ros/humble/share/rmw_cyclonedds_cpp/cmake)
[37.362s] -- Using RMW implementation 'rmw_cyclonedds_cpp' as default
[37.833s] -- Looking for pthread.h
[39.870s] -- Looking for pthread.h - found
[39.880s] -- Performing Test CMAKE_HAVE_LIBC_PTHREAD
[40.623s] -- Performing Test CMAKE_HAVE_LIBC_PTHREAD - Success
[40.656s] -- Found Threads: TRUE  
[42.674s] -- Found rclcpp_action: 16.0.7 (/opt/ros/humble/share/rclcpp_action/cmake)
[43.117s] -- Found rclcpp_components: 16.0.7 (/opt/ros/humble/share/rclcpp_components/cmake)
[44.282s] -- Found ament_lint_auto: 0.12.9 (/opt/ros/humble/share/ament_lint_auto/cmake)
[45.644s] -- Added test 'cppcheck' to perform static code analysis on C / C++ code
[45.644s] -- Configured cppcheck include dirs: $<BUILD_INTERFACE:/home/pavitpc/ros2_ws/src/action_tutorials_cpp/include>
[45.645s] -- Configured cppcheck exclude dirs and/or files: 
[45.652s] -- Added test 'lint_cmake' to check CMake code style
[45.692s] -- Added test 'uncrustify' to check C / C++ code style
[45.693s] -- Configured uncrustify additional arguments: 
[45.780s] -- Added test 'xmllint' to check XML markup files
[45.990s] -- Configuring done
[46.194s] -- Generating done
[46.200s] -- Build files have been written to: /home/pavitpc/ros2_ws/build/action_tutorials_cpp
[46.328s] Invoked command in '/home/pavitpc/ros2_ws/build/action_tutorials_cpp' returned '0': CMAKE_PREFIX_PATH=${CMAKE_PREFIX_PATH}:/home/pavitpc/ros2_ws/install/my_robot_controller:/home/pavitpc/ros2_ws/install/my_python_package:/opt/ros/humble /usr/bin/cmake /home/pavitpc/ros2_ws/src/action_tutorials_cpp -DCMAKE_INSTALL_PREFIX=/home/pavitpc/ros2_ws/install/action_tutorials_cpp
[46.341s] Invoking command in '/home/pavitpc/ros2_ws/build/action_tutorials_cpp': CMAKE_PREFIX_PATH=${CMAKE_PREFIX_PATH}:/home/pavitpc/ros2_ws/install/my_robot_controller:/home/pavitpc/ros2_ws/install/my_python_package:/opt/ros/humble /usr/bin/cmake --build /home/pavitpc/ros2_ws/build/action_tutorials_cpp -- -j4 -l4
[46.832s] [ 25%] [32mBuilding CXX object CMakeFiles/action_client.dir/src/fibonacci_action_client.cpp.o[0m
[90.729s] [ 50%] [32m[1mLinking CXX shared library libaction_client.so[0m
[94.631s] [ 50%] Built target action_client
[94.962s] [ 75%] [32mBuilding CXX object CMakeFiles/fibonacci_action_client.dir/rclcpp_components/node_main_fibonacci_action_client.cpp.o[0m
[128.034s] [100%] [32m[1mLinking CXX executable fibonacci_action_client[0m
[129.414s] [100%] Built target fibonacci_action_client
[129.557s] Invoked command in '/home/pavitpc/ros2_ws/build/action_tutorials_cpp' returned '0': CMAKE_PREFIX_PATH=${CMAKE_PREFIX_PATH}:/home/pavitpc/ros2_ws/install/my_robot_controller:/home/pavitpc/ros2_ws/install/my_python_package:/opt/ros/humble /usr/bin/cmake --build /home/pavitpc/ros2_ws/build/action_tutorials_cpp -- -j4 -l4
[129.988s] Invoking command in '/home/pavitpc/ros2_ws/build/action_tutorials_cpp': CMAKE_PREFIX_PATH=${CMAKE_PREFIX_PATH}:/home/pavitpc/ros2_ws/install/my_robot_controller:/home/pavitpc/ros2_ws/install/my_python_package:/opt/ros/humble /usr/bin/cmake --install /home/pavitpc/ros2_ws/build/action_tutorials_cpp
[130.042s] -- Install configuration: ""
[130.135s] -- Installing: /home/pavitpc/ros2_ws/install/action_tutorials_cpp/lib/action_tutorials_cpp/fibonacci_action_client
[130.139s] -- Set runtime path of "/home/pavitpc/ros2_ws/install/action_tutorials_cpp/lib/action_tutorials_cpp/fibonacci_action_client" to ""
[130.147s] -- Installing: /home/pavitpc/ros2_ws/install/action_tutorials_cpp/lib/libaction_client.so
[130.188s] -- Set runtime path of "/home/pavitpc/ros2_ws/install/action_tutorials_cpp/lib/libaction_client.so" to ""
[130.189s] -- Installing: /home/pavitpc/ros2_ws/install/action_tutorials_cpp/share/ament_index/resource_index/package_run_dependencies/action_tutorials_cpp
[130.190s] -- Installing: /home/pavitpc/ros2_ws/install/action_tutorials_cpp/share/ament_index/resource_index/parent_prefix_path/action_tutorials_cpp
[130.191s] -- Installing: /home/pavitpc/ros2_ws/install/action_tutorials_cpp/share/action_tutorials_cpp/environment/ament_prefix_path.sh
[130.235s] -- Installing: /home/pavitpc/ros2_ws/install/action_tutorials_cpp/share/action_tutorials_cpp/environment/ament_prefix_path.dsv
[130.243s] -- Installing: /home/pavitpc/ros2_ws/install/action_tutorials_cpp/share/action_tutorials_cpp/environment/path.sh
[130.245s] -- Installing: /home/pavitpc/ros2_ws/install/action_tutorials_cpp/share/action_tutorials_cpp/environment/path.dsv
[130.247s] -- Installing: /home/pavitpc/ros2_ws/install/action_tutorials_cpp/share/action_tutorials_cpp/local_setup.bash
[130.248s] -- Installing: /home/pavitpc/ros2_ws/install/action_tutorials_cpp/share/action_tutorials_cpp/local_setup.sh
[130.248s] -- Installing: /home/pavitpc/ros2_ws/install/action_tutorials_cpp/share/action_tutorials_cpp/local_setup.zsh
[130.249s] -- Installing: /home/pavitpc/ros2_ws/install/action_tutorials_cpp/share/action_tutorials_cpp/local_setup.dsv
[130.251s] -- Installing: /home/pavitpc/ros2_ws/install/action_tutorials_cpp/share/action_tutorials_cpp/package.dsv
[130.252s] -- Installing: /home/pavitpc/ros2_ws/install/action_tutorials_cpp/share/ament_index/resource_index/packages/action_tutorials_cpp
[130.254s] -- Installing: /home/pavitpc/ros2_ws/install/action_tutorials_cpp/share/ament_index/resource_index/rclcpp_components/action_tutorials_cpp
[130.256s] -- Installing: /home/pavitpc/ros2_ws/install/action_tutorials_cpp/share/action_tutorials_cpp/cmake/action_tutorials_cppConfig.cmake
[130.259s] -- Installing: /home/pavitpc/ros2_ws/install/action_tutorials_cpp/share/action_tutorials_cpp/cmake/action_tutorials_cppConfig-version.cmake
[130.260s] -- Installing: /home/pavitpc/ros2_ws/install/action_tutorials_cpp/share/action_tutorials_cpp/package.xml
[130.315s] Invoked command in '/home/pavitpc/ros2_ws/build/action_tutorials_cpp' returned '0': CMAKE_PREFIX_PATH=${CMAKE_PREFIX_PATH}:/home/pavitpc/ros2_ws/install/my_robot_controller:/home/pavitpc/ros2_ws/install/my_python_package:/opt/ros/humble /usr/bin/cmake --install /home/pavitpc/ros2_ws/build/action_tutorials_cpp
