[2.221s] Invoking command in '/home/pavitpc/ros2_ws/src/my_robot_controller': PYTHONPATH=/home/pavitpc/ros2_ws/build/my_robot_controller/prefix_override:/home/pavitpc/ros2_ws/install/my_robot_controller/lib/python3.10/site-packages:${PYTHONPATH} /usr/bin/python3 setup.py egg_info --egg-base ../../build/my_robot_controller build --build-base /home/pavitpc/ros2_ws/build/my_robot_controller/build install --record /home/pavitpc/ros2_ws/build/my_robot_controller/install.log --single-version-externally-managed
[2.633s] running egg_info
[2.634s] creating ../../build/my_robot_controller/my_robot_controller.egg-info
[2.635s] writing ../../build/my_robot_controller/my_robot_controller.egg-info/PKG-INFO
[2.635s] writing dependency_links to ../../build/my_robot_controller/my_robot_controller.egg-info/dependency_links.txt
[2.635s] writing entry points to ../../build/my_robot_controller/my_robot_controller.egg-info/entry_points.txt
[2.636s] writing requirements to ../../build/my_robot_controller/my_robot_controller.egg-info/requires.txt
[2.636s] writing top-level names to ../../build/my_robot_controller/my_robot_controller.egg-info/top_level.txt
[2.636s] writing manifest file '../../build/my_robot_controller/my_robot_controller.egg-info/SOURCES.txt'
[2.640s] reading manifest file '../../build/my_robot_controller/my_robot_controller.egg-info/SOURCES.txt'
[2.641s] writing manifest file '../../build/my_robot_controller/my_robot_controller.egg-info/SOURCES.txt'
[2.661s] running build
[2.661s] running build_py
[2.662s] creating /home/pavitpc/ros2_ws/build/my_robot_controller/build
[2.662s] creating /home/pavitpc/ros2_ws/build/my_robot_controller/build/lib
[2.662s] creating /home/pavitpc/ros2_ws/build/my_robot_controller/build/lib/my_robot_controller
[2.663s] copying my_robot_controller/__init__.py -> /home/pavitpc/ros2_ws/build/my_robot_controller/build/lib/my_robot_controller
[2.663s] running install
[2.780s] /usr/lib/python3/dist-packages/setuptools/command/install.py:34: SetuptoolsDeprecationWarning: setup.py install is deprecated. Use build and pip and other standards-based tools.
[2.780s]   warnings.warn(
[2.780s] running install_lib
[2.782s] creating /home/pavitpc/ros2_ws/install/my_robot_controller/lib/python3.10/site-packages/my_robot_controller
[2.782s] copying /home/pavitpc/ros2_ws/build/my_robot_controller/build/lib/my_robot_controller/__init__.py -> /home/pavitpc/ros2_ws/install/my_robot_controller/lib/python3.10/site-packages/my_robot_controller
[2.782s] byte-compiling /home/pavitpc/ros2_ws/install/my_robot_controller/lib/python3.10/site-packages/my_robot_controller/__init__.py to __init__.cpython-310.pyc
[2.783s] running install_data
[2.784s] creating /home/pavitpc/ros2_ws/install/my_robot_controller/share/ament_index
[2.784s] creating /home/pavitpc/ros2_ws/install/my_robot_controller/share/ament_index/resource_index
[2.784s] creating /home/pavitpc/ros2_ws/install/my_robot_controller/share/ament_index/resource_index/packages
[2.784s] copying resource/my_robot_controller -> /home/pavitpc/ros2_ws/install/my_robot_controller/share/ament_index/resource_index/packages
[2.784s] copying package.xml -> /home/pavitpc/ros2_ws/install/my_robot_controller/share/my_robot_controller
[2.784s] running install_egg_info
[2.787s] Copying ../../build/my_robot_controller/my_robot_controller.egg-info to /home/pavitpc/ros2_ws/install/my_robot_controller/lib/python3.10/site-packages/my_robot_controller-0.0.0-py3.10.egg-info
[2.788s] running install_scripts
[2.821s] writing list of installed files to '/home/pavitpc/ros2_ws/build/my_robot_controller/install.log'
[2.862s] Invoked command in '/home/pavitpc/ros2_ws/src/my_robot_controller' returned '0': PYTHONPATH=/home/pavitpc/ros2_ws/build/my_robot_controller/prefix_override:/home/pavitpc/ros2_ws/install/my_robot_controller/lib/python3.10/site-packages:${PYTHONPATH} /usr/bin/python3 setup.py egg_info --egg-base ../../build/my_robot_controller build --build-base /home/pavitpc/ros2_ws/build/my_robot_controller/build install --record /home/pavitpc/ros2_ws/build/my_robot_controller/install.log --single-version-externally-managed
