[19.458s] Invoking command in '/home/pavitpc/ros2_ws/src/my_python_package': PYTHONPATH=/home/pavitpc/ros2_ws/build/my_python_package/prefix_override:/home/pavitpc/ros2_ws/install/my_python_package/lib/python3.10/site-packages:${PYTHONPATH} /usr/bin/python3 setup.py egg_info --egg-base ../../build/my_python_package build --build-base /home/pavitpc/ros2_ws/build/my_python_package/build install --record /home/pavitpc/ros2_ws/build/my_python_package/install.log --single-version-externally-managed
[22.546s] running egg_info
[22.550s] writing ../../build/my_python_package/my_python_package.egg-info/PKG-INFO
[22.552s] writing dependency_links to ../../build/my_python_package/my_python_package.egg-info/dependency_links.txt
[22.564s] writing entry points to ../../build/my_python_package/my_python_package.egg-info/entry_points.txt
[22.567s] writing requirements to ../../build/my_python_package/my_python_package.egg-info/requires.txt
[22.568s] writing top-level names to ../../build/my_python_package/my_python_package.egg-info/top_level.txt
[22.574s] reading manifest file '../../build/my_python_package/my_python_package.egg-info/SOURCES.txt'
[22.589s] adding license file 'LICENSE'
[22.615s] writing manifest file '../../build/my_python_package/my_python_package.egg-info/SOURCES.txt'
[22.616s] running build
[22.617s] running build_py
[22.665s] running install
[22.687s] running install_lib
[22.692s] running install_data
[22.695s] running install_egg_info
[22.740s] removing '/home/pavitpc/ros2_ws/install/my_python_package/lib/python3.10/site-packages/my_python_package-0.0.0-py3.10.egg-info' (and everything under it)
[22.740s] Copying ../../build/my_python_package/my_python_package.egg-info to /home/pavitpc/ros2_ws/install/my_python_package/lib/python3.10/site-packages/my_python_package-0.0.0-py3.10.egg-info
[22.747s] running install_scripts
[23.077s] Installing my_node script to /home/pavitpc/ros2_ws/install/my_python_package/lib/my_python_package
[23.089s] writing list of installed files to '/home/pavitpc/ros2_ws/build/my_python_package/install.log'
[25.346s] Invoked command in '/home/pavitpc/ros2_ws/src/my_python_package' returned '0': PYTHONPATH=/home/pavitpc/ros2_ws/build/my_python_package/prefix_override:/home/pavitpc/ros2_ws/install/my_python_package/lib/python3.10/site-packages:${PYTHONPATH} /usr/bin/python3 setup.py egg_info --egg-base ../../build/my_python_package build --build-base /home/pavitpc/ros2_ws/build/my_python_package/build install --record /home/pavitpc/ros2_ws/build/my_python_package/install.log --single-version-externally-managed
