[1.001s] Invoking command in '/home/pavitpc/ros2_ws/build/action_tutorials_cpp': CMAKE_PREFIX_PATH=${CMAKE_PREFIX_PATH}:/opt/ros/humble /usr/bin/cmake --build /home/pavitpc/ros2_ws/build/action_tutorials_cpp -- -j4 -l4
[1.879s] [35m[1mConsolidate compiler generated dependencies of target action_client[0m
[2.014s] [ 25%] [32mBuilding CXX object CMakeFiles/action_client.dir/src/navigate_to_pose_action_client.cpp.o[0m
[29.934s] [ 50%] [32m[1mLinking CXX shared library libaction_client.so[0m
[31.265s] [ 50%] Built target action_client
[31.426s] [100%] Built target navigate_to_pose_action_client
[31.495s] Invoked command in '/home/pavitpc/ros2_ws/build/action_tutorials_cpp' returned '0': CMAKE_PREFIX_PATH=${CMAKE_PREFIX_PATH}:/opt/ros/humble /usr/bin/cmake --build /home/pavitpc/ros2_ws/build/action_tutorials_cpp -- -j4 -l4
[31.798s] Invoking command in '/home/pavitpc/ros2_ws/build/action_tutorials_cpp': CMAKE_PREFIX_PATH=${CMAKE_PREFIX_PATH}:/opt/ros/humble /usr/bin/cmake --install /home/pavitpc/ros2_ws/build/action_tutorials_cpp
[31.878s] -- Install configuration: ""
[31.885s] -- Execute custom install script
[31.885s] -- Up-to-date symlink: /home/pavitpc/ros2_ws/install/action_tutorials_cpp/lib/action_tutorials_cpp/navigate_to_pose_action_client
[31.886s] -- Up-to-date symlink: /home/pavitpc/ros2_ws/install/action_tutorials_cpp/lib/libaction_client.so
[31.893s] -- Up-to-date symlink: /home/pavitpc/ros2_ws/install/action_tutorials_cpp/share/ament_index/resource_index/package_run_dependencies/action_tutorials_cpp
[31.894s] -- Up-to-date symlink: /home/pavitpc/ros2_ws/install/action_tutorials_cpp/share/ament_index/resource_index/parent_prefix_path/action_tutorials_cpp
[31.911s] -- Up-to-date symlink: /home/pavitpc/ros2_ws/install/action_tutorials_cpp/share/action_tutorials_cpp/environment/ament_prefix_path.sh
[31.911s] -- Up-to-date symlink: /home/pavitpc/ros2_ws/install/action_tutorials_cpp/share/action_tutorials_cpp/environment/ament_prefix_path.dsv
[31.911s] -- Up-to-date symlink: /home/pavitpc/ros2_ws/install/action_tutorials_cpp/share/action_tutorials_cpp/environment/path.sh
[31.912s] -- Up-to-date symlink: /home/pavitpc/ros2_ws/install/action_tutorials_cpp/share/action_tutorials_cpp/environment/path.dsv
[31.912s] -- Up-to-date symlink: /home/pavitpc/ros2_ws/install/action_tutorials_cpp/share/action_tutorials_cpp/local_setup.bash
[31.912s] -- Up-to-date symlink: /home/pavitpc/ros2_ws/install/action_tutorials_cpp/share/action_tutorials_cpp/local_setup.sh
[31.914s] -- Up-to-date symlink: /home/pavitpc/ros2_ws/install/action_tutorials_cpp/share/action_tutorials_cpp/local_setup.zsh
[31.923s] -- Up-to-date symlink: /home/pavitpc/ros2_ws/install/action_tutorials_cpp/share/action_tutorials_cpp/local_setup.dsv
[31.923s] -- Symlinking: /home/pavitpc/ros2_ws/install/action_tutorials_cpp/share/action_tutorials_cpp/package.dsv
[31.982s] -- Up-to-date symlink: /home/pavitpc/ros2_ws/install/action_tutorials_cpp/share/ament_index/resource_index/packages/action_tutorials_cpp
[31.983s] -- Up-to-date symlink: /home/pavitpc/ros2_ws/install/action_tutorials_cpp/share/ament_index/resource_index/rclcpp_components/action_tutorials_cpp
[31.984s] -- Up-to-date symlink: /home/pavitpc/ros2_ws/install/action_tutorials_cpp/share/action_tutorials_cpp/cmake/action_tutorials_cppConfig.cmake
[31.984s] -- Up-to-date symlink: /home/pavitpc/ros2_ws/install/action_tutorials_cpp/share/action_tutorials_cpp/cmake/action_tutorials_cppConfig-version.cmake
[31.985s] -- Up-to-date symlink: /home/pavitpc/ros2_ws/install/action_tutorials_cpp/share/action_tutorials_cpp/package.xml
[32.021s] Invoked command in '/home/pavitpc/ros2_ws/build/action_tutorials_cpp' returned '0': CMAKE_PREFIX_PATH=${CMAKE_PREFIX_PATH}:/opt/ros/humble /usr/bin/cmake --install /home/pavitpc/ros2_ws/build/action_tutorials_cpp
