[1.816s] DEBUG:colcon:Command line arguments: ['/usr/bin/colcon', 'build', '--packages-select', 'my_cpp_py_pkg']
[1.816s] DEBUG:colcon:Parsed command line arguments: Namespace(log_base=None, log_level=None, verb_name='build', build_base='build', install_base='install', merge_install=False, symlink_install=False, test_result_base=None, continue_on_error=False, executor='parallel', parallel_workers=4, event_handlers=None, ignore_user_meta=False, metas=['./colcon.meta'], base_paths=['.'], packages_ignore=None, packages_ignore_regex=None, paths=None, packages_up_to=None, packages_up_to_regex=None, packages_above=None, packages_above_and_dependencies=None, packages_above_depth=None, packages_select_by_dep=None, packages_skip_by_dep=None, packages_skip_up_to=None, packages_select_build_failed=False, packages_skip_build_finished=False, packages_select_test_failures=False, packages_skip_test_passed=False, packages_select=['my_cpp_py_pkg'], packages_skip=None, packages_select_regex=None, packages_skip_regex=None, packages_start=None, packages_end=None, allow_overriding=[], cmake_args=None, cmake_target=None, cmake_target_skip_unavailable=False, cmake_clean_cache=False, cmake_clean_first=False, cmake_force_configure=False, ament_cmake_args=None, catkin_cmake_args=None, catkin_skip_building_tests=False, verb_parser=<colcon_defaults.argument_parser.defaults.DefaultArgumentsDecorator object at 0x7fc4cbf017b0>, verb_extension=<colcon_core.verb.build.BuildVerb object at 0x7fc4cc36cf40>, main=<bound method BuildVerb.main of <colcon_core.verb.build.BuildVerb object at 0x7fc4cc36cf40>>)
[2.492s] Level 1:colcon.colcon_core.package_discovery:discover_packages(colcon_meta) check parameters
[2.492s] Level 1:colcon.colcon_core.package_discovery:discover_packages(recursive) check parameters
[2.492s] Level 1:colcon.colcon_core.package_discovery:discover_packages(ignore) check parameters
[2.492s] Level 1:colcon.colcon_core.package_discovery:discover_packages(path) check parameters
[2.492s] Level 1:colcon.colcon_core.package_discovery:discover_packages(colcon_meta) discover
[2.493s] Level 1:colcon.colcon_core.package_discovery:discover_packages(recursive) discover
[2.493s] INFO:colcon.colcon_core.package_discovery:Crawling recursively for packages in '/home/pavitpc/ros2_ws'
[2.493s] Level 1:colcon.colcon_core.package_identification:_identify(.) by extensions ['ignore', 'ignore_ament_install']
[2.493s] Level 1:colcon.colcon_core.package_identification:_identify(.) by extension 'ignore'
[2.493s] Level 1:colcon.colcon_core.package_identification:_identify(.) by extension 'ignore_ament_install'
[2.493s] Level 1:colcon.colcon_core.package_identification:_identify(.) by extensions ['colcon_pkg']
[2.494s] Level 1:colcon.colcon_core.package_identification:_identify(.) by extension 'colcon_pkg'
[2.494s] Level 1:colcon.colcon_core.package_identification:_identify(.) by extensions ['colcon_meta']
[2.494s] Level 1:colcon.colcon_core.package_identification:_identify(.) by extension 'colcon_meta'
[2.494s] Level 1:colcon.colcon_core.package_identification:_identify(.) by extensions ['ros']
[2.494s] Level 1:colcon.colcon_core.package_identification:_identify(.) by extension 'ros'
[2.599s] Level 1:colcon.colcon_core.package_identification:_identify(.) by extensions ['cmake', 'python']
[2.599s] Level 1:colcon.colcon_core.package_identification:_identify(.) by extension 'cmake'
[2.599s] Level 1:colcon.colcon_core.package_identification:_identify(.) by extension 'python'
[2.599s] Level 1:colcon.colcon_core.package_identification:_identify(.) by extensions ['python_setup_py']
[2.599s] Level 1:colcon.colcon_core.package_identification:_identify(.) by extension 'python_setup_py'
[2.599s] Level 1:colcon.colcon_core.package_identification:_identify(build) by extensions ['ignore', 'ignore_ament_install']
[2.599s] Level 1:colcon.colcon_core.package_identification:_identify(build) by extension 'ignore'
[2.600s] Level 1:colcon.colcon_core.package_identification:_identify(build) ignored
[2.600s] Level 1:colcon.colcon_core.package_identification:_identify(install) by extensions ['ignore', 'ignore_ament_install']
[2.600s] Level 1:colcon.colcon_core.package_identification:_identify(install) by extension 'ignore'
[2.600s] Level 1:colcon.colcon_core.package_identification:_identify(install) ignored
[2.616s] Level 1:colcon.colcon_core.package_identification:_identify(log) by extensions ['ignore', 'ignore_ament_install']
[2.616s] Level 1:colcon.colcon_core.package_identification:_identify(log) by extension 'ignore'
[2.616s] Level 1:colcon.colcon_core.package_identification:_identify(log) ignored
[2.617s] Level 1:colcon.colcon_core.package_identification:_identify(src) by extensions ['ignore', 'ignore_ament_install']
[2.617s] Level 1:colcon.colcon_core.package_identification:_identify(src) by extension 'ignore'
[2.617s] Level 1:colcon.colcon_core.package_identification:_identify(src) by extension 'ignore_ament_install'
[2.617s] Level 1:colcon.colcon_core.package_identification:_identify(src) by extensions ['colcon_pkg']
[2.617s] Level 1:colcon.colcon_core.package_identification:_identify(src) by extension 'colcon_pkg'
[2.617s] Level 1:colcon.colcon_core.package_identification:_identify(src) by extensions ['colcon_meta']
[2.617s] Level 1:colcon.colcon_core.package_identification:_identify(src) by extension 'colcon_meta'
[2.617s] Level 1:colcon.colcon_core.package_identification:_identify(src) by extensions ['ros']
[2.617s] Level 1:colcon.colcon_core.package_identification:_identify(src) by extension 'ros'
[2.617s] Level 1:colcon.colcon_core.package_identification:_identify(src) by extensions ['cmake', 'python']
[2.617s] Level 1:colcon.colcon_core.package_identification:_identify(src) by extension 'cmake'
[2.618s] Level 1:colcon.colcon_core.package_identification:_identify(src) by extension 'python'
[2.618s] Level 1:colcon.colcon_core.package_identification:_identify(src) by extensions ['python_setup_py']
[2.618s] Level 1:colcon.colcon_core.package_identification:_identify(src) by extension 'python_setup_py'
[2.618s] Level 1:colcon.colcon_core.package_identification:_identify(src/my_cpp_py_pkg) by extensions ['ignore', 'ignore_ament_install']
[2.618s] Level 1:colcon.colcon_core.package_identification:_identify(src/my_cpp_py_pkg) by extension 'ignore'
[2.618s] Level 1:colcon.colcon_core.package_identification:_identify(src/my_cpp_py_pkg) by extension 'ignore_ament_install'
[2.618s] Level 1:colcon.colcon_core.package_identification:_identify(src/my_cpp_py_pkg) by extensions ['colcon_pkg']
[2.618s] Level 1:colcon.colcon_core.package_identification:_identify(src/my_cpp_py_pkg) by extension 'colcon_pkg'
[2.618s] Level 1:colcon.colcon_core.package_identification:_identify(src/my_cpp_py_pkg) by extensions ['colcon_meta']
[2.618s] Level 1:colcon.colcon_core.package_identification:_identify(src/my_cpp_py_pkg) by extension 'colcon_meta'
[2.618s] Level 1:colcon.colcon_core.package_identification:_identify(src/my_cpp_py_pkg) by extensions ['ros']
[2.618s] Level 1:colcon.colcon_core.package_identification:_identify(src/my_cpp_py_pkg) by extension 'ros'
[2.642s] DEBUG:colcon.colcon_core.package_identification:Package 'src/my_cpp_py_pkg' with type 'ros.ament_cmake' and name 'my_cpp_py_pkg'
[2.665s] Level 1:colcon.colcon_core.package_identification:_identify(src/my_robot_controller) by extensions ['ignore', 'ignore_ament_install']
[2.666s] Level 1:colcon.colcon_core.package_identification:_identify(src/my_robot_controller) by extension 'ignore'
[2.666s] Level 1:colcon.colcon_core.package_identification:_identify(src/my_robot_controller) by extension 'ignore_ament_install'
[2.666s] Level 1:colcon.colcon_core.package_identification:_identify(src/my_robot_controller) by extensions ['colcon_pkg']
[2.666s] Level 1:colcon.colcon_core.package_identification:_identify(src/my_robot_controller) by extension 'colcon_pkg'
[2.666s] Level 1:colcon.colcon_core.package_identification:_identify(src/my_robot_controller) by extensions ['colcon_meta']
[2.666s] Level 1:colcon.colcon_core.package_identification:_identify(src/my_robot_controller) by extension 'colcon_meta'
[2.666s] Level 1:colcon.colcon_core.package_identification:_identify(src/my_robot_controller) by extensions ['ros']
[2.666s] Level 1:colcon.colcon_core.package_identification:_identify(src/my_robot_controller) by extension 'ros'
[2.708s] DEBUG:colcon.colcon_core.package_identification:Package 'src/my_robot_controller' with type 'ros.ament_python' and name 'my_robot_controller'
[2.708s] Level 1:colcon.colcon_core.package_discovery:discover_packages(recursive) using defaults
[2.708s] Level 1:colcon.colcon_core.package_discovery:discover_packages(ignore) discover
[2.708s] Level 1:colcon.colcon_core.package_discovery:discover_packages(ignore) using defaults
[2.708s] Level 1:colcon.colcon_core.package_discovery:discover_packages(path) discover
[2.708s] Level 1:colcon.colcon_core.package_discovery:discover_packages(path) using defaults
[3.086s] INFO:colcon.colcon_core.package_selection:Skipping not selected package 'my_robot_controller' in 'src/my_robot_controller'
[3.134s] Level 1:colcon.colcon_core.package_discovery:discover_packages(prefix_path) check parameters
[3.134s] Level 1:colcon.colcon_core.package_discovery:discover_packages(prefix_path) discover
[3.221s] DEBUG:colcon.colcon_installed_package_information.package_discovery:Found 1 installed packages in /home/pavitpc/ros2_ws/install
[3.289s] DEBUG:colcon.colcon_installed_package_information.package_discovery:Found 385 installed packages in /opt/ros/humble
[3.292s] Level 1:colcon.colcon_core.package_discovery:discover_packages(prefix_path) using defaults
[6.735s] Level 5:colcon.colcon_core.verb:set package 'my_cpp_py_pkg' build argument 'cmake_args' from command line to 'None'
[6.735s] Level 5:colcon.colcon_core.verb:set package 'my_cpp_py_pkg' build argument 'cmake_target' from command line to 'None'
[6.735s] Level 5:colcon.colcon_core.verb:set package 'my_cpp_py_pkg' build argument 'cmake_target_skip_unavailable' from command line to 'False'
[6.735s] Level 5:colcon.colcon_core.verb:set package 'my_cpp_py_pkg' build argument 'cmake_clean_cache' from command line to 'False'
[6.735s] Level 5:colcon.colcon_core.verb:set package 'my_cpp_py_pkg' build argument 'cmake_clean_first' from command line to 'False'
[6.735s] Level 5:colcon.colcon_core.verb:set package 'my_cpp_py_pkg' build argument 'cmake_force_configure' from command line to 'False'
[6.735s] Level 5:colcon.colcon_core.verb:set package 'my_cpp_py_pkg' build argument 'ament_cmake_args' from command line to 'None'
[6.735s] Level 5:colcon.colcon_core.verb:set package 'my_cpp_py_pkg' build argument 'catkin_cmake_args' from command line to 'None'
[6.735s] Level 5:colcon.colcon_core.verb:set package 'my_cpp_py_pkg' build argument 'catkin_skip_building_tests' from command line to 'False'
[6.735s] DEBUG:colcon.colcon_core.verb:Building package 'my_cpp_py_pkg' with the following arguments: {'ament_cmake_args': None, 'build_base': '/home/pavitpc/ros2_ws/build/my_cpp_py_pkg', 'catkin_cmake_args': None, 'catkin_skip_building_tests': False, 'cmake_args': None, 'cmake_clean_cache': False, 'cmake_clean_first': False, 'cmake_force_configure': False, 'cmake_target': None, 'cmake_target_skip_unavailable': False, 'install_base': '/home/pavitpc/ros2_ws/install/my_cpp_py_pkg', 'merge_install': False, 'path': '/home/pavitpc/ros2_ws/src/my_cpp_py_pkg', 'symlink_install': False, 'test_result_base': None}
[6.761s] INFO:colcon.colcon_core.executor:Executing jobs using 'parallel' executor
[6.787s] DEBUG:colcon.colcon_parallel_executor.executor.parallel:run_until_complete
[6.787s] INFO:colcon.colcon_ros.task.ament_cmake.build:Building ROS package in '/home/pavitpc/ros2_ws/src/my_cpp_py_pkg' with build type 'ament_cmake'
[6.787s] INFO:colcon.colcon_cmake.task.cmake.build:Building CMake package in '/home/pavitpc/ros2_ws/src/my_cpp_py_pkg'
[7.080s] INFO:colcon.colcon_core.plugin_system:Skipping extension 'colcon_core.shell.bat': Not used on non-Windows systems
[7.080s] INFO:colcon.colcon_core.shell:Skip shell extension 'powershell' for command environment: Not usable outside of PowerShell
[7.080s] DEBUG:colcon.colcon_core.shell:Skip shell extension 'dsv' for command environment
[7.228s] DEBUG:colcon.colcon_core.event_handler.log_command:Invoking command in '/home/pavitpc/ros2_ws/build/my_cpp_py_pkg': CMAKE_PREFIX_PATH=/home/pavitpc/ros2_ws/install/my_robot_controller:/opt/ros/humble /usr/bin/cmake /home/pavitpc/ros2_ws/src/my_cpp_py_pkg -DCMAKE_INSTALL_PREFIX=/home/pavitpc/ros2_ws/install/my_cpp_py_pkg
[13.855s] DEBUG:colcon.colcon_core.event_handler.log_command:Invoked command in '/home/pavitpc/ros2_ws/build/my_cpp_py_pkg' returned '1': CMAKE_PREFIX_PATH=/home/pavitpc/ros2_ws/install/my_robot_controller:/opt/ros/humble /usr/bin/cmake /home/pavitpc/ros2_ws/src/my_cpp_py_pkg -DCMAKE_INSTALL_PREFIX=/home/pavitpc/ros2_ws/install/my_cpp_py_pkg
[13.874s] Level 1:colcon.colcon_core.environment:create_environment_scripts_only(my_cpp_py_pkg)
[14.028s] Level 1:colcon.colcon_core.environment:checking '/home/pavitpc/ros2_ws/install/my_cpp_py_pkg' for CMake module files
[14.029s] Level 1:colcon.colcon_core.environment:checking '/home/pavitpc/ros2_ws/install/my_cpp_py_pkg' for CMake config files
[14.030s] Level 1:colcon.colcon_core.environment:checking '/home/pavitpc/ros2_ws/install/my_cpp_py_pkg/bin'
[14.030s] Level 1:colcon.colcon_core.environment:checking '/home/pavitpc/ros2_ws/install/my_cpp_py_pkg/lib/pkgconfig/my_cpp_py_pkg.pc'
[14.030s] Level 1:colcon.colcon_core.environment:checking '/home/pavitpc/ros2_ws/install/my_cpp_py_pkg/lib/python3.10/site-packages'
[14.031s] Level 1:colcon.colcon_core.environment:checking '/home/pavitpc/ros2_ws/install/my_cpp_py_pkg/bin'
[14.077s] INFO:colcon.colcon_core.shell:Creating package script '/home/pavitpc/ros2_ws/install/my_cpp_py_pkg/share/my_cpp_py_pkg/package.ps1'
[14.095s] INFO:colcon.colcon_core.shell:Creating package descriptor '/home/pavitpc/ros2_ws/install/my_cpp_py_pkg/share/my_cpp_py_pkg/package.dsv'
[14.119s] INFO:colcon.colcon_core.shell:Creating package script '/home/pavitpc/ros2_ws/install/my_cpp_py_pkg/share/my_cpp_py_pkg/package.sh'
[14.121s] INFO:colcon.colcon_core.shell:Creating package script '/home/pavitpc/ros2_ws/install/my_cpp_py_pkg/share/my_cpp_py_pkg/package.bash'
[14.152s] INFO:colcon.colcon_core.shell:Creating package script '/home/pavitpc/ros2_ws/install/my_cpp_py_pkg/share/my_cpp_py_pkg/package.zsh'
[14.155s] Level 1:colcon.colcon_core.environment:create_file_with_runtime_dependencies(/home/pavitpc/ros2_ws/install/my_cpp_py_pkg/share/colcon-core/packages/my_cpp_py_pkg)
[14.166s] DEBUG:colcon.colcon_parallel_executor.executor.parallel:closing loop
[14.166s] DEBUG:colcon.colcon_parallel_executor.executor.parallel:loop closed
[14.166s] DEBUG:colcon.colcon_parallel_executor.executor.parallel:run_until_complete finished with '1'
[14.166s] DEBUG:colcon.colcon_core.event_reactor:joining thread
[14.436s] INFO:colcon.colcon_core.plugin_system:Skipping extension 'colcon_notification.desktop_notification.terminal_notifier': Not used on non-Darwin systems
[14.436s] INFO:colcon.colcon_core.plugin_system:Skipping extension 'colcon_notification.desktop_notification.win32': Not used on non-Windows systems
[14.436s] INFO:colcon.colcon_notification.desktop_notification:Sending desktop notification using 'notify2'
[17.549s] DEBUG:colcon.colcon_core.event_reactor:joined thread
[17.573s] INFO:colcon.colcon_core.shell:Creating prefix script '/home/pavitpc/ros2_ws/install/local_setup.ps1'
[17.698s] INFO:colcon.colcon_core.shell:Creating prefix util module '/home/pavitpc/ros2_ws/install/_local_setup_util_ps1.py'
[17.720s] INFO:colcon.colcon_core.shell:Creating prefix chain script '/home/pavitpc/ros2_ws/install/setup.ps1'
[17.747s] INFO:colcon.colcon_core.shell:Creating prefix script '/home/pavitpc/ros2_ws/install/local_setup.sh'
[17.748s] INFO:colcon.colcon_core.shell:Creating prefix util module '/home/pavitpc/ros2_ws/install/_local_setup_util_sh.py'
[17.749s] INFO:colcon.colcon_core.shell:Creating prefix chain script '/home/pavitpc/ros2_ws/install/setup.sh'
[17.774s] INFO:colcon.colcon_core.shell:Creating prefix script '/home/pavitpc/ros2_ws/install/local_setup.bash'
[17.807s] INFO:colcon.colcon_core.shell:Creating prefix chain script '/home/pavitpc/ros2_ws/install/setup.bash'
[17.833s] INFO:colcon.colcon_core.shell:Creating prefix script '/home/pavitpc/ros2_ws/install/local_setup.zsh'
[17.834s] INFO:colcon.colcon_core.shell:Creating prefix chain script '/home/pavitpc/ros2_ws/install/setup.zsh'
