[35.619s] DEBUG:colcon:Command line arguments: ['/usr/bin/colcon', 'list', '-p', '--base-paths', '/home/pavitpc/ros2_ws']
[35.619s] DEBUG:colcon:Parsed command line arguments: Namespace(log_base=None, log_level=None, verb_name='list', build_base='build', ignore_user_meta=False, metas=['./colcon.meta'], base_paths=['/home/pavitpc/ros2_ws'], packages_ignore=None, packages_ignore_regex=None, paths=None, packages_up_to=None, packages_up_to_regex=None, packages_above=None, packages_above_and_dependencies=None, packages_above_depth=None, packages_select_by_dep=None, packages_skip_by_dep=None, packages_skip_up_to=None, packages_select_build_failed=False, packages_skip_build_finished=False, packages_select_test_failures=False, packages_skip_test_passed=False, packages_select=None, packages_skip=None, packages_select_regex=None, packages_skip_regex=None, packages_start=None, packages_end=None, allow_overriding=[], topological_order=False, names_only=False, paths_only=True, topological_graph=False, topological_graph_dot=False, topological_graph_density=False, topological_graph_legend=False, topological_graph_dot_cluster=False, topological_graph_dot_include_skipped=False, verb_parser=<colcon_defaults.argument_parser.defaults.DefaultArgumentsDecorator object at 0x7f586feac700>, verb_extension=<colcon_package_information.verb.list.ListVerb object at 0x7f586fead3f0>, main=<bound method ListVerb.main of <colcon_package_information.verb.list.ListVerb object at 0x7f586fead3f0>>)
[37.657s] Level 1:colcon.colcon_core.package_discovery:discover_packages(colcon_meta) check parameters
[37.658s] Level 1:colcon.colcon_core.package_discovery:discover_packages(recursive) check parameters
[37.658s] Level 1:colcon.colcon_core.package_discovery:discover_packages(ignore) check parameters
[37.658s] Level 1:colcon.colcon_core.package_discovery:discover_packages(path) check parameters
[37.658s] Level 1:colcon.colcon_core.package_discovery:discover_packages(recursive) discover
[37.658s] INFO:colcon.colcon_core.package_discovery:Crawling recursively for packages in '/home/pavitpc/ros2_ws'
[37.658s] Level 1:colcon.colcon_core.package_identification:_identify(/home/pavitpc/ros2_ws) by extensions ['ignore', 'ignore_ament_install']
[37.659s] Level 1:colcon.colcon_core.package_identification:_identify(/home/pavitpc/ros2_ws) by extension 'ignore'
[37.659s] Level 1:colcon.colcon_core.package_identification:_identify(/home/pavitpc/ros2_ws) by extension 'ignore_ament_install'
[37.659s] Level 1:colcon.colcon_core.package_identification:_identify(/home/pavitpc/ros2_ws) by extensions ['colcon_pkg']
[37.659s] Level 1:colcon.colcon_core.package_identification:_identify(/home/pavitpc/ros2_ws) by extension 'colcon_pkg'
[37.659s] Level 1:colcon.colcon_core.package_identification:_identify(/home/pavitpc/ros2_ws) by extensions ['colcon_meta']
[37.659s] Level 1:colcon.colcon_core.package_identification:_identify(/home/pavitpc/ros2_ws) by extension 'colcon_meta'
[37.659s] Level 1:colcon.colcon_core.package_identification:_identify(/home/pavitpc/ros2_ws) by extensions ['ros']
[37.659s] Level 1:colcon.colcon_core.package_identification:_identify(/home/pavitpc/ros2_ws) by extension 'ros'
[38.092s] Level 1:colcon.colcon_core.package_identification:_identify(/home/pavitpc/ros2_ws) by extensions ['cmake', 'python']
[38.092s] Level 1:colcon.colcon_core.package_identification:_identify(/home/pavitpc/ros2_ws) by extension 'cmake'
[38.092s] Level 1:colcon.colcon_core.package_identification:_identify(/home/pavitpc/ros2_ws) by extension 'python'
[38.092s] Level 1:colcon.colcon_core.package_identification:_identify(/home/pavitpc/ros2_ws) by extensions ['python_setup_py']
[38.092s] Level 1:colcon.colcon_core.package_identification:_identify(/home/pavitpc/ros2_ws) by extension 'python_setup_py'
[38.093s] Level 1:colcon.colcon_core.package_identification:_identify(/home/pavitpc/ros2_ws/build) by extensions ['ignore', 'ignore_ament_install']
[38.093s] Level 1:colcon.colcon_core.package_identification:_identify(/home/pavitpc/ros2_ws/build) by extension 'ignore'
[38.093s] Level 1:colcon.colcon_core.package_identification:_identify(/home/pavitpc/ros2_ws/build) ignored
[38.094s] Level 1:colcon.colcon_core.package_identification:_identify(/home/pavitpc/ros2_ws/install) by extensions ['ignore', 'ignore_ament_install']
[38.094s] Level 1:colcon.colcon_core.package_identification:_identify(/home/pavitpc/ros2_ws/install) by extension 'ignore'
[38.094s] Level 1:colcon.colcon_core.package_identification:_identify(/home/pavitpc/ros2_ws/install) ignored
[38.094s] Level 1:colcon.colcon_core.package_identification:_identify(/home/pavitpc/ros2_ws/log) by extensions ['ignore', 'ignore_ament_install']
[38.095s] Level 1:colcon.colcon_core.package_identification:_identify(/home/pavitpc/ros2_ws/log) by extension 'ignore'
[38.095s] Level 1:colcon.colcon_core.package_identification:_identify(/home/pavitpc/ros2_ws/log) ignored
[38.209s] Level 1:colcon.colcon_core.package_identification:_identify(/home/pavitpc/ros2_ws/src) by extensions ['ignore', 'ignore_ament_install']
[38.209s] Level 1:colcon.colcon_core.package_identification:_identify(/home/pavitpc/ros2_ws/src) by extension 'ignore'
[38.209s] Level 1:colcon.colcon_core.package_identification:_identify(/home/pavitpc/ros2_ws/src) by extension 'ignore_ament_install'
[38.209s] Level 1:colcon.colcon_core.package_identification:_identify(/home/pavitpc/ros2_ws/src) by extensions ['colcon_pkg']
[38.209s] Level 1:colcon.colcon_core.package_identification:_identify(/home/pavitpc/ros2_ws/src) by extension 'colcon_pkg'
[38.210s] Level 1:colcon.colcon_core.package_identification:_identify(/home/pavitpc/ros2_ws/src) by extensions ['colcon_meta']
[38.210s] Level 1:colcon.colcon_core.package_identification:_identify(/home/pavitpc/ros2_ws/src) by extension 'colcon_meta'
[38.210s] Level 1:colcon.colcon_core.package_identification:_identify(/home/pavitpc/ros2_ws/src) by extensions ['ros']
[38.210s] Level 1:colcon.colcon_core.package_identification:_identify(/home/pavitpc/ros2_ws/src) by extension 'ros'
[38.210s] Level 1:colcon.colcon_core.package_identification:_identify(/home/pavitpc/ros2_ws/src) by extensions ['cmake', 'python']
[38.210s] Level 1:colcon.colcon_core.package_identification:_identify(/home/pavitpc/ros2_ws/src) by extension 'cmake'
[38.210s] Level 1:colcon.colcon_core.package_identification:_identify(/home/pavitpc/ros2_ws/src) by extension 'python'
[38.210s] Level 1:colcon.colcon_core.package_identification:_identify(/home/pavitpc/ros2_ws/src) by extensions ['python_setup_py']
[38.210s] Level 1:colcon.colcon_core.package_identification:_identify(/home/pavitpc/ros2_ws/src) by extension 'python_setup_py'
[38.219s] Level 1:colcon.colcon_core.package_identification:_identify(/home/pavitpc/ros2_ws/src/action_tutorials_cpp) by extensions ['ignore', 'ignore_ament_install']
[38.219s] Level 1:colcon.colcon_core.package_identification:_identify(/home/pavitpc/ros2_ws/src/action_tutorials_cpp) by extension 'ignore'
[38.220s] Level 1:colcon.colcon_core.package_identification:_identify(/home/pavitpc/ros2_ws/src/action_tutorials_cpp) by extension 'ignore_ament_install'
[38.220s] Level 1:colcon.colcon_core.package_identification:_identify(/home/pavitpc/ros2_ws/src/action_tutorials_cpp) by extensions ['colcon_pkg']
[38.220s] Level 1:colcon.colcon_core.package_identification:_identify(/home/pavitpc/ros2_ws/src/action_tutorials_cpp) by extension 'colcon_pkg'
[38.220s] Level 1:colcon.colcon_core.package_identification:_identify(/home/pavitpc/ros2_ws/src/action_tutorials_cpp) by extensions ['colcon_meta']
[38.220s] Level 1:colcon.colcon_core.package_identification:_identify(/home/pavitpc/ros2_ws/src/action_tutorials_cpp) by extension 'colcon_meta'
[38.221s] Level 1:colcon.colcon_core.package_identification:_identify(/home/pavitpc/ros2_ws/src/action_tutorials_cpp) by extensions ['ros']
[38.221s] Level 1:colcon.colcon_core.package_identification:_identify(/home/pavitpc/ros2_ws/src/action_tutorials_cpp) by extension 'ros'
[38.310s] DEBUG:colcon.colcon_core.package_identification:Package '/home/pavitpc/ros2_ws/src/action_tutorials_cpp' with type 'ros.ament_cmake' and name 'action_tutorials_cpp'
[38.310s] Level 1:colcon.colcon_core.package_identification:_identify(/home/pavitpc/ros2_ws/src/build) by extensions ['ignore', 'ignore_ament_install']
[38.311s] Level 1:colcon.colcon_core.package_identification:_identify(/home/pavitpc/ros2_ws/src/build) by extension 'ignore'
[38.311s] Level 1:colcon.colcon_core.package_identification:_identify(/home/pavitpc/ros2_ws/src/build) by extension 'ignore_ament_install'
[38.311s] Level 1:colcon.colcon_core.package_identification:_identify(/home/pavitpc/ros2_ws/src/build) by extensions ['colcon_pkg']
[38.311s] Level 1:colcon.colcon_core.package_identification:_identify(/home/pavitpc/ros2_ws/src/build) by extension 'colcon_pkg'
[38.311s] Level 1:colcon.colcon_core.package_identification:_identify(/home/pavitpc/ros2_ws/src/build) by extensions ['colcon_meta']
[38.311s] Level 1:colcon.colcon_core.package_identification:_identify(/home/pavitpc/ros2_ws/src/build) by extension 'colcon_meta'
[38.311s] Level 1:colcon.colcon_core.package_identification:_identify(/home/pavitpc/ros2_ws/src/build) by extensions ['ros']
[38.311s] Level 1:colcon.colcon_core.package_identification:_identify(/home/pavitpc/ros2_ws/src/build) by extension 'ros'
[38.312s] Level 1:colcon.colcon_core.package_identification:_identify(/home/pavitpc/ros2_ws/src/build) by extensions ['cmake', 'python']
[38.312s] Level 1:colcon.colcon_core.package_identification:_identify(/home/pavitpc/ros2_ws/src/build) by extension 'cmake'
[38.312s] Level 1:colcon.colcon_core.package_identification:_identify(/home/pavitpc/ros2_ws/src/build) by extension 'python'
[38.312s] Level 1:colcon.colcon_core.package_identification:_identify(/home/pavitpc/ros2_ws/src/build) by extensions ['python_setup_py']
[38.312s] Level 1:colcon.colcon_core.package_identification:_identify(/home/pavitpc/ros2_ws/src/build) by extension 'python_setup_py'
[38.324s] Level 1:colcon.colcon_core.package_identification:_identify(/home/pavitpc/ros2_ws/src/build/CMakeFiles) by extensions ['ignore', 'ignore_ament_install']
[38.324s] Level 1:colcon.colcon_core.package_identification:_identify(/home/pavitpc/ros2_ws/src/build/CMakeFiles) by extension 'ignore'
[38.324s] Level 1:colcon.colcon_core.package_identification:_identify(/home/pavitpc/ros2_ws/src/build/CMakeFiles) by extension 'ignore_ament_install'
[38.324s] Level 1:colcon.colcon_core.package_identification:_identify(/home/pavitpc/ros2_ws/src/build/CMakeFiles) by extensions ['colcon_pkg']
[38.325s] Level 1:colcon.colcon_core.package_identification:_identify(/home/pavitpc/ros2_ws/src/build/CMakeFiles) by extension 'colcon_pkg'
[38.325s] Level 1:colcon.colcon_core.package_identification:_identify(/home/pavitpc/ros2_ws/src/build/CMakeFiles) by extensions ['colcon_meta']
[38.325s] Level 1:colcon.colcon_core.package_identification:_identify(/home/pavitpc/ros2_ws/src/build/CMakeFiles) by extension 'colcon_meta'
[38.325s] Level 1:colcon.colcon_core.package_identification:_identify(/home/pavitpc/ros2_ws/src/build/CMakeFiles) by extensions ['ros']
[38.325s] Level 1:colcon.colcon_core.package_identification:_identify(/home/pavitpc/ros2_ws/src/build/CMakeFiles) by extension 'ros'
[38.325s] Level 1:colcon.colcon_core.package_identification:_identify(/home/pavitpc/ros2_ws/src/build/CMakeFiles) by extensions ['cmake', 'python']
[38.325s] Level 1:colcon.colcon_core.package_identification:_identify(/home/pavitpc/ros2_ws/src/build/CMakeFiles) by extension 'cmake'
[38.325s] Level 1:colcon.colcon_core.package_identification:_identify(/home/pavitpc/ros2_ws/src/build/CMakeFiles) by extension 'python'
[38.326s] Level 1:colcon.colcon_core.package_identification:_identify(/home/pavitpc/ros2_ws/src/build/CMakeFiles) by extensions ['python_setup_py']
[38.326s] Level 1:colcon.colcon_core.package_identification:_identify(/home/pavitpc/ros2_ws/src/build/CMakeFiles) by extension 'python_setup_py'
[38.326s] Level 1:colcon.colcon_core.package_identification:_identify(/home/pavitpc/ros2_ws/src/build/CMakeFiles/3.22.1) by extensions ['ignore', 'ignore_ament_install']
[38.327s] Level 1:colcon.colcon_core.package_identification:_identify(/home/pavitpc/ros2_ws/src/build/CMakeFiles/3.22.1) by extension 'ignore'
[38.327s] Level 1:colcon.colcon_core.package_identification:_identify(/home/pavitpc/ros2_ws/src/build/CMakeFiles/3.22.1) by extension 'ignore_ament_install'
[38.327s] Level 1:colcon.colcon_core.package_identification:_identify(/home/pavitpc/ros2_ws/src/build/CMakeFiles/3.22.1) by extensions ['colcon_pkg']
[38.327s] Level 1:colcon.colcon_core.package_identification:_identify(/home/pavitpc/ros2_ws/src/build/CMakeFiles/3.22.1) by extension 'colcon_pkg'
[38.327s] Level 1:colcon.colcon_core.package_identification:_identify(/home/pavitpc/ros2_ws/src/build/CMakeFiles/3.22.1) by extensions ['colcon_meta']
[38.328s] Level 1:colcon.colcon_core.package_identification:_identify(/home/pavitpc/ros2_ws/src/build/CMakeFiles/3.22.1) by extension 'colcon_meta'
[38.328s] Level 1:colcon.colcon_core.package_identification:_identify(/home/pavitpc/ros2_ws/src/build/CMakeFiles/3.22.1) by extensions ['ros']
[38.328s] Level 1:colcon.colcon_core.package_identification:_identify(/home/pavitpc/ros2_ws/src/build/CMakeFiles/3.22.1) by extension 'ros'
[38.328s] Level 1:colcon.colcon_core.package_identification:_identify(/home/pavitpc/ros2_ws/src/build/CMakeFiles/3.22.1) by extensions ['cmake', 'python']
[38.328s] Level 1:colcon.colcon_core.package_identification:_identify(/home/pavitpc/ros2_ws/src/build/CMakeFiles/3.22.1) by extension 'cmake'
[38.328s] Level 1:colcon.colcon_core.package_identification:_identify(/home/pavitpc/ros2_ws/src/build/CMakeFiles/3.22.1) by extension 'python'
[38.328s] Level 1:colcon.colcon_core.package_identification:_identify(/home/pavitpc/ros2_ws/src/build/CMakeFiles/3.22.1) by extensions ['python_setup_py']
[38.328s] Level 1:colcon.colcon_core.package_identification:_identify(/home/pavitpc/ros2_ws/src/build/CMakeFiles/3.22.1) by extension 'python_setup_py'
[38.329s] Level 1:colcon.colcon_core.package_identification:_identify(/home/pavitpc/ros2_ws/src/build/CMakeFiles/3.22.1/CompilerIdC) by extensions ['ignore', 'ignore_ament_install']
[38.329s] Level 1:colcon.colcon_core.package_identification:_identify(/home/pavitpc/ros2_ws/src/build/CMakeFiles/3.22.1/CompilerIdC) by extension 'ignore'
[38.329s] Level 1:colcon.colcon_core.package_identification:_identify(/home/pavitpc/ros2_ws/src/build/CMakeFiles/3.22.1/CompilerIdC) by extension 'ignore_ament_install'
[38.330s] Level 1:colcon.colcon_core.package_identification:_identify(/home/pavitpc/ros2_ws/src/build/CMakeFiles/3.22.1/CompilerIdC) by extensions ['colcon_pkg']
[38.330s] Level 1:colcon.colcon_core.package_identification:_identify(/home/pavitpc/ros2_ws/src/build/CMakeFiles/3.22.1/CompilerIdC) by extension 'colcon_pkg'
[38.330s] Level 1:colcon.colcon_core.package_identification:_identify(/home/pavitpc/ros2_ws/src/build/CMakeFiles/3.22.1/CompilerIdC) by extensions ['colcon_meta']
[38.330s] Level 1:colcon.colcon_core.package_identification:_identify(/home/pavitpc/ros2_ws/src/build/CMakeFiles/3.22.1/CompilerIdC) by extension 'colcon_meta'
[38.330s] Level 1:colcon.colcon_core.package_identification:_identify(/home/pavitpc/ros2_ws/src/build/CMakeFiles/3.22.1/CompilerIdC) by extensions ['ros']
[38.330s] Level 1:colcon.colcon_core.package_identification:_identify(/home/pavitpc/ros2_ws/src/build/CMakeFiles/3.22.1/CompilerIdC) by extension 'ros'
[38.330s] Level 1:colcon.colcon_core.package_identification:_identify(/home/pavitpc/ros2_ws/src/build/CMakeFiles/3.22.1/CompilerIdC) by extensions ['cmake', 'python']
[38.331s] Level 1:colcon.colcon_core.package_identification:_identify(/home/pavitpc/ros2_ws/src/build/CMakeFiles/3.22.1/CompilerIdC) by extension 'cmake'
[38.331s] Level 1:colcon.colcon_core.package_identification:_identify(/home/pavitpc/ros2_ws/src/build/CMakeFiles/3.22.1/CompilerIdC) by extension 'python'
[38.331s] Level 1:colcon.colcon_core.package_identification:_identify(/home/pavitpc/ros2_ws/src/build/CMakeFiles/3.22.1/CompilerIdC) by extensions ['python_setup_py']
[38.331s] Level 1:colcon.colcon_core.package_identification:_identify(/home/pavitpc/ros2_ws/src/build/CMakeFiles/3.22.1/CompilerIdC) by extension 'python_setup_py'
[38.331s] Level 1:colcon.colcon_core.package_identification:_identify(/home/pavitpc/ros2_ws/src/build/CMakeFiles/3.22.1/CompilerIdC/tmp) by extensions ['ignore', 'ignore_ament_install']
[38.332s] Level 1:colcon.colcon_core.package_identification:_identify(/home/pavitpc/ros2_ws/src/build/CMakeFiles/3.22.1/CompilerIdC/tmp) by extension 'ignore'
[38.332s] Level 1:colcon.colcon_core.package_identification:_identify(/home/pavitpc/ros2_ws/src/build/CMakeFiles/3.22.1/CompilerIdC/tmp) by extension 'ignore_ament_install'
[38.332s] Level 1:colcon.colcon_core.package_identification:_identify(/home/pavitpc/ros2_ws/src/build/CMakeFiles/3.22.1/CompilerIdC/tmp) by extensions ['colcon_pkg']
[38.333s] Level 1:colcon.colcon_core.package_identification:_identify(/home/pavitpc/ros2_ws/src/build/CMakeFiles/3.22.1/CompilerIdC/tmp) by extension 'colcon_pkg'
[38.333s] Level 1:colcon.colcon_core.package_identification:_identify(/home/pavitpc/ros2_ws/src/build/CMakeFiles/3.22.1/CompilerIdC/tmp) by extensions ['colcon_meta']
[38.333s] Level 1:colcon.colcon_core.package_identification:_identify(/home/pavitpc/ros2_ws/src/build/CMakeFiles/3.22.1/CompilerIdC/tmp) by extension 'colcon_meta'
[38.333s] Level 1:colcon.colcon_core.package_identification:_identify(/home/pavitpc/ros2_ws/src/build/CMakeFiles/3.22.1/CompilerIdC/tmp) by extensions ['ros']
[38.333s] Level 1:colcon.colcon_core.package_identification:_identify(/home/pavitpc/ros2_ws/src/build/CMakeFiles/3.22.1/CompilerIdC/tmp) by extension 'ros'
[38.334s] Level 1:colcon.colcon_core.package_identification:_identify(/home/pavitpc/ros2_ws/src/build/CMakeFiles/3.22.1/CompilerIdC/tmp) by extensions ['cmake', 'python']
[38.334s] Level 1:colcon.colcon_core.package_identification:_identify(/home/pavitpc/ros2_ws/src/build/CMakeFiles/3.22.1/CompilerIdC/tmp) by extension 'cmake'
[38.334s] Level 1:colcon.colcon_core.package_identification:_identify(/home/pavitpc/ros2_ws/src/build/CMakeFiles/3.22.1/CompilerIdC/tmp) by extension 'python'
[38.334s] Level 1:colcon.colcon_core.package_identification:_identify(/home/pavitpc/ros2_ws/src/build/CMakeFiles/3.22.1/CompilerIdC/tmp) by extensions ['python_setup_py']
[38.334s] Level 1:colcon.colcon_core.package_identification:_identify(/home/pavitpc/ros2_ws/src/build/CMakeFiles/3.22.1/CompilerIdC/tmp) by extension 'python_setup_py'
[38.335s] Level 1:colcon.colcon_core.package_identification:_identify(/home/pavitpc/ros2_ws/src/build/CMakeFiles/3.22.1/CompilerIdCXX) by extensions ['ignore', 'ignore_ament_install']
[38.335s] Level 1:colcon.colcon_core.package_identification:_identify(/home/pavitpc/ros2_ws/src/build/CMakeFiles/3.22.1/CompilerIdCXX) by extension 'ignore'
[38.335s] Level 1:colcon.colcon_core.package_identification:_identify(/home/pavitpc/ros2_ws/src/build/CMakeFiles/3.22.1/CompilerIdCXX) by extension 'ignore_ament_install'
[38.335s] Level 1:colcon.colcon_core.package_identification:_identify(/home/pavitpc/ros2_ws/src/build/CMakeFiles/3.22.1/CompilerIdCXX) by extensions ['colcon_pkg']
[38.335s] Level 1:colcon.colcon_core.package_identification:_identify(/home/pavitpc/ros2_ws/src/build/CMakeFiles/3.22.1/CompilerIdCXX) by extension 'colcon_pkg'
[38.335s] Level 1:colcon.colcon_core.package_identification:_identify(/home/pavitpc/ros2_ws/src/build/CMakeFiles/3.22.1/CompilerIdCXX) by extensions ['colcon_meta']
[38.335s] Level 1:colcon.colcon_core.package_identification:_identify(/home/pavitpc/ros2_ws/src/build/CMakeFiles/3.22.1/CompilerIdCXX) by extension 'colcon_meta'
[38.336s] Level 1:colcon.colcon_core.package_identification:_identify(/home/pavitpc/ros2_ws/src/build/CMakeFiles/3.22.1/CompilerIdCXX) by extensions ['ros']
[38.336s] Level 1:colcon.colcon_core.package_identification:_identify(/home/pavitpc/ros2_ws/src/build/CMakeFiles/3.22.1/CompilerIdCXX) by extension 'ros'
[38.336s] Level 1:colcon.colcon_core.package_identification:_identify(/home/pavitpc/ros2_ws/src/build/CMakeFiles/3.22.1/CompilerIdCXX) by extensions ['cmake', 'python']
[38.336s] Level 1:colcon.colcon_core.package_identification:_identify(/home/pavitpc/ros2_ws/src/build/CMakeFiles/3.22.1/CompilerIdCXX) by extension 'cmake'
[38.336s] Level 1:colcon.colcon_core.package_identification:_identify(/home/pavitpc/ros2_ws/src/build/CMakeFiles/3.22.1/CompilerIdCXX) by extension 'python'
[38.336s] Level 1:colcon.colcon_core.package_identification:_identify(/home/pavitpc/ros2_ws/src/build/CMakeFiles/3.22.1/CompilerIdCXX) by extensions ['python_setup_py']
[38.336s] Level 1:colcon.colcon_core.package_identification:_identify(/home/pavitpc/ros2_ws/src/build/CMakeFiles/3.22.1/CompilerIdCXX) by extension 'python_setup_py'
[38.337s] Level 1:colcon.colcon_core.package_identification:_identify(/home/pavitpc/ros2_ws/src/build/CMakeFiles/3.22.1/CompilerIdCXX/tmp) by extensions ['ignore', 'ignore_ament_install']
[38.338s] Level 1:colcon.colcon_core.package_identification:_identify(/home/pavitpc/ros2_ws/src/build/CMakeFiles/3.22.1/CompilerIdCXX/tmp) by extension 'ignore'
[38.338s] Level 1:colcon.colcon_core.package_identification:_identify(/home/pavitpc/ros2_ws/src/build/CMakeFiles/3.22.1/CompilerIdCXX/tmp) by extension 'ignore_ament_install'
[38.338s] Level 1:colcon.colcon_core.package_identification:_identify(/home/pavitpc/ros2_ws/src/build/CMakeFiles/3.22.1/CompilerIdCXX/tmp) by extensions ['colcon_pkg']
[38.338s] Level 1:colcon.colcon_core.package_identification:_identify(/home/pavitpc/ros2_ws/src/build/CMakeFiles/3.22.1/CompilerIdCXX/tmp) by extension 'colcon_pkg'
[38.338s] Level 1:colcon.colcon_core.package_identification:_identify(/home/pavitpc/ros2_ws/src/build/CMakeFiles/3.22.1/CompilerIdCXX/tmp) by extensions ['colcon_meta']
[38.338s] Level 1:colcon.colcon_core.package_identification:_identify(/home/pavitpc/ros2_ws/src/build/CMakeFiles/3.22.1/CompilerIdCXX/tmp) by extension 'colcon_meta'
[38.339s] Level 1:colcon.colcon_core.package_identification:_identify(/home/pavitpc/ros2_ws/src/build/CMakeFiles/3.22.1/CompilerIdCXX/tmp) by extensions ['ros']
[38.339s] Level 1:colcon.colcon_core.package_identification:_identify(/home/pavitpc/ros2_ws/src/build/CMakeFiles/3.22.1/CompilerIdCXX/tmp) by extension 'ros'
[38.339s] Level 1:colcon.colcon_core.package_identification:_identify(/home/pavitpc/ros2_ws/src/build/CMakeFiles/3.22.1/CompilerIdCXX/tmp) by extensions ['cmake', 'python']
[38.339s] Level 1:colcon.colcon_core.package_identification:_identify(/home/pavitpc/ros2_ws/src/build/CMakeFiles/3.22.1/CompilerIdCXX/tmp) by extension 'cmake'
[38.339s] Level 1:colcon.colcon_core.package_identification:_identify(/home/pavitpc/ros2_ws/src/build/CMakeFiles/3.22.1/CompilerIdCXX/tmp) by extension 'python'
[38.339s] Level 1:colcon.colcon_core.package_identification:_identify(/home/pavitpc/ros2_ws/src/build/CMakeFiles/3.22.1/CompilerIdCXX/tmp) by extensions ['python_setup_py']
[38.339s] Level 1:colcon.colcon_core.package_identification:_identify(/home/pavitpc/ros2_ws/src/build/CMakeFiles/3.22.1/CompilerIdCXX/tmp) by extension 'python_setup_py'
[38.340s] Level 1:colcon.colcon_core.package_identification:_identify(/home/pavitpc/ros2_ws/src/build/CMakeFiles/CMakeTmp) by extensions ['ignore', 'ignore_ament_install']
[38.340s] Level 1:colcon.colcon_core.package_identification:_identify(/home/pavitpc/ros2_ws/src/build/CMakeFiles/CMakeTmp) by extension 'ignore'
[38.340s] Level 1:colcon.colcon_core.package_identification:_identify(/home/pavitpc/ros2_ws/src/build/CMakeFiles/CMakeTmp) by extension 'ignore_ament_install'
[38.340s] Level 1:colcon.colcon_core.package_identification:_identify(/home/pavitpc/ros2_ws/src/build/CMakeFiles/CMakeTmp) by extensions ['colcon_pkg']
[38.340s] Level 1:colcon.colcon_core.package_identification:_identify(/home/pavitpc/ros2_ws/src/build/CMakeFiles/CMakeTmp) by extension 'colcon_pkg'
[38.340s] Level 1:colcon.colcon_core.package_identification:_identify(/home/pavitpc/ros2_ws/src/build/CMakeFiles/CMakeTmp) by extensions ['colcon_meta']
[38.341s] Level 1:colcon.colcon_core.package_identification:_identify(/home/pavitpc/ros2_ws/src/build/CMakeFiles/CMakeTmp) by extension 'colcon_meta'
[38.341s] Level 1:colcon.colcon_core.package_identification:_identify(/home/pavitpc/ros2_ws/src/build/CMakeFiles/CMakeTmp) by extensions ['ros']
[38.341s] Level 1:colcon.colcon_core.package_identification:_identify(/home/pavitpc/ros2_ws/src/build/CMakeFiles/CMakeTmp) by extension 'ros'
[38.341s] Level 1:colcon.colcon_core.package_identification:_identify(/home/pavitpc/ros2_ws/src/build/CMakeFiles/CMakeTmp) by extensions ['cmake', 'python']
[38.341s] Level 1:colcon.colcon_core.package_identification:_identify(/home/pavitpc/ros2_ws/src/build/CMakeFiles/CMakeTmp) by extension 'cmake'
[38.341s] Level 1:colcon.colcon_core.package_identification:_identify(/home/pavitpc/ros2_ws/src/build/CMakeFiles/CMakeTmp) by extension 'python'
[38.341s] Level 1:colcon.colcon_core.package_identification:_identify(/home/pavitpc/ros2_ws/src/build/CMakeFiles/CMakeTmp) by extensions ['python_setup_py']
[38.341s] Level 1:colcon.colcon_core.package_identification:_identify(/home/pavitpc/ros2_ws/src/build/CMakeFiles/CMakeTmp) by extension 'python_setup_py'
[38.345s] Level 1:colcon.colcon_core.package_identification:_identify(/home/pavitpc/ros2_ws/src/build/CMakeFiles/my_node.dir) by extensions ['ignore', 'ignore_ament_install']
[38.346s] Level 1:colcon.colcon_core.package_identification:_identify(/home/pavitpc/ros2_ws/src/build/CMakeFiles/my_node.dir) by extension 'ignore'
[38.346s] Level 1:colcon.colcon_core.package_identification:_identify(/home/pavitpc/ros2_ws/src/build/CMakeFiles/my_node.dir) by extension 'ignore_ament_install'
[38.346s] Level 1:colcon.colcon_core.package_identification:_identify(/home/pavitpc/ros2_ws/src/build/CMakeFiles/my_node.dir) by extensions ['colcon_pkg']
[38.346s] Level 1:colcon.colcon_core.package_identification:_identify(/home/pavitpc/ros2_ws/src/build/CMakeFiles/my_node.dir) by extension 'colcon_pkg'
[38.346s] Level 1:colcon.colcon_core.package_identification:_identify(/home/pavitpc/ros2_ws/src/build/CMakeFiles/my_node.dir) by extensions ['colcon_meta']
[38.346s] Level 1:colcon.colcon_core.package_identification:_identify(/home/pavitpc/ros2_ws/src/build/CMakeFiles/my_node.dir) by extension 'colcon_meta'
[38.347s] Level 1:colcon.colcon_core.package_identification:_identify(/home/pavitpc/ros2_ws/src/build/CMakeFiles/my_node.dir) by extensions ['ros']
[38.347s] Level 1:colcon.colcon_core.package_identification:_identify(/home/pavitpc/ros2_ws/src/build/CMakeFiles/my_node.dir) by extension 'ros'
[38.347s] Level 1:colcon.colcon_core.package_identification:_identify(/home/pavitpc/ros2_ws/src/build/CMakeFiles/my_node.dir) by extensions ['cmake', 'python']
[38.347s] Level 1:colcon.colcon_core.package_identification:_identify(/home/pavitpc/ros2_ws/src/build/CMakeFiles/my_node.dir) by extension 'cmake'
[38.347s] Level 1:colcon.colcon_core.package_identification:_identify(/home/pavitpc/ros2_ws/src/build/CMakeFiles/my_node.dir) by extension 'python'
[38.347s] Level 1:colcon.colcon_core.package_identification:_identify(/home/pavitpc/ros2_ws/src/build/CMakeFiles/my_node.dir) by extensions ['python_setup_py']
[38.347s] Level 1:colcon.colcon_core.package_identification:_identify(/home/pavitpc/ros2_ws/src/build/CMakeFiles/my_node.dir) by extension 'python_setup_py'
[38.348s] Level 1:colcon.colcon_core.package_identification:_identify(/home/pavitpc/ros2_ws/src/build/CMakeFiles/my_node.dir/src) by extensions ['ignore', 'ignore_ament_install']
[38.349s] Level 1:colcon.colcon_core.package_identification:_identify(/home/pavitpc/ros2_ws/src/build/CMakeFiles/my_node.dir/src) by extension 'ignore'
[38.349s] Level 1:colcon.colcon_core.package_identification:_identify(/home/pavitpc/ros2_ws/src/build/CMakeFiles/my_node.dir/src) by extension 'ignore_ament_install'
[38.350s] Level 1:colcon.colcon_core.package_identification:_identify(/home/pavitpc/ros2_ws/src/build/CMakeFiles/my_node.dir/src) by extensions ['colcon_pkg']
[38.350s] Level 1:colcon.colcon_core.package_identification:_identify(/home/pavitpc/ros2_ws/src/build/CMakeFiles/my_node.dir/src) by extension 'colcon_pkg'
[38.350s] Level 1:colcon.colcon_core.package_identification:_identify(/home/pavitpc/ros2_ws/src/build/CMakeFiles/my_node.dir/src) by extensions ['colcon_meta']
[38.350s] Level 1:colcon.colcon_core.package_identification:_identify(/home/pavitpc/ros2_ws/src/build/CMakeFiles/my_node.dir/src) by extension 'colcon_meta'
[38.350s] Level 1:colcon.colcon_core.package_identification:_identify(/home/pavitpc/ros2_ws/src/build/CMakeFiles/my_node.dir/src) by extensions ['ros']
[38.351s] Level 1:colcon.colcon_core.package_identification:_identify(/home/pavitpc/ros2_ws/src/build/CMakeFiles/my_node.dir/src) by extension 'ros'
[38.351s] Level 1:colcon.colcon_core.package_identification:_identify(/home/pavitpc/ros2_ws/src/build/CMakeFiles/my_node.dir/src) by extensions ['cmake', 'python']
[38.351s] Level 1:colcon.colcon_core.package_identification:_identify(/home/pavitpc/ros2_ws/src/build/CMakeFiles/my_node.dir/src) by extension 'cmake'
[38.351s] Level 1:colcon.colcon_core.package_identification:_identify(/home/pavitpc/ros2_ws/src/build/CMakeFiles/my_node.dir/src) by extension 'python'
[38.351s] Level 1:colcon.colcon_core.package_identification:_identify(/home/pavitpc/ros2_ws/src/build/CMakeFiles/my_node.dir/src) by extensions ['python_setup_py']
[38.351s] Level 1:colcon.colcon_core.package_identification:_identify(/home/pavitpc/ros2_ws/src/build/CMakeFiles/my_node.dir/src) by extension 'python_setup_py'
[38.352s] Level 1:colcon.colcon_core.package_identification:_identify(/home/pavitpc/ros2_ws/src/build/CMakeFiles/my_package_uninstall.dir) by extensions ['ignore', 'ignore_ament_install']
[38.352s] Level 1:colcon.colcon_core.package_identification:_identify(/home/pavitpc/ros2_ws/src/build/CMakeFiles/my_package_uninstall.dir) by extension 'ignore'
[38.352s] Level 1:colcon.colcon_core.package_identification:_identify(/home/pavitpc/ros2_ws/src/build/CMakeFiles/my_package_uninstall.dir) by extension 'ignore_ament_install'
[38.352s] Level 1:colcon.colcon_core.package_identification:_identify(/home/pavitpc/ros2_ws/src/build/CMakeFiles/my_package_uninstall.dir) by extensions ['colcon_pkg']
[38.352s] Level 1:colcon.colcon_core.package_identification:_identify(/home/pavitpc/ros2_ws/src/build/CMakeFiles/my_package_uninstall.dir) by extension 'colcon_pkg'
[38.352s] Level 1:colcon.colcon_core.package_identification:_identify(/home/pavitpc/ros2_ws/src/build/CMakeFiles/my_package_uninstall.dir) by extensions ['colcon_meta']
[38.352s] Level 1:colcon.colcon_core.package_identification:_identify(/home/pavitpc/ros2_ws/src/build/CMakeFiles/my_package_uninstall.dir) by extension 'colcon_meta'
[38.353s] Level 1:colcon.colcon_core.package_identification:_identify(/home/pavitpc/ros2_ws/src/build/CMakeFiles/my_package_uninstall.dir) by extensions ['ros']
[38.353s] Level 1:colcon.colcon_core.package_identification:_identify(/home/pavitpc/ros2_ws/src/build/CMakeFiles/my_package_uninstall.dir) by extension 'ros'
[38.353s] Level 1:colcon.colcon_core.package_identification:_identify(/home/pavitpc/ros2_ws/src/build/CMakeFiles/my_package_uninstall.dir) by extensions ['cmake', 'python']
[38.353s] Level 1:colcon.colcon_core.package_identification:_identify(/home/pavitpc/ros2_ws/src/build/CMakeFiles/my_package_uninstall.dir) by extension 'cmake'
[38.353s] Level 1:colcon.colcon_core.package_identification:_identify(/home/pavitpc/ros2_ws/src/build/CMakeFiles/my_package_uninstall.dir) by extension 'python'
[38.353s] Level 1:colcon.colcon_core.package_identification:_identify(/home/pavitpc/ros2_ws/src/build/CMakeFiles/my_package_uninstall.dir) by extensions ['python_setup_py']
[38.354s] Level 1:colcon.colcon_core.package_identification:_identify(/home/pavitpc/ros2_ws/src/build/CMakeFiles/my_package_uninstall.dir) by extension 'python_setup_py'
[38.355s] Level 1:colcon.colcon_core.package_identification:_identify(/home/pavitpc/ros2_ws/src/build/CMakeFiles/uninstall.dir) by extensions ['ignore', 'ignore_ament_install']
[38.355s] Level 1:colcon.colcon_core.package_identification:_identify(/home/pavitpc/ros2_ws/src/build/CMakeFiles/uninstall.dir) by extension 'ignore'
[38.355s] Level 1:colcon.colcon_core.package_identification:_identify(/home/pavitpc/ros2_ws/src/build/CMakeFiles/uninstall.dir) by extension 'ignore_ament_install'
[38.355s] Level 1:colcon.colcon_core.package_identification:_identify(/home/pavitpc/ros2_ws/src/build/CMakeFiles/uninstall.dir) by extensions ['colcon_pkg']
[38.356s] Level 1:colcon.colcon_core.package_identification:_identify(/home/pavitpc/ros2_ws/src/build/CMakeFiles/uninstall.dir) by extension 'colcon_pkg'
[38.356s] Level 1:colcon.colcon_core.package_identification:_identify(/home/pavitpc/ros2_ws/src/build/CMakeFiles/uninstall.dir) by extensions ['colcon_meta']
[38.356s] Level 1:colcon.colcon_core.package_identification:_identify(/home/pavitpc/ros2_ws/src/build/CMakeFiles/uninstall.dir) by extension 'colcon_meta'
[38.356s] Level 1:colcon.colcon_core.package_identification:_identify(/home/pavitpc/ros2_ws/src/build/CMakeFiles/uninstall.dir) by extensions ['ros']
[38.356s] Level 1:colcon.colcon_core.package_identification:_identify(/home/pavitpc/ros2_ws/src/build/CMakeFiles/uninstall.dir) by extension 'ros'
[38.356s] Level 1:colcon.colcon_core.package_identification:_identify(/home/pavitpc/ros2_ws/src/build/CMakeFiles/uninstall.dir) by extensions ['cmake', 'python']
[38.356s] Level 1:colcon.colcon_core.package_identification:_identify(/home/pavitpc/ros2_ws/src/build/CMakeFiles/uninstall.dir) by extension 'cmake'
[38.357s] Level 1:colcon.colcon_core.package_identification:_identify(/home/pavitpc/ros2_ws/src/build/CMakeFiles/uninstall.dir) by extension 'python'
[38.357s] Level 1:colcon.colcon_core.package_identification:_identify(/home/pavitpc/ros2_ws/src/build/CMakeFiles/uninstall.dir) by extensions ['python_setup_py']
[38.357s] Level 1:colcon.colcon_core.package_identification:_identify(/home/pavitpc/ros2_ws/src/build/CMakeFiles/uninstall.dir) by extension 'python_setup_py'
[38.357s] Level 1:colcon.colcon_core.package_identification:_identify(/home/pavitpc/ros2_ws/src/build/Testing) by extensions ['ignore', 'ignore_ament_install']
[38.357s] Level 1:colcon.colcon_core.package_identification:_identify(/home/pavitpc/ros2_ws/src/build/Testing) by extension 'ignore'
[38.358s] Level 1:colcon.colcon_core.package_identification:_identify(/home/pavitpc/ros2_ws/src/build/Testing) by extension 'ignore_ament_install'
[38.358s] Level 1:colcon.colcon_core.package_identification:_identify(/home/pavitpc/ros2_ws/src/build/Testing) by extensions ['colcon_pkg']
[38.358s] Level 1:colcon.colcon_core.package_identification:_identify(/home/pavitpc/ros2_ws/src/build/Testing) by extension 'colcon_pkg'
[38.358s] Level 1:colcon.colcon_core.package_identification:_identify(/home/pavitpc/ros2_ws/src/build/Testing) by extensions ['colcon_meta']
[38.358s] Level 1:colcon.colcon_core.package_identification:_identify(/home/pavitpc/ros2_ws/src/build/Testing) by extension 'colcon_meta'
[38.358s] Level 1:colcon.colcon_core.package_identification:_identify(/home/pavitpc/ros2_ws/src/build/Testing) by extensions ['ros']
[38.358s] Level 1:colcon.colcon_core.package_identification:_identify(/home/pavitpc/ros2_ws/src/build/Testing) by extension 'ros'
[38.359s] Level 1:colcon.colcon_core.package_identification:_identify(/home/pavitpc/ros2_ws/src/build/Testing) by extensions ['cmake', 'python']
[38.359s] Level 1:colcon.colcon_core.package_identification:_identify(/home/pavitpc/ros2_ws/src/build/Testing) by extension 'cmake'
[38.359s] Level 1:colcon.colcon_core.package_identification:_identify(/home/pavitpc/ros2_ws/src/build/Testing) by extension 'python'
[38.359s] Level 1:colcon.colcon_core.package_identification:_identify(/home/pavitpc/ros2_ws/src/build/Testing) by extensions ['python_setup_py']
[38.359s] Level 1:colcon.colcon_core.package_identification:_identify(/home/pavitpc/ros2_ws/src/build/Testing) by extension 'python_setup_py'
[38.360s] Level 1:colcon.colcon_core.package_identification:_identify(/home/pavitpc/ros2_ws/src/build/Testing/20240123-0611) by extensions ['ignore', 'ignore_ament_install']
[38.360s] Level 1:colcon.colcon_core.package_identification:_identify(/home/pavitpc/ros2_ws/src/build/Testing/20240123-0611) by extension 'ignore'
[38.360s] Level 1:colcon.colcon_core.package_identification:_identify(/home/pavitpc/ros2_ws/src/build/Testing/20240123-0611) by extension 'ignore_ament_install'
[38.360s] Level 1:colcon.colcon_core.package_identification:_identify(/home/pavitpc/ros2_ws/src/build/Testing/20240123-0611) by extensions ['colcon_pkg']
[38.361s] Level 1:colcon.colcon_core.package_identification:_identify(/home/pavitpc/ros2_ws/src/build/Testing/20240123-0611) by extension 'colcon_pkg'
[38.361s] Level 1:colcon.colcon_core.package_identification:_identify(/home/pavitpc/ros2_ws/src/build/Testing/20240123-0611) by extensions ['colcon_meta']
[38.361s] Level 1:colcon.colcon_core.package_identification:_identify(/home/pavitpc/ros2_ws/src/build/Testing/20240123-0611) by extension 'colcon_meta'
[38.361s] Level 1:colcon.colcon_core.package_identification:_identify(/home/pavitpc/ros2_ws/src/build/Testing/20240123-0611) by extensions ['ros']
[38.361s] Level 1:colcon.colcon_core.package_identification:_identify(/home/pavitpc/ros2_ws/src/build/Testing/20240123-0611) by extension 'ros'
[38.362s] Level 1:colcon.colcon_core.package_identification:_identify(/home/pavitpc/ros2_ws/src/build/Testing/20240123-0611) by extensions ['cmake', 'python']
[38.362s] Level 1:colcon.colcon_core.package_identification:_identify(/home/pavitpc/ros2_ws/src/build/Testing/20240123-0611) by extension 'cmake'
[38.362s] Level 1:colcon.colcon_core.package_identification:_identify(/home/pavitpc/ros2_ws/src/build/Testing/20240123-0611) by extension 'python'
[38.362s] Level 1:colcon.colcon_core.package_identification:_identify(/home/pavitpc/ros2_ws/src/build/Testing/20240123-0611) by extensions ['python_setup_py']
[38.362s] Level 1:colcon.colcon_core.package_identification:_identify(/home/pavitpc/ros2_ws/src/build/Testing/20240123-0611) by extension 'python_setup_py'
[38.368s] Level 1:colcon.colcon_core.package_identification:_identify(/home/pavitpc/ros2_ws/src/build/Testing/20240124-1042) by extensions ['ignore', 'ignore_ament_install']
[38.368s] Level 1:colcon.colcon_core.package_identification:_identify(/home/pavitpc/ros2_ws/src/build/Testing/20240124-1042) by extension 'ignore'
[38.368s] Level 1:colcon.colcon_core.package_identification:_identify(/home/pavitpc/ros2_ws/src/build/Testing/20240124-1042) by extension 'ignore_ament_install'
[38.368s] Level 1:colcon.colcon_core.package_identification:_identify(/home/pavitpc/ros2_ws/src/build/Testing/20240124-1042) by extensions ['colcon_pkg']
[38.369s] Level 1:colcon.colcon_core.package_identification:_identify(/home/pavitpc/ros2_ws/src/build/Testing/20240124-1042) by extension 'colcon_pkg'
[38.369s] Level 1:colcon.colcon_core.package_identification:_identify(/home/pavitpc/ros2_ws/src/build/Testing/20240124-1042) by extensions ['colcon_meta']
[38.369s] Level 1:colcon.colcon_core.package_identification:_identify(/home/pavitpc/ros2_ws/src/build/Testing/20240124-1042) by extension 'colcon_meta'
[38.369s] Level 1:colcon.colcon_core.package_identification:_identify(/home/pavitpc/ros2_ws/src/build/Testing/20240124-1042) by extensions ['ros']
[38.369s] Level 1:colcon.colcon_core.package_identification:_identify(/home/pavitpc/ros2_ws/src/build/Testing/20240124-1042) by extension 'ros'
[38.369s] Level 1:colcon.colcon_core.package_identification:_identify(/home/pavitpc/ros2_ws/src/build/Testing/20240124-1042) by extensions ['cmake', 'python']
[38.370s] Level 1:colcon.colcon_core.package_identification:_identify(/home/pavitpc/ros2_ws/src/build/Testing/20240124-1042) by extension 'cmake'
[38.370s] Level 1:colcon.colcon_core.package_identification:_identify(/home/pavitpc/ros2_ws/src/build/Testing/20240124-1042) by extension 'python'
[38.370s] Level 1:colcon.colcon_core.package_identification:_identify(/home/pavitpc/ros2_ws/src/build/Testing/20240124-1042) by extensions ['python_setup_py']
[38.370s] Level 1:colcon.colcon_core.package_identification:_identify(/home/pavitpc/ros2_ws/src/build/Testing/20240124-1042) by extension 'python_setup_py'
[38.371s] Level 1:colcon.colcon_core.package_identification:_identify(/home/pavitpc/ros2_ws/src/build/Testing/Temporary) by extensions ['ignore', 'ignore_ament_install']
[38.371s] Level 1:colcon.colcon_core.package_identification:_identify(/home/pavitpc/ros2_ws/src/build/Testing/Temporary) by extension 'ignore'
[38.371s] Level 1:colcon.colcon_core.package_identification:_identify(/home/pavitpc/ros2_ws/src/build/Testing/Temporary) by extension 'ignore_ament_install'
[38.372s] Level 1:colcon.colcon_core.package_identification:_identify(/home/pavitpc/ros2_ws/src/build/Testing/Temporary) by extensions ['colcon_pkg']
[38.372s] Level 1:colcon.colcon_core.package_identification:_identify(/home/pavitpc/ros2_ws/src/build/Testing/Temporary) by extension 'colcon_pkg'
[38.372s] Level 1:colcon.colcon_core.package_identification:_identify(/home/pavitpc/ros2_ws/src/build/Testing/Temporary) by extensions ['colcon_meta']
[38.372s] Level 1:colcon.colcon_core.package_identification:_identify(/home/pavitpc/ros2_ws/src/build/Testing/Temporary) by extension 'colcon_meta'
[38.372s] Level 1:colcon.colcon_core.package_identification:_identify(/home/pavitpc/ros2_ws/src/build/Testing/Temporary) by extensions ['ros']
[38.372s] Level 1:colcon.colcon_core.package_identification:_identify(/home/pavitpc/ros2_ws/src/build/Testing/Temporary) by extension 'ros'
[38.373s] Level 1:colcon.colcon_core.package_identification:_identify(/home/pavitpc/ros2_ws/src/build/Testing/Temporary) by extensions ['cmake', 'python']
[38.373s] Level 1:colcon.colcon_core.package_identification:_identify(/home/pavitpc/ros2_ws/src/build/Testing/Temporary) by extension 'cmake'
[38.373s] Level 1:colcon.colcon_core.package_identification:_identify(/home/pavitpc/ros2_ws/src/build/Testing/Temporary) by extension 'python'
[38.373s] Level 1:colcon.colcon_core.package_identification:_identify(/home/pavitpc/ros2_ws/src/build/Testing/Temporary) by extensions ['python_setup_py']
[38.373s] Level 1:colcon.colcon_core.package_identification:_identify(/home/pavitpc/ros2_ws/src/build/Testing/Temporary) by extension 'python_setup_py'
[38.374s] Level 1:colcon.colcon_core.package_identification:_identify(/home/pavitpc/ros2_ws/src/build/ament_cmake_core) by extensions ['ignore', 'ignore_ament_install']
[38.374s] Level 1:colcon.colcon_core.package_identification:_identify(/home/pavitpc/ros2_ws/src/build/ament_cmake_core) by extension 'ignore'
[38.374s] Level 1:colcon.colcon_core.package_identification:_identify(/home/pavitpc/ros2_ws/src/build/ament_cmake_core) by extension 'ignore_ament_install'
[38.374s] Level 1:colcon.colcon_core.package_identification:_identify(/home/pavitpc/ros2_ws/src/build/ament_cmake_core) by extensions ['colcon_pkg']
[38.374s] Level 1:colcon.colcon_core.package_identification:_identify(/home/pavitpc/ros2_ws/src/build/ament_cmake_core) by extension 'colcon_pkg'
[38.374s] Level 1:colcon.colcon_core.package_identification:_identify(/home/pavitpc/ros2_ws/src/build/ament_cmake_core) by extensions ['colcon_meta']
[38.374s] Level 1:colcon.colcon_core.package_identification:_identify(/home/pavitpc/ros2_ws/src/build/ament_cmake_core) by extension 'colcon_meta'
[38.375s] Level 1:colcon.colcon_core.package_identification:_identify(/home/pavitpc/ros2_ws/src/build/ament_cmake_core) by extensions ['ros']
[38.375s] Level 1:colcon.colcon_core.package_identification:_identify(/home/pavitpc/ros2_ws/src/build/ament_cmake_core) by extension 'ros'
[38.375s] Level 1:colcon.colcon_core.package_identification:_identify(/home/pavitpc/ros2_ws/src/build/ament_cmake_core) by extensions ['cmake', 'python']
[38.375s] Level 1:colcon.colcon_core.package_identification:_identify(/home/pavitpc/ros2_ws/src/build/ament_cmake_core) by extension 'cmake'
[38.375s] Level 1:colcon.colcon_core.package_identification:_identify(/home/pavitpc/ros2_ws/src/build/ament_cmake_core) by extension 'python'
[38.375s] Level 1:colcon.colcon_core.package_identification:_identify(/home/pavitpc/ros2_ws/src/build/ament_cmake_core) by extensions ['python_setup_py']
[38.375s] Level 1:colcon.colcon_core.package_identification:_identify(/home/pavitpc/ros2_ws/src/build/ament_cmake_core) by extension 'python_setup_py'
[38.376s] Level 1:colcon.colcon_core.package_identification:_identify(/home/pavitpc/ros2_ws/src/build/ament_cmake_core/stamps) by extensions ['ignore', 'ignore_ament_install']
[38.377s] Level 1:colcon.colcon_core.package_identification:_identify(/home/pavitpc/ros2_ws/src/build/ament_cmake_core/stamps) by extension 'ignore'
[38.377s] Level 1:colcon.colcon_core.package_identification:_identify(/home/pavitpc/ros2_ws/src/build/ament_cmake_core/stamps) by extension 'ignore_ament_install'
[38.377s] Level 1:colcon.colcon_core.package_identification:_identify(/home/pavitpc/ros2_ws/src/build/ament_cmake_core/stamps) by extensions ['colcon_pkg']
[38.377s] Level 1:colcon.colcon_core.package_identification:_identify(/home/pavitpc/ros2_ws/src/build/ament_cmake_core/stamps) by extension 'colcon_pkg'
[38.377s] Level 1:colcon.colcon_core.package_identification:_identify(/home/pavitpc/ros2_ws/src/build/ament_cmake_core/stamps) by extensions ['colcon_meta']
[38.377s] Level 1:colcon.colcon_core.package_identification:_identify(/home/pavitpc/ros2_ws/src/build/ament_cmake_core/stamps) by extension 'colcon_meta'
[38.378s] Level 1:colcon.colcon_core.package_identification:_identify(/home/pavitpc/ros2_ws/src/build/ament_cmake_core/stamps) by extensions ['ros']
[38.378s] Level 1:colcon.colcon_core.package_identification:_identify(/home/pavitpc/ros2_ws/src/build/ament_cmake_core/stamps) by extension 'ros'
[38.378s] Level 1:colcon.colcon_core.package_identification:_identify(/home/pavitpc/ros2_ws/src/build/ament_cmake_core/stamps) by extensions ['cmake', 'python']
[38.378s] Level 1:colcon.colcon_core.package_identification:_identify(/home/pavitpc/ros2_ws/src/build/ament_cmake_core/stamps) by extension 'cmake'
[38.378s] Level 1:colcon.colcon_core.package_identification:_identify(/home/pavitpc/ros2_ws/src/build/ament_cmake_core/stamps) by extension 'python'
[38.378s] Level 1:colcon.colcon_core.package_identification:_identify(/home/pavitpc/ros2_ws/src/build/ament_cmake_core/stamps) by extensions ['python_setup_py']
[38.378s] Level 1:colcon.colcon_core.package_identification:_identify(/home/pavitpc/ros2_ws/src/build/ament_cmake_core/stamps) by extension 'python_setup_py'
[38.379s] Level 1:colcon.colcon_core.package_identification:_identify(/home/pavitpc/ros2_ws/src/build/ament_cmake_environment_hooks) by extensions ['ignore', 'ignore_ament_install']
[38.379s] Level 1:colcon.colcon_core.package_identification:_identify(/home/pavitpc/ros2_ws/src/build/ament_cmake_environment_hooks) by extension 'ignore'
[38.379s] Level 1:colcon.colcon_core.package_identification:_identify(/home/pavitpc/ros2_ws/src/build/ament_cmake_environment_hooks) by extension 'ignore_ament_install'
[38.379s] Level 1:colcon.colcon_core.package_identification:_identify(/home/pavitpc/ros2_ws/src/build/ament_cmake_environment_hooks) by extensions ['colcon_pkg']
[38.380s] Level 1:colcon.colcon_core.package_identification:_identify(/home/pavitpc/ros2_ws/src/build/ament_cmake_environment_hooks) by extension 'colcon_pkg'
[38.380s] Level 1:colcon.colcon_core.package_identification:_identify(/home/pavitpc/ros2_ws/src/build/ament_cmake_environment_hooks) by extensions ['colcon_meta']
[38.380s] Level 1:colcon.colcon_core.package_identification:_identify(/home/pavitpc/ros2_ws/src/build/ament_cmake_environment_hooks) by extension 'colcon_meta'
[38.380s] Level 1:colcon.colcon_core.package_identification:_identify(/home/pavitpc/ros2_ws/src/build/ament_cmake_environment_hooks) by extensions ['ros']
[38.380s] Level 1:colcon.colcon_core.package_identification:_identify(/home/pavitpc/ros2_ws/src/build/ament_cmake_environment_hooks) by extension 'ros'
[38.380s] Level 1:colcon.colcon_core.package_identification:_identify(/home/pavitpc/ros2_ws/src/build/ament_cmake_environment_hooks) by extensions ['cmake', 'python']
[38.380s] Level 1:colcon.colcon_core.package_identification:_identify(/home/pavitpc/ros2_ws/src/build/ament_cmake_environment_hooks) by extension 'cmake'
[38.380s] Level 1:colcon.colcon_core.package_identification:_identify(/home/pavitpc/ros2_ws/src/build/ament_cmake_environment_hooks) by extension 'python'
[38.381s] Level 1:colcon.colcon_core.package_identification:_identify(/home/pavitpc/ros2_ws/src/build/ament_cmake_environment_hooks) by extensions ['python_setup_py']
[38.381s] Level 1:colcon.colcon_core.package_identification:_identify(/home/pavitpc/ros2_ws/src/build/ament_cmake_environment_hooks) by extension 'python_setup_py'
[38.381s] Level 1:colcon.colcon_core.package_identification:_identify(/home/pavitpc/ros2_ws/src/build/ament_cmake_index) by extensions ['ignore', 'ignore_ament_install']
[38.382s] Level 1:colcon.colcon_core.package_identification:_identify(/home/pavitpc/ros2_ws/src/build/ament_cmake_index) by extension 'ignore'
[38.382s] Level 1:colcon.colcon_core.package_identification:_identify(/home/pavitpc/ros2_ws/src/build/ament_cmake_index) by extension 'ignore_ament_install'
[38.382s] Level 1:colcon.colcon_core.package_identification:_identify(/home/pavitpc/ros2_ws/src/build/ament_cmake_index) by extensions ['colcon_pkg']
[38.382s] Level 1:colcon.colcon_core.package_identification:_identify(/home/pavitpc/ros2_ws/src/build/ament_cmake_index) by extension 'colcon_pkg'
[38.382s] Level 1:colcon.colcon_core.package_identification:_identify(/home/pavitpc/ros2_ws/src/build/ament_cmake_index) by extensions ['colcon_meta']
[38.383s] Level 1:colcon.colcon_core.package_identification:_identify(/home/pavitpc/ros2_ws/src/build/ament_cmake_index) by extension 'colcon_meta'
[38.383s] Level 1:colcon.colcon_core.package_identification:_identify(/home/pavitpc/ros2_ws/src/build/ament_cmake_index) by extensions ['ros']
[38.383s] Level 1:colcon.colcon_core.package_identification:_identify(/home/pavitpc/ros2_ws/src/build/ament_cmake_index) by extension 'ros'
[38.383s] Level 1:colcon.colcon_core.package_identification:_identify(/home/pavitpc/ros2_ws/src/build/ament_cmake_index) by extensions ['cmake', 'python']
[38.383s] Level 1:colcon.colcon_core.package_identification:_identify(/home/pavitpc/ros2_ws/src/build/ament_cmake_index) by extension 'cmake'
[38.383s] Level 1:colcon.colcon_core.package_identification:_identify(/home/pavitpc/ros2_ws/src/build/ament_cmake_index) by extension 'python'
[38.384s] Level 1:colcon.colcon_core.package_identification:_identify(/home/pavitpc/ros2_ws/src/build/ament_cmake_index) by extensions ['python_setup_py']
[38.384s] Level 1:colcon.colcon_core.package_identification:_identify(/home/pavitpc/ros2_ws/src/build/ament_cmake_index) by extension 'python_setup_py'
[38.384s] Level 1:colcon.colcon_core.package_identification:_identify(/home/pavitpc/ros2_ws/src/build/ament_cmake_index/share) by extensions ['ignore', 'ignore_ament_install']
[38.384s] Level 1:colcon.colcon_core.package_identification:_identify(/home/pavitpc/ros2_ws/src/build/ament_cmake_index/share) by extension 'ignore'
[38.385s] Level 1:colcon.colcon_core.package_identification:_identify(/home/pavitpc/ros2_ws/src/build/ament_cmake_index/share) by extension 'ignore_ament_install'
[38.385s] Level 1:colcon.colcon_core.package_identification:_identify(/home/pavitpc/ros2_ws/src/build/ament_cmake_index/share) by extensions ['colcon_pkg']
[38.385s] Level 1:colcon.colcon_core.package_identification:_identify(/home/pavitpc/ros2_ws/src/build/ament_cmake_index/share) by extension 'colcon_pkg'
[38.385s] Level 1:colcon.colcon_core.package_identification:_identify(/home/pavitpc/ros2_ws/src/build/ament_cmake_index/share) by extensions ['colcon_meta']
[38.385s] Level 1:colcon.colcon_core.package_identification:_identify(/home/pavitpc/ros2_ws/src/build/ament_cmake_index/share) by extension 'colcon_meta'
[38.385s] Level 1:colcon.colcon_core.package_identification:_identify(/home/pavitpc/ros2_ws/src/build/ament_cmake_index/share) by extensions ['ros']
[38.385s] Level 1:colcon.colcon_core.package_identification:_identify(/home/pavitpc/ros2_ws/src/build/ament_cmake_index/share) by extension 'ros'
[38.385s] Level 1:colcon.colcon_core.package_identification:_identify(/home/pavitpc/ros2_ws/src/build/ament_cmake_index/share) by extensions ['cmake', 'python']
[38.386s] Level 1:colcon.colcon_core.package_identification:_identify(/home/pavitpc/ros2_ws/src/build/ament_cmake_index/share) by extension 'cmake'
[38.386s] Level 1:colcon.colcon_core.package_identification:_identify(/home/pavitpc/ros2_ws/src/build/ament_cmake_index/share) by extension 'python'
[38.386s] Level 1:colcon.colcon_core.package_identification:_identify(/home/pavitpc/ros2_ws/src/build/ament_cmake_index/share) by extensions ['python_setup_py']
[38.386s] Level 1:colcon.colcon_core.package_identification:_identify(/home/pavitpc/ros2_ws/src/build/ament_cmake_index/share) by extension 'python_setup_py'
[38.386s] Level 1:colcon.colcon_core.package_identification:_identify(/home/pavitpc/ros2_ws/src/build/ament_cmake_index/share/ament_index) by extensions ['ignore', 'ignore_ament_install']
[38.387s] Level 1:colcon.colcon_core.package_identification:_identify(/home/pavitpc/ros2_ws/src/build/ament_cmake_index/share/ament_index) by extension 'ignore'
[38.387s] Level 1:colcon.colcon_core.package_identification:_identify(/home/pavitpc/ros2_ws/src/build/ament_cmake_index/share/ament_index) by extension 'ignore_ament_install'
[38.388s] Level 1:colcon.colcon_core.package_identification:_identify(/home/pavitpc/ros2_ws/src/build/ament_cmake_index/share/ament_index) by extensions ['colcon_pkg']
[38.388s] Level 1:colcon.colcon_core.package_identification:_identify(/home/pavitpc/ros2_ws/src/build/ament_cmake_index/share/ament_index) by extension 'colcon_pkg'
[38.388s] Level 1:colcon.colcon_core.package_identification:_identify(/home/pavitpc/ros2_ws/src/build/ament_cmake_index/share/ament_index) by extensions ['colcon_meta']
[38.388s] Level 1:colcon.colcon_core.package_identification:_identify(/home/pavitpc/ros2_ws/src/build/ament_cmake_index/share/ament_index) by extension 'colcon_meta'
[38.388s] Level 1:colcon.colcon_core.package_identification:_identify(/home/pavitpc/ros2_ws/src/build/ament_cmake_index/share/ament_index) by extensions ['ros']
[38.388s] Level 1:colcon.colcon_core.package_identification:_identify(/home/pavitpc/ros2_ws/src/build/ament_cmake_index/share/ament_index) by extension 'ros'
[38.388s] Level 1:colcon.colcon_core.package_identification:_identify(/home/pavitpc/ros2_ws/src/build/ament_cmake_index/share/ament_index) by extensions ['cmake', 'python']
[38.388s] Level 1:colcon.colcon_core.package_identification:_identify(/home/pavitpc/ros2_ws/src/build/ament_cmake_index/share/ament_index) by extension 'cmake'
[38.388s] Level 1:colcon.colcon_core.package_identification:_identify(/home/pavitpc/ros2_ws/src/build/ament_cmake_index/share/ament_index) by extension 'python'
[38.388s] Level 1:colcon.colcon_core.package_identification:_identify(/home/pavitpc/ros2_ws/src/build/ament_cmake_index/share/ament_index) by extensions ['python_setup_py']
[38.388s] Level 1:colcon.colcon_core.package_identification:_identify(/home/pavitpc/ros2_ws/src/build/ament_cmake_index/share/ament_index) by extension 'python_setup_py'
[38.389s] Level 1:colcon.colcon_core.package_identification:_identify(/home/pavitpc/ros2_ws/src/build/ament_cmake_index/share/ament_index/resource_index) by extensions ['ignore', 'ignore_ament_install']
[38.389s] Level 1:colcon.colcon_core.package_identification:_identify(/home/pavitpc/ros2_ws/src/build/ament_cmake_index/share/ament_index/resource_index) by extension 'ignore'
[38.389s] Level 1:colcon.colcon_core.package_identification:_identify(/home/pavitpc/ros2_ws/src/build/ament_cmake_index/share/ament_index/resource_index) by extension 'ignore_ament_install'
[38.389s] Level 1:colcon.colcon_core.package_identification:_identify(/home/pavitpc/ros2_ws/src/build/ament_cmake_index/share/ament_index/resource_index) by extensions ['colcon_pkg']
[38.389s] Level 1:colcon.colcon_core.package_identification:_identify(/home/pavitpc/ros2_ws/src/build/ament_cmake_index/share/ament_index/resource_index) by extension 'colcon_pkg'
[38.390s] Level 1:colcon.colcon_core.package_identification:_identify(/home/pavitpc/ros2_ws/src/build/ament_cmake_index/share/ament_index/resource_index) by extensions ['colcon_meta']
[38.390s] Level 1:colcon.colcon_core.package_identification:_identify(/home/pavitpc/ros2_ws/src/build/ament_cmake_index/share/ament_index/resource_index) by extension 'colcon_meta'
[38.390s] Level 1:colcon.colcon_core.package_identification:_identify(/home/pavitpc/ros2_ws/src/build/ament_cmake_index/share/ament_index/resource_index) by extensions ['ros']
[38.390s] Level 1:colcon.colcon_core.package_identification:_identify(/home/pavitpc/ros2_ws/src/build/ament_cmake_index/share/ament_index/resource_index) by extension 'ros'
[38.390s] Level 1:colcon.colcon_core.package_identification:_identify(/home/pavitpc/ros2_ws/src/build/ament_cmake_index/share/ament_index/resource_index) by extensions ['cmake', 'python']
[38.390s] Level 1:colcon.colcon_core.package_identification:_identify(/home/pavitpc/ros2_ws/src/build/ament_cmake_index/share/ament_index/resource_index) by extension 'cmake'
[38.390s] Level 1:colcon.colcon_core.package_identification:_identify(/home/pavitpc/ros2_ws/src/build/ament_cmake_index/share/ament_index/resource_index) by extension 'python'
[38.390s] Level 1:colcon.colcon_core.package_identification:_identify(/home/pavitpc/ros2_ws/src/build/ament_cmake_index/share/ament_index/resource_index) by extensions ['python_setup_py']
[38.390s] Level 1:colcon.colcon_core.package_identification:_identify(/home/pavitpc/ros2_ws/src/build/ament_cmake_index/share/ament_index/resource_index) by extension 'python_setup_py'
[38.391s] Level 1:colcon.colcon_core.package_identification:_identify(/home/pavitpc/ros2_ws/src/build/ament_cmake_index/share/ament_index/resource_index/package_run_dependencies) by extensions ['ignore', 'ignore_ament_install']
[38.391s] Level 1:colcon.colcon_core.package_identification:_identify(/home/pavitpc/ros2_ws/src/build/ament_cmake_index/share/ament_index/resource_index/package_run_dependencies) by extension 'ignore'
[38.391s] Level 1:colcon.colcon_core.package_identification:_identify(/home/pavitpc/ros2_ws/src/build/ament_cmake_index/share/ament_index/resource_index/package_run_dependencies) by extension 'ignore_ament_install'
[38.391s] Level 1:colcon.colcon_core.package_identification:_identify(/home/pavitpc/ros2_ws/src/build/ament_cmake_index/share/ament_index/resource_index/package_run_dependencies) by extensions ['colcon_pkg']
[38.391s] Level 1:colcon.colcon_core.package_identification:_identify(/home/pavitpc/ros2_ws/src/build/ament_cmake_index/share/ament_index/resource_index/package_run_dependencies) by extension 'colcon_pkg'
[38.391s] Level 1:colcon.colcon_core.package_identification:_identify(/home/pavitpc/ros2_ws/src/build/ament_cmake_index/share/ament_index/resource_index/package_run_dependencies) by extensions ['colcon_meta']
[38.391s] Level 1:colcon.colcon_core.package_identification:_identify(/home/pavitpc/ros2_ws/src/build/ament_cmake_index/share/ament_index/resource_index/package_run_dependencies) by extension 'colcon_meta'
[38.392s] Level 1:colcon.colcon_core.package_identification:_identify(/home/pavitpc/ros2_ws/src/build/ament_cmake_index/share/ament_index/resource_index/package_run_dependencies) by extensions ['ros']
[38.392s] Level 1:colcon.colcon_core.package_identification:_identify(/home/pavitpc/ros2_ws/src/build/ament_cmake_index/share/ament_index/resource_index/package_run_dependencies) by extension 'ros'
[38.392s] Level 1:colcon.colcon_core.package_identification:_identify(/home/pavitpc/ros2_ws/src/build/ament_cmake_index/share/ament_index/resource_index/package_run_dependencies) by extensions ['cmake', 'python']
[38.392s] Level 1:colcon.colcon_core.package_identification:_identify(/home/pavitpc/ros2_ws/src/build/ament_cmake_index/share/ament_index/resource_index/package_run_dependencies) by extension 'cmake'
[38.392s] Level 1:colcon.colcon_core.package_identification:_identify(/home/pavitpc/ros2_ws/src/build/ament_cmake_index/share/ament_index/resource_index/package_run_dependencies) by extension 'python'
[38.392s] Level 1:colcon.colcon_core.package_identification:_identify(/home/pavitpc/ros2_ws/src/build/ament_cmake_index/share/ament_index/resource_index/package_run_dependencies) by extensions ['python_setup_py']
[38.392s] Level 1:colcon.colcon_core.package_identification:_identify(/home/pavitpc/ros2_ws/src/build/ament_cmake_index/share/ament_index/resource_index/package_run_dependencies) by extension 'python_setup_py'
[38.393s] Level 1:colcon.colcon_core.package_identification:_identify(/home/pavitpc/ros2_ws/src/build/ament_cmake_index/share/ament_index/resource_index/packages) by extensions ['ignore', 'ignore_ament_install']
[38.393s] Level 1:colcon.colcon_core.package_identification:_identify(/home/pavitpc/ros2_ws/src/build/ament_cmake_index/share/ament_index/resource_index/packages) by extension 'ignore'
[38.393s] Level 1:colcon.colcon_core.package_identification:_identify(/home/pavitpc/ros2_ws/src/build/ament_cmake_index/share/ament_index/resource_index/packages) by extension 'ignore_ament_install'
[38.393s] Level 1:colcon.colcon_core.package_identification:_identify(/home/pavitpc/ros2_ws/src/build/ament_cmake_index/share/ament_index/resource_index/packages) by extensions ['colcon_pkg']
[38.394s] Level 1:colcon.colcon_core.package_identification:_identify(/home/pavitpc/ros2_ws/src/build/ament_cmake_index/share/ament_index/resource_index/packages) by extension 'colcon_pkg'
[38.394s] Level 1:colcon.colcon_core.package_identification:_identify(/home/pavitpc/ros2_ws/src/build/ament_cmake_index/share/ament_index/resource_index/packages) by extensions ['colcon_meta']
[38.394s] Level 1:colcon.colcon_core.package_identification:_identify(/home/pavitpc/ros2_ws/src/build/ament_cmake_index/share/ament_index/resource_index/packages) by extension 'colcon_meta'
[38.394s] Level 1:colcon.colcon_core.package_identification:_identify(/home/pavitpc/ros2_ws/src/build/ament_cmake_index/share/ament_index/resource_index/packages) by extensions ['ros']
[38.394s] Level 1:colcon.colcon_core.package_identification:_identify(/home/pavitpc/ros2_ws/src/build/ament_cmake_index/share/ament_index/resource_index/packages) by extension 'ros'
[38.394s] Level 1:colcon.colcon_core.package_identification:_identify(/home/pavitpc/ros2_ws/src/build/ament_cmake_index/share/ament_index/resource_index/packages) by extensions ['cmake', 'python']
[38.394s] Level 1:colcon.colcon_core.package_identification:_identify(/home/pavitpc/ros2_ws/src/build/ament_cmake_index/share/ament_index/resource_index/packages) by extension 'cmake'
[38.394s] Level 1:colcon.colcon_core.package_identification:_identify(/home/pavitpc/ros2_ws/src/build/ament_cmake_index/share/ament_index/resource_index/packages) by extension 'python'
[38.395s] Level 1:colcon.colcon_core.package_identification:_identify(/home/pavitpc/ros2_ws/src/build/ament_cmake_index/share/ament_index/resource_index/packages) by extensions ['python_setup_py']
[38.395s] Level 1:colcon.colcon_core.package_identification:_identify(/home/pavitpc/ros2_ws/src/build/ament_cmake_index/share/ament_index/resource_index/packages) by extension 'python_setup_py'
[38.395s] Level 1:colcon.colcon_core.package_identification:_identify(/home/pavitpc/ros2_ws/src/build/ament_cmake_index/share/ament_index/resource_index/parent_prefix_path) by extensions ['ignore', 'ignore_ament_install']
[38.396s] Level 1:colcon.colcon_core.package_identification:_identify(/home/pavitpc/ros2_ws/src/build/ament_cmake_index/share/ament_index/resource_index/parent_prefix_path) by extension 'ignore'
[38.396s] Level 1:colcon.colcon_core.package_identification:_identify(/home/pavitpc/ros2_ws/src/build/ament_cmake_index/share/ament_index/resource_index/parent_prefix_path) by extension 'ignore_ament_install'
[38.396s] Level 1:colcon.colcon_core.package_identification:_identify(/home/pavitpc/ros2_ws/src/build/ament_cmake_index/share/ament_index/resource_index/parent_prefix_path) by extensions ['colcon_pkg']
[38.396s] Level 1:colcon.colcon_core.package_identification:_identify(/home/pavitpc/ros2_ws/src/build/ament_cmake_index/share/ament_index/resource_index/parent_prefix_path) by extension 'colcon_pkg'
[38.396s] Level 1:colcon.colcon_core.package_identification:_identify(/home/pavitpc/ros2_ws/src/build/ament_cmake_index/share/ament_index/resource_index/parent_prefix_path) by extensions ['colcon_meta']
[38.396s] Level 1:colcon.colcon_core.package_identification:_identify(/home/pavitpc/ros2_ws/src/build/ament_cmake_index/share/ament_index/resource_index/parent_prefix_path) by extension 'colcon_meta'
[38.396s] Level 1:colcon.colcon_core.package_identification:_identify(/home/pavitpc/ros2_ws/src/build/ament_cmake_index/share/ament_index/resource_index/parent_prefix_path) by extensions ['ros']
[38.396s] Level 1:colcon.colcon_core.package_identification:_identify(/home/pavitpc/ros2_ws/src/build/ament_cmake_index/share/ament_index/resource_index/parent_prefix_path) by extension 'ros'
[38.397s] Level 1:colcon.colcon_core.package_identification:_identify(/home/pavitpc/ros2_ws/src/build/ament_cmake_index/share/ament_index/resource_index/parent_prefix_path) by extensions ['cmake', 'python']
[38.397s] Level 1:colcon.colcon_core.package_identification:_identify(/home/pavitpc/ros2_ws/src/build/ament_cmake_index/share/ament_index/resource_index/parent_prefix_path) by extension 'cmake'
[38.397s] Level 1:colcon.colcon_core.package_identification:_identify(/home/pavitpc/ros2_ws/src/build/ament_cmake_index/share/ament_index/resource_index/parent_prefix_path) by extension 'python'
[38.397s] Level 1:colcon.colcon_core.package_identification:_identify(/home/pavitpc/ros2_ws/src/build/ament_cmake_index/share/ament_index/resource_index/parent_prefix_path) by extensions ['python_setup_py']
[38.397s] Level 1:colcon.colcon_core.package_identification:_identify(/home/pavitpc/ros2_ws/src/build/ament_cmake_index/share/ament_index/resource_index/parent_prefix_path) by extension 'python_setup_py'
[38.398s] Level 1:colcon.colcon_core.package_identification:_identify(/home/pavitpc/ros2_ws/src/build/ament_cmake_package_templates) by extensions ['ignore', 'ignore_ament_install']
[38.398s] Level 1:colcon.colcon_core.package_identification:_identify(/home/pavitpc/ros2_ws/src/build/ament_cmake_package_templates) by extension 'ignore'
[38.398s] Level 1:colcon.colcon_core.package_identification:_identify(/home/pavitpc/ros2_ws/src/build/ament_cmake_package_templates) by extension 'ignore_ament_install'
[38.398s] Level 1:colcon.colcon_core.package_identification:_identify(/home/pavitpc/ros2_ws/src/build/ament_cmake_package_templates) by extensions ['colcon_pkg']
[38.398s] Level 1:colcon.colcon_core.package_identification:_identify(/home/pavitpc/ros2_ws/src/build/ament_cmake_package_templates) by extension 'colcon_pkg'
[38.398s] Level 1:colcon.colcon_core.package_identification:_identify(/home/pavitpc/ros2_ws/src/build/ament_cmake_package_templates) by extensions ['colcon_meta']
[38.398s] Level 1:colcon.colcon_core.package_identification:_identify(/home/pavitpc/ros2_ws/src/build/ament_cmake_package_templates) by extension 'colcon_meta'
[38.399s] Level 1:colcon.colcon_core.package_identification:_identify(/home/pavitpc/ros2_ws/src/build/ament_cmake_package_templates) by extensions ['ros']
[38.399s] Level 1:colcon.colcon_core.package_identification:_identify(/home/pavitpc/ros2_ws/src/build/ament_cmake_package_templates) by extension 'ros'
[38.399s] Level 1:colcon.colcon_core.package_identification:_identify(/home/pavitpc/ros2_ws/src/build/ament_cmake_package_templates) by extensions ['cmake', 'python']
[38.399s] Level 1:colcon.colcon_core.package_identification:_identify(/home/pavitpc/ros2_ws/src/build/ament_cmake_package_templates) by extension 'cmake'
[38.399s] Level 1:colcon.colcon_core.package_identification:_identify(/home/pavitpc/ros2_ws/src/build/ament_cmake_package_templates) by extension 'python'
[38.399s] Level 1:colcon.colcon_core.package_identification:_identify(/home/pavitpc/ros2_ws/src/build/ament_cmake_package_templates) by extensions ['python_setup_py']
[38.399s] Level 1:colcon.colcon_core.package_identification:_identify(/home/pavitpc/ros2_ws/src/build/ament_cmake_package_templates) by extension 'python_setup_py'
[38.400s] Level 1:colcon.colcon_core.package_identification:_identify(/home/pavitpc/ros2_ws/src/build/ament_cmake_uninstall_target) by extensions ['ignore', 'ignore_ament_install']
[38.400s] Level 1:colcon.colcon_core.package_identification:_identify(/home/pavitpc/ros2_ws/src/build/ament_cmake_uninstall_target) by extension 'ignore'
[38.400s] Level 1:colcon.colcon_core.package_identification:_identify(/home/pavitpc/ros2_ws/src/build/ament_cmake_uninstall_target) by extension 'ignore_ament_install'
[38.401s] Level 1:colcon.colcon_core.package_identification:_identify(/home/pavitpc/ros2_ws/src/build/ament_cmake_uninstall_target) by extensions ['colcon_pkg']
[38.401s] Level 1:colcon.colcon_core.package_identification:_identify(/home/pavitpc/ros2_ws/src/build/ament_cmake_uninstall_target) by extension 'colcon_pkg'
[38.401s] Level 1:colcon.colcon_core.package_identification:_identify(/home/pavitpc/ros2_ws/src/build/ament_cmake_uninstall_target) by extensions ['colcon_meta']
[38.401s] Level 1:colcon.colcon_core.package_identification:_identify(/home/pavitpc/ros2_ws/src/build/ament_cmake_uninstall_target) by extension 'colcon_meta'
[38.401s] Level 1:colcon.colcon_core.package_identification:_identify(/home/pavitpc/ros2_ws/src/build/ament_cmake_uninstall_target) by extensions ['ros']
[38.401s] Level 1:colcon.colcon_core.package_identification:_identify(/home/pavitpc/ros2_ws/src/build/ament_cmake_uninstall_target) by extension 'ros'
[38.402s] Level 1:colcon.colcon_core.package_identification:_identify(/home/pavitpc/ros2_ws/src/build/ament_cmake_uninstall_target) by extensions ['cmake', 'python']
[38.402s] Level 1:colcon.colcon_core.package_identification:_identify(/home/pavitpc/ros2_ws/src/build/ament_cmake_uninstall_target) by extension 'cmake'
[38.402s] Level 1:colcon.colcon_core.package_identification:_identify(/home/pavitpc/ros2_ws/src/build/ament_cmake_uninstall_target) by extension 'python'
[38.402s] Level 1:colcon.colcon_core.package_identification:_identify(/home/pavitpc/ros2_ws/src/build/ament_cmake_uninstall_target) by extensions ['python_setup_py']
[38.402s] Level 1:colcon.colcon_core.package_identification:_identify(/home/pavitpc/ros2_ws/src/build/ament_cmake_uninstall_target) by extension 'python_setup_py'
[38.403s] Level 1:colcon.colcon_core.package_identification:_identify(/home/pavitpc/ros2_ws/src/build/ament_cppcheck) by extensions ['ignore', 'ignore_ament_install']
[38.403s] Level 1:colcon.colcon_core.package_identification:_identify(/home/pavitpc/ros2_ws/src/build/ament_cppcheck) by extension 'ignore'
[38.403s] Level 1:colcon.colcon_core.package_identification:_identify(/home/pavitpc/ros2_ws/src/build/ament_cppcheck) by extension 'ignore_ament_install'
[38.403s] Level 1:colcon.colcon_core.package_identification:_identify(/home/pavitpc/ros2_ws/src/build/ament_cppcheck) by extensions ['colcon_pkg']
[38.403s] Level 1:colcon.colcon_core.package_identification:_identify(/home/pavitpc/ros2_ws/src/build/ament_cppcheck) by extension 'colcon_pkg'
[38.403s] Level 1:colcon.colcon_core.package_identification:_identify(/home/pavitpc/ros2_ws/src/build/ament_cppcheck) by extensions ['colcon_meta']
[38.404s] Level 1:colcon.colcon_core.package_identification:_identify(/home/pavitpc/ros2_ws/src/build/ament_cppcheck) by extension 'colcon_meta'
[38.404s] Level 1:colcon.colcon_core.package_identification:_identify(/home/pavitpc/ros2_ws/src/build/ament_cppcheck) by extensions ['ros']
[38.404s] Level 1:colcon.colcon_core.package_identification:_identify(/home/pavitpc/ros2_ws/src/build/ament_cppcheck) by extension 'ros'
[38.404s] Level 1:colcon.colcon_core.package_identification:_identify(/home/pavitpc/ros2_ws/src/build/ament_cppcheck) by extensions ['cmake', 'python']
[38.404s] Level 1:colcon.colcon_core.package_identification:_identify(/home/pavitpc/ros2_ws/src/build/ament_cppcheck) by extension 'cmake'
[38.404s] Level 1:colcon.colcon_core.package_identification:_identify(/home/pavitpc/ros2_ws/src/build/ament_cppcheck) by extension 'python'
[38.404s] Level 1:colcon.colcon_core.package_identification:_identify(/home/pavitpc/ros2_ws/src/build/ament_cppcheck) by extensions ['python_setup_py']
[38.404s] Level 1:colcon.colcon_core.package_identification:_identify(/home/pavitpc/ros2_ws/src/build/ament_cppcheck) by extension 'python_setup_py'
[38.405s] Level 1:colcon.colcon_core.package_identification:_identify(/home/pavitpc/ros2_ws/src/build/ament_lint_cmake) by extensions ['ignore', 'ignore_ament_install']
[38.405s] Level 1:colcon.colcon_core.package_identification:_identify(/home/pavitpc/ros2_ws/src/build/ament_lint_cmake) by extension 'ignore'
[38.405s] Level 1:colcon.colcon_core.package_identification:_identify(/home/pavitpc/ros2_ws/src/build/ament_lint_cmake) by extension 'ignore_ament_install'
[38.405s] Level 1:colcon.colcon_core.package_identification:_identify(/home/pavitpc/ros2_ws/src/build/ament_lint_cmake) by extensions ['colcon_pkg']
[38.405s] Level 1:colcon.colcon_core.package_identification:_identify(/home/pavitpc/ros2_ws/src/build/ament_lint_cmake) by extension 'colcon_pkg'
[38.405s] Level 1:colcon.colcon_core.package_identification:_identify(/home/pavitpc/ros2_ws/src/build/ament_lint_cmake) by extensions ['colcon_meta']
[38.406s] Level 1:colcon.colcon_core.package_identification:_identify(/home/pavitpc/ros2_ws/src/build/ament_lint_cmake) by extension 'colcon_meta'
[38.406s] Level 1:colcon.colcon_core.package_identification:_identify(/home/pavitpc/ros2_ws/src/build/ament_lint_cmake) by extensions ['ros']
[38.406s] Level 1:colcon.colcon_core.package_identification:_identify(/home/pavitpc/ros2_ws/src/build/ament_lint_cmake) by extension 'ros'
[38.406s] Level 1:colcon.colcon_core.package_identification:_identify(/home/pavitpc/ros2_ws/src/build/ament_lint_cmake) by extensions ['cmake', 'python']
[38.406s] Level 1:colcon.colcon_core.package_identification:_identify(/home/pavitpc/ros2_ws/src/build/ament_lint_cmake) by extension 'cmake'
[38.406s] Level 1:colcon.colcon_core.package_identification:_identify(/home/pavitpc/ros2_ws/src/build/ament_lint_cmake) by extension 'python'
[38.406s] Level 1:colcon.colcon_core.package_identification:_identify(/home/pavitpc/ros2_ws/src/build/ament_lint_cmake) by extensions ['python_setup_py']
[38.406s] Level 1:colcon.colcon_core.package_identification:_identify(/home/pavitpc/ros2_ws/src/build/ament_lint_cmake) by extension 'python_setup_py'
[38.407s] Level 1:colcon.colcon_core.package_identification:_identify(/home/pavitpc/ros2_ws/src/build/ament_uncrustify) by extensions ['ignore', 'ignore_ament_install']
[38.407s] Level 1:colcon.colcon_core.package_identification:_identify(/home/pavitpc/ros2_ws/src/build/ament_uncrustify) by extension 'ignore'
[38.407s] Level 1:colcon.colcon_core.package_identification:_identify(/home/pavitpc/ros2_ws/src/build/ament_uncrustify) by extension 'ignore_ament_install'
[38.407s] Level 1:colcon.colcon_core.package_identification:_identify(/home/pavitpc/ros2_ws/src/build/ament_uncrustify) by extensions ['colcon_pkg']
[38.408s] Level 1:colcon.colcon_core.package_identification:_identify(/home/pavitpc/ros2_ws/src/build/ament_uncrustify) by extension 'colcon_pkg'
[38.408s] Level 1:colcon.colcon_core.package_identification:_identify(/home/pavitpc/ros2_ws/src/build/ament_uncrustify) by extensions ['colcon_meta']
[38.408s] Level 1:colcon.colcon_core.package_identification:_identify(/home/pavitpc/ros2_ws/src/build/ament_uncrustify) by extension 'colcon_meta'
[38.408s] Level 1:colcon.colcon_core.package_identification:_identify(/home/pavitpc/ros2_ws/src/build/ament_uncrustify) by extensions ['ros']
[38.408s] Level 1:colcon.colcon_core.package_identification:_identify(/home/pavitpc/ros2_ws/src/build/ament_uncrustify) by extension 'ros'
[38.408s] Level 1:colcon.colcon_core.package_identification:_identify(/home/pavitpc/ros2_ws/src/build/ament_uncrustify) by extensions ['cmake', 'python']
[38.408s] Level 1:colcon.colcon_core.package_identification:_identify(/home/pavitpc/ros2_ws/src/build/ament_uncrustify) by extension 'cmake'
[38.408s] Level 1:colcon.colcon_core.package_identification:_identify(/home/pavitpc/ros2_ws/src/build/ament_uncrustify) by extension 'python'
[38.409s] Level 1:colcon.colcon_core.package_identification:_identify(/home/pavitpc/ros2_ws/src/build/ament_uncrustify) by extensions ['python_setup_py']
[38.409s] Level 1:colcon.colcon_core.package_identification:_identify(/home/pavitpc/ros2_ws/src/build/ament_uncrustify) by extension 'python_setup_py'
[38.409s] Level 1:colcon.colcon_core.package_identification:_identify(/home/pavitpc/ros2_ws/src/build/ament_xmllint) by extensions ['ignore', 'ignore_ament_install']
[38.409s] Level 1:colcon.colcon_core.package_identification:_identify(/home/pavitpc/ros2_ws/src/build/ament_xmllint) by extension 'ignore'
[38.409s] Level 1:colcon.colcon_core.package_identification:_identify(/home/pavitpc/ros2_ws/src/build/ament_xmllint) by extension 'ignore_ament_install'
[38.410s] Level 1:colcon.colcon_core.package_identification:_identify(/home/pavitpc/ros2_ws/src/build/ament_xmllint) by extensions ['colcon_pkg']
[38.410s] Level 1:colcon.colcon_core.package_identification:_identify(/home/pavitpc/ros2_ws/src/build/ament_xmllint) by extension 'colcon_pkg'
[38.410s] Level 1:colcon.colcon_core.package_identification:_identify(/home/pavitpc/ros2_ws/src/build/ament_xmllint) by extensions ['colcon_meta']
[38.410s] Level 1:colcon.colcon_core.package_identification:_identify(/home/pavitpc/ros2_ws/src/build/ament_xmllint) by extension 'colcon_meta'
[38.410s] Level 1:colcon.colcon_core.package_identification:_identify(/home/pavitpc/ros2_ws/src/build/ament_xmllint) by extensions ['ros']
[38.410s] Level 1:colcon.colcon_core.package_identification:_identify(/home/pavitpc/ros2_ws/src/build/ament_xmllint) by extension 'ros'
[38.410s] Level 1:colcon.colcon_core.package_identification:_identify(/home/pavitpc/ros2_ws/src/build/ament_xmllint) by extensions ['cmake', 'python']
[38.410s] Level 1:colcon.colcon_core.package_identification:_identify(/home/pavitpc/ros2_ws/src/build/ament_xmllint) by extension 'cmake'
[38.411s] Level 1:colcon.colcon_core.package_identification:_identify(/home/pavitpc/ros2_ws/src/build/ament_xmllint) by extension 'python'
[38.411s] Level 1:colcon.colcon_core.package_identification:_identify(/home/pavitpc/ros2_ws/src/build/ament_xmllint) by extensions ['python_setup_py']
[38.411s] Level 1:colcon.colcon_core.package_identification:_identify(/home/pavitpc/ros2_ws/src/build/ament_xmllint) by extension 'python_setup_py'
[38.411s] Level 1:colcon.colcon_core.package_discovery:discover_packages(recursive) using defaults
