[0.510s] Invoking command in '/home/pavitpc/ros2_ws/build/my_cpp_py_pkg': CMAKE_PREFIX_PATH=/opt/ros/humble /usr/bin/cmake /home/pavitpc/ros2_ws/src/my_cpp_py_pkg -DAMENT_CMAKE_SYMLINK_INSTALL=1 -DCMAKE_INSTALL_PREFIX=/home/pavitpc/ros2_ws/install/my_cpp_py_pkg
[2.256s] -- The C compiler identification is GNU 11.4.0
[3.260s] -- The CXX compiler identification is GNU 11.4.0
[3.302s] -- Detecting C compiler ABI info
[3.734s] -- Detecting C compiler ABI info - done
[3.777s] -- Check for working C compiler: /usr/bin/cc - skipped
[3.779s] -- Detecting C compile features
[3.886s] -- Detecting C compile features - done
[3.906s] -- Detecting CXX compiler ABI info
[4.333s] -- Detecting CXX compiler ABI info - done
[4.375s] -- Check for working CXX compiler: /usr/bin/c++ - skipped
[4.376s] -- Detecting CXX compile features
[4.379s] -- Detecting CXX compile features - done
[4.488s] -- Found ament_cmake: 1.3.6 (/opt/ros/humble/share/ament_cmake/cmake)
[5.598s] -- Found Python3: /usr/bin/python3.10 (found version "3.10.12") found components: Interpreter 
[6.058s] -- Override CMake install command with custom implementation using symlinks instead of copying resources
[6.325s] -- Found rclcpp: 16.0.7 (/opt/ros/humble/share/rclcpp/cmake)
[6.741s] -- Found rosidl_generator_c: 3.1.5 (/opt/ros/humble/share/rosidl_generator_c/cmake)
[6.811s] -- Found rosidl_adapter: 3.1.5 (/opt/ros/humble/share/rosidl_adapter/cmake)
[6.865s] -- Found rosidl_generator_cpp: 3.1.5 (/opt/ros/humble/share/rosidl_generator_cpp/cmake)
[6.989s] -- Using all available rosidl_typesupport_c: rosidl_typesupport_fastrtps_c;rosidl_typesupport_introspection_c
[7.111s] -- Using all available rosidl_typesupport_cpp: rosidl_typesupport_fastrtps_cpp;rosidl_typesupport_introspection_cpp
[7.572s] -- Found rmw_implementation_cmake: 6.1.1 (/opt/ros/humble/share/rmw_implementation_cmake/cmake)
[7.601s] -- Found rmw_cyclonedds_cpp: 1.3.4 (/opt/ros/humble/share/rmw_cyclonedds_cpp/cmake)
[7.897s] -- Using RMW implementation 'rmw_cyclonedds_cpp' as default
[8.156s] -- Looking for pthread.h
[8.800s] -- Looking for pthread.h - found
[8.801s] -- Performing Test CMAKE_HAVE_LIBC_PTHREAD
[9.160s] -- Performing Test CMAKE_HAVE_LIBC_PTHREAD - Success
[9.165s] -- Found Threads: TRUE  
[10.222s] -- Found rclpy: 3.3.11 (/opt/ros/humble/share/rclpy/cmake)
[10.972s] -- Configuring done
[11.065s] -- Generating done
[11.072s] -- Build files have been written to: /home/pavitpc/ros2_ws/build/my_cpp_py_pkg
[11.110s] Invoked command in '/home/pavitpc/ros2_ws/build/my_cpp_py_pkg' returned '0': CMAKE_PREFIX_PATH=/opt/ros/humble /usr/bin/cmake /home/pavitpc/ros2_ws/src/my_cpp_py_pkg -DAMENT_CMAKE_SYMLINK_INSTALL=1 -DCMAKE_INSTALL_PREFIX=/home/pavitpc/ros2_ws/install/my_cpp_py_pkg
[11.121s] Invoking command in '/home/pavitpc/ros2_ws/build/my_cpp_py_pkg': CMAKE_PREFIX_PATH=/opt/ros/humble /usr/bin/cmake --build /home/pavitpc/ros2_ws/build/my_cpp_py_pkg -- -j4 -l4
[11.359s] [ 50%] [32mBuilding CXX object CMakeFiles/cpp_exe.dir/src/cpp_node.cpp.o[0m
[11.393s] [ 50%] Built target ament_cmake_python_symlink_my_cpp_py_pkg
[12.732s] running egg_info
[12.735s] creating my_cpp_py_pkg.egg-info
[12.736s] writing my_cpp_py_pkg.egg-info/PKG-INFO
[12.738s] writing dependency_links to my_cpp_py_pkg.egg-info/dependency_links.txt
[12.739s] writing top-level names to my_cpp_py_pkg.egg-info/top_level.txt
[12.740s] writing manifest file 'my_cpp_py_pkg.egg-info/SOURCES.txt'
[12.767s] reading manifest file 'my_cpp_py_pkg.egg-info/SOURCES.txt'
[12.769s] writing manifest file 'my_cpp_py_pkg.egg-info/SOURCES.txt'
[12.899s] [ 50%] Built target ament_cmake_python_build_my_cpp_py_pkg_egg
[26.997s] [100%] [32m[1mLinking CXX executable cpp_exe[0m
[27.985s] [100%] Built target cpp_exe
[28.037s] Invoked command in '/home/pavitpc/ros2_ws/build/my_cpp_py_pkg' returned '0': CMAKE_PREFIX_PATH=/opt/ros/humble /usr/bin/cmake --build /home/pavitpc/ros2_ws/build/my_cpp_py_pkg -- -j4 -l4
[28.214s] Invoking command in '/home/pavitpc/ros2_ws/build/my_cpp_py_pkg': CMAKE_PREFIX_PATH=/opt/ros/humble /usr/bin/cmake --install /home/pavitpc/ros2_ws/build/my_cpp_py_pkg
[28.251s] -- Install configuration: ""
[28.253s] -- Execute custom install script
[28.255s] -- Symlinking: /home/pavitpc/ros2_ws/install/my_cpp_py_pkg/libs/my_cpp_py_pkg/cpp_exe
[28.299s] -- Symlinking: /home/pavitpc/ros2_ws/install/my_cpp_py_pkg/share/my_cpp_py_pkg/environment/pythonpath.sh
[28.340s] -- Symlinking: /home/pavitpc/ros2_ws/install/my_cpp_py_pkg/share/my_cpp_py_pkg/environment/pythonpath.dsv
[28.385s] -- Symlinking: /home/pavitpc/ros2_ws/install/my_cpp_py_pkg/local/lib/python3.10/dist-packages/my_cpp_py_pkg-0.0.0-py3.10.egg-info/PKG-INFO
[28.426s] -- Symlinking: /home/pavitpc/ros2_ws/install/my_cpp_py_pkg/local/lib/python3.10/dist-packages/my_cpp_py_pkg-0.0.0-py3.10.egg-info/SOURCES.txt
[28.470s] -- Symlinking: /home/pavitpc/ros2_ws/install/my_cpp_py_pkg/local/lib/python3.10/dist-packages/my_cpp_py_pkg-0.0.0-py3.10.egg-info/dependency_links.txt
[28.511s] -- Symlinking: /home/pavitpc/ros2_ws/install/my_cpp_py_pkg/local/lib/python3.10/dist-packages/my_cpp_py_pkg-0.0.0-py3.10.egg-info/top_level.txt
[28.555s] -- Symlinking: /home/pavitpc/ros2_ws/install/my_cpp_py_pkg/local/lib/python3.10/dist-packages/my_cpp_py_pkg/__init__.py
[28.598s] -- Symlinking: /home/pavitpc/ros2_ws/install/my_cpp_py_pkg/local/lib/python3.10/dist-packages/my_cpp_py_pkg/my_node.py
[28.640s] -- Symlinking: /home/pavitpc/ros2_ws/install/my_cpp_py_pkg/local/lib/python3.10/dist-packages/my_cpp_py_pkg/stop_node.py
[28.683s] -- Symlinking: /home/pavitpc/ros2_ws/install/my_cpp_py_pkg/libs/my_cpp_py_pkg/py_node.py
[28.725s] -- Symlinking: /home/pavitpc/ros2_ws/install/my_cpp_py_pkg/share/ament_index/resource_index/package_run_dependencies/my_cpp_py_pkg
[28.769s] -- Symlinking: /home/pavitpc/ros2_ws/install/my_cpp_py_pkg/share/ament_index/resource_index/parent_prefix_path/my_cpp_py_pkg
[28.813s] -- Symlinking: /home/pavitpc/ros2_ws/install/my_cpp_py_pkg/share/my_cpp_py_pkg/environment/ament_prefix_path.sh
[28.855s] -- Symlinking: /home/pavitpc/ros2_ws/install/my_cpp_py_pkg/share/my_cpp_py_pkg/environment/ament_prefix_path.dsv
[28.899s] -- Symlinking: /home/pavitpc/ros2_ws/install/my_cpp_py_pkg/share/my_cpp_py_pkg/environment/path.sh
[28.939s] -- Symlinking: /home/pavitpc/ros2_ws/install/my_cpp_py_pkg/share/my_cpp_py_pkg/environment/path.dsv
[28.983s] -- Symlinking: /home/pavitpc/ros2_ws/install/my_cpp_py_pkg/share/my_cpp_py_pkg/local_setup.bash
[29.024s] -- Symlinking: /home/pavitpc/ros2_ws/install/my_cpp_py_pkg/share/my_cpp_py_pkg/local_setup.sh
[29.068s] -- Symlinking: /home/pavitpc/ros2_ws/install/my_cpp_py_pkg/share/my_cpp_py_pkg/local_setup.zsh
[29.109s] -- Symlinking: /home/pavitpc/ros2_ws/install/my_cpp_py_pkg/share/my_cpp_py_pkg/local_setup.dsv
[29.151s] -- Symlinking: /home/pavitpc/ros2_ws/install/my_cpp_py_pkg/share/my_cpp_py_pkg/package.dsv
[29.194s] -- Symlinking: /home/pavitpc/ros2_ws/install/my_cpp_py_pkg/share/ament_index/resource_index/packages/my_cpp_py_pkg
[29.236s] -- Symlinking: /home/pavitpc/ros2_ws/install/my_cpp_py_pkg/share/my_cpp_py_pkg/cmake/my_cpp_py_pkgConfig.cmake
[29.280s] -- Symlinking: /home/pavitpc/ros2_ws/install/my_cpp_py_pkg/share/my_cpp_py_pkg/cmake/my_cpp_py_pkgConfig-version.cmake
[29.322s] -- Symlinking: /home/pavitpc/ros2_ws/install/my_cpp_py_pkg/share/my_cpp_py_pkg/package.xml
[29.617s] Listing '/home/pavitpc/ros2_ws/install/my_cpp_py_pkg/local/lib/python3.10/dist-packages/my_cpp_py_pkg'...
[29.618s] Compiling '/home/pavitpc/ros2_ws/install/my_cpp_py_pkg/local/lib/python3.10/dist-packages/my_cpp_py_pkg/__init__.py'...
[29.619s] Compiling '/home/pavitpc/ros2_ws/install/my_cpp_py_pkg/local/lib/python3.10/dist-packages/my_cpp_py_pkg/my_node.py'...
[29.620s] Compiling '/home/pavitpc/ros2_ws/install/my_cpp_py_pkg/local/lib/python3.10/dist-packages/my_cpp_py_pkg/stop_node.py'...
[29.649s] Invoked command in '/home/pavitpc/ros2_ws/build/my_cpp_py_pkg' returned '0': CMAKE_PREFIX_PATH=/opt/ros/humble /usr/bin/cmake --install /home/pavitpc/ros2_ws/build/my_cpp_py_pkg
