[0.254s] Invoking command in '/home/pavitpc/ros2_ws/build/my_package': CMAKE_PREFIX_PATH=${CMAKE_PREFIX_PATH}:/opt/ros/humble /usr/bin/cmake --build /home/pavitpc/ros2_ws/build/my_package -- -j4 -l4
[0.310s] [35m[1mConsolidate compiler generated dependencies of target my_node[0m
[0.328s] [100%] Built target my_node
[0.814s] Invoked command in '/home/pavitpc/ros2_ws/build/my_package' returned '0': CMAKE_PREFIX_PATH=${CMAKE_PREFIX_PATH}:/opt/ros/humble /usr/bin/cmake --build /home/pavitpc/ros2_ws/build/my_package -- -j4 -l4
[0.878s] Invoking command in '/home/pavitpc/ros2_ws/build/my_package': CMAKE_PREFIX_PATH=${CMAKE_PREFIX_PATH}:/opt/ros/humble /usr/bin/cmake --install /home/pavitpc/ros2_ws/build/my_package
[0.889s] -- Install configuration: ""
[0.890s] -- Up-to-date: /home/pavitpc/ros2_ws/install/my_package/lib/my_package/my_node
[0.890s] -- Up-to-date: /home/pavitpc/ros2_ws/install/my_package/share/ament_index/resource_index/package_run_dependencies/my_package
[0.890s] -- Up-to-date: /home/pavitpc/ros2_ws/install/my_package/share/ament_index/resource_index/parent_prefix_path/my_package
[0.890s] -- Up-to-date: /home/pavitpc/ros2_ws/install/my_package/share/my_package/environment/ament_prefix_path.sh
[0.891s] -- Up-to-date: /home/pavitpc/ros2_ws/install/my_package/share/my_package/environment/ament_prefix_path.dsv
[0.891s] -- Up-to-date: /home/pavitpc/ros2_ws/install/my_package/share/my_package/environment/path.sh
[0.891s] -- Up-to-date: /home/pavitpc/ros2_ws/install/my_package/share/my_package/environment/path.dsv
[0.892s] -- Up-to-date: /home/pavitpc/ros2_ws/install/my_package/share/my_package/local_setup.bash
[0.892s] -- Up-to-date: /home/pavitpc/ros2_ws/install/my_package/share/my_package/local_setup.sh
[0.892s] -- Up-to-date: /home/pavitpc/ros2_ws/install/my_package/share/my_package/local_setup.zsh
[0.892s] -- Up-to-date: /home/pavitpc/ros2_ws/install/my_package/share/my_package/local_setup.dsv
[0.892s] -- Installing: /home/pavitpc/ros2_ws/install/my_package/share/my_package/package.dsv
[0.892s] -- Up-to-date: /home/pavitpc/ros2_ws/install/my_package/share/ament_index/resource_index/packages/my_package
[0.893s] -- Up-to-date: /home/pavitpc/ros2_ws/install/my_package/share/my_package/cmake/my_packageConfig.cmake
[0.893s] -- Up-to-date: /home/pavitpc/ros2_ws/install/my_package/share/my_package/cmake/my_packageConfig-version.cmake
[0.893s] -- Up-to-date: /home/pavitpc/ros2_ws/install/my_package/share/my_package/package.xml
[0.895s] Invoked command in '/home/pavitpc/ros2_ws/build/my_package' returned '0': CMAKE_PREFIX_PATH=${CMAKE_PREFIX_PATH}:/opt/ros/humble /usr/bin/cmake --install /home/pavitpc/ros2_ws/build/my_package
