[21.930s] DEBUG:colcon:Command line arguments: ['/usr/bin/colcon', 'build']
[21.931s] DEBUG:colcon:Parsed command line arguments: Namespace(log_base=None, log_level=None, verb_name='build', build_base='build', install_base='install', merge_install=False, symlink_install=False, test_result_base=None, continue_on_error=False, executor='parallel', parallel_workers=4, event_handlers=None, ignore_user_meta=False, metas=['./colcon.meta'], base_paths=['.'], packages_ignore=None, packages_ignore_regex=None, paths=None, packages_up_to=None, packages_up_to_regex=None, packages_above=None, packages_above_and_dependencies=None, packages_above_depth=None, packages_select_by_dep=None, packages_skip_by_dep=None, packages_skip_up_to=None, packages_select_build_failed=False, packages_skip_build_finished=False, packages_select_test_failures=False, packages_skip_test_passed=False, packages_select=None, packages_skip=None, packages_select_regex=None, packages_skip_regex=None, packages_start=None, packages_end=None, allow_overriding=[], cmake_args=None, cmake_target=None, cmake_target_skip_unavailable=False, cmake_clean_cache=False, cmake_clean_first=False, cmake_force_configure=False, ament_cmake_args=None, catkin_cmake_args=None, catkin_skip_building_tests=False, verb_parser=<colcon_defaults.argument_parser.defaults.DefaultArgumentsDecorator object at 0x7f798cfa5930>, verb_extension=<colcon_core.verb.build.BuildVerb object at 0x7f798d400160>, main=<bound method BuildVerb.main of <colcon_core.verb.build.BuildVerb object at 0x7f798d400160>>)
[23.111s] Level 1:colcon.colcon_core.package_discovery:discover_packages(colcon_meta) check parameters
[23.113s] Level 1:colcon.colcon_core.package_discovery:discover_packages(recursive) check parameters
[23.114s] Level 1:colcon.colcon_core.package_discovery:discover_packages(ignore) check parameters
[23.115s] Level 1:colcon.colcon_core.package_discovery:discover_packages(path) check parameters
[23.116s] Level 1:colcon.colcon_core.package_discovery:discover_packages(colcon_meta) discover
[23.117s] Level 1:colcon.colcon_core.package_discovery:discover_packages(recursive) discover
[23.118s] INFO:colcon.colcon_core.package_discovery:Crawling recursively for packages in '/home/pavitpc/ros2_ws'
[23.120s] Level 1:colcon.colcon_core.package_identification:_identify(.) by extensions ['ignore', 'ignore_ament_install']
[23.120s] Level 1:colcon.colcon_core.package_identification:_identify(.) by extension 'ignore'
[23.120s] Level 1:colcon.colcon_core.package_identification:_identify(.) by extension 'ignore_ament_install'
[23.120s] Level 1:colcon.colcon_core.package_identification:_identify(.) by extensions ['colcon_pkg']
[23.121s] Level 1:colcon.colcon_core.package_identification:_identify(.) by extension 'colcon_pkg'
[23.121s] Level 1:colcon.colcon_core.package_identification:_identify(.) by extensions ['colcon_meta']
[23.121s] Level 1:colcon.colcon_core.package_identification:_identify(.) by extension 'colcon_meta'
[23.121s] Level 1:colcon.colcon_core.package_identification:_identify(.) by extensions ['ros']
[23.121s] Level 1:colcon.colcon_core.package_identification:_identify(.) by extension 'ros'
[23.319s] Level 1:colcon.colcon_core.package_identification:_identify(.) by extensions ['cmake', 'python']
[23.319s] Level 1:colcon.colcon_core.package_identification:_identify(.) by extension 'cmake'
[23.319s] Level 1:colcon.colcon_core.package_identification:_identify(.) by extension 'python'
[23.319s] Level 1:colcon.colcon_core.package_identification:_identify(.) by extensions ['python_setup_py']
[23.319s] Level 1:colcon.colcon_core.package_identification:_identify(.) by extension 'python_setup_py'
[23.320s] Level 1:colcon.colcon_core.package_identification:_identify(build) by extensions ['ignore', 'ignore_ament_install']
[23.323s] Level 1:colcon.colcon_core.package_identification:_identify(build) by extension 'ignore'
[23.325s] Level 1:colcon.colcon_core.package_identification:_identify(build) ignored
[23.327s] Level 1:colcon.colcon_core.package_identification:_identify(install) by extensions ['ignore', 'ignore_ament_install']
[23.329s] Level 1:colcon.colcon_core.package_identification:_identify(install) by extension 'ignore'
[23.331s] Level 1:colcon.colcon_core.package_identification:_identify(install) ignored
[23.385s] Level 1:colcon.colcon_core.package_identification:_identify(log) by extensions ['ignore', 'ignore_ament_install']
[23.388s] Level 1:colcon.colcon_core.package_identification:_identify(log) by extension 'ignore'
[23.389s] Level 1:colcon.colcon_core.package_identification:_identify(log) ignored
[23.391s] Level 1:colcon.colcon_core.package_identification:_identify(src) by extensions ['ignore', 'ignore_ament_install']
[23.394s] Level 1:colcon.colcon_core.package_identification:_identify(src) by extension 'ignore'
[23.395s] Level 1:colcon.colcon_core.package_identification:_identify(src) by extension 'ignore_ament_install'
[23.404s] Level 1:colcon.colcon_core.package_identification:_identify(src) by extensions ['colcon_pkg']
[23.404s] Level 1:colcon.colcon_core.package_identification:_identify(src) by extension 'colcon_pkg'
[23.404s] Level 1:colcon.colcon_core.package_identification:_identify(src) by extensions ['colcon_meta']
[23.404s] Level 1:colcon.colcon_core.package_identification:_identify(src) by extension 'colcon_meta'
[23.404s] Level 1:colcon.colcon_core.package_identification:_identify(src) by extensions ['ros']
[23.404s] Level 1:colcon.colcon_core.package_identification:_identify(src) by extension 'ros'
[23.405s] Level 1:colcon.colcon_core.package_identification:_identify(src) by extensions ['cmake', 'python']
[23.405s] Level 1:colcon.colcon_core.package_identification:_identify(src) by extension 'cmake'
[23.405s] Level 1:colcon.colcon_core.package_identification:_identify(src) by extension 'python'
[23.405s] Level 1:colcon.colcon_core.package_identification:_identify(src) by extensions ['python_setup_py']
[23.405s] Level 1:colcon.colcon_core.package_identification:_identify(src) by extension 'python_setup_py'
[23.405s] Level 1:colcon.colcon_core.package_identification:_identify(src/action_tutorials_cpp) by extensions ['ignore', 'ignore_ament_install']
[23.406s] Level 1:colcon.colcon_core.package_identification:_identify(src/action_tutorials_cpp) by extension 'ignore'
[23.406s] Level 1:colcon.colcon_core.package_identification:_identify(src/action_tutorials_cpp) by extension 'ignore_ament_install'
[23.406s] Level 1:colcon.colcon_core.package_identification:_identify(src/action_tutorials_cpp) by extensions ['colcon_pkg']
[23.406s] Level 1:colcon.colcon_core.package_identification:_identify(src/action_tutorials_cpp) by extension 'colcon_pkg'
[23.406s] Level 1:colcon.colcon_core.package_identification:_identify(src/action_tutorials_cpp) by extensions ['colcon_meta']
[23.406s] Level 1:colcon.colcon_core.package_identification:_identify(src/action_tutorials_cpp) by extension 'colcon_meta'
[23.407s] Level 1:colcon.colcon_core.package_identification:_identify(src/action_tutorials_cpp) by extensions ['ros']
[23.407s] Level 1:colcon.colcon_core.package_identification:_identify(src/action_tutorials_cpp) by extension 'ros'
[23.489s] DEBUG:colcon.colcon_core.package_identification:Package 'src/action_tutorials_cpp' with type 'ros.ament_cmake' and name 'action_tutorials_cpp'
[23.502s] Level 1:colcon.colcon_core.package_identification:_identify(src/build) by extensions ['ignore', 'ignore_ament_install']
[23.504s] Level 1:colcon.colcon_core.package_identification:_identify(src/build) by extension 'ignore'
[23.506s] Level 1:colcon.colcon_core.package_identification:_identify(src/build) by extension 'ignore_ament_install'
[23.509s] Level 1:colcon.colcon_core.package_identification:_identify(src/build) by extensions ['colcon_pkg']
[23.510s] Level 1:colcon.colcon_core.package_identification:_identify(src/build) by extension 'colcon_pkg'
[23.512s] Level 1:colcon.colcon_core.package_identification:_identify(src/build) by extensions ['colcon_meta']
[23.514s] Level 1:colcon.colcon_core.package_identification:_identify(src/build) by extension 'colcon_meta'
[23.516s] Level 1:colcon.colcon_core.package_identification:_identify(src/build) by extensions ['ros']
[23.517s] Level 1:colcon.colcon_core.package_identification:_identify(src/build) by extension 'ros'
[23.520s] Level 1:colcon.colcon_core.package_identification:_identify(src/build) by extensions ['cmake', 'python']
[23.522s] Level 1:colcon.colcon_core.package_identification:_identify(src/build) by extension 'cmake'
[23.523s] Level 1:colcon.colcon_core.package_identification:_identify(src/build) by extension 'python'
[23.524s] Level 1:colcon.colcon_core.package_identification:_identify(src/build) by extensions ['python_setup_py']
[23.525s] Level 1:colcon.colcon_core.package_identification:_identify(src/build) by extension 'python_setup_py'
[23.542s] Level 1:colcon.colcon_core.package_identification:_identify(src/build/CMakeFiles) by extensions ['ignore', 'ignore_ament_install']
[23.544s] Level 1:colcon.colcon_core.package_identification:_identify(src/build/CMakeFiles) by extension 'ignore'
[23.546s] Level 1:colcon.colcon_core.package_identification:_identify(src/build/CMakeFiles) by extension 'ignore_ament_install'
[23.549s] Level 1:colcon.colcon_core.package_identification:_identify(src/build/CMakeFiles) by extensions ['colcon_pkg']
[23.550s] Level 1:colcon.colcon_core.package_identification:_identify(src/build/CMakeFiles) by extension 'colcon_pkg'
[23.552s] Level 1:colcon.colcon_core.package_identification:_identify(src/build/CMakeFiles) by extensions ['colcon_meta']
[23.553s] Level 1:colcon.colcon_core.package_identification:_identify(src/build/CMakeFiles) by extension 'colcon_meta'
[23.555s] Level 1:colcon.colcon_core.package_identification:_identify(src/build/CMakeFiles) by extensions ['ros']
[23.557s] Level 1:colcon.colcon_core.package_identification:_identify(src/build/CMakeFiles) by extension 'ros'
[23.563s] Level 1:colcon.colcon_core.package_identification:_identify(src/build/CMakeFiles) by extensions ['cmake', 'python']
[23.563s] Level 1:colcon.colcon_core.package_identification:_identify(src/build/CMakeFiles) by extension 'cmake'
[23.564s] Level 1:colcon.colcon_core.package_identification:_identify(src/build/CMakeFiles) by extension 'python'
[23.564s] Level 1:colcon.colcon_core.package_identification:_identify(src/build/CMakeFiles) by extensions ['python_setup_py']
[23.564s] Level 1:colcon.colcon_core.package_identification:_identify(src/build/CMakeFiles) by extension 'python_setup_py'
[23.564s] Level 1:colcon.colcon_core.package_identification:_identify(src/build/CMakeFiles/3.22.1) by extensions ['ignore', 'ignore_ament_install']
[23.565s] Level 1:colcon.colcon_core.package_identification:_identify(src/build/CMakeFiles/3.22.1) by extension 'ignore'
[23.565s] Level 1:colcon.colcon_core.package_identification:_identify(src/build/CMakeFiles/3.22.1) by extension 'ignore_ament_install'
[23.565s] Level 1:colcon.colcon_core.package_identification:_identify(src/build/CMakeFiles/3.22.1) by extensions ['colcon_pkg']
[23.565s] Level 1:colcon.colcon_core.package_identification:_identify(src/build/CMakeFiles/3.22.1) by extension 'colcon_pkg'
[23.565s] Level 1:colcon.colcon_core.package_identification:_identify(src/build/CMakeFiles/3.22.1) by extensions ['colcon_meta']
[23.565s] Level 1:colcon.colcon_core.package_identification:_identify(src/build/CMakeFiles/3.22.1) by extension 'colcon_meta'
[23.566s] Level 1:colcon.colcon_core.package_identification:_identify(src/build/CMakeFiles/3.22.1) by extensions ['ros']
[23.566s] Level 1:colcon.colcon_core.package_identification:_identify(src/build/CMakeFiles/3.22.1) by extension 'ros'
[23.566s] Level 1:colcon.colcon_core.package_identification:_identify(src/build/CMakeFiles/3.22.1) by extensions ['cmake', 'python']
[23.566s] Level 1:colcon.colcon_core.package_identification:_identify(src/build/CMakeFiles/3.22.1) by extension 'cmake'
[23.566s] Level 1:colcon.colcon_core.package_identification:_identify(src/build/CMakeFiles/3.22.1) by extension 'python'
[23.566s] Level 1:colcon.colcon_core.package_identification:_identify(src/build/CMakeFiles/3.22.1) by extensions ['python_setup_py']
[23.566s] Level 1:colcon.colcon_core.package_identification:_identify(src/build/CMakeFiles/3.22.1) by extension 'python_setup_py'
[23.567s] Level 1:colcon.colcon_core.package_identification:_identify(src/build/CMakeFiles/3.22.1/CompilerIdC) by extensions ['ignore', 'ignore_ament_install']
[23.567s] Level 1:colcon.colcon_core.package_identification:_identify(src/build/CMakeFiles/3.22.1/CompilerIdC) by extension 'ignore'
[23.568s] Level 1:colcon.colcon_core.package_identification:_identify(src/build/CMakeFiles/3.22.1/CompilerIdC) by extension 'ignore_ament_install'
[23.568s] Level 1:colcon.colcon_core.package_identification:_identify(src/build/CMakeFiles/3.22.1/CompilerIdC) by extensions ['colcon_pkg']
[23.569s] Level 1:colcon.colcon_core.package_identification:_identify(src/build/CMakeFiles/3.22.1/CompilerIdC) by extension 'colcon_pkg'
[23.569s] Level 1:colcon.colcon_core.package_identification:_identify(src/build/CMakeFiles/3.22.1/CompilerIdC) by extensions ['colcon_meta']
[23.569s] Level 1:colcon.colcon_core.package_identification:_identify(src/build/CMakeFiles/3.22.1/CompilerIdC) by extension 'colcon_meta'
[23.569s] Level 1:colcon.colcon_core.package_identification:_identify(src/build/CMakeFiles/3.22.1/CompilerIdC) by extensions ['ros']
[23.569s] Level 1:colcon.colcon_core.package_identification:_identify(src/build/CMakeFiles/3.22.1/CompilerIdC) by extension 'ros'
[23.569s] Level 1:colcon.colcon_core.package_identification:_identify(src/build/CMakeFiles/3.22.1/CompilerIdC) by extensions ['cmake', 'python']
[23.569s] Level 1:colcon.colcon_core.package_identification:_identify(src/build/CMakeFiles/3.22.1/CompilerIdC) by extension 'cmake'
[23.570s] Level 1:colcon.colcon_core.package_identification:_identify(src/build/CMakeFiles/3.22.1/CompilerIdC) by extension 'python'
[23.570s] Level 1:colcon.colcon_core.package_identification:_identify(src/build/CMakeFiles/3.22.1/CompilerIdC) by extensions ['python_setup_py']
[23.570s] Level 1:colcon.colcon_core.package_identification:_identify(src/build/CMakeFiles/3.22.1/CompilerIdC) by extension 'python_setup_py'
[23.572s] Level 1:colcon.colcon_core.package_identification:_identify(src/build/CMakeFiles/3.22.1/CompilerIdC/tmp) by extensions ['ignore', 'ignore_ament_install']
[23.572s] Level 1:colcon.colcon_core.package_identification:_identify(src/build/CMakeFiles/3.22.1/CompilerIdC/tmp) by extension 'ignore'
[23.573s] Level 1:colcon.colcon_core.package_identification:_identify(src/build/CMakeFiles/3.22.1/CompilerIdC/tmp) by extension 'ignore_ament_install'
[23.573s] Level 1:colcon.colcon_core.package_identification:_identify(src/build/CMakeFiles/3.22.1/CompilerIdC/tmp) by extensions ['colcon_pkg']
[23.573s] Level 1:colcon.colcon_core.package_identification:_identify(src/build/CMakeFiles/3.22.1/CompilerIdC/tmp) by extension 'colcon_pkg'
[23.573s] Level 1:colcon.colcon_core.package_identification:_identify(src/build/CMakeFiles/3.22.1/CompilerIdC/tmp) by extensions ['colcon_meta']
[23.574s] Level 1:colcon.colcon_core.package_identification:_identify(src/build/CMakeFiles/3.22.1/CompilerIdC/tmp) by extension 'colcon_meta'
[23.574s] Level 1:colcon.colcon_core.package_identification:_identify(src/build/CMakeFiles/3.22.1/CompilerIdC/tmp) by extensions ['ros']
[23.574s] Level 1:colcon.colcon_core.package_identification:_identify(src/build/CMakeFiles/3.22.1/CompilerIdC/tmp) by extension 'ros'
[23.574s] Level 1:colcon.colcon_core.package_identification:_identify(src/build/CMakeFiles/3.22.1/CompilerIdC/tmp) by extensions ['cmake', 'python']
[23.574s] Level 1:colcon.colcon_core.package_identification:_identify(src/build/CMakeFiles/3.22.1/CompilerIdC/tmp) by extension 'cmake'
[23.574s] Level 1:colcon.colcon_core.package_identification:_identify(src/build/CMakeFiles/3.22.1/CompilerIdC/tmp) by extension 'python'
[23.574s] Level 1:colcon.colcon_core.package_identification:_identify(src/build/CMakeFiles/3.22.1/CompilerIdC/tmp) by extensions ['python_setup_py']
[23.575s] Level 1:colcon.colcon_core.package_identification:_identify(src/build/CMakeFiles/3.22.1/CompilerIdC/tmp) by extension 'python_setup_py'
[23.575s] Level 1:colcon.colcon_core.package_identification:_identify(src/build/CMakeFiles/3.22.1/CompilerIdCXX) by extensions ['ignore', 'ignore_ament_install']
[23.576s] Level 1:colcon.colcon_core.package_identification:_identify(src/build/CMakeFiles/3.22.1/CompilerIdCXX) by extension 'ignore'
[23.576s] Level 1:colcon.colcon_core.package_identification:_identify(src/build/CMakeFiles/3.22.1/CompilerIdCXX) by extension 'ignore_ament_install'
[23.576s] Level 1:colcon.colcon_core.package_identification:_identify(src/build/CMakeFiles/3.22.1/CompilerIdCXX) by extensions ['colcon_pkg']
[23.576s] Level 1:colcon.colcon_core.package_identification:_identify(src/build/CMakeFiles/3.22.1/CompilerIdCXX) by extension 'colcon_pkg'
[23.576s] Level 1:colcon.colcon_core.package_identification:_identify(src/build/CMakeFiles/3.22.1/CompilerIdCXX) by extensions ['colcon_meta']
[23.576s] Level 1:colcon.colcon_core.package_identification:_identify(src/build/CMakeFiles/3.22.1/CompilerIdCXX) by extension 'colcon_meta'
[23.577s] Level 1:colcon.colcon_core.package_identification:_identify(src/build/CMakeFiles/3.22.1/CompilerIdCXX) by extensions ['ros']
[23.577s] Level 1:colcon.colcon_core.package_identification:_identify(src/build/CMakeFiles/3.22.1/CompilerIdCXX) by extension 'ros'
[23.577s] Level 1:colcon.colcon_core.package_identification:_identify(src/build/CMakeFiles/3.22.1/CompilerIdCXX) by extensions ['cmake', 'python']
[23.577s] Level 1:colcon.colcon_core.package_identification:_identify(src/build/CMakeFiles/3.22.1/CompilerIdCXX) by extension 'cmake'
[23.577s] Level 1:colcon.colcon_core.package_identification:_identify(src/build/CMakeFiles/3.22.1/CompilerIdCXX) by extension 'python'
[23.577s] Level 1:colcon.colcon_core.package_identification:_identify(src/build/CMakeFiles/3.22.1/CompilerIdCXX) by extensions ['python_setup_py']
[23.577s] Level 1:colcon.colcon_core.package_identification:_identify(src/build/CMakeFiles/3.22.1/CompilerIdCXX) by extension 'python_setup_py'
[23.583s] Level 1:colcon.colcon_core.package_identification:_identify(src/build/CMakeFiles/3.22.1/CompilerIdCXX/tmp) by extensions ['ignore', 'ignore_ament_install']
[23.585s] Level 1:colcon.colcon_core.package_identification:_identify(src/build/CMakeFiles/3.22.1/CompilerIdCXX/tmp) by extension 'ignore'
[23.587s] Level 1:colcon.colcon_core.package_identification:_identify(src/build/CMakeFiles/3.22.1/CompilerIdCXX/tmp) by extension 'ignore_ament_install'
[23.590s] Level 1:colcon.colcon_core.package_identification:_identify(src/build/CMakeFiles/3.22.1/CompilerIdCXX/tmp) by extensions ['colcon_pkg']
[23.591s] Level 1:colcon.colcon_core.package_identification:_identify(src/build/CMakeFiles/3.22.1/CompilerIdCXX/tmp) by extension 'colcon_pkg'
[23.593s] Level 1:colcon.colcon_core.package_identification:_identify(src/build/CMakeFiles/3.22.1/CompilerIdCXX/tmp) by extensions ['colcon_meta']
[23.598s] Level 1:colcon.colcon_core.package_identification:_identify(src/build/CMakeFiles/3.22.1/CompilerIdCXX/tmp) by extension 'colcon_meta'
[23.600s] Level 1:colcon.colcon_core.package_identification:_identify(src/build/CMakeFiles/3.22.1/CompilerIdCXX/tmp) by extensions ['ros']
[23.602s] Level 1:colcon.colcon_core.package_identification:_identify(src/build/CMakeFiles/3.22.1/CompilerIdCXX/tmp) by extension 'ros'
[23.605s] Level 1:colcon.colcon_core.package_identification:_identify(src/build/CMakeFiles/3.22.1/CompilerIdCXX/tmp) by extensions ['cmake', 'python']
[23.605s] Level 1:colcon.colcon_core.package_identification:_identify(src/build/CMakeFiles/3.22.1/CompilerIdCXX/tmp) by extension 'cmake'
[23.606s] Level 1:colcon.colcon_core.package_identification:_identify(src/build/CMakeFiles/3.22.1/CompilerIdCXX/tmp) by extension 'python'
[23.607s] Level 1:colcon.colcon_core.package_identification:_identify(src/build/CMakeFiles/3.22.1/CompilerIdCXX/tmp) by extensions ['python_setup_py']
[23.607s] Level 1:colcon.colcon_core.package_identification:_identify(src/build/CMakeFiles/3.22.1/CompilerIdCXX/tmp) by extension 'python_setup_py'
[23.607s] Level 1:colcon.colcon_core.package_identification:_identify(src/build/CMakeFiles/CMakeTmp) by extensions ['ignore', 'ignore_ament_install']
[23.608s] Level 1:colcon.colcon_core.package_identification:_identify(src/build/CMakeFiles/CMakeTmp) by extension 'ignore'
[23.608s] Level 1:colcon.colcon_core.package_identification:_identify(src/build/CMakeFiles/CMakeTmp) by extension 'ignore_ament_install'
[23.608s] Level 1:colcon.colcon_core.package_identification:_identify(src/build/CMakeFiles/CMakeTmp) by extensions ['colcon_pkg']
[23.608s] Level 1:colcon.colcon_core.package_identification:_identify(src/build/CMakeFiles/CMakeTmp) by extension 'colcon_pkg'
[23.608s] Level 1:colcon.colcon_core.package_identification:_identify(src/build/CMakeFiles/CMakeTmp) by extensions ['colcon_meta']
[23.608s] Level 1:colcon.colcon_core.package_identification:_identify(src/build/CMakeFiles/CMakeTmp) by extension 'colcon_meta'
[23.609s] Level 1:colcon.colcon_core.package_identification:_identify(src/build/CMakeFiles/CMakeTmp) by extensions ['ros']
[23.609s] Level 1:colcon.colcon_core.package_identification:_identify(src/build/CMakeFiles/CMakeTmp) by extension 'ros'
[23.609s] Level 1:colcon.colcon_core.package_identification:_identify(src/build/CMakeFiles/CMakeTmp) by extensions ['cmake', 'python']
[23.609s] Level 1:colcon.colcon_core.package_identification:_identify(src/build/CMakeFiles/CMakeTmp) by extension 'cmake'
[23.609s] Level 1:colcon.colcon_core.package_identification:_identify(src/build/CMakeFiles/CMakeTmp) by extension 'python'
[23.609s] Level 1:colcon.colcon_core.package_identification:_identify(src/build/CMakeFiles/CMakeTmp) by extensions ['python_setup_py']
[23.609s] Level 1:colcon.colcon_core.package_identification:_identify(src/build/CMakeFiles/CMakeTmp) by extension 'python_setup_py'
[23.624s] Level 1:colcon.colcon_core.package_identification:_identify(src/build/CMakeFiles/my_node.dir) by extensions ['ignore', 'ignore_ament_install']
[23.625s] Level 1:colcon.colcon_core.package_identification:_identify(src/build/CMakeFiles/my_node.dir) by extension 'ignore'
[23.627s] Level 1:colcon.colcon_core.package_identification:_identify(src/build/CMakeFiles/my_node.dir) by extension 'ignore_ament_install'
[23.630s] Level 1:colcon.colcon_core.package_identification:_identify(src/build/CMakeFiles/my_node.dir) by extensions ['colcon_pkg']
[23.631s] Level 1:colcon.colcon_core.package_identification:_identify(src/build/CMakeFiles/my_node.dir) by extension 'colcon_pkg'
[23.634s] Level 1:colcon.colcon_core.package_identification:_identify(src/build/CMakeFiles/my_node.dir) by extensions ['colcon_meta']
[23.635s] Level 1:colcon.colcon_core.package_identification:_identify(src/build/CMakeFiles/my_node.dir) by extension 'colcon_meta'
[23.636s] Level 1:colcon.colcon_core.package_identification:_identify(src/build/CMakeFiles/my_node.dir) by extensions ['ros']
[23.637s] Level 1:colcon.colcon_core.package_identification:_identify(src/build/CMakeFiles/my_node.dir) by extension 'ros'
[23.640s] Level 1:colcon.colcon_core.package_identification:_identify(src/build/CMakeFiles/my_node.dir) by extensions ['cmake', 'python']
[23.645s] Level 1:colcon.colcon_core.package_identification:_identify(src/build/CMakeFiles/my_node.dir) by extension 'cmake'
[23.647s] Level 1:colcon.colcon_core.package_identification:_identify(src/build/CMakeFiles/my_node.dir) by extension 'python'
[23.649s] Level 1:colcon.colcon_core.package_identification:_identify(src/build/CMakeFiles/my_node.dir) by extensions ['python_setup_py']
[23.651s] Level 1:colcon.colcon_core.package_identification:_identify(src/build/CMakeFiles/my_node.dir) by extension 'python_setup_py'
[23.657s] Level 1:colcon.colcon_core.package_identification:_identify(src/build/CMakeFiles/my_node.dir/src) by extensions ['ignore', 'ignore_ament_install']
[23.658s] Level 1:colcon.colcon_core.package_identification:_identify(src/build/CMakeFiles/my_node.dir/src) by extension 'ignore'
[23.658s] Level 1:colcon.colcon_core.package_identification:_identify(src/build/CMakeFiles/my_node.dir/src) by extension 'ignore_ament_install'
[23.658s] Level 1:colcon.colcon_core.package_identification:_identify(src/build/CMakeFiles/my_node.dir/src) by extensions ['colcon_pkg']
[23.658s] Level 1:colcon.colcon_core.package_identification:_identify(src/build/CMakeFiles/my_node.dir/src) by extension 'colcon_pkg'
[23.658s] Level 1:colcon.colcon_core.package_identification:_identify(src/build/CMakeFiles/my_node.dir/src) by extensions ['colcon_meta']
[23.658s] Level 1:colcon.colcon_core.package_identification:_identify(src/build/CMakeFiles/my_node.dir/src) by extension 'colcon_meta'
[23.658s] Level 1:colcon.colcon_core.package_identification:_identify(src/build/CMakeFiles/my_node.dir/src) by extensions ['ros']
[23.659s] Level 1:colcon.colcon_core.package_identification:_identify(src/build/CMakeFiles/my_node.dir/src) by extension 'ros'
[23.659s] Level 1:colcon.colcon_core.package_identification:_identify(src/build/CMakeFiles/my_node.dir/src) by extensions ['cmake', 'python']
[23.659s] Level 1:colcon.colcon_core.package_identification:_identify(src/build/CMakeFiles/my_node.dir/src) by extension 'cmake'
[23.659s] Level 1:colcon.colcon_core.package_identification:_identify(src/build/CMakeFiles/my_node.dir/src) by extension 'python'
[23.659s] Level 1:colcon.colcon_core.package_identification:_identify(src/build/CMakeFiles/my_node.dir/src) by extensions ['python_setup_py']
[23.659s] Level 1:colcon.colcon_core.package_identification:_identify(src/build/CMakeFiles/my_node.dir/src) by extension 'python_setup_py'
[23.660s] Level 1:colcon.colcon_core.package_identification:_identify(src/build/CMakeFiles/my_package_uninstall.dir) by extensions ['ignore', 'ignore_ament_install']
[23.660s] Level 1:colcon.colcon_core.package_identification:_identify(src/build/CMakeFiles/my_package_uninstall.dir) by extension 'ignore'
[23.661s] Level 1:colcon.colcon_core.package_identification:_identify(src/build/CMakeFiles/my_package_uninstall.dir) by extension 'ignore_ament_install'
[23.661s] Level 1:colcon.colcon_core.package_identification:_identify(src/build/CMakeFiles/my_package_uninstall.dir) by extensions ['colcon_pkg']
[23.661s] Level 1:colcon.colcon_core.package_identification:_identify(src/build/CMakeFiles/my_package_uninstall.dir) by extension 'colcon_pkg'
[23.661s] Level 1:colcon.colcon_core.package_identification:_identify(src/build/CMakeFiles/my_package_uninstall.dir) by extensions ['colcon_meta']
[23.661s] Level 1:colcon.colcon_core.package_identification:_identify(src/build/CMakeFiles/my_package_uninstall.dir) by extension 'colcon_meta'
[23.661s] Level 1:colcon.colcon_core.package_identification:_identify(src/build/CMakeFiles/my_package_uninstall.dir) by extensions ['ros']
[23.661s] Level 1:colcon.colcon_core.package_identification:_identify(src/build/CMakeFiles/my_package_uninstall.dir) by extension 'ros'
[23.662s] Level 1:colcon.colcon_core.package_identification:_identify(src/build/CMakeFiles/my_package_uninstall.dir) by extensions ['cmake', 'python']
[23.662s] Level 1:colcon.colcon_core.package_identification:_identify(src/build/CMakeFiles/my_package_uninstall.dir) by extension 'cmake'
[23.663s] Level 1:colcon.colcon_core.package_identification:_identify(src/build/CMakeFiles/my_package_uninstall.dir) by extension 'python'
[23.663s] Level 1:colcon.colcon_core.package_identification:_identify(src/build/CMakeFiles/my_package_uninstall.dir) by extensions ['python_setup_py']
[23.663s] Level 1:colcon.colcon_core.package_identification:_identify(src/build/CMakeFiles/my_package_uninstall.dir) by extension 'python_setup_py'
[23.664s] Level 1:colcon.colcon_core.package_identification:_identify(src/build/CMakeFiles/uninstall.dir) by extensions ['ignore', 'ignore_ament_install']
[23.667s] Level 1:colcon.colcon_core.package_identification:_identify(src/build/CMakeFiles/uninstall.dir) by extension 'ignore'
[23.669s] Level 1:colcon.colcon_core.package_identification:_identify(src/build/CMakeFiles/uninstall.dir) by extension 'ignore_ament_install'
[23.671s] Level 1:colcon.colcon_core.package_identification:_identify(src/build/CMakeFiles/uninstall.dir) by extensions ['colcon_pkg']
[23.672s] Level 1:colcon.colcon_core.package_identification:_identify(src/build/CMakeFiles/uninstall.dir) by extension 'colcon_pkg'
[23.674s] Level 1:colcon.colcon_core.package_identification:_identify(src/build/CMakeFiles/uninstall.dir) by extensions ['colcon_meta']
[23.676s] Level 1:colcon.colcon_core.package_identification:_identify(src/build/CMakeFiles/uninstall.dir) by extension 'colcon_meta'
[23.678s] Level 1:colcon.colcon_core.package_identification:_identify(src/build/CMakeFiles/uninstall.dir) by extensions ['ros']
[23.679s] Level 1:colcon.colcon_core.package_identification:_identify(src/build/CMakeFiles/uninstall.dir) by extension 'ros'
[23.682s] Level 1:colcon.colcon_core.package_identification:_identify(src/build/CMakeFiles/uninstall.dir) by extensions ['cmake', 'python']
[23.684s] Level 1:colcon.colcon_core.package_identification:_identify(src/build/CMakeFiles/uninstall.dir) by extension 'cmake'
[23.686s] Level 1:colcon.colcon_core.package_identification:_identify(src/build/CMakeFiles/uninstall.dir) by extension 'python'
[23.688s] Level 1:colcon.colcon_core.package_identification:_identify(src/build/CMakeFiles/uninstall.dir) by extensions ['python_setup_py']
[23.689s] Level 1:colcon.colcon_core.package_identification:_identify(src/build/CMakeFiles/uninstall.dir) by extension 'python_setup_py'
[23.692s] Level 1:colcon.colcon_core.package_identification:_identify(src/build/Testing) by extensions ['ignore', 'ignore_ament_install']
[23.693s] Level 1:colcon.colcon_core.package_identification:_identify(src/build/Testing) by extension 'ignore'
[23.693s] Level 1:colcon.colcon_core.package_identification:_identify(src/build/Testing) by extension 'ignore_ament_install'
[23.693s] Level 1:colcon.colcon_core.package_identification:_identify(src/build/Testing) by extensions ['colcon_pkg']
[23.693s] Level 1:colcon.colcon_core.package_identification:_identify(src/build/Testing) by extension 'colcon_pkg'
[23.693s] Level 1:colcon.colcon_core.package_identification:_identify(src/build/Testing) by extensions ['colcon_meta']
[23.694s] Level 1:colcon.colcon_core.package_identification:_identify(src/build/Testing) by extension 'colcon_meta'
[23.694s] Level 1:colcon.colcon_core.package_identification:_identify(src/build/Testing) by extensions ['ros']
[23.694s] Level 1:colcon.colcon_core.package_identification:_identify(src/build/Testing) by extension 'ros'
[23.694s] Level 1:colcon.colcon_core.package_identification:_identify(src/build/Testing) by extensions ['cmake', 'python']
[23.694s] Level 1:colcon.colcon_core.package_identification:_identify(src/build/Testing) by extension 'cmake'
[23.694s] Level 1:colcon.colcon_core.package_identification:_identify(src/build/Testing) by extension 'python'
[23.694s] Level 1:colcon.colcon_core.package_identification:_identify(src/build/Testing) by extensions ['python_setup_py']
[23.694s] Level 1:colcon.colcon_core.package_identification:_identify(src/build/Testing) by extension 'python_setup_py'
[23.696s] Level 1:colcon.colcon_core.package_identification:_identify(src/build/Testing/20240123-0611) by extensions ['ignore', 'ignore_ament_install']
[23.696s] Level 1:colcon.colcon_core.package_identification:_identify(src/build/Testing/20240123-0611) by extension 'ignore'
[23.698s] Level 1:colcon.colcon_core.package_identification:_identify(src/build/Testing/20240123-0611) by extension 'ignore_ament_install'
[23.700s] Level 1:colcon.colcon_core.package_identification:_identify(src/build/Testing/20240123-0611) by extensions ['colcon_pkg']
[23.702s] Level 1:colcon.colcon_core.package_identification:_identify(src/build/Testing/20240123-0611) by extension 'colcon_pkg'
[23.704s] Level 1:colcon.colcon_core.package_identification:_identify(src/build/Testing/20240123-0611) by extensions ['colcon_meta']
[23.709s] Level 1:colcon.colcon_core.package_identification:_identify(src/build/Testing/20240123-0611) by extension 'colcon_meta'
[23.711s] Level 1:colcon.colcon_core.package_identification:_identify(src/build/Testing/20240123-0611) by extensions ['ros']
[23.712s] Level 1:colcon.colcon_core.package_identification:_identify(src/build/Testing/20240123-0611) by extension 'ros'
[23.716s] Level 1:colcon.colcon_core.package_identification:_identify(src/build/Testing/20240123-0611) by extensions ['cmake', 'python']
[23.719s] Level 1:colcon.colcon_core.package_identification:_identify(src/build/Testing/20240123-0611) by extension 'cmake'
[23.721s] Level 1:colcon.colcon_core.package_identification:_identify(src/build/Testing/20240123-0611) by extension 'python'
[23.723s] Level 1:colcon.colcon_core.package_identification:_identify(src/build/Testing/20240123-0611) by extensions ['python_setup_py']
[23.724s] Level 1:colcon.colcon_core.package_identification:_identify(src/build/Testing/20240123-0611) by extension 'python_setup_py'
[23.725s] Level 1:colcon.colcon_core.package_identification:_identify(src/build/Testing/20240124-1042) by extensions ['ignore', 'ignore_ament_install']
[23.726s] Level 1:colcon.colcon_core.package_identification:_identify(src/build/Testing/20240124-1042) by extension 'ignore'
[23.726s] Level 1:colcon.colcon_core.package_identification:_identify(src/build/Testing/20240124-1042) by extension 'ignore_ament_install'
[23.726s] Level 1:colcon.colcon_core.package_identification:_identify(src/build/Testing/20240124-1042) by extensions ['colcon_pkg']
[23.726s] Level 1:colcon.colcon_core.package_identification:_identify(src/build/Testing/20240124-1042) by extension 'colcon_pkg'
[23.726s] Level 1:colcon.colcon_core.package_identification:_identify(src/build/Testing/20240124-1042) by extensions ['colcon_meta']
[23.726s] Level 1:colcon.colcon_core.package_identification:_identify(src/build/Testing/20240124-1042) by extension 'colcon_meta'
[23.727s] Level 1:colcon.colcon_core.package_identification:_identify(src/build/Testing/20240124-1042) by extensions ['ros']
[23.727s] Level 1:colcon.colcon_core.package_identification:_identify(src/build/Testing/20240124-1042) by extension 'ros'
[23.727s] Level 1:colcon.colcon_core.package_identification:_identify(src/build/Testing/20240124-1042) by extensions ['cmake', 'python']
[23.727s] Level 1:colcon.colcon_core.package_identification:_identify(src/build/Testing/20240124-1042) by extension 'cmake'
[23.727s] Level 1:colcon.colcon_core.package_identification:_identify(src/build/Testing/20240124-1042) by extension 'python'
[23.727s] Level 1:colcon.colcon_core.package_identification:_identify(src/build/Testing/20240124-1042) by extensions ['python_setup_py']
[23.727s] Level 1:colcon.colcon_core.package_identification:_identify(src/build/Testing/20240124-1042) by extension 'python_setup_py'
[23.731s] Level 1:colcon.colcon_core.package_identification:_identify(src/build/Testing/Temporary) by extensions ['ignore', 'ignore_ament_install']
[23.733s] Level 1:colcon.colcon_core.package_identification:_identify(src/build/Testing/Temporary) by extension 'ignore'
[23.735s] Level 1:colcon.colcon_core.package_identification:_identify(src/build/Testing/Temporary) by extension 'ignore_ament_install'
[23.738s] Level 1:colcon.colcon_core.package_identification:_identify(src/build/Testing/Temporary) by extensions ['colcon_pkg']
[23.739s] Level 1:colcon.colcon_core.package_identification:_identify(src/build/Testing/Temporary) by extension 'colcon_pkg'
[23.740s] Level 1:colcon.colcon_core.package_identification:_identify(src/build/Testing/Temporary) by extensions ['colcon_meta']
[23.742s] Level 1:colcon.colcon_core.package_identification:_identify(src/build/Testing/Temporary) by extension 'colcon_meta'
[23.744s] Level 1:colcon.colcon_core.package_identification:_identify(src/build/Testing/Temporary) by extensions ['ros']
[23.745s] Level 1:colcon.colcon_core.package_identification:_identify(src/build/Testing/Temporary) by extension 'ros'
[23.749s] Level 1:colcon.colcon_core.package_identification:_identify(src/build/Testing/Temporary) by extensions ['cmake', 'python']
[23.750s] Level 1:colcon.colcon_core.package_identification:_identify(src/build/Testing/Temporary) by extension 'cmake'
[23.752s] Level 1:colcon.colcon_core.package_identification:_identify(src/build/Testing/Temporary) by extension 'python'
[23.754s] Level 1:colcon.colcon_core.package_identification:_identify(src/build/Testing/Temporary) by extensions ['python_setup_py']
[23.755s] Level 1:colcon.colcon_core.package_identification:_identify(src/build/Testing/Temporary) by extension 'python_setup_py'
[23.759s] Level 1:colcon.colcon_core.package_identification:_identify(src/build/ament_cmake_core) by extensions ['ignore', 'ignore_ament_install']
[23.759s] Level 1:colcon.colcon_core.package_identification:_identify(src/build/ament_cmake_core) by extension 'ignore'
[23.759s] Level 1:colcon.colcon_core.package_identification:_identify(src/build/ament_cmake_core) by extension 'ignore_ament_install'
[23.759s] Level 1:colcon.colcon_core.package_identification:_identify(src/build/ament_cmake_core) by extensions ['colcon_pkg']
[23.759s] Level 1:colcon.colcon_core.package_identification:_identify(src/build/ament_cmake_core) by extension 'colcon_pkg'
[23.760s] Level 1:colcon.colcon_core.package_identification:_identify(src/build/ament_cmake_core) by extensions ['colcon_meta']
[23.760s] Level 1:colcon.colcon_core.package_identification:_identify(src/build/ament_cmake_core) by extension 'colcon_meta'
[23.760s] Level 1:colcon.colcon_core.package_identification:_identify(src/build/ament_cmake_core) by extensions ['ros']
[23.760s] Level 1:colcon.colcon_core.package_identification:_identify(src/build/ament_cmake_core) by extension 'ros'
[23.760s] Level 1:colcon.colcon_core.package_identification:_identify(src/build/ament_cmake_core) by extensions ['cmake', 'python']
[23.760s] Level 1:colcon.colcon_core.package_identification:_identify(src/build/ament_cmake_core) by extension 'cmake'
[23.760s] Level 1:colcon.colcon_core.package_identification:_identify(src/build/ament_cmake_core) by extension 'python'
[23.761s] Level 1:colcon.colcon_core.package_identification:_identify(src/build/ament_cmake_core) by extensions ['python_setup_py']
[23.761s] Level 1:colcon.colcon_core.package_identification:_identify(src/build/ament_cmake_core) by extension 'python_setup_py'
[23.762s] Level 1:colcon.colcon_core.package_identification:_identify(src/build/ament_cmake_core/stamps) by extensions ['ignore', 'ignore_ament_install']
[23.762s] Level 1:colcon.colcon_core.package_identification:_identify(src/build/ament_cmake_core/stamps) by extension 'ignore'
[23.762s] Level 1:colcon.colcon_core.package_identification:_identify(src/build/ament_cmake_core/stamps) by extension 'ignore_ament_install'
[23.762s] Level 1:colcon.colcon_core.package_identification:_identify(src/build/ament_cmake_core/stamps) by extensions ['colcon_pkg']
[23.763s] Level 1:colcon.colcon_core.package_identification:_identify(src/build/ament_cmake_core/stamps) by extension 'colcon_pkg'
[23.763s] Level 1:colcon.colcon_core.package_identification:_identify(src/build/ament_cmake_core/stamps) by extensions ['colcon_meta']
[23.763s] Level 1:colcon.colcon_core.package_identification:_identify(src/build/ament_cmake_core/stamps) by extension 'colcon_meta'
[23.763s] Level 1:colcon.colcon_core.package_identification:_identify(src/build/ament_cmake_core/stamps) by extensions ['ros']
[23.763s] Level 1:colcon.colcon_core.package_identification:_identify(src/build/ament_cmake_core/stamps) by extension 'ros'
[23.763s] Level 1:colcon.colcon_core.package_identification:_identify(src/build/ament_cmake_core/stamps) by extensions ['cmake', 'python']
[23.763s] Level 1:colcon.colcon_core.package_identification:_identify(src/build/ament_cmake_core/stamps) by extension 'cmake'
[23.764s] Level 1:colcon.colcon_core.package_identification:_identify(src/build/ament_cmake_core/stamps) by extension 'python'
[23.764s] Level 1:colcon.colcon_core.package_identification:_identify(src/build/ament_cmake_core/stamps) by extensions ['python_setup_py']
[23.764s] Level 1:colcon.colcon_core.package_identification:_identify(src/build/ament_cmake_core/stamps) by extension 'python_setup_py'
[23.784s] Level 1:colcon.colcon_core.package_identification:_identify(src/build/ament_cmake_environment_hooks) by extensions ['ignore', 'ignore_ament_install']
[23.787s] Level 1:colcon.colcon_core.package_identification:_identify(src/build/ament_cmake_environment_hooks) by extension 'ignore'
[23.789s] Level 1:colcon.colcon_core.package_identification:_identify(src/build/ament_cmake_environment_hooks) by extension 'ignore_ament_install'
[23.791s] Level 1:colcon.colcon_core.package_identification:_identify(src/build/ament_cmake_environment_hooks) by extensions ['colcon_pkg']
[23.792s] Level 1:colcon.colcon_core.package_identification:_identify(src/build/ament_cmake_environment_hooks) by extension 'colcon_pkg'
[23.793s] Level 1:colcon.colcon_core.package_identification:_identify(src/build/ament_cmake_environment_hooks) by extensions ['colcon_meta']
[23.794s] Level 1:colcon.colcon_core.package_identification:_identify(src/build/ament_cmake_environment_hooks) by extension 'colcon_meta'
[23.795s] Level 1:colcon.colcon_core.package_identification:_identify(src/build/ament_cmake_environment_hooks) by extensions ['ros']
[23.795s] Level 1:colcon.colcon_core.package_identification:_identify(src/build/ament_cmake_environment_hooks) by extension 'ros'
[23.795s] Level 1:colcon.colcon_core.package_identification:_identify(src/build/ament_cmake_environment_hooks) by extensions ['cmake', 'python']
[23.795s] Level 1:colcon.colcon_core.package_identification:_identify(src/build/ament_cmake_environment_hooks) by extension 'cmake'
[23.796s] Level 1:colcon.colcon_core.package_identification:_identify(src/build/ament_cmake_environment_hooks) by extension 'python'
[23.796s] Level 1:colcon.colcon_core.package_identification:_identify(src/build/ament_cmake_environment_hooks) by extensions ['python_setup_py']
[23.796s] Level 1:colcon.colcon_core.package_identification:_identify(src/build/ament_cmake_environment_hooks) by extension 'python_setup_py'
[23.798s] Level 1:colcon.colcon_core.package_identification:_identify(src/build/ament_cmake_index) by extensions ['ignore', 'ignore_ament_install']
[23.798s] Level 1:colcon.colcon_core.package_identification:_identify(src/build/ament_cmake_index) by extension 'ignore'
[23.798s] Level 1:colcon.colcon_core.package_identification:_identify(src/build/ament_cmake_index) by extension 'ignore_ament_install'
[23.798s] Level 1:colcon.colcon_core.package_identification:_identify(src/build/ament_cmake_index) by extensions ['colcon_pkg']
[23.799s] Level 1:colcon.colcon_core.package_identification:_identify(src/build/ament_cmake_index) by extension 'colcon_pkg'
[23.799s] Level 1:colcon.colcon_core.package_identification:_identify(src/build/ament_cmake_index) by extensions ['colcon_meta']
[23.799s] Level 1:colcon.colcon_core.package_identification:_identify(src/build/ament_cmake_index) by extension 'colcon_meta'
[23.799s] Level 1:colcon.colcon_core.package_identification:_identify(src/build/ament_cmake_index) by extensions ['ros']
[23.799s] Level 1:colcon.colcon_core.package_identification:_identify(src/build/ament_cmake_index) by extension 'ros'
[23.799s] Level 1:colcon.colcon_core.package_identification:_identify(src/build/ament_cmake_index) by extensions ['cmake', 'python']
[23.799s] Level 1:colcon.colcon_core.package_identification:_identify(src/build/ament_cmake_index) by extension 'cmake'
[23.799s] Level 1:colcon.colcon_core.package_identification:_identify(src/build/ament_cmake_index) by extension 'python'
[23.800s] Level 1:colcon.colcon_core.package_identification:_identify(src/build/ament_cmake_index) by extensions ['python_setup_py']
[23.800s] Level 1:colcon.colcon_core.package_identification:_identify(src/build/ament_cmake_index) by extension 'python_setup_py'
[23.800s] Level 1:colcon.colcon_core.package_identification:_identify(src/build/ament_cmake_index/share) by extensions ['ignore', 'ignore_ament_install']
[23.801s] Level 1:colcon.colcon_core.package_identification:_identify(src/build/ament_cmake_index/share) by extension 'ignore'
[23.801s] Level 1:colcon.colcon_core.package_identification:_identify(src/build/ament_cmake_index/share) by extension 'ignore_ament_install'
[23.801s] Level 1:colcon.colcon_core.package_identification:_identify(src/build/ament_cmake_index/share) by extensions ['colcon_pkg']
[23.801s] Level 1:colcon.colcon_core.package_identification:_identify(src/build/ament_cmake_index/share) by extension 'colcon_pkg'
[23.801s] Level 1:colcon.colcon_core.package_identification:_identify(src/build/ament_cmake_index/share) by extensions ['colcon_meta']
[23.801s] Level 1:colcon.colcon_core.package_identification:_identify(src/build/ament_cmake_index/share) by extension 'colcon_meta'
[23.802s] Level 1:colcon.colcon_core.package_identification:_identify(src/build/ament_cmake_index/share) by extensions ['ros']
[23.803s] Level 1:colcon.colcon_core.package_identification:_identify(src/build/ament_cmake_index/share) by extension 'ros'
[23.803s] Level 1:colcon.colcon_core.package_identification:_identify(src/build/ament_cmake_index/share) by extensions ['cmake', 'python']
[23.804s] Level 1:colcon.colcon_core.package_identification:_identify(src/build/ament_cmake_index/share) by extension 'cmake'
[23.804s] Level 1:colcon.colcon_core.package_identification:_identify(src/build/ament_cmake_index/share) by extension 'python'
[23.804s] Level 1:colcon.colcon_core.package_identification:_identify(src/build/ament_cmake_index/share) by extensions ['python_setup_py']
[23.804s] Level 1:colcon.colcon_core.package_identification:_identify(src/build/ament_cmake_index/share) by extension 'python_setup_py'
[23.808s] Level 1:colcon.colcon_core.package_identification:_identify(src/build/ament_cmake_index/share/ament_index) by extensions ['ignore', 'ignore_ament_install']
[23.811s] Level 1:colcon.colcon_core.package_identification:_identify(src/build/ament_cmake_index/share/ament_index) by extension 'ignore'
[23.813s] Level 1:colcon.colcon_core.package_identification:_identify(src/build/ament_cmake_index/share/ament_index) by extension 'ignore_ament_install'
[23.815s] Level 1:colcon.colcon_core.package_identification:_identify(src/build/ament_cmake_index/share/ament_index) by extensions ['colcon_pkg']
[23.816s] Level 1:colcon.colcon_core.package_identification:_identify(src/build/ament_cmake_index/share/ament_index) by extension 'colcon_pkg'
[23.818s] Level 1:colcon.colcon_core.package_identification:_identify(src/build/ament_cmake_index/share/ament_index) by extensions ['colcon_meta']
[23.819s] Level 1:colcon.colcon_core.package_identification:_identify(src/build/ament_cmake_index/share/ament_index) by extension 'colcon_meta'
[23.820s] Level 1:colcon.colcon_core.package_identification:_identify(src/build/ament_cmake_index/share/ament_index) by extensions ['ros']
[23.820s] Level 1:colcon.colcon_core.package_identification:_identify(src/build/ament_cmake_index/share/ament_index) by extension 'ros'
[23.820s] Level 1:colcon.colcon_core.package_identification:_identify(src/build/ament_cmake_index/share/ament_index) by extensions ['cmake', 'python']
[23.821s] Level 1:colcon.colcon_core.package_identification:_identify(src/build/ament_cmake_index/share/ament_index) by extension 'cmake'
[23.821s] Level 1:colcon.colcon_core.package_identification:_identify(src/build/ament_cmake_index/share/ament_index) by extension 'python'
[23.821s] Level 1:colcon.colcon_core.package_identification:_identify(src/build/ament_cmake_index/share/ament_index) by extensions ['python_setup_py']
[23.821s] Level 1:colcon.colcon_core.package_identification:_identify(src/build/ament_cmake_index/share/ament_index) by extension 'python_setup_py'
[23.827s] Level 1:colcon.colcon_core.package_identification:_identify(src/build/ament_cmake_index/share/ament_index/resource_index) by extensions ['ignore', 'ignore_ament_install']
[23.830s] Level 1:colcon.colcon_core.package_identification:_identify(src/build/ament_cmake_index/share/ament_index/resource_index) by extension 'ignore'
[23.831s] Level 1:colcon.colcon_core.package_identification:_identify(src/build/ament_cmake_index/share/ament_index/resource_index) by extension 'ignore_ament_install'
[23.834s] Level 1:colcon.colcon_core.package_identification:_identify(src/build/ament_cmake_index/share/ament_index/resource_index) by extensions ['colcon_pkg']
[23.835s] Level 1:colcon.colcon_core.package_identification:_identify(src/build/ament_cmake_index/share/ament_index/resource_index) by extension 'colcon_pkg'
[23.837s] Level 1:colcon.colcon_core.package_identification:_identify(src/build/ament_cmake_index/share/ament_index/resource_index) by extensions ['colcon_meta']
[23.842s] Level 1:colcon.colcon_core.package_identification:_identify(src/build/ament_cmake_index/share/ament_index/resource_index) by extension 'colcon_meta'
[23.845s] Level 1:colcon.colcon_core.package_identification:_identify(src/build/ament_cmake_index/share/ament_index/resource_index) by extensions ['ros']
[23.847s] Level 1:colcon.colcon_core.package_identification:_identify(src/build/ament_cmake_index/share/ament_index/resource_index) by extension 'ros'
[23.850s] Level 1:colcon.colcon_core.package_identification:_identify(src/build/ament_cmake_index/share/ament_index/resource_index) by extensions ['cmake', 'python']
[23.851s] Level 1:colcon.colcon_core.package_identification:_identify(src/build/ament_cmake_index/share/ament_index/resource_index) by extension 'cmake'
[23.853s] Level 1:colcon.colcon_core.package_identification:_identify(src/build/ament_cmake_index/share/ament_index/resource_index) by extension 'python'
[23.857s] Level 1:colcon.colcon_core.package_identification:_identify(src/build/ament_cmake_index/share/ament_index/resource_index) by extensions ['python_setup_py']
[23.857s] Level 1:colcon.colcon_core.package_identification:_identify(src/build/ament_cmake_index/share/ament_index/resource_index) by extension 'python_setup_py'
[23.858s] Level 1:colcon.colcon_core.package_identification:_identify(src/build/ament_cmake_index/share/ament_index/resource_index/package_run_dependencies) by extensions ['ignore', 'ignore_ament_install']
[23.859s] Level 1:colcon.colcon_core.package_identification:_identify(src/build/ament_cmake_index/share/ament_index/resource_index/package_run_dependencies) by extension 'ignore'
[23.859s] Level 1:colcon.colcon_core.package_identification:_identify(src/build/ament_cmake_index/share/ament_index/resource_index/package_run_dependencies) by extension 'ignore_ament_install'
[23.859s] Level 1:colcon.colcon_core.package_identification:_identify(src/build/ament_cmake_index/share/ament_index/resource_index/package_run_dependencies) by extensions ['colcon_pkg']
[23.859s] Level 1:colcon.colcon_core.package_identification:_identify(src/build/ament_cmake_index/share/ament_index/resource_index/package_run_dependencies) by extension 'colcon_pkg'
[23.859s] Level 1:colcon.colcon_core.package_identification:_identify(src/build/ament_cmake_index/share/ament_index/resource_index/package_run_dependencies) by extensions ['colcon_meta']
[23.859s] Level 1:colcon.colcon_core.package_identification:_identify(src/build/ament_cmake_index/share/ament_index/resource_index/package_run_dependencies) by extension 'colcon_meta'
[23.859s] Level 1:colcon.colcon_core.package_identification:_identify(src/build/ament_cmake_index/share/ament_index/resource_index/package_run_dependencies) by extensions ['ros']
[23.859s] Level 1:colcon.colcon_core.package_identification:_identify(src/build/ament_cmake_index/share/ament_index/resource_index/package_run_dependencies) by extension 'ros'
[23.859s] Level 1:colcon.colcon_core.package_identification:_identify(src/build/ament_cmake_index/share/ament_index/resource_index/package_run_dependencies) by extensions ['cmake', 'python']
[23.859s] Level 1:colcon.colcon_core.package_identification:_identify(src/build/ament_cmake_index/share/ament_index/resource_index/package_run_dependencies) by extension 'cmake'
[23.860s] Level 1:colcon.colcon_core.package_identification:_identify(src/build/ament_cmake_index/share/ament_index/resource_index/package_run_dependencies) by extension 'python'
[23.860s] Level 1:colcon.colcon_core.package_identification:_identify(src/build/ament_cmake_index/share/ament_index/resource_index/package_run_dependencies) by extensions ['python_setup_py']
[23.860s] Level 1:colcon.colcon_core.package_identification:_identify(src/build/ament_cmake_index/share/ament_index/resource_index/package_run_dependencies) by extension 'python_setup_py'
[23.860s] Level 1:colcon.colcon_core.package_identification:_identify(src/build/ament_cmake_index/share/ament_index/resource_index/packages) by extensions ['ignore', 'ignore_ament_install']
[23.860s] Level 1:colcon.colcon_core.package_identification:_identify(src/build/ament_cmake_index/share/ament_index/resource_index/packages) by extension 'ignore'
[23.861s] Level 1:colcon.colcon_core.package_identification:_identify(src/build/ament_cmake_index/share/ament_index/resource_index/packages) by extension 'ignore_ament_install'
[23.861s] Level 1:colcon.colcon_core.package_identification:_identify(src/build/ament_cmake_index/share/ament_index/resource_index/packages) by extensions ['colcon_pkg']
[23.861s] Level 1:colcon.colcon_core.package_identification:_identify(src/build/ament_cmake_index/share/ament_index/resource_index/packages) by extension 'colcon_pkg'
[23.861s] Level 1:colcon.colcon_core.package_identification:_identify(src/build/ament_cmake_index/share/ament_index/resource_index/packages) by extensions ['colcon_meta']
[23.861s] Level 1:colcon.colcon_core.package_identification:_identify(src/build/ament_cmake_index/share/ament_index/resource_index/packages) by extension 'colcon_meta'
[23.861s] Level 1:colcon.colcon_core.package_identification:_identify(src/build/ament_cmake_index/share/ament_index/resource_index/packages) by extensions ['ros']
[23.861s] Level 1:colcon.colcon_core.package_identification:_identify(src/build/ament_cmake_index/share/ament_index/resource_index/packages) by extension 'ros'
[23.862s] Level 1:colcon.colcon_core.package_identification:_identify(src/build/ament_cmake_index/share/ament_index/resource_index/packages) by extensions ['cmake', 'python']
[23.862s] Level 1:colcon.colcon_core.package_identification:_identify(src/build/ament_cmake_index/share/ament_index/resource_index/packages) by extension 'cmake'
[23.862s] Level 1:colcon.colcon_core.package_identification:_identify(src/build/ament_cmake_index/share/ament_index/resource_index/packages) by extension 'python'
[23.862s] Level 1:colcon.colcon_core.package_identification:_identify(src/build/ament_cmake_index/share/ament_index/resource_index/packages) by extensions ['python_setup_py']
[23.863s] Level 1:colcon.colcon_core.package_identification:_identify(src/build/ament_cmake_index/share/ament_index/resource_index/packages) by extension 'python_setup_py'
[23.869s] Level 1:colcon.colcon_core.package_identification:_identify(src/build/ament_cmake_index/share/ament_index/resource_index/parent_prefix_path) by extensions ['ignore', 'ignore_ament_install']
[23.871s] Level 1:colcon.colcon_core.package_identification:_identify(src/build/ament_cmake_index/share/ament_index/resource_index/parent_prefix_path) by extension 'ignore'
[23.875s] Level 1:colcon.colcon_core.package_identification:_identify(src/build/ament_cmake_index/share/ament_index/resource_index/parent_prefix_path) by extension 'ignore_ament_install'
[23.878s] Level 1:colcon.colcon_core.package_identification:_identify(src/build/ament_cmake_index/share/ament_index/resource_index/parent_prefix_path) by extensions ['colcon_pkg']
[23.879s] Level 1:colcon.colcon_core.package_identification:_identify(src/build/ament_cmake_index/share/ament_index/resource_index/parent_prefix_path) by extension 'colcon_pkg'
[23.881s] Level 1:colcon.colcon_core.package_identification:_identify(src/build/ament_cmake_index/share/ament_index/resource_index/parent_prefix_path) by extensions ['colcon_meta']
[23.882s] Level 1:colcon.colcon_core.package_identification:_identify(src/build/ament_cmake_index/share/ament_index/resource_index/parent_prefix_path) by extension 'colcon_meta'
[23.885s] Level 1:colcon.colcon_core.package_identification:_identify(src/build/ament_cmake_index/share/ament_index/resource_index/parent_prefix_path) by extensions ['ros']
[23.886s] Level 1:colcon.colcon_core.package_identification:_identify(src/build/ament_cmake_index/share/ament_index/resource_index/parent_prefix_path) by extension 'ros'
[23.889s] Level 1:colcon.colcon_core.package_identification:_identify(src/build/ament_cmake_index/share/ament_index/resource_index/parent_prefix_path) by extensions ['cmake', 'python']
[23.889s] Level 1:colcon.colcon_core.package_identification:_identify(src/build/ament_cmake_index/share/ament_index/resource_index/parent_prefix_path) by extension 'cmake'
[23.890s] Level 1:colcon.colcon_core.package_identification:_identify(src/build/ament_cmake_index/share/ament_index/resource_index/parent_prefix_path) by extension 'python'
[23.891s] Level 1:colcon.colcon_core.package_identification:_identify(src/build/ament_cmake_index/share/ament_index/resource_index/parent_prefix_path) by extensions ['python_setup_py']
[23.891s] Level 1:colcon.colcon_core.package_identification:_identify(src/build/ament_cmake_index/share/ament_index/resource_index/parent_prefix_path) by extension 'python_setup_py'
[23.892s] Level 1:colcon.colcon_core.package_identification:_identify(src/build/ament_cmake_package_templates) by extensions ['ignore', 'ignore_ament_install']
[23.892s] Level 1:colcon.colcon_core.package_identification:_identify(src/build/ament_cmake_package_templates) by extension 'ignore'
[23.892s] Level 1:colcon.colcon_core.package_identification:_identify(src/build/ament_cmake_package_templates) by extension 'ignore_ament_install'
[23.892s] Level 1:colcon.colcon_core.package_identification:_identify(src/build/ament_cmake_package_templates) by extensions ['colcon_pkg']
[23.892s] Level 1:colcon.colcon_core.package_identification:_identify(src/build/ament_cmake_package_templates) by extension 'colcon_pkg'
[23.892s] Level 1:colcon.colcon_core.package_identification:_identify(src/build/ament_cmake_package_templates) by extensions ['colcon_meta']
[23.893s] Level 1:colcon.colcon_core.package_identification:_identify(src/build/ament_cmake_package_templates) by extension 'colcon_meta'
[23.893s] Level 1:colcon.colcon_core.package_identification:_identify(src/build/ament_cmake_package_templates) by extensions ['ros']
[23.893s] Level 1:colcon.colcon_core.package_identification:_identify(src/build/ament_cmake_package_templates) by extension 'ros'
[23.893s] Level 1:colcon.colcon_core.package_identification:_identify(src/build/ament_cmake_package_templates) by extensions ['cmake', 'python']
[23.893s] Level 1:colcon.colcon_core.package_identification:_identify(src/build/ament_cmake_package_templates) by extension 'cmake'
[23.893s] Level 1:colcon.colcon_core.package_identification:_identify(src/build/ament_cmake_package_templates) by extension 'python'
[23.893s] Level 1:colcon.colcon_core.package_identification:_identify(src/build/ament_cmake_package_templates) by extensions ['python_setup_py']
[23.893s] Level 1:colcon.colcon_core.package_identification:_identify(src/build/ament_cmake_package_templates) by extension 'python_setup_py'
[23.895s] Level 1:colcon.colcon_core.package_identification:_identify(src/build/ament_cmake_uninstall_target) by extensions ['ignore', 'ignore_ament_install']
[23.895s] Level 1:colcon.colcon_core.package_identification:_identify(src/build/ament_cmake_uninstall_target) by extension 'ignore'
[23.896s] Level 1:colcon.colcon_core.package_identification:_identify(src/build/ament_cmake_uninstall_target) by extension 'ignore_ament_install'
[23.896s] Level 1:colcon.colcon_core.package_identification:_identify(src/build/ament_cmake_uninstall_target) by extensions ['colcon_pkg']
[23.896s] Level 1:colcon.colcon_core.package_identification:_identify(src/build/ament_cmake_uninstall_target) by extension 'colcon_pkg'
[23.896s] Level 1:colcon.colcon_core.package_identification:_identify(src/build/ament_cmake_uninstall_target) by extensions ['colcon_meta']
[23.896s] Level 1:colcon.colcon_core.package_identification:_identify(src/build/ament_cmake_uninstall_target) by extension 'colcon_meta'
[23.896s] Level 1:colcon.colcon_core.package_identification:_identify(src/build/ament_cmake_uninstall_target) by extensions ['ros']
[23.897s] Level 1:colcon.colcon_core.package_identification:_identify(src/build/ament_cmake_uninstall_target) by extension 'ros'
[23.897s] Level 1:colcon.colcon_core.package_identification:_identify(src/build/ament_cmake_uninstall_target) by extensions ['cmake', 'python']
[23.897s] Level 1:colcon.colcon_core.package_identification:_identify(src/build/ament_cmake_uninstall_target) by extension 'cmake'
[23.900s] Level 1:colcon.colcon_core.package_identification:_identify(src/build/ament_cmake_uninstall_target) by extension 'python'
[23.902s] Level 1:colcon.colcon_core.package_identification:_identify(src/build/ament_cmake_uninstall_target) by extensions ['python_setup_py']
[23.904s] Level 1:colcon.colcon_core.package_identification:_identify(src/build/ament_cmake_uninstall_target) by extension 'python_setup_py'
[23.909s] Level 1:colcon.colcon_core.package_identification:_identify(src/build/ament_cppcheck) by extensions ['ignore', 'ignore_ament_install']
[23.912s] Level 1:colcon.colcon_core.package_identification:_identify(src/build/ament_cppcheck) by extension 'ignore'
[23.914s] Level 1:colcon.colcon_core.package_identification:_identify(src/build/ament_cppcheck) by extension 'ignore_ament_install'
[23.916s] Level 1:colcon.colcon_core.package_identification:_identify(src/build/ament_cppcheck) by extensions ['colcon_pkg']
[23.917s] Level 1:colcon.colcon_core.package_identification:_identify(src/build/ament_cppcheck) by extension 'colcon_pkg'
[23.919s] Level 1:colcon.colcon_core.package_identification:_identify(src/build/ament_cppcheck) by extensions ['colcon_meta']
[23.921s] Level 1:colcon.colcon_core.package_identification:_identify(src/build/ament_cppcheck) by extension 'colcon_meta'
[23.923s] Level 1:colcon.colcon_core.package_identification:_identify(src/build/ament_cppcheck) by extensions ['ros']
[23.924s] Level 1:colcon.colcon_core.package_identification:_identify(src/build/ament_cppcheck) by extension 'ros'
[23.925s] Level 1:colcon.colcon_core.package_identification:_identify(src/build/ament_cppcheck) by extensions ['cmake', 'python']
[23.926s] Level 1:colcon.colcon_core.package_identification:_identify(src/build/ament_cppcheck) by extension 'cmake'
[23.926s] Level 1:colcon.colcon_core.package_identification:_identify(src/build/ament_cppcheck) by extension 'python'
[23.926s] Level 1:colcon.colcon_core.package_identification:_identify(src/build/ament_cppcheck) by extensions ['python_setup_py']
[23.926s] Level 1:colcon.colcon_core.package_identification:_identify(src/build/ament_cppcheck) by extension 'python_setup_py'
[23.929s] Level 1:colcon.colcon_core.package_identification:_identify(src/build/ament_lint_cmake) by extensions ['ignore', 'ignore_ament_install']
[23.929s] Level 1:colcon.colcon_core.package_identification:_identify(src/build/ament_lint_cmake) by extension 'ignore'
[23.929s] Level 1:colcon.colcon_core.package_identification:_identify(src/build/ament_lint_cmake) by extension 'ignore_ament_install'
[23.929s] Level 1:colcon.colcon_core.package_identification:_identify(src/build/ament_lint_cmake) by extensions ['colcon_pkg']
[23.930s] Level 1:colcon.colcon_core.package_identification:_identify(src/build/ament_lint_cmake) by extension 'colcon_pkg'
[23.930s] Level 1:colcon.colcon_core.package_identification:_identify(src/build/ament_lint_cmake) by extensions ['colcon_meta']
[23.930s] Level 1:colcon.colcon_core.package_identification:_identify(src/build/ament_lint_cmake) by extension 'colcon_meta'
[23.930s] Level 1:colcon.colcon_core.package_identification:_identify(src/build/ament_lint_cmake) by extensions ['ros']
[23.930s] Level 1:colcon.colcon_core.package_identification:_identify(src/build/ament_lint_cmake) by extension 'ros'
[23.930s] Level 1:colcon.colcon_core.package_identification:_identify(src/build/ament_lint_cmake) by extensions ['cmake', 'python']
[23.930s] Level 1:colcon.colcon_core.package_identification:_identify(src/build/ament_lint_cmake) by extension 'cmake'
[23.931s] Level 1:colcon.colcon_core.package_identification:_identify(src/build/ament_lint_cmake) by extension 'python'
[23.931s] Level 1:colcon.colcon_core.package_identification:_identify(src/build/ament_lint_cmake) by extensions ['python_setup_py']
[23.931s] Level 1:colcon.colcon_core.package_identification:_identify(src/build/ament_lint_cmake) by extension 'python_setup_py'
[23.933s] Level 1:colcon.colcon_core.package_identification:_identify(src/build/ament_uncrustify) by extensions ['ignore', 'ignore_ament_install']
[23.933s] Level 1:colcon.colcon_core.package_identification:_identify(src/build/ament_uncrustify) by extension 'ignore'
[23.933s] Level 1:colcon.colcon_core.package_identification:_identify(src/build/ament_uncrustify) by extension 'ignore_ament_install'
[23.934s] Level 1:colcon.colcon_core.package_identification:_identify(src/build/ament_uncrustify) by extensions ['colcon_pkg']
[23.934s] Level 1:colcon.colcon_core.package_identification:_identify(src/build/ament_uncrustify) by extension 'colcon_pkg'
[23.934s] Level 1:colcon.colcon_core.package_identification:_identify(src/build/ament_uncrustify) by extensions ['colcon_meta']
[23.934s] Level 1:colcon.colcon_core.package_identification:_identify(src/build/ament_uncrustify) by extension 'colcon_meta'
[23.934s] Level 1:colcon.colcon_core.package_identification:_identify(src/build/ament_uncrustify) by extensions ['ros']
[23.934s] Level 1:colcon.colcon_core.package_identification:_identify(src/build/ament_uncrustify) by extension 'ros'
[23.934s] Level 1:colcon.colcon_core.package_identification:_identify(src/build/ament_uncrustify) by extensions ['cmake', 'python']
[23.934s] Level 1:colcon.colcon_core.package_identification:_identify(src/build/ament_uncrustify) by extension 'cmake'
[23.935s] Level 1:colcon.colcon_core.package_identification:_identify(src/build/ament_uncrustify) by extension 'python'
[23.935s] Level 1:colcon.colcon_core.package_identification:_identify(src/build/ament_uncrustify) by extensions ['python_setup_py']
[23.935s] Level 1:colcon.colcon_core.package_identification:_identify(src/build/ament_uncrustify) by extension 'python_setup_py'
[23.936s] Level 1:colcon.colcon_core.package_identification:_identify(src/build/ament_xmllint) by extensions ['ignore', 'ignore_ament_install']
[23.936s] Level 1:colcon.colcon_core.package_identification:_identify(src/build/ament_xmllint) by extension 'ignore'
[23.936s] Level 1:colcon.colcon_core.package_identification:_identify(src/build/ament_xmllint) by extension 'ignore_ament_install'
[23.936s] Level 1:colcon.colcon_core.package_identification:_identify(src/build/ament_xmllint) by extensions ['colcon_pkg']
[23.936s] Level 1:colcon.colcon_core.package_identification:_identify(src/build/ament_xmllint) by extension 'colcon_pkg'
[23.937s] Level 1:colcon.colcon_core.package_identification:_identify(src/build/ament_xmllint) by extensions ['colcon_meta']
[23.937s] Level 1:colcon.colcon_core.package_identification:_identify(src/build/ament_xmllint) by extension 'colcon_meta'
[23.938s] Level 1:colcon.colcon_core.package_identification:_identify(src/build/ament_xmllint) by extensions ['ros']
[23.939s] Level 1:colcon.colcon_core.package_identification:_identify(src/build/ament_xmllint) by extension 'ros'
[23.943s] Level 1:colcon.colcon_core.package_identification:_identify(src/build/ament_xmllint) by extensions ['cmake', 'python']
[23.945s] Level 1:colcon.colcon_core.package_identification:_identify(src/build/ament_xmllint) by extension 'cmake'
[23.947s] Level 1:colcon.colcon_core.package_identification:_identify(src/build/ament_xmllint) by extension 'python'
[23.949s] Level 1:colcon.colcon_core.package_identification:_identify(src/build/ament_xmllint) by extensions ['python_setup_py']
[23.950s] Level 1:colcon.colcon_core.package_identification:_identify(src/build/ament_xmllint) by extension 'python_setup_py'
[23.967s] Level 1:colcon.colcon_core.package_identification:_identify(src/my_python_package) by extensions ['ignore', 'ignore_ament_install']
[23.967s] Level 1:colcon.colcon_core.package_identification:_identify(src/my_python_package) by extension 'ignore'
[23.967s] Level 1:colcon.colcon_core.package_identification:_identify(src/my_python_package) by extension 'ignore_ament_install'
[23.968s] Level 1:colcon.colcon_core.package_identification:_identify(src/my_python_package) by extensions ['colcon_pkg']
[23.968s] Level 1:colcon.colcon_core.package_identification:_identify(src/my_python_package) by extension 'colcon_pkg'
[23.968s] Level 1:colcon.colcon_core.package_identification:_identify(src/my_python_package) by extensions ['colcon_meta']
[23.968s] Level 1:colcon.colcon_core.package_identification:_identify(src/my_python_package) by extension 'colcon_meta'
[23.968s] Level 1:colcon.colcon_core.package_identification:_identify(src/my_python_package) by extensions ['ros']
[23.968s] Level 1:colcon.colcon_core.package_identification:_identify(src/my_python_package) by extension 'ros'
[23.996s] DEBUG:colcon.colcon_core.package_identification:Package 'src/my_python_package' with type 'ros.ament_python' and name 'my_python_package'
[24.015s] Level 1:colcon.colcon_core.package_identification:_identify(src/my_robot_controller) by extensions ['ignore', 'ignore_ament_install']
[24.017s] Level 1:colcon.colcon_core.package_identification:_identify(src/my_robot_controller) by extension 'ignore'
[24.017s] Level 1:colcon.colcon_core.package_identification:_identify(src/my_robot_controller) by extension 'ignore_ament_install'
[24.018s] Level 1:colcon.colcon_core.package_identification:_identify(src/my_robot_controller) by extensions ['colcon_pkg']
[24.018s] Level 1:colcon.colcon_core.package_identification:_identify(src/my_robot_controller) by extension 'colcon_pkg'
[24.018s] Level 1:colcon.colcon_core.package_identification:_identify(src/my_robot_controller) by extensions ['colcon_meta']
[24.018s] Level 1:colcon.colcon_core.package_identification:_identify(src/my_robot_controller) by extension 'colcon_meta'
[24.018s] Level 1:colcon.colcon_core.package_identification:_identify(src/my_robot_controller) by extensions ['ros']
[24.018s] Level 1:colcon.colcon_core.package_identification:_identify(src/my_robot_controller) by extension 'ros'
[24.024s] DEBUG:colcon.colcon_core.package_identification:Package 'src/my_robot_controller' with type 'ros.ament_python' and name 'my_robot_controller'
[24.024s] Level 1:colcon.colcon_core.package_discovery:discover_packages(recursive) using defaults
[24.024s] Level 1:colcon.colcon_core.package_discovery:discover_packages(ignore) discover
[24.024s] Level 1:colcon.colcon_core.package_discovery:discover_packages(ignore) using defaults
[24.024s] Level 1:colcon.colcon_core.package_discovery:discover_packages(path) discover
[24.024s] Level 1:colcon.colcon_core.package_discovery:discover_packages(path) using defaults
[25.469s] Level 1:colcon.colcon_core.package_discovery:discover_packages(prefix_path) check parameters
[25.471s] Level 1:colcon.colcon_core.package_discovery:discover_packages(prefix_path) discover
[25.642s] WARNING:colcon.colcon_ros.prefix_path.ament:The path '/home/pavitpc/ros2_ws/install/my_package' in the environment variable AMENT_PREFIX_PATH doesn't exist
[25.643s] WARNING:colcon.colcon_ros.prefix_path.catkin:The path '/home/pavitpc/ros2_ws/install/my_package' in the environment variable CMAKE_PREFIX_PATH doesn't exist
[25.886s] DEBUG:colcon.colcon_installed_package_information.package_discovery:Found 3 installed packages in /home/pavitpc/ros2_ws/install
[26.192s] DEBUG:colcon.colcon_installed_package_information.package_discovery:Found 385 installed packages in /opt/ros/humble
[26.246s] Level 1:colcon.colcon_core.package_discovery:discover_packages(prefix_path) using defaults
[31.724s] WARNING:colcon.colcon_core.package_selection:Some selected packages are already built in one or more underlay workspaces:
	'action_tutorials_cpp' is in: /home/pavitpc/ros2_ws/install/action_tutorials_cpp, /opt/ros/humble
If a package in a merged underlay workspace is overridden and it installs headers, then all packages in the overlay must sort their include directories by workspace order. Failure to do so may result in build failures or undefined behavior at run time.
If the overridden package is used by another package in any underlay, then the overriding package in the overlay must be API and ABI compatible or undefined behavior at run time may occur.

If you understand the risks and want to override a package anyways, add the following to the command line:
	--allow-overriding action_tutorials_cpp

This may be promoted to an error in a future release of colcon-override-check.
[31.929s] Level 5:colcon.colcon_core.verb:set package 'action_tutorials_cpp' build argument 'cmake_args' from command line to 'None'
[31.929s] Level 5:colcon.colcon_core.verb:set package 'action_tutorials_cpp' build argument 'cmake_target' from command line to 'None'
[31.929s] Level 5:colcon.colcon_core.verb:set package 'action_tutorials_cpp' build argument 'cmake_target_skip_unavailable' from command line to 'False'
[31.930s] Level 5:colcon.colcon_core.verb:set package 'action_tutorials_cpp' build argument 'cmake_clean_cache' from command line to 'False'
[31.930s] Level 5:colcon.colcon_core.verb:set package 'action_tutorials_cpp' build argument 'cmake_clean_first' from command line to 'False'
[31.930s] Level 5:colcon.colcon_core.verb:set package 'action_tutorials_cpp' build argument 'cmake_force_configure' from command line to 'False'
[31.930s] Level 5:colcon.colcon_core.verb:set package 'action_tutorials_cpp' build argument 'ament_cmake_args' from command line to 'None'
[31.930s] Level 5:colcon.colcon_core.verb:set package 'action_tutorials_cpp' build argument 'catkin_cmake_args' from command line to 'None'
[31.930s] Level 5:colcon.colcon_core.verb:set package 'action_tutorials_cpp' build argument 'catkin_skip_building_tests' from command line to 'False'
[31.930s] DEBUG:colcon.colcon_core.verb:Building package 'action_tutorials_cpp' with the following arguments: {'ament_cmake_args': None, 'build_base': '/home/pavitpc/ros2_ws/build/action_tutorials_cpp', 'catkin_cmake_args': None, 'catkin_skip_building_tests': False, 'cmake_args': None, 'cmake_clean_cache': False, 'cmake_clean_first': False, 'cmake_force_configure': False, 'cmake_target': None, 'cmake_target_skip_unavailable': False, 'install_base': '/home/pavitpc/ros2_ws/install/action_tutorials_cpp', 'merge_install': False, 'path': '/home/pavitpc/ros2_ws/src/action_tutorials_cpp', 'symlink_install': False, 'test_result_base': None}
[32.114s] Level 5:colcon.colcon_core.verb:set package 'my_python_package' build argument 'cmake_args' from command line to 'None'
[32.114s] Level 5:colcon.colcon_core.verb:set package 'my_python_package' build argument 'cmake_target' from command line to 'None'
[32.114s] Level 5:colcon.colcon_core.verb:set package 'my_python_package' build argument 'cmake_target_skip_unavailable' from command line to 'False'
[32.114s] Level 5:colcon.colcon_core.verb:set package 'my_python_package' build argument 'cmake_clean_cache' from command line to 'False'
[32.114s] Level 5:colcon.colcon_core.verb:set package 'my_python_package' build argument 'cmake_clean_first' from command line to 'False'
[32.114s] Level 5:colcon.colcon_core.verb:set package 'my_python_package' build argument 'cmake_force_configure' from command line to 'False'
[32.114s] Level 5:colcon.colcon_core.verb:set package 'my_python_package' build argument 'ament_cmake_args' from command line to 'None'
[32.114s] Level 5:colcon.colcon_core.verb:set package 'my_python_package' build argument 'catkin_cmake_args' from command line to 'None'
[32.114s] Level 5:colcon.colcon_core.verb:set package 'my_python_package' build argument 'catkin_skip_building_tests' from command line to 'False'
[32.114s] DEBUG:colcon.colcon_core.verb:Building package 'my_python_package' with the following arguments: {'ament_cmake_args': None, 'build_base': '/home/pavitpc/ros2_ws/build/my_python_package', 'catkin_cmake_args': None, 'catkin_skip_building_tests': False, 'cmake_args': None, 'cmake_clean_cache': False, 'cmake_clean_first': False, 'cmake_force_configure': False, 'cmake_target': None, 'cmake_target_skip_unavailable': False, 'install_base': '/home/pavitpc/ros2_ws/install/my_python_package', 'merge_install': False, 'path': '/home/pavitpc/ros2_ws/src/my_python_package', 'symlink_install': False, 'test_result_base': None}
[32.273s] Level 5:colcon.colcon_core.verb:set package 'my_robot_controller' build argument 'cmake_args' from command line to 'None'
[32.275s] Level 5:colcon.colcon_core.verb:set package 'my_robot_controller' build argument 'cmake_target' from command line to 'None'
[32.276s] Level 5:colcon.colcon_core.verb:set package 'my_robot_controller' build argument 'cmake_target_skip_unavailable' from command line to 'False'
[32.278s] Level 5:colcon.colcon_core.verb:set package 'my_robot_controller' build argument 'cmake_clean_cache' from command line to 'False'
[32.279s] Level 5:colcon.colcon_core.verb:set package 'my_robot_controller' build argument 'cmake_clean_first' from command line to 'False'
[32.280s] Level 5:colcon.colcon_core.verb:set package 'my_robot_controller' build argument 'cmake_force_configure' from command line to 'False'
[32.281s] Level 5:colcon.colcon_core.verb:set package 'my_robot_controller' build argument 'ament_cmake_args' from command line to 'None'
[32.281s] Level 5:colcon.colcon_core.verb:set package 'my_robot_controller' build argument 'catkin_cmake_args' from command line to 'None'
[32.282s] Level 5:colcon.colcon_core.verb:set package 'my_robot_controller' build argument 'catkin_skip_building_tests' from command line to 'False'
[32.283s] DEBUG:colcon.colcon_core.verb:Building package 'my_robot_controller' with the following arguments: {'ament_cmake_args': None, 'build_base': '/home/pavitpc/ros2_ws/build/my_robot_controller', 'catkin_cmake_args': None, 'catkin_skip_building_tests': False, 'cmake_args': None, 'cmake_clean_cache': False, 'cmake_clean_first': False, 'cmake_force_configure': False, 'cmake_target': None, 'cmake_target_skip_unavailable': False, 'install_base': '/home/pavitpc/ros2_ws/install/my_robot_controller', 'merge_install': False, 'path': '/home/pavitpc/ros2_ws/src/my_robot_controller', 'symlink_install': False, 'test_result_base': None}
[32.426s] INFO:colcon.colcon_core.executor:Executing jobs using 'parallel' executor
[32.598s] DEBUG:colcon.colcon_parallel_executor.executor.parallel:run_until_complete
[32.598s] INFO:colcon.colcon_ros.task.ament_cmake.build:Building ROS package in '/home/pavitpc/ros2_ws/src/action_tutorials_cpp' with build type 'ament_cmake'
[32.599s] INFO:colcon.colcon_cmake.task.cmake.build:Building CMake package in '/home/pavitpc/ros2_ws/src/action_tutorials_cpp'
[32.923s] INFO:colcon.colcon_core.plugin_system:Skipping extension 'colcon_core.shell.bat': Not used on non-Windows systems
[32.923s] INFO:colcon.colcon_core.shell:Skip shell extension 'powershell' for command environment: Not usable outside of PowerShell
[32.923s] DEBUG:colcon.colcon_core.shell:Skip shell extension 'dsv' for command environment
[33.605s] INFO:colcon.colcon_ros.task.ament_python.build:Building ROS package in '/home/pavitpc/ros2_ws/src/my_python_package' with build type 'ament_python'
[33.607s] Level 1:colcon.colcon_core.shell:create_environment_hook('my_python_package', 'ament_prefix_path')
[33.856s] INFO:colcon.colcon_core.shell:Creating environment hook '/home/pavitpc/ros2_ws/install/my_python_package/share/my_python_package/hook/ament_prefix_path.ps1'
[33.930s] INFO:colcon.colcon_core.shell:Creating environment descriptor '/home/pavitpc/ros2_ws/install/my_python_package/share/my_python_package/hook/ament_prefix_path.dsv'
[33.933s] INFO:colcon.colcon_core.shell:Creating environment hook '/home/pavitpc/ros2_ws/install/my_python_package/share/my_python_package/hook/ament_prefix_path.sh'
[34.211s] INFO:colcon.colcon_core.shell:Skip shell extension 'powershell' for command environment: Not usable outside of PowerShell
[34.212s] DEBUG:colcon.colcon_core.shell:Skip shell extension 'dsv' for command environment
[34.913s] INFO:colcon.colcon_ros.task.ament_python.build:Building ROS package in '/home/pavitpc/ros2_ws/src/my_robot_controller' with build type 'ament_python'
[34.939s] Level 1:colcon.colcon_core.shell:create_environment_hook('my_robot_controller', 'ament_prefix_path')
[35.131s] INFO:colcon.colcon_core.shell:Creating environment hook '/home/pavitpc/ros2_ws/install/my_robot_controller/share/my_robot_controller/hook/ament_prefix_path.ps1'
[35.142s] INFO:colcon.colcon_core.shell:Creating environment descriptor '/home/pavitpc/ros2_ws/install/my_robot_controller/share/my_robot_controller/hook/ament_prefix_path.dsv'
[35.157s] INFO:colcon.colcon_core.shell:Creating environment hook '/home/pavitpc/ros2_ws/install/my_robot_controller/share/my_robot_controller/hook/ament_prefix_path.sh'
[35.338s] INFO:colcon.colcon_core.shell:Skip shell extension 'powershell' for command environment: Not usable outside of PowerShell
[35.338s] DEBUG:colcon.colcon_core.shell:Skip shell extension 'dsv' for command environment
[35.935s] DEBUG:colcon.colcon_core.event_handler.log_command:Invoking command in '/home/pavitpc/ros2_ws/build/action_tutorials_cpp': CMAKE_PREFIX_PATH=${CMAKE_PREFIX_PATH}:/home/pavitpc/ros2_ws/install/my_robot_controller:/home/pavitpc/ros2_ws/install/my_python_package:/opt/ros/humble /usr/bin/cmake --build /home/pavitpc/ros2_ws/build/action_tutorials_cpp -- -j4 -l4
[40.011s] INFO:colcon.colcon_core.task.python.build:Building Python package in '/home/pavitpc/ros2_ws/src/my_python_package'
[40.197s] INFO:colcon.colcon_core.shell:Skip shell extension 'powershell' for command environment: Not usable outside of PowerShell
[40.197s] DEBUG:colcon.colcon_core.shell:Skip shell extension 'dsv' for command environment
[43.961s] INFO:colcon.colcon_core.task.python.build:Building Python package in '/home/pavitpc/ros2_ws/src/my_robot_controller'
[44.133s] INFO:colcon.colcon_core.shell:Skip shell extension 'powershell' for command environment: Not usable outside of PowerShell
[44.133s] DEBUG:colcon.colcon_core.shell:Skip shell extension 'dsv' for command environment
[53.022s] DEBUG:colcon.colcon_core.event_handler.log_command:Invoking command in '/home/pavitpc/ros2_ws/src/my_robot_controller': PYTHONPATH=/home/pavitpc/ros2_ws/build/my_robot_controller/prefix_override:/home/pavitpc/ros2_ws/install/my_robot_controller/lib/python3.10/site-packages:${PYTHONPATH} /usr/bin/python3 setup.py egg_info --egg-base ../../build/my_robot_controller build --build-base /home/pavitpc/ros2_ws/build/my_robot_controller/build install --record /home/pavitpc/ros2_ws/build/my_robot_controller/install.log --single-version-externally-managed
[53.064s] DEBUG:colcon.colcon_core.event_handler.log_command:Invoking command in '/home/pavitpc/ros2_ws/src/my_python_package': PYTHONPATH=/home/pavitpc/ros2_ws/build/my_python_package/prefix_override:/home/pavitpc/ros2_ws/install/my_python_package/lib/python3.10/site-packages:${PYTHONPATH} /usr/bin/python3 setup.py egg_info --egg-base ../../build/my_python_package build --build-base /home/pavitpc/ros2_ws/build/my_python_package/build install --record /home/pavitpc/ros2_ws/build/my_python_package/install.log --single-version-externally-managed
[56.522s] DEBUG:colcon.colcon_core.event_handler.log_command:Invoked command in '/home/pavitpc/ros2_ws/build/action_tutorials_cpp' returned '2': CMAKE_PREFIX_PATH=${CMAKE_PREFIX_PATH}:/home/pavitpc/ros2_ws/install/my_robot_controller:/home/pavitpc/ros2_ws/install/my_python_package:/opt/ros/humble /usr/bin/cmake --build /home/pavitpc/ros2_ws/build/action_tutorials_cpp -- -j4 -l4
[56.581s] DEBUG:colcon.colcon_core.event_handler.log_command:Invoked command in '/home/pavitpc/ros2_ws/src/my_robot_controller' returned '0': PYTHONPATH=/home/pavitpc/ros2_ws/build/my_robot_controller/prefix_override:/home/pavitpc/ros2_ws/install/my_robot_controller/lib/python3.10/site-packages:${PYTHONPATH} /usr/bin/python3 setup.py egg_info --egg-base ../../build/my_robot_controller build --build-base /home/pavitpc/ros2_ws/build/my_robot_controller/build install --record /home/pavitpc/ros2_ws/build/my_robot_controller/install.log --single-version-externally-managed
[57.160s] Level 1:colcon.colcon_core.environment:checking '/home/pavitpc/ros2_ws/install/my_robot_controller' for CMake module files
[57.162s] Level 1:colcon.colcon_core.environment:checking '/home/pavitpc/ros2_ws/install/my_robot_controller' for CMake config files
[57.189s] Level 1:colcon.colcon_core.environment:checking '/home/pavitpc/ros2_ws/install/my_robot_controller/lib'
[57.196s] Level 1:colcon.colcon_core.environment:checking '/home/pavitpc/ros2_ws/install/my_robot_controller/bin'
[57.196s] Level 1:colcon.colcon_core.environment:checking '/home/pavitpc/ros2_ws/install/my_robot_controller/lib/pkgconfig/my_robot_controller.pc'
[57.197s] Level 1:colcon.colcon_core.environment:checking '/home/pavitpc/ros2_ws/install/my_robot_controller/lib/python3.10/site-packages'
[57.197s] Level 1:colcon.colcon_core.shell:create_environment_hook('my_robot_controller', 'pythonpath')
[57.461s] INFO:colcon.colcon_core.shell:Creating environment hook '/home/pavitpc/ros2_ws/install/my_robot_controller/share/my_robot_controller/hook/pythonpath.ps1'
[57.465s] INFO:colcon.colcon_core.shell:Creating environment descriptor '/home/pavitpc/ros2_ws/install/my_robot_controller/share/my_robot_controller/hook/pythonpath.dsv'
[57.474s] INFO:colcon.colcon_core.shell:Creating environment hook '/home/pavitpc/ros2_ws/install/my_robot_controller/share/my_robot_controller/hook/pythonpath.sh'
[57.489s] Level 1:colcon.colcon_core.environment:checking '/home/pavitpc/ros2_ws/install/my_robot_controller/bin'
[57.490s] Level 1:colcon.colcon_core.environment:create_environment_scripts_only(my_robot_controller)
[57.668s] INFO:colcon.colcon_core.shell:Creating package script '/home/pavitpc/ros2_ws/install/my_robot_controller/share/my_robot_controller/package.ps1'
[57.685s] INFO:colcon.colcon_core.shell:Creating package descriptor '/home/pavitpc/ros2_ws/install/my_robot_controller/share/my_robot_controller/package.dsv'
[57.736s] INFO:colcon.colcon_core.shell:Creating package script '/home/pavitpc/ros2_ws/install/my_robot_controller/share/my_robot_controller/package.sh'
[57.738s] INFO:colcon.colcon_core.shell:Creating package script '/home/pavitpc/ros2_ws/install/my_robot_controller/share/my_robot_controller/package.bash'
[57.797s] INFO:colcon.colcon_core.shell:Creating package script '/home/pavitpc/ros2_ws/install/my_robot_controller/share/my_robot_controller/package.zsh'
[57.806s] Level 1:colcon.colcon_core.environment:create_file_with_runtime_dependencies(/home/pavitpc/ros2_ws/install/my_robot_controller/share/colcon-core/packages/my_robot_controller)
[57.992s] Level 1:colcon.colcon_core.environment:create_environment_scripts_only(action_tutorials_cpp)
[58.220s] Level 1:colcon.colcon_core.environment:checking '/home/pavitpc/ros2_ws/install/action_tutorials_cpp' for CMake module files
[58.266s] Level 1:colcon.colcon_core.environment:checking '/home/pavitpc/ros2_ws/install/action_tutorials_cpp' for CMake config files
[58.271s] Level 1:colcon.colcon_core.shell:create_environment_hook('action_tutorials_cpp', 'cmake_prefix_path')
[58.461s] INFO:colcon.colcon_core.shell:Creating environment hook '/home/pavitpc/ros2_ws/install/action_tutorials_cpp/share/action_tutorials_cpp/hook/cmake_prefix_path.ps1'
[58.464s] INFO:colcon.colcon_core.shell:Creating environment descriptor '/home/pavitpc/ros2_ws/install/action_tutorials_cpp/share/action_tutorials_cpp/hook/cmake_prefix_path.dsv'
[58.467s] INFO:colcon.colcon_core.shell:Creating environment hook '/home/pavitpc/ros2_ws/install/action_tutorials_cpp/share/action_tutorials_cpp/hook/cmake_prefix_path.sh'
[58.483s] Level 1:colcon.colcon_core.environment:checking '/home/pavitpc/ros2_ws/install/action_tutorials_cpp/lib'
[58.485s] Level 1:colcon.colcon_core.shell:create_environment_hook('action_tutorials_cpp', 'ld_library_path_lib')
[58.680s] INFO:colcon.colcon_core.shell:Creating environment hook '/home/pavitpc/ros2_ws/install/action_tutorials_cpp/share/action_tutorials_cpp/hook/ld_library_path_lib.ps1'
[58.698s] INFO:colcon.colcon_core.shell:Creating environment descriptor '/home/pavitpc/ros2_ws/install/action_tutorials_cpp/share/action_tutorials_cpp/hook/ld_library_path_lib.dsv'
[58.701s] INFO:colcon.colcon_core.shell:Creating environment hook '/home/pavitpc/ros2_ws/install/action_tutorials_cpp/share/action_tutorials_cpp/hook/ld_library_path_lib.sh'
[58.702s] Level 1:colcon.colcon_core.environment:checking '/home/pavitpc/ros2_ws/install/action_tutorials_cpp/bin'
[58.702s] Level 1:colcon.colcon_core.environment:checking '/home/pavitpc/ros2_ws/install/action_tutorials_cpp/lib/pkgconfig/action_tutorials_cpp.pc'
[58.702s] Level 1:colcon.colcon_core.environment:checking '/home/pavitpc/ros2_ws/install/action_tutorials_cpp/lib/python3.10/site-packages'
[58.709s] Level 1:colcon.colcon_core.environment:checking '/home/pavitpc/ros2_ws/install/action_tutorials_cpp/bin'
[58.928s] INFO:colcon.colcon_core.shell:Creating package script '/home/pavitpc/ros2_ws/install/action_tutorials_cpp/share/action_tutorials_cpp/package.ps1'
[58.943s] INFO:colcon.colcon_core.shell:Creating package descriptor '/home/pavitpc/ros2_ws/install/action_tutorials_cpp/share/action_tutorials_cpp/package.dsv'
[58.945s] INFO:colcon.colcon_core.shell:Creating package script '/home/pavitpc/ros2_ws/install/action_tutorials_cpp/share/action_tutorials_cpp/package.sh'
[58.947s] INFO:colcon.colcon_core.shell:Creating package script '/home/pavitpc/ros2_ws/install/action_tutorials_cpp/share/action_tutorials_cpp/package.bash'
[58.948s] INFO:colcon.colcon_core.shell:Creating package script '/home/pavitpc/ros2_ws/install/action_tutorials_cpp/share/action_tutorials_cpp/package.zsh'
[58.949s] Level 1:colcon.colcon_core.environment:create_file_with_runtime_dependencies(/home/pavitpc/ros2_ws/install/action_tutorials_cpp/share/colcon-core/packages/action_tutorials_cpp)
[58.952s] DEBUG:colcon.colcon_core.event_handler.log_command:Invoked command in '/home/pavitpc/ros2_ws/src/my_python_package' returned '0': PYTHONPATH=/home/pavitpc/ros2_ws/build/my_python_package/prefix_override:/home/pavitpc/ros2_ws/install/my_python_package/lib/python3.10/site-packages:${PYTHONPATH} /usr/bin/python3 setup.py egg_info --egg-base ../../build/my_python_package build --build-base /home/pavitpc/ros2_ws/build/my_python_package/build install --record /home/pavitpc/ros2_ws/build/my_python_package/install.log --single-version-externally-managed
[59.133s] Level 1:colcon.colcon_core.environment:checking '/home/pavitpc/ros2_ws/install/my_python_package' for CMake module files
[59.144s] Level 1:colcon.colcon_core.environment:checking '/home/pavitpc/ros2_ws/install/my_python_package' for CMake config files
[59.150s] Level 1:colcon.colcon_core.environment:checking '/home/pavitpc/ros2_ws/install/my_python_package/lib'
[59.150s] Level 1:colcon.colcon_core.environment:checking '/home/pavitpc/ros2_ws/install/my_python_package/bin'
[59.151s] Level 1:colcon.colcon_core.environment:checking '/home/pavitpc/ros2_ws/install/my_python_package/lib/pkgconfig/my_python_package.pc'
[59.152s] Level 1:colcon.colcon_core.environment:checking '/home/pavitpc/ros2_ws/install/my_python_package/lib/python3.10/site-packages'
[59.152s] Level 1:colcon.colcon_core.shell:create_environment_hook('my_python_package', 'pythonpath')
[59.336s] INFO:colcon.colcon_core.shell:Creating environment hook '/home/pavitpc/ros2_ws/install/my_python_package/share/my_python_package/hook/pythonpath.ps1'
[59.337s] INFO:colcon.colcon_core.shell:Creating environment descriptor '/home/pavitpc/ros2_ws/install/my_python_package/share/my_python_package/hook/pythonpath.dsv'
[59.338s] INFO:colcon.colcon_core.shell:Creating environment hook '/home/pavitpc/ros2_ws/install/my_python_package/share/my_python_package/hook/pythonpath.sh'
[59.340s] Level 1:colcon.colcon_core.environment:checking '/home/pavitpc/ros2_ws/install/my_python_package/bin'
[59.340s] Level 1:colcon.colcon_core.environment:create_environment_scripts_only(my_python_package)
[59.513s] INFO:colcon.colcon_core.shell:Creating package script '/home/pavitpc/ros2_ws/install/my_python_package/share/my_python_package/package.ps1'
[59.515s] INFO:colcon.colcon_core.shell:Creating package descriptor '/home/pavitpc/ros2_ws/install/my_python_package/share/my_python_package/package.dsv'
[59.516s] INFO:colcon.colcon_core.shell:Creating package script '/home/pavitpc/ros2_ws/install/my_python_package/share/my_python_package/package.sh'
[59.518s] INFO:colcon.colcon_core.shell:Creating package script '/home/pavitpc/ros2_ws/install/my_python_package/share/my_python_package/package.bash'
[59.528s] INFO:colcon.colcon_core.shell:Creating package script '/home/pavitpc/ros2_ws/install/my_python_package/share/my_python_package/package.zsh'
[59.536s] Level 1:colcon.colcon_core.environment:create_file_with_runtime_dependencies(/home/pavitpc/ros2_ws/install/my_python_package/share/colcon-core/packages/my_python_package)
[59.549s] DEBUG:colcon.colcon_parallel_executor.executor.parallel:closing loop
[59.557s] DEBUG:colcon.colcon_parallel_executor.executor.parallel:loop closed
[59.559s] DEBUG:colcon.colcon_parallel_executor.executor.parallel:run_until_complete finished with '2'
[59.560s] DEBUG:colcon.colcon_core.event_reactor:joining thread
[60.122s] INFO:colcon.colcon_core.plugin_system:Skipping extension 'colcon_notification.desktop_notification.terminal_notifier': Not used on non-Darwin systems
[60.122s] INFO:colcon.colcon_core.plugin_system:Skipping extension 'colcon_notification.desktop_notification.win32': Not used on non-Windows systems
[60.122s] INFO:colcon.colcon_notification.desktop_notification:Sending desktop notification using 'notify2'
[60.588s] DEBUG:colcon.colcon_core.event_reactor:joined thread
[60.832s] INFO:colcon.colcon_core.shell:Creating prefix script '/home/pavitpc/ros2_ws/install/local_setup.ps1'
[60.835s] INFO:colcon.colcon_core.shell:Creating prefix util module '/home/pavitpc/ros2_ws/install/_local_setup_util_ps1.py'
[60.857s] INFO:colcon.colcon_core.shell:Creating prefix chain script '/home/pavitpc/ros2_ws/install/setup.ps1'
[60.994s] INFO:colcon.colcon_core.shell:Creating prefix script '/home/pavitpc/ros2_ws/install/local_setup.sh'
[60.996s] INFO:colcon.colcon_core.shell:Creating prefix util module '/home/pavitpc/ros2_ws/install/_local_setup_util_sh.py'
[60.997s] INFO:colcon.colcon_core.shell:Creating prefix chain script '/home/pavitpc/ros2_ws/install/setup.sh'
[61.147s] INFO:colcon.colcon_core.shell:Creating prefix script '/home/pavitpc/ros2_ws/install/local_setup.bash'
[61.159s] INFO:colcon.colcon_core.shell:Creating prefix chain script '/home/pavitpc/ros2_ws/install/setup.bash'
[61.402s] INFO:colcon.colcon_core.shell:Creating prefix script '/home/pavitpc/ros2_ws/install/local_setup.zsh'
[61.404s] INFO:colcon.colcon_core.shell:Creating prefix chain script '/home/pavitpc/ros2_ws/install/setup.zsh'
