[2.183s] Invoking command in '/home/pavitpc/ros2_ws/src/my_python_package': PYTHONPATH=/home/pavitpc/ros2_ws/build/my_python_package/prefix_override:/home/pavitpc/ros2_ws/install/my_python_package/lib/python3.10/site-packages:${PYTHONPATH} /usr/bin/python3 setup.py egg_info --egg-base ../../build/my_python_package build --build-base /home/pavitpc/ros2_ws/build/my_python_package/build install --record /home/pavitpc/ros2_ws/build/my_python_package/install.log --single-version-externally-managed
[2.578s] running egg_info
[2.578s] creating ../../build/my_python_package/my_python_package.egg-info
[2.579s] writing ../../build/my_python_package/my_python_package.egg-info/PKG-INFO
[2.579s] writing dependency_links to ../../build/my_python_package/my_python_package.egg-info/dependency_links.txt
[2.579s] writing entry points to ../../build/my_python_package/my_python_package.egg-info/entry_points.txt
[2.579s] writing requirements to ../../build/my_python_package/my_python_package.egg-info/requires.txt
[2.580s] writing top-level names to ../../build/my_python_package/my_python_package.egg-info/top_level.txt
[2.580s] writing manifest file '../../build/my_python_package/my_python_package.egg-info/SOURCES.txt'
[2.582s] reading manifest file '../../build/my_python_package/my_python_package.egg-info/SOURCES.txt'
[2.582s] adding license file 'LICENSE'
[2.583s] writing manifest file '../../build/my_python_package/my_python_package.egg-info/SOURCES.txt'
[2.583s] running build
[2.583s] running build_py
[2.584s] creating /home/pavitpc/ros2_ws/build/my_python_package/build
[2.584s] creating /home/pavitpc/ros2_ws/build/my_python_package/build/lib
[2.584s] creating /home/pavitpc/ros2_ws/build/my_python_package/build/lib/my_python_package
[2.584s] copying my_python_package/my_node.py -> /home/pavitpc/ros2_ws/build/my_python_package/build/lib/my_python_package
[2.584s] copying my_python_package/__init__.py -> /home/pavitpc/ros2_ws/build/my_python_package/build/lib/my_python_package
[2.584s] running install
[2.585s] running install_lib
[2.586s] creating /home/pavitpc/ros2_ws/install/my_python_package/lib/python3.10/site-packages/my_python_package
[2.586s] copying /home/pavitpc/ros2_ws/build/my_python_package/build/lib/my_python_package/my_node.py -> /home/pavitpc/ros2_ws/install/my_python_package/lib/python3.10/site-packages/my_python_package
[2.586s] copying /home/pavitpc/ros2_ws/build/my_python_package/build/lib/my_python_package/__init__.py -> /home/pavitpc/ros2_ws/install/my_python_package/lib/python3.10/site-packages/my_python_package
[2.587s] byte-compiling /home/pavitpc/ros2_ws/install/my_python_package/lib/python3.10/site-packages/my_python_package/my_node.py to my_node.cpython-310.pyc
[2.587s] byte-compiling /home/pavitpc/ros2_ws/install/my_python_package/lib/python3.10/site-packages/my_python_package/__init__.py to __init__.cpython-310.pyc
[2.588s] running install_data
[2.588s] creating /home/pavitpc/ros2_ws/install/my_python_package/share/ament_index
[2.589s] creating /home/pavitpc/ros2_ws/install/my_python_package/share/ament_index/resource_index
[2.589s] creating /home/pavitpc/ros2_ws/install/my_python_package/share/ament_index/resource_index/packages
[2.589s] copying resource/my_python_package -> /home/pavitpc/ros2_ws/install/my_python_package/share/ament_index/resource_index/packages
[2.589s] copying package.xml -> /home/pavitpc/ros2_ws/install/my_python_package/share/my_python_package
[2.589s] running install_egg_info
[2.591s] Copying ../../build/my_python_package/my_python_package.egg-info to /home/pavitpc/ros2_ws/install/my_python_package/lib/python3.10/site-packages/my_python_package-0.0.0-py3.10.egg-info
[2.593s] running install_scripts
[2.623s] Installing my_node script to /home/pavitpc/ros2_ws/install/my_python_package/lib/my_python_package
[2.623s] writing list of installed files to '/home/pavitpc/ros2_ws/build/my_python_package/install.log'
[2.661s] Invoked command in '/home/pavitpc/ros2_ws/src/my_python_package' returned '0': PYTHONPATH=/home/pavitpc/ros2_ws/build/my_python_package/prefix_override:/home/pavitpc/ros2_ws/install/my_python_package/lib/python3.10/site-packages:${PYTHONPATH} /usr/bin/python3 setup.py egg_info --egg-base ../../build/my_python_package build --build-base /home/pavitpc/ros2_ws/build/my_python_package/build install --record /home/pavitpc/ros2_ws/build/my_python_package/install.log --single-version-externally-managed
