[1.731s] DEBUG:colcon:Command line arguments: ['/usr/bin/colcon', 'build']
[1.731s] DEBUG:colcon:Parsed command line arguments: Namespace(log_base=None, log_level=None, verb_name='build', build_base='build', install_base='install', merge_install=False, symlink_install=False, test_result_base=None, continue_on_error=False, executor='parallel', parallel_workers=4, event_handlers=None, ignore_user_meta=False, metas=['./colcon.meta'], base_paths=['.'], packages_ignore=None, packages_ignore_regex=None, paths=None, packages_up_to=None, packages_up_to_regex=None, packages_above=None, packages_above_and_dependencies=None, packages_above_depth=None, packages_select_by_dep=None, packages_skip_by_dep=None, packages_skip_up_to=None, packages_select_build_failed=False, packages_skip_build_finished=False, packages_select_test_failures=False, packages_skip_test_passed=False, packages_select=None, packages_skip=None, packages_select_regex=None, packages_skip_regex=None, packages_start=None, packages_end=None, allow_overriding=[], cmake_args=None, cmake_target=None, cmake_target_skip_unavailable=False, cmake_clean_cache=False, cmake_clean_first=False, cmake_force_configure=False, ament_cmake_args=None, catkin_cmake_args=None, catkin_skip_building_tests=False, verb_parser=<colcon_defaults.argument_parser.defaults.DefaultArgumentsDecorator object at 0x7fc0620b14e0>, verb_extension=<colcon_core.verb.build.BuildVerb object at 0x7fc06231ea40>, main=<bound method BuildVerb.main of <colcon_core.verb.build.BuildVerb object at 0x7fc06231ea40>>)
[1.810s] Level 1:colcon.colcon_core.package_discovery:discover_packages(colcon_meta) check parameters
[1.810s] Level 1:colcon.colcon_core.package_discovery:discover_packages(recursive) check parameters
[1.811s] Level 1:colcon.colcon_core.package_discovery:discover_packages(ignore) check parameters
[1.811s] Level 1:colcon.colcon_core.package_discovery:discover_packages(path) check parameters
[1.811s] Level 1:colcon.colcon_core.package_discovery:discover_packages(colcon_meta) discover
[1.811s] Level 1:colcon.colcon_core.package_discovery:discover_packages(recursive) discover
[1.811s] INFO:colcon.colcon_core.package_discovery:Crawling recursively for packages in '/home/pavitpc/ros2_ws'
[1.811s] Level 1:colcon.colcon_core.package_identification:_identify(.) by extensions ['ignore', 'ignore_ament_install']
[1.811s] Level 1:colcon.colcon_core.package_identification:_identify(.) by extension 'ignore'
[1.811s] Level 1:colcon.colcon_core.package_identification:_identify(.) by extension 'ignore_ament_install'
[1.811s] Level 1:colcon.colcon_core.package_identification:_identify(.) by extensions ['colcon_pkg']
[1.811s] Level 1:colcon.colcon_core.package_identification:_identify(.) by extension 'colcon_pkg'
[1.811s] Level 1:colcon.colcon_core.package_identification:_identify(.) by extensions ['colcon_meta']
[1.811s] Level 1:colcon.colcon_core.package_identification:_identify(.) by extension 'colcon_meta'
[1.812s] Level 1:colcon.colcon_core.package_identification:_identify(.) by extensions ['ros']
[1.812s] Level 1:colcon.colcon_core.package_identification:_identify(.) by extension 'ros'
[1.829s] Level 1:colcon.colcon_core.package_identification:_identify(.) by extensions ['cmake', 'python']
[1.829s] Level 1:colcon.colcon_core.package_identification:_identify(.) by extension 'cmake'
[1.829s] Level 1:colcon.colcon_core.package_identification:_identify(.) by extension 'python'
[1.829s] Level 1:colcon.colcon_core.package_identification:_identify(.) by extensions ['python_setup_py']
[1.829s] Level 1:colcon.colcon_core.package_identification:_identify(.) by extension 'python_setup_py'
[1.829s] Level 1:colcon.colcon_core.package_identification:_identify(build) by extensions ['ignore', 'ignore_ament_install']
[1.830s] Level 1:colcon.colcon_core.package_identification:_identify(build) by extension 'ignore'
[1.830s] Level 1:colcon.colcon_core.package_identification:_identify(build) ignored
[1.830s] Level 1:colcon.colcon_core.package_identification:_identify(install) by extensions ['ignore', 'ignore_ament_install']
[1.830s] Level 1:colcon.colcon_core.package_identification:_identify(install) by extension 'ignore'
[1.830s] Level 1:colcon.colcon_core.package_identification:_identify(install) ignored
[1.830s] Level 1:colcon.colcon_core.package_identification:_identify(log) by extensions ['ignore', 'ignore_ament_install']
[1.830s] Level 1:colcon.colcon_core.package_identification:_identify(log) by extension 'ignore'
[1.830s] Level 1:colcon.colcon_core.package_identification:_identify(log) ignored
[1.830s] Level 1:colcon.colcon_core.package_identification:_identify(src) by extensions ['ignore', 'ignore_ament_install']
[1.831s] Level 1:colcon.colcon_core.package_identification:_identify(src) by extension 'ignore'
[1.831s] Level 1:colcon.colcon_core.package_identification:_identify(src) by extension 'ignore_ament_install'
[1.831s] Level 1:colcon.colcon_core.package_identification:_identify(src) by extensions ['colcon_pkg']
[1.831s] Level 1:colcon.colcon_core.package_identification:_identify(src) by extension 'colcon_pkg'
[1.831s] Level 1:colcon.colcon_core.package_identification:_identify(src) by extensions ['colcon_meta']
[1.831s] Level 1:colcon.colcon_core.package_identification:_identify(src) by extension 'colcon_meta'
[1.831s] Level 1:colcon.colcon_core.package_identification:_identify(src) by extensions ['ros']
[1.831s] Level 1:colcon.colcon_core.package_identification:_identify(src) by extension 'ros'
[1.831s] Level 1:colcon.colcon_core.package_identification:_identify(src) by extensions ['cmake', 'python']
[1.831s] Level 1:colcon.colcon_core.package_identification:_identify(src) by extension 'cmake'
[1.831s] Level 1:colcon.colcon_core.package_identification:_identify(src) by extension 'python'
[1.831s] Level 1:colcon.colcon_core.package_identification:_identify(src) by extensions ['python_setup_py']
[1.831s] Level 1:colcon.colcon_core.package_identification:_identify(src) by extension 'python_setup_py'
[1.832s] Level 1:colcon.colcon_core.package_identification:_identify(src/my_package) by extensions ['ignore', 'ignore_ament_install']
[1.832s] Level 1:colcon.colcon_core.package_identification:_identify(src/my_package) by extension 'ignore'
[1.832s] Level 1:colcon.colcon_core.package_identification:_identify(src/my_package) by extension 'ignore_ament_install'
[1.832s] Level 1:colcon.colcon_core.package_identification:_identify(src/my_package) by extensions ['colcon_pkg']
[1.832s] Level 1:colcon.colcon_core.package_identification:_identify(src/my_package) by extension 'colcon_pkg'
[1.832s] Level 1:colcon.colcon_core.package_identification:_identify(src/my_package) by extensions ['colcon_meta']
[1.832s] Level 1:colcon.colcon_core.package_identification:_identify(src/my_package) by extension 'colcon_meta'
[1.832s] Level 1:colcon.colcon_core.package_identification:_identify(src/my_package) by extensions ['ros']
[1.832s] Level 1:colcon.colcon_core.package_identification:_identify(src/my_package) by extension 'ros'
[1.836s] DEBUG:colcon.colcon_core.package_identification:Package 'src/my_package' with type 'ros.ament_cmake' and name 'my_package'
[1.836s] Level 1:colcon.colcon_core.package_identification:_identify(src/my_python_package) by extensions ['ignore', 'ignore_ament_install']
[1.836s] Level 1:colcon.colcon_core.package_identification:_identify(src/my_python_package) by extension 'ignore'
[1.836s] Level 1:colcon.colcon_core.package_identification:_identify(src/my_python_package) by extension 'ignore_ament_install'
[1.836s] Level 1:colcon.colcon_core.package_identification:_identify(src/my_python_package) by extensions ['colcon_pkg']
[1.836s] Level 1:colcon.colcon_core.package_identification:_identify(src/my_python_package) by extension 'colcon_pkg'
[1.836s] Level 1:colcon.colcon_core.package_identification:_identify(src/my_python_package) by extensions ['colcon_meta']
[1.836s] Level 1:colcon.colcon_core.package_identification:_identify(src/my_python_package) by extension 'colcon_meta'
[1.836s] Level 1:colcon.colcon_core.package_identification:_identify(src/my_python_package) by extensions ['ros']
[1.836s] Level 1:colcon.colcon_core.package_identification:_identify(src/my_python_package) by extension 'ros'
[1.837s] DEBUG:colcon.colcon_core.package_identification:Package 'src/my_python_package' with type 'ros.ament_python' and name 'my_python_package'
[1.837s] Level 1:colcon.colcon_core.package_discovery:discover_packages(recursive) using defaults
[1.837s] Level 1:colcon.colcon_core.package_discovery:discover_packages(ignore) discover
[1.837s] Level 1:colcon.colcon_core.package_discovery:discover_packages(ignore) using defaults
[1.837s] Level 1:colcon.colcon_core.package_discovery:discover_packages(path) discover
[1.837s] Level 1:colcon.colcon_core.package_discovery:discover_packages(path) using defaults
[1.979s] Level 1:colcon.colcon_core.package_discovery:discover_packages(prefix_path) check parameters
[1.980s] Level 1:colcon.colcon_core.package_discovery:discover_packages(prefix_path) discover
[2.027s] DEBUG:colcon.colcon_installed_package_information.package_discovery:Found 2 installed packages in /home/pavitpc/ros2_ws/install
[2.052s] DEBUG:colcon.colcon_installed_package_information.package_discovery:Found 385 installed packages in /opt/ros/humble
[2.055s] Level 1:colcon.colcon_core.package_discovery:discover_packages(prefix_path) using defaults
[2.222s] Level 5:colcon.colcon_core.verb:set package 'my_package' build argument 'cmake_args' from command line to 'None'
[2.222s] Level 5:colcon.colcon_core.verb:set package 'my_package' build argument 'cmake_target' from command line to 'None'
[2.222s] Level 5:colcon.colcon_core.verb:set package 'my_package' build argument 'cmake_target_skip_unavailable' from command line to 'False'
[2.222s] Level 5:colcon.colcon_core.verb:set package 'my_package' build argument 'cmake_clean_cache' from command line to 'False'
[2.222s] Level 5:colcon.colcon_core.verb:set package 'my_package' build argument 'cmake_clean_first' from command line to 'False'
[2.223s] Level 5:colcon.colcon_core.verb:set package 'my_package' build argument 'cmake_force_configure' from command line to 'False'
[2.223s] Level 5:colcon.colcon_core.verb:set package 'my_package' build argument 'ament_cmake_args' from command line to 'None'
[2.223s] Level 5:colcon.colcon_core.verb:set package 'my_package' build argument 'catkin_cmake_args' from command line to 'None'
[2.223s] Level 5:colcon.colcon_core.verb:set package 'my_package' build argument 'catkin_skip_building_tests' from command line to 'False'
[2.223s] DEBUG:colcon.colcon_core.verb:Building package 'my_package' with the following arguments: {'ament_cmake_args': None, 'build_base': '/home/pavitpc/ros2_ws/build/my_package', 'catkin_cmake_args': None, 'catkin_skip_building_tests': False, 'cmake_args': None, 'cmake_clean_cache': False, 'cmake_clean_first': False, 'cmake_force_configure': False, 'cmake_target': None, 'cmake_target_skip_unavailable': False, 'install_base': '/home/pavitpc/ros2_ws/install/my_package', 'merge_install': False, 'path': '/home/pavitpc/ros2_ws/src/my_package', 'symlink_install': False, 'test_result_base': None}
[2.246s] Level 5:colcon.colcon_core.verb:set package 'my_python_package' build argument 'cmake_args' from command line to 'None'
[2.246s] Level 5:colcon.colcon_core.verb:set package 'my_python_package' build argument 'cmake_target' from command line to 'None'
[2.246s] Level 5:colcon.colcon_core.verb:set package 'my_python_package' build argument 'cmake_target_skip_unavailable' from command line to 'False'
[2.246s] Level 5:colcon.colcon_core.verb:set package 'my_python_package' build argument 'cmake_clean_cache' from command line to 'False'
[2.246s] Level 5:colcon.colcon_core.verb:set package 'my_python_package' build argument 'cmake_clean_first' from command line to 'False'
[2.246s] Level 5:colcon.colcon_core.verb:set package 'my_python_package' build argument 'cmake_force_configure' from command line to 'False'
[2.246s] Level 5:colcon.colcon_core.verb:set package 'my_python_package' build argument 'ament_cmake_args' from command line to 'None'
[2.246s] Level 5:colcon.colcon_core.verb:set package 'my_python_package' build argument 'catkin_cmake_args' from command line to 'None'
[2.246s] Level 5:colcon.colcon_core.verb:set package 'my_python_package' build argument 'catkin_skip_building_tests' from command line to 'False'
[2.246s] DEBUG:colcon.colcon_core.verb:Building package 'my_python_package' with the following arguments: {'ament_cmake_args': None, 'build_base': '/home/pavitpc/ros2_ws/build/my_python_package', 'catkin_cmake_args': None, 'catkin_skip_building_tests': False, 'cmake_args': None, 'cmake_clean_cache': False, 'cmake_clean_first': False, 'cmake_force_configure': False, 'cmake_target': None, 'cmake_target_skip_unavailable': False, 'install_base': '/home/pavitpc/ros2_ws/install/my_python_package', 'merge_install': False, 'path': '/home/pavitpc/ros2_ws/src/my_python_package', 'symlink_install': False, 'test_result_base': None}
[2.270s] INFO:colcon.colcon_core.executor:Executing jobs using 'parallel' executor
[2.293s] DEBUG:colcon.colcon_parallel_executor.executor.parallel:run_until_complete
[2.294s] INFO:colcon.colcon_ros.task.ament_cmake.build:Building ROS package in '/home/pavitpc/ros2_ws/src/my_package' with build type 'ament_cmake'
[2.294s] INFO:colcon.colcon_cmake.task.cmake.build:Building CMake package in '/home/pavitpc/ros2_ws/src/my_package'
[2.322s] INFO:colcon.colcon_core.plugin_system:Skipping extension 'colcon_core.shell.bat': Not used on non-Windows systems
[2.322s] INFO:colcon.colcon_core.shell:Skip shell extension 'powershell' for command environment: Not usable outside of PowerShell
[2.322s] DEBUG:colcon.colcon_core.shell:Skip shell extension 'dsv' for command environment
[2.411s] INFO:colcon.colcon_ros.task.ament_python.build:Building ROS package in '/home/pavitpc/ros2_ws/src/my_python_package' with build type 'ament_python'
[2.412s] Level 1:colcon.colcon_core.shell:create_environment_hook('my_python_package', 'ament_prefix_path')
[2.439s] INFO:colcon.colcon_core.shell:Creating environment hook '/home/pavitpc/ros2_ws/install/my_python_package/share/my_python_package/hook/ament_prefix_path.ps1'
[2.440s] INFO:colcon.colcon_core.shell:Creating environment descriptor '/home/pavitpc/ros2_ws/install/my_python_package/share/my_python_package/hook/ament_prefix_path.dsv'
[2.441s] INFO:colcon.colcon_core.shell:Creating environment hook '/home/pavitpc/ros2_ws/install/my_python_package/share/my_python_package/hook/ament_prefix_path.sh'
[2.465s] INFO:colcon.colcon_core.shell:Skip shell extension 'powershell' for command environment: Not usable outside of PowerShell
[2.465s] DEBUG:colcon.colcon_core.shell:Skip shell extension 'dsv' for command environment
[2.550s] DEBUG:colcon.colcon_core.event_handler.log_command:Invoking command in '/home/pavitpc/ros2_ws/build/my_package': CMAKE_PREFIX_PATH=${CMAKE_PREFIX_PATH}:/opt/ros/humble /usr/bin/cmake --build /home/pavitpc/ros2_ws/build/my_package -- -j4 -l4
[3.010s] INFO:colcon.colcon_core.task.python.build:Building Python package in '/home/pavitpc/ros2_ws/src/my_python_package'
[3.035s] INFO:colcon.colcon_core.shell:Skip shell extension 'powershell' for command environment: Not usable outside of PowerShell
[3.035s] DEBUG:colcon.colcon_core.shell:Skip shell extension 'dsv' for command environment
[3.109s] DEBUG:colcon.colcon_core.event_handler.log_command:Invoked command in '/home/pavitpc/ros2_ws/build/my_package' returned '0': CMAKE_PREFIX_PATH=${CMAKE_PREFIX_PATH}:/opt/ros/humble /usr/bin/cmake --build /home/pavitpc/ros2_ws/build/my_package -- -j4 -l4
[3.174s] DEBUG:colcon.colcon_core.event_handler.log_command:Invoking command in '/home/pavitpc/ros2_ws/build/my_package': CMAKE_PREFIX_PATH=${CMAKE_PREFIX_PATH}:/opt/ros/humble /usr/bin/cmake --install /home/pavitpc/ros2_ws/build/my_package
[3.189s] Level 1:colcon.colcon_core.environment:create_environment_scripts_only(my_package)
[3.190s] DEBUG:colcon.colcon_core.event_handler.log_command:Invoked command in '/home/pavitpc/ros2_ws/build/my_package' returned '0': CMAKE_PREFIX_PATH=${CMAKE_PREFIX_PATH}:/opt/ros/humble /usr/bin/cmake --install /home/pavitpc/ros2_ws/build/my_package
[3.218s] Level 1:colcon.colcon_core.environment:checking '/home/pavitpc/ros2_ws/install/my_package' for CMake module files
[3.218s] Level 1:colcon.colcon_core.environment:checking '/home/pavitpc/ros2_ws/install/my_package' for CMake config files
[3.219s] Level 1:colcon.colcon_core.shell:create_environment_hook('my_package', 'cmake_prefix_path')
[3.244s] INFO:colcon.colcon_core.shell:Creating environment hook '/home/pavitpc/ros2_ws/install/my_package/share/my_package/hook/cmake_prefix_path.ps1'
[3.245s] INFO:colcon.colcon_core.shell:Creating environment descriptor '/home/pavitpc/ros2_ws/install/my_package/share/my_package/hook/cmake_prefix_path.dsv'
[3.245s] INFO:colcon.colcon_core.shell:Creating environment hook '/home/pavitpc/ros2_ws/install/my_package/share/my_package/hook/cmake_prefix_path.sh'
[3.246s] Level 1:colcon.colcon_core.environment:checking '/home/pavitpc/ros2_ws/install/my_package/lib'
[3.246s] Level 1:colcon.colcon_core.environment:checking '/home/pavitpc/ros2_ws/install/my_package/bin'
[3.247s] Level 1:colcon.colcon_core.environment:checking '/home/pavitpc/ros2_ws/install/my_package/lib/pkgconfig/my_package.pc'
[3.247s] Level 1:colcon.colcon_core.environment:checking '/home/pavitpc/ros2_ws/install/my_package/lib/python3.10/site-packages'
[3.247s] Level 1:colcon.colcon_core.environment:checking '/home/pavitpc/ros2_ws/install/my_package/bin'
[3.271s] INFO:colcon.colcon_core.shell:Creating package script '/home/pavitpc/ros2_ws/install/my_package/share/my_package/package.ps1'
[3.272s] INFO:colcon.colcon_core.shell:Creating package descriptor '/home/pavitpc/ros2_ws/install/my_package/share/my_package/package.dsv'
[3.273s] INFO:colcon.colcon_core.shell:Creating package script '/home/pavitpc/ros2_ws/install/my_package/share/my_package/package.sh'
[3.274s] INFO:colcon.colcon_core.shell:Creating package script '/home/pavitpc/ros2_ws/install/my_package/share/my_package/package.bash'
[3.275s] INFO:colcon.colcon_core.shell:Creating package script '/home/pavitpc/ros2_ws/install/my_package/share/my_package/package.zsh'
[3.276s] Level 1:colcon.colcon_core.environment:create_file_with_runtime_dependencies(/home/pavitpc/ros2_ws/install/my_package/share/colcon-core/packages/my_package)
[3.356s] Level 1:colcon.colcon_core.environment:create_environment_scripts_only(my_package)
[3.396s] Level 1:colcon.colcon_core.environment:checking '/home/pavitpc/ros2_ws/install/my_package' for CMake module files
[3.397s] Level 1:colcon.colcon_core.environment:checking '/home/pavitpc/ros2_ws/install/my_package' for CMake config files
[3.398s] Level 1:colcon.colcon_core.shell:create_environment_hook('my_package', 'cmake_prefix_path')
[3.441s] INFO:colcon.colcon_core.shell:Creating environment hook '/home/pavitpc/ros2_ws/install/my_package/share/my_package/hook/cmake_prefix_path.ps1'
[3.441s] INFO:colcon.colcon_core.shell:Creating environment descriptor '/home/pavitpc/ros2_ws/install/my_package/share/my_package/hook/cmake_prefix_path.dsv'
[3.442s] INFO:colcon.colcon_core.shell:Creating environment hook '/home/pavitpc/ros2_ws/install/my_package/share/my_package/hook/cmake_prefix_path.sh'
[3.443s] Level 1:colcon.colcon_core.environment:checking '/home/pavitpc/ros2_ws/install/my_package/lib'
[3.443s] Level 1:colcon.colcon_core.environment:checking '/home/pavitpc/ros2_ws/install/my_package/bin'
[3.444s] Level 1:colcon.colcon_core.environment:checking '/home/pavitpc/ros2_ws/install/my_package/lib/pkgconfig/my_package.pc'
[3.444s] Level 1:colcon.colcon_core.environment:checking '/home/pavitpc/ros2_ws/install/my_package/lib/python3.10/site-packages'
[3.445s] Level 1:colcon.colcon_core.environment:checking '/home/pavitpc/ros2_ws/install/my_package/bin'
[3.485s] INFO:colcon.colcon_core.shell:Creating package script '/home/pavitpc/ros2_ws/install/my_package/share/my_package/package.ps1'
[3.487s] INFO:colcon.colcon_core.shell:Creating package descriptor '/home/pavitpc/ros2_ws/install/my_package/share/my_package/package.dsv'
[3.488s] INFO:colcon.colcon_core.shell:Creating package script '/home/pavitpc/ros2_ws/install/my_package/share/my_package/package.sh'
[3.489s] INFO:colcon.colcon_core.shell:Creating package script '/home/pavitpc/ros2_ws/install/my_package/share/my_package/package.bash'
[3.490s] INFO:colcon.colcon_core.shell:Creating package script '/home/pavitpc/ros2_ws/install/my_package/share/my_package/package.zsh'
[3.491s] Level 1:colcon.colcon_core.environment:create_file_with_runtime_dependencies(/home/pavitpc/ros2_ws/install/my_package/share/colcon-core/packages/my_package)
[4.595s] DEBUG:colcon.colcon_core.event_handler.log_command:Invoking command in '/home/pavitpc/ros2_ws/src/my_python_package': PYTHONPATH=/home/pavitpc/ros2_ws/build/my_python_package/prefix_override:/home/pavitpc/ros2_ws/install/my_python_package/lib/python3.10/site-packages:${PYTHONPATH} /usr/bin/python3 setup.py egg_info --egg-base ../../build/my_python_package build --build-base /home/pavitpc/ros2_ws/build/my_python_package/build install --record /home/pavitpc/ros2_ws/build/my_python_package/install.log --single-version-externally-managed
[5.073s] DEBUG:colcon.colcon_core.event_handler.log_command:Invoked command in '/home/pavitpc/ros2_ws/src/my_python_package' returned '0': PYTHONPATH=/home/pavitpc/ros2_ws/build/my_python_package/prefix_override:/home/pavitpc/ros2_ws/install/my_python_package/lib/python3.10/site-packages:${PYTHONPATH} /usr/bin/python3 setup.py egg_info --egg-base ../../build/my_python_package build --build-base /home/pavitpc/ros2_ws/build/my_python_package/build install --record /home/pavitpc/ros2_ws/build/my_python_package/install.log --single-version-externally-managed
[5.097s] Level 1:colcon.colcon_core.environment:checking '/home/pavitpc/ros2_ws/install/my_python_package' for CMake module files
[5.098s] Level 1:colcon.colcon_core.environment:checking '/home/pavitpc/ros2_ws/install/my_python_package' for CMake config files
[5.099s] Level 1:colcon.colcon_core.environment:checking '/home/pavitpc/ros2_ws/install/my_python_package/lib'
[5.099s] Level 1:colcon.colcon_core.environment:checking '/home/pavitpc/ros2_ws/install/my_python_package/bin'
[5.099s] Level 1:colcon.colcon_core.environment:checking '/home/pavitpc/ros2_ws/install/my_python_package/lib/pkgconfig/my_python_package.pc'
[5.099s] Level 1:colcon.colcon_core.environment:checking '/home/pavitpc/ros2_ws/install/my_python_package/lib/python3.10/site-packages'
[5.099s] Level 1:colcon.colcon_core.shell:create_environment_hook('my_python_package', 'pythonpath')
[5.123s] INFO:colcon.colcon_core.shell:Creating environment hook '/home/pavitpc/ros2_ws/install/my_python_package/share/my_python_package/hook/pythonpath.ps1'
[5.124s] INFO:colcon.colcon_core.shell:Creating environment descriptor '/home/pavitpc/ros2_ws/install/my_python_package/share/my_python_package/hook/pythonpath.dsv'
[5.124s] INFO:colcon.colcon_core.shell:Creating environment hook '/home/pavitpc/ros2_ws/install/my_python_package/share/my_python_package/hook/pythonpath.sh'
[5.125s] Level 1:colcon.colcon_core.environment:checking '/home/pavitpc/ros2_ws/install/my_python_package/bin'
[5.125s] Level 1:colcon.colcon_core.environment:create_environment_scripts_only(my_python_package)
[5.151s] INFO:colcon.colcon_core.shell:Creating package script '/home/pavitpc/ros2_ws/install/my_python_package/share/my_python_package/package.ps1'
[5.152s] INFO:colcon.colcon_core.shell:Creating package descriptor '/home/pavitpc/ros2_ws/install/my_python_package/share/my_python_package/package.dsv'
[5.152s] INFO:colcon.colcon_core.shell:Creating package script '/home/pavitpc/ros2_ws/install/my_python_package/share/my_python_package/package.sh'
[5.153s] INFO:colcon.colcon_core.shell:Creating package script '/home/pavitpc/ros2_ws/install/my_python_package/share/my_python_package/package.bash'
[5.153s] INFO:colcon.colcon_core.shell:Creating package script '/home/pavitpc/ros2_ws/install/my_python_package/share/my_python_package/package.zsh'
[5.154s] Level 1:colcon.colcon_core.environment:create_file_with_runtime_dependencies(/home/pavitpc/ros2_ws/install/my_python_package/share/colcon-core/packages/my_python_package)
[5.154s] DEBUG:colcon.colcon_parallel_executor.executor.parallel:closing loop
[5.154s] DEBUG:colcon.colcon_parallel_executor.executor.parallel:loop closed
[5.154s] DEBUG:colcon.colcon_parallel_executor.executor.parallel:run_until_complete finished with '0'
[5.155s] DEBUG:colcon.colcon_core.event_reactor:joining thread
[5.186s] INFO:colcon.colcon_core.plugin_system:Skipping extension 'colcon_notification.desktop_notification.terminal_notifier': Not used on non-Darwin systems
[5.186s] INFO:colcon.colcon_core.plugin_system:Skipping extension 'colcon_notification.desktop_notification.win32': Not used on non-Windows systems
[5.186s] INFO:colcon.colcon_notification.desktop_notification:Sending desktop notification using 'notify2'
[5.203s] DEBUG:colcon.colcon_core.event_reactor:joined thread
[5.227s] INFO:colcon.colcon_core.shell:Creating prefix script '/home/pavitpc/ros2_ws/install/local_setup.ps1'
[5.229s] INFO:colcon.colcon_core.shell:Creating prefix util module '/home/pavitpc/ros2_ws/install/_local_setup_util_ps1.py'
[5.231s] INFO:colcon.colcon_core.shell:Creating prefix chain script '/home/pavitpc/ros2_ws/install/setup.ps1'
[5.257s] INFO:colcon.colcon_core.shell:Creating prefix script '/home/pavitpc/ros2_ws/install/local_setup.sh'
[5.257s] INFO:colcon.colcon_core.shell:Creating prefix util module '/home/pavitpc/ros2_ws/install/_local_setup_util_sh.py'
[5.258s] INFO:colcon.colcon_core.shell:Creating prefix chain script '/home/pavitpc/ros2_ws/install/setup.sh'
[5.286s] INFO:colcon.colcon_core.shell:Creating prefix script '/home/pavitpc/ros2_ws/install/local_setup.bash'
[5.286s] INFO:colcon.colcon_core.shell:Creating prefix chain script '/home/pavitpc/ros2_ws/install/setup.bash'
[5.314s] INFO:colcon.colcon_core.shell:Creating prefix script '/home/pavitpc/ros2_ws/install/local_setup.zsh'
[5.314s] INFO:colcon.colcon_core.shell:Creating prefix chain script '/home/pavitpc/ros2_ws/install/setup.zsh'
