[5.814s] DEBUG:colcon:Command line arguments: ['/usr/bin/colcon', 'build']
[5.814s] DEBUG:colcon:Parsed command line arguments: Namespace(log_base=None, log_level=None, verb_name='build', build_base='build', install_base='install', merge_install=False, symlink_install=False, test_result_base=None, continue_on_error=False, executor='parallel', parallel_workers=4, event_handlers=None, ignore_user_meta=False, metas=['./colcon.meta'], base_paths=['.'], packages_ignore=None, packages_ignore_regex=None, paths=None, packages_up_to=None, packages_up_to_regex=None, packages_above=None, packages_above_and_dependencies=None, packages_above_depth=None, packages_select_by_dep=None, packages_skip_by_dep=None, packages_skip_up_to=None, packages_select_build_failed=False, packages_skip_build_finished=False, packages_select_test_failures=False, packages_skip_test_passed=False, packages_select=None, packages_skip=None, packages_select_regex=None, packages_skip_regex=None, packages_start=None, packages_end=None, allow_overriding=[], cmake_args=None, cmake_target=None, cmake_target_skip_unavailable=False, cmake_clean_cache=False, cmake_clean_first=False, cmake_force_configure=False, ament_cmake_args=None, catkin_cmake_args=None, catkin_skip_building_tests=False, verb_parser=<colcon_defaults.argument_parser.defaults.DefaultArgumentsDecorator object at 0x7fd5c9ef94e0>, verb_extension=<colcon_core.verb.build.BuildVerb object at 0x7fd5ca15ea40>, main=<bound method BuildVerb.main of <colcon_core.verb.build.BuildVerb object at 0x7fd5ca15ea40>>)
[6.297s] Level 1:colcon.colcon_core.package_discovery:discover_packages(colcon_meta) check parameters
[6.298s] Level 1:colcon.colcon_core.package_discovery:discover_packages(recursive) check parameters
[6.298s] Level 1:colcon.colcon_core.package_discovery:discover_packages(ignore) check parameters
[6.298s] Level 1:colcon.colcon_core.package_discovery:discover_packages(path) check parameters
[6.298s] Level 1:colcon.colcon_core.package_discovery:discover_packages(colcon_meta) discover
[6.298s] Level 1:colcon.colcon_core.package_discovery:discover_packages(recursive) discover
[6.298s] INFO:colcon.colcon_core.package_discovery:Crawling recursively for packages in '/home/pavitpc/ros2_ws'
[6.298s] Level 1:colcon.colcon_core.package_identification:_identify(.) by extensions ['ignore', 'ignore_ament_install']
[6.298s] Level 1:colcon.colcon_core.package_identification:_identify(.) by extension 'ignore'
[6.298s] Level 1:colcon.colcon_core.package_identification:_identify(.) by extension 'ignore_ament_install'
[6.298s] Level 1:colcon.colcon_core.package_identification:_identify(.) by extensions ['colcon_pkg']
[6.298s] Level 1:colcon.colcon_core.package_identification:_identify(.) by extension 'colcon_pkg'
[6.298s] Level 1:colcon.colcon_core.package_identification:_identify(.) by extensions ['colcon_meta']
[6.299s] Level 1:colcon.colcon_core.package_identification:_identify(.) by extension 'colcon_meta'
[6.299s] Level 1:colcon.colcon_core.package_identification:_identify(.) by extensions ['ros']
[6.299s] Level 1:colcon.colcon_core.package_identification:_identify(.) by extension 'ros'
[6.319s] Level 1:colcon.colcon_core.package_identification:_identify(.) by extensions ['cmake', 'python']
[6.319s] Level 1:colcon.colcon_core.package_identification:_identify(.) by extension 'cmake'
[6.319s] Level 1:colcon.colcon_core.package_identification:_identify(.) by extension 'python'
[6.319s] Level 1:colcon.colcon_core.package_identification:_identify(.) by extensions ['python_setup_py']
[6.319s] Level 1:colcon.colcon_core.package_identification:_identify(.) by extension 'python_setup_py'
[6.319s] Level 1:colcon.colcon_core.package_identification:_identify(build) by extensions ['ignore', 'ignore_ament_install']
[6.320s] Level 1:colcon.colcon_core.package_identification:_identify(build) by extension 'ignore'
[6.320s] Level 1:colcon.colcon_core.package_identification:_identify(build) ignored
[6.320s] Level 1:colcon.colcon_core.package_identification:_identify(install) by extensions ['ignore', 'ignore_ament_install']
[6.320s] Level 1:colcon.colcon_core.package_identification:_identify(install) by extension 'ignore'
[6.320s] Level 1:colcon.colcon_core.package_identification:_identify(install) ignored
[6.321s] Level 1:colcon.colcon_core.package_identification:_identify(log) by extensions ['ignore', 'ignore_ament_install']
[6.321s] Level 1:colcon.colcon_core.package_identification:_identify(log) by extension 'ignore'
[6.321s] Level 1:colcon.colcon_core.package_identification:_identify(log) ignored
[6.321s] Level 1:colcon.colcon_core.package_identification:_identify(src) by extensions ['ignore', 'ignore_ament_install']
[6.321s] Level 1:colcon.colcon_core.package_identification:_identify(src) by extension 'ignore'
[6.321s] Level 1:colcon.colcon_core.package_identification:_identify(src) by extension 'ignore_ament_install'
[6.321s] Level 1:colcon.colcon_core.package_identification:_identify(src) by extensions ['colcon_pkg']
[6.321s] Level 1:colcon.colcon_core.package_identification:_identify(src) by extension 'colcon_pkg'
[6.321s] Level 1:colcon.colcon_core.package_identification:_identify(src) by extensions ['colcon_meta']
[6.322s] Level 1:colcon.colcon_core.package_identification:_identify(src) by extension 'colcon_meta'
[6.322s] Level 1:colcon.colcon_core.package_identification:_identify(src) by extensions ['ros']
[6.322s] Level 1:colcon.colcon_core.package_identification:_identify(src) by extension 'ros'
[6.322s] Level 1:colcon.colcon_core.package_identification:_identify(src) by extensions ['cmake', 'python']
[6.322s] Level 1:colcon.colcon_core.package_identification:_identify(src) by extension 'cmake'
[6.322s] Level 1:colcon.colcon_core.package_identification:_identify(src) by extension 'python'
[6.322s] Level 1:colcon.colcon_core.package_identification:_identify(src) by extensions ['python_setup_py']
[6.322s] Level 1:colcon.colcon_core.package_identification:_identify(src) by extension 'python_setup_py'
[6.322s] Level 1:colcon.colcon_core.package_identification:_identify(src/my_package) by extensions ['ignore', 'ignore_ament_install']
[6.323s] Level 1:colcon.colcon_core.package_identification:_identify(src/my_package) by extension 'ignore'
[6.323s] Level 1:colcon.colcon_core.package_identification:_identify(src/my_package) by extension 'ignore_ament_install'
[6.323s] Level 1:colcon.colcon_core.package_identification:_identify(src/my_package) by extensions ['colcon_pkg']
[6.323s] Level 1:colcon.colcon_core.package_identification:_identify(src/my_package) by extension 'colcon_pkg'
[6.323s] Level 1:colcon.colcon_core.package_identification:_identify(src/my_package) by extensions ['colcon_meta']
[6.323s] Level 1:colcon.colcon_core.package_identification:_identify(src/my_package) by extension 'colcon_meta'
[6.323s] Level 1:colcon.colcon_core.package_identification:_identify(src/my_package) by extensions ['ros']
[6.323s] Level 1:colcon.colcon_core.package_identification:_identify(src/my_package) by extension 'ros'
[6.370s] DEBUG:colcon.colcon_core.package_identification:Package 'src/my_package' with type 'ros.ament_cmake' and name 'my_package'
[6.370s] Level 1:colcon.colcon_core.package_discovery:discover_packages(recursive) using defaults
[6.370s] Level 1:colcon.colcon_core.package_discovery:discover_packages(ignore) discover
[6.370s] Level 1:colcon.colcon_core.package_discovery:discover_packages(ignore) using defaults
[6.370s] Level 1:colcon.colcon_core.package_discovery:discover_packages(path) discover
[6.370s] Level 1:colcon.colcon_core.package_discovery:discover_packages(path) using defaults
[6.815s] Level 1:colcon.colcon_core.package_discovery:discover_packages(prefix_path) check parameters
[6.815s] Level 1:colcon.colcon_core.package_discovery:discover_packages(prefix_path) discover
[6.874s] DEBUG:colcon.colcon_installed_package_information.package_discovery:Found 1 installed packages in /home/pavitpc/ros2_ws/install
[6.902s] DEBUG:colcon.colcon_installed_package_information.package_discovery:Found 385 installed packages in /opt/ros/humble
[6.905s] Level 1:colcon.colcon_core.package_discovery:discover_packages(prefix_path) using defaults
[7.155s] Level 5:colcon.colcon_core.verb:set package 'my_package' build argument 'cmake_args' from command line to 'None'
[7.155s] Level 5:colcon.colcon_core.verb:set package 'my_package' build argument 'cmake_target' from command line to 'None'
[7.155s] Level 5:colcon.colcon_core.verb:set package 'my_package' build argument 'cmake_target_skip_unavailable' from command line to 'False'
[7.155s] Level 5:colcon.colcon_core.verb:set package 'my_package' build argument 'cmake_clean_cache' from command line to 'False'
[7.155s] Level 5:colcon.colcon_core.verb:set package 'my_package' build argument 'cmake_clean_first' from command line to 'False'
[7.155s] Level 5:colcon.colcon_core.verb:set package 'my_package' build argument 'cmake_force_configure' from command line to 'False'
[7.155s] Level 5:colcon.colcon_core.verb:set package 'my_package' build argument 'ament_cmake_args' from command line to 'None'
[7.155s] Level 5:colcon.colcon_core.verb:set package 'my_package' build argument 'catkin_cmake_args' from command line to 'None'
[7.155s] Level 5:colcon.colcon_core.verb:set package 'my_package' build argument 'catkin_skip_building_tests' from command line to 'False'
[7.156s] DEBUG:colcon.colcon_core.verb:Building package 'my_package' with the following arguments: {'ament_cmake_args': None, 'build_base': '/home/pavitpc/ros2_ws/build/my_package', 'catkin_cmake_args': None, 'catkin_skip_building_tests': False, 'cmake_args': None, 'cmake_clean_cache': False, 'cmake_clean_first': False, 'cmake_force_configure': False, 'cmake_target': None, 'cmake_target_skip_unavailable': False, 'install_base': '/home/pavitpc/ros2_ws/install/my_package', 'merge_install': False, 'path': '/home/pavitpc/ros2_ws/src/my_package', 'symlink_install': False, 'test_result_base': None}
[7.181s] INFO:colcon.colcon_core.executor:Executing jobs using 'parallel' executor
[7.209s] DEBUG:colcon.colcon_parallel_executor.executor.parallel:run_until_complete
[7.209s] INFO:colcon.colcon_ros.task.ament_cmake.build:Building ROS package in '/home/pavitpc/ros2_ws/src/my_package' with build type 'ament_cmake'
[7.209s] INFO:colcon.colcon_cmake.task.cmake.build:Building CMake package in '/home/pavitpc/ros2_ws/src/my_package'
[7.270s] INFO:colcon.colcon_core.plugin_system:Skipping extension 'colcon_core.shell.bat': Not used on non-Windows systems
[7.270s] INFO:colcon.colcon_core.shell:Skip shell extension 'powershell' for command environment: Not usable outside of PowerShell
[7.270s] DEBUG:colcon.colcon_core.shell:Skip shell extension 'dsv' for command environment
[7.383s] DEBUG:colcon.colcon_core.event_handler.log_command:Invoking command in '/home/pavitpc/ros2_ws/build/my_package': CMAKE_PREFIX_PATH=${CMAKE_PREFIX_PATH}:/opt/ros/humble /usr/bin/cmake /home/pavitpc/ros2_ws/src/my_package -DCMAKE_INSTALL_PREFIX=/home/pavitpc/ros2_ws/install/my_package
[11.018s] DEBUG:colcon.colcon_core.event_handler.log_command:Invoked command in '/home/pavitpc/ros2_ws/build/my_package' returned '0': CMAKE_PREFIX_PATH=${CMAKE_PREFIX_PATH}:/opt/ros/humble /usr/bin/cmake /home/pavitpc/ros2_ws/src/my_package -DCMAKE_INSTALL_PREFIX=/home/pavitpc/ros2_ws/install/my_package
[11.020s] DEBUG:colcon.colcon_core.event_handler.log_command:Invoking command in '/home/pavitpc/ros2_ws/build/my_package': CMAKE_PREFIX_PATH=${CMAKE_PREFIX_PATH}:/opt/ros/humble /usr/bin/cmake --build /home/pavitpc/ros2_ws/build/my_package -- -j4 -l4
[11.648s] DEBUG:colcon.colcon_core.event_handler.log_command:Invoked command in '/home/pavitpc/ros2_ws/build/my_package' returned '0': CMAKE_PREFIX_PATH=${CMAKE_PREFIX_PATH}:/opt/ros/humble /usr/bin/cmake --build /home/pavitpc/ros2_ws/build/my_package -- -j4 -l4
[11.712s] DEBUG:colcon.colcon_core.event_handler.log_command:Invoking command in '/home/pavitpc/ros2_ws/build/my_package': CMAKE_PREFIX_PATH=${CMAKE_PREFIX_PATH}:/opt/ros/humble /usr/bin/cmake --install /home/pavitpc/ros2_ws/build/my_package
[11.733s] Level 1:colcon.colcon_core.environment:create_environment_scripts_only(my_package)
[11.733s] DEBUG:colcon.colcon_core.event_handler.log_command:Invoked command in '/home/pavitpc/ros2_ws/build/my_package' returned '0': CMAKE_PREFIX_PATH=${CMAKE_PREFIX_PATH}:/opt/ros/humble /usr/bin/cmake --install /home/pavitpc/ros2_ws/build/my_package
[11.885s] Level 1:colcon.colcon_core.environment:checking '/home/pavitpc/ros2_ws/install/my_package' for CMake module files
[11.885s] Level 1:colcon.colcon_core.environment:checking '/home/pavitpc/ros2_ws/install/my_package' for CMake config files
[11.886s] Level 1:colcon.colcon_core.shell:create_environment_hook('my_package', 'cmake_prefix_path')
[11.914s] INFO:colcon.colcon_core.shell:Creating environment hook '/home/pavitpc/ros2_ws/install/my_package/share/my_package/hook/cmake_prefix_path.ps1'
[11.931s] INFO:colcon.colcon_core.shell:Creating environment descriptor '/home/pavitpc/ros2_ws/install/my_package/share/my_package/hook/cmake_prefix_path.dsv'
[11.956s] INFO:colcon.colcon_core.shell:Creating environment hook '/home/pavitpc/ros2_ws/install/my_package/share/my_package/hook/cmake_prefix_path.sh'
[11.958s] Level 1:colcon.colcon_core.environment:checking '/home/pavitpc/ros2_ws/install/my_package/lib'
[11.959s] Level 1:colcon.colcon_core.environment:checking '/home/pavitpc/ros2_ws/install/my_package/bin'
[11.959s] Level 1:colcon.colcon_core.environment:checking '/home/pavitpc/ros2_ws/install/my_package/lib/pkgconfig/my_package.pc'
[11.959s] Level 1:colcon.colcon_core.environment:checking '/home/pavitpc/ros2_ws/install/my_package/lib/python3.10/site-packages'
[11.960s] Level 1:colcon.colcon_core.environment:checking '/home/pavitpc/ros2_ws/install/my_package/bin'
[11.988s] INFO:colcon.colcon_core.shell:Creating package script '/home/pavitpc/ros2_ws/install/my_package/share/my_package/package.ps1'
[11.990s] INFO:colcon.colcon_core.shell:Creating package descriptor '/home/pavitpc/ros2_ws/install/my_package/share/my_package/package.dsv'
[11.992s] INFO:colcon.colcon_core.shell:Creating package script '/home/pavitpc/ros2_ws/install/my_package/share/my_package/package.sh'
[11.994s] INFO:colcon.colcon_core.shell:Creating package script '/home/pavitpc/ros2_ws/install/my_package/share/my_package/package.bash'
[12.056s] INFO:colcon.colcon_core.shell:Creating package script '/home/pavitpc/ros2_ws/install/my_package/share/my_package/package.zsh'
[12.058s] Level 1:colcon.colcon_core.environment:create_file_with_runtime_dependencies(/home/pavitpc/ros2_ws/install/my_package/share/colcon-core/packages/my_package)
[12.138s] Level 1:colcon.colcon_core.environment:create_environment_scripts_only(my_package)
[12.172s] Level 1:colcon.colcon_core.environment:checking '/home/pavitpc/ros2_ws/install/my_package' for CMake module files
[12.174s] Level 1:colcon.colcon_core.environment:checking '/home/pavitpc/ros2_ws/install/my_package' for CMake config files
[12.174s] Level 1:colcon.colcon_core.shell:create_environment_hook('my_package', 'cmake_prefix_path')
[12.207s] INFO:colcon.colcon_core.shell:Creating environment hook '/home/pavitpc/ros2_ws/install/my_package/share/my_package/hook/cmake_prefix_path.ps1'
[12.209s] INFO:colcon.colcon_core.shell:Creating environment descriptor '/home/pavitpc/ros2_ws/install/my_package/share/my_package/hook/cmake_prefix_path.dsv'
[12.210s] INFO:colcon.colcon_core.shell:Creating environment hook '/home/pavitpc/ros2_ws/install/my_package/share/my_package/hook/cmake_prefix_path.sh'
[12.210s] Level 1:colcon.colcon_core.environment:checking '/home/pavitpc/ros2_ws/install/my_package/lib'
[12.211s] Level 1:colcon.colcon_core.environment:checking '/home/pavitpc/ros2_ws/install/my_package/bin'
[12.211s] Level 1:colcon.colcon_core.environment:checking '/home/pavitpc/ros2_ws/install/my_package/lib/pkgconfig/my_package.pc'
[12.211s] Level 1:colcon.colcon_core.environment:checking '/home/pavitpc/ros2_ws/install/my_package/lib/python3.10/site-packages'
[12.211s] Level 1:colcon.colcon_core.environment:checking '/home/pavitpc/ros2_ws/install/my_package/bin'
[12.246s] INFO:colcon.colcon_core.shell:Creating package script '/home/pavitpc/ros2_ws/install/my_package/share/my_package/package.ps1'
[12.247s] INFO:colcon.colcon_core.shell:Creating package descriptor '/home/pavitpc/ros2_ws/install/my_package/share/my_package/package.dsv'
[12.247s] INFO:colcon.colcon_core.shell:Creating package script '/home/pavitpc/ros2_ws/install/my_package/share/my_package/package.sh'
[12.248s] INFO:colcon.colcon_core.shell:Creating package script '/home/pavitpc/ros2_ws/install/my_package/share/my_package/package.bash'
[12.249s] INFO:colcon.colcon_core.shell:Creating package script '/home/pavitpc/ros2_ws/install/my_package/share/my_package/package.zsh'
[12.249s] Level 1:colcon.colcon_core.environment:create_file_with_runtime_dependencies(/home/pavitpc/ros2_ws/install/my_package/share/colcon-core/packages/my_package)
[12.249s] DEBUG:colcon.colcon_parallel_executor.executor.parallel:closing loop
[12.250s] DEBUG:colcon.colcon_parallel_executor.executor.parallel:loop closed
[12.250s] DEBUG:colcon.colcon_parallel_executor.executor.parallel:run_until_complete finished with '0'
[12.250s] DEBUG:colcon.colcon_core.event_reactor:joining thread
[12.320s] INFO:colcon.colcon_core.plugin_system:Skipping extension 'colcon_notification.desktop_notification.terminal_notifier': Not used on non-Darwin systems
[12.320s] INFO:colcon.colcon_core.plugin_system:Skipping extension 'colcon_notification.desktop_notification.win32': Not used on non-Windows systems
[12.320s] INFO:colcon.colcon_notification.desktop_notification:Sending desktop notification using 'notify2'
[12.353s] DEBUG:colcon.colcon_core.event_reactor:joined thread
[12.385s] INFO:colcon.colcon_core.shell:Creating prefix script '/home/pavitpc/ros2_ws/install/local_setup.ps1'
[12.387s] INFO:colcon.colcon_core.shell:Creating prefix util module '/home/pavitpc/ros2_ws/install/_local_setup_util_ps1.py'
[12.389s] INFO:colcon.colcon_core.shell:Creating prefix chain script '/home/pavitpc/ros2_ws/install/setup.ps1'
[12.419s] INFO:colcon.colcon_core.shell:Creating prefix script '/home/pavitpc/ros2_ws/install/local_setup.sh'
[12.421s] INFO:colcon.colcon_core.shell:Creating prefix util module '/home/pavitpc/ros2_ws/install/_local_setup_util_sh.py'
[12.423s] INFO:colcon.colcon_core.shell:Creating prefix chain script '/home/pavitpc/ros2_ws/install/setup.sh'
[12.457s] INFO:colcon.colcon_core.shell:Creating prefix script '/home/pavitpc/ros2_ws/install/local_setup.bash'
[12.458s] INFO:colcon.colcon_core.shell:Creating prefix chain script '/home/pavitpc/ros2_ws/install/setup.bash'
[12.489s] INFO:colcon.colcon_core.shell:Creating prefix script '/home/pavitpc/ros2_ws/install/local_setup.zsh'
[12.490s] INFO:colcon.colcon_core.shell:Creating prefix chain script '/home/pavitpc/ros2_ws/install/setup.zsh'
