-- The C compiler identification is GNU 11.4.0
-- The CXX compiler identification is GNU 11.4.0
-- Detecting C compiler ABI info
-- Detecting C compiler ABI info - done
-- Check for working C compiler: /usr/bin/cc - skipped
-- Detecting C compile features
-- Detecting C compile features - done
-- Detecting CXX compiler ABI info
-- Detecting CXX compiler ABI info - done
-- Check for working CXX compiler: /usr/bin/c++ - skipped
-- Detecting CXX compile features
-- Detecting CXX compile features - done
-- Found ament_cmake: 1.3.6 (/opt/ros/humble/share/ament_cmake/cmake)
-- Found Python3: /usr/bin/python3.10 (found version "3.10.12") found components: Interpreter 
-- Override CMake install command with custom implementation using symlinks instead of copying resources
-- Found rclcpp: 16.0.7 (/opt/ros/humble/share/rclcpp/cmake)
-- Found rosidl_generator_c: 3.1.5 (/opt/ros/humble/share/rosidl_generator_c/cmake)
-- Found rosidl_adapter: 3.1.5 (/opt/ros/humble/share/rosidl_adapter/cmake)
-- Found rosidl_generator_cpp: 3.1.5 (/opt/ros/humble/share/rosidl_generator_cpp/cmake)
-- Using all available rosidl_typesupport_c: rosidl_typesupport_fastrtps_c;rosidl_typesupport_introspection_c
-- Using all available rosidl_typesupport_cpp: rosidl_typesupport_fastrtps_cpp;rosidl_typesupport_introspection_cpp
-- Found rmw_implementation_cmake: 6.1.1 (/opt/ros/humble/share/rmw_implementation_cmake/cmake)
-- Found rmw_cyclonedds_cpp: 1.3.4 (/opt/ros/humble/share/rmw_cyclonedds_cpp/cmake)
-- Using RMW implementation 'rmw_cyclonedds_cpp' as default
-- Looking for pthread.h
-- Looking for pthread.h - found
-- Performing Test CMAKE_HAVE_LIBC_PTHREAD
-- Performing Test CMAKE_HAVE_LIBC_PTHREAD - Success
-- Found Threads: TRUE  
-- Found rclpy: 3.3.11 (/opt/ros/humble/share/rclpy/cmake)
-- Configuring done
-- Generating done
-- Build files have been written to: /home/pavitpc/ros2_ws/build/my_cpp_py_pkg
[ 50%] [32mBuilding CXX object CMakeFiles/cpp_exe.dir/src/cpp_node.cpp.o[0m
[ 50%] Built target ament_cmake_python_symlink_my_cpp_py_pkg
running egg_info
creating my_cpp_py_pkg.egg-info
writing my_cpp_py_pkg.egg-info/PKG-INFO
writing dependency_links to my_cpp_py_pkg.egg-info/dependency_links.txt
writing top-level names to my_cpp_py_pkg.egg-info/top_level.txt
writing manifest file 'my_cpp_py_pkg.egg-info/SOURCES.txt'
reading manifest file 'my_cpp_py_pkg.egg-info/SOURCES.txt'
writing manifest file 'my_cpp_py_pkg.egg-info/SOURCES.txt'
[ 50%] Built target ament_cmake_python_build_my_cpp_py_pkg_egg
[100%] [32m[1mLinking CXX executable cpp_exe[0m
[100%] Built target cpp_exe
-- Install configuration: ""
-- Execute custom install script
-- Symlinking: /home/pavitpc/ros2_ws/install/my_cpp_py_pkg/libs/my_cpp_py_pkg/cpp_exe
-- Symlinking: /home/pavitpc/ros2_ws/install/my_cpp_py_pkg/share/my_cpp_py_pkg/environment/pythonpath.sh
-- Symlinking: /home/pavitpc/ros2_ws/install/my_cpp_py_pkg/share/my_cpp_py_pkg/environment/pythonpath.dsv
-- Symlinking: /home/pavitpc/ros2_ws/install/my_cpp_py_pkg/local/lib/python3.10/dist-packages/my_cpp_py_pkg-0.0.0-py3.10.egg-info/PKG-INFO
-- Symlinking: /home/pavitpc/ros2_ws/install/my_cpp_py_pkg/local/lib/python3.10/dist-packages/my_cpp_py_pkg-0.0.0-py3.10.egg-info/SOURCES.txt
-- Symlinking: /home/pavitpc/ros2_ws/install/my_cpp_py_pkg/local/lib/python3.10/dist-packages/my_cpp_py_pkg-0.0.0-py3.10.egg-info/dependency_links.txt
-- Symlinking: /home/pavitpc/ros2_ws/install/my_cpp_py_pkg/local/lib/python3.10/dist-packages/my_cpp_py_pkg-0.0.0-py3.10.egg-info/top_level.txt
-- Symlinking: /home/pavitpc/ros2_ws/install/my_cpp_py_pkg/local/lib/python3.10/dist-packages/my_cpp_py_pkg/__init__.py
-- Symlinking: /home/pavitpc/ros2_ws/install/my_cpp_py_pkg/local/lib/python3.10/dist-packages/my_cpp_py_pkg/my_node.py
-- Symlinking: /home/pavitpc/ros2_ws/install/my_cpp_py_pkg/local/lib/python3.10/dist-packages/my_cpp_py_pkg/stop_node.py
-- Symlinking: /home/pavitpc/ros2_ws/install/my_cpp_py_pkg/libs/my_cpp_py_pkg/py_node.py
-- Symlinking: /home/pavitpc/ros2_ws/install/my_cpp_py_pkg/share/ament_index/resource_index/package_run_dependencies/my_cpp_py_pkg
-- Symlinking: /home/pavitpc/ros2_ws/install/my_cpp_py_pkg/share/ament_index/resource_index/parent_prefix_path/my_cpp_py_pkg
-- Symlinking: /home/pavitpc/ros2_ws/install/my_cpp_py_pkg/share/my_cpp_py_pkg/environment/ament_prefix_path.sh
-- Symlinking: /home/pavitpc/ros2_ws/install/my_cpp_py_pkg/share/my_cpp_py_pkg/environment/ament_prefix_path.dsv
-- Symlinking: /home/pavitpc/ros2_ws/install/my_cpp_py_pkg/share/my_cpp_py_pkg/environment/path.sh
-- Symlinking: /home/pavitpc/ros2_ws/install/my_cpp_py_pkg/share/my_cpp_py_pkg/environment/path.dsv
-- Symlinking: /home/pavitpc/ros2_ws/install/my_cpp_py_pkg/share/my_cpp_py_pkg/local_setup.bash
-- Symlinking: /home/pavitpc/ros2_ws/install/my_cpp_py_pkg/share/my_cpp_py_pkg/local_setup.sh
-- Symlinking: /home/pavitpc/ros2_ws/install/my_cpp_py_pkg/share/my_cpp_py_pkg/local_setup.zsh
-- Symlinking: /home/pavitpc/ros2_ws/install/my_cpp_py_pkg/share/my_cpp_py_pkg/local_setup.dsv
-- Symlinking: /home/pavitpc/ros2_ws/install/my_cpp_py_pkg/share/my_cpp_py_pkg/package.dsv
-- Symlinking: /home/pavitpc/ros2_ws/install/my_cpp_py_pkg/share/ament_index/resource_index/packages/my_cpp_py_pkg
-- Symlinking: /home/pavitpc/ros2_ws/install/my_cpp_py_pkg/share/my_cpp_py_pkg/cmake/my_cpp_py_pkgConfig.cmake
-- Symlinking: /home/pavitpc/ros2_ws/install/my_cpp_py_pkg/share/my_cpp_py_pkg/cmake/my_cpp_py_pkgConfig-version.cmake
-- Symlinking: /home/pavitpc/ros2_ws/install/my_cpp_py_pkg/share/my_cpp_py_pkg/package.xml
Listing '/home/pavitpc/ros2_ws/install/my_cpp_py_pkg/local/lib/python3.10/dist-packages/my_cpp_py_pkg'...
Compiling '/home/pavitpc/ros2_ws/install/my_cpp_py_pkg/local/lib/python3.10/dist-packages/my_cpp_py_pkg/__init__.py'...
Compiling '/home/pavitpc/ros2_ws/install/my_cpp_py_pkg/local/lib/python3.10/dist-packages/my_cpp_py_pkg/my_node.py'...
Compiling '/home/pavitpc/ros2_ws/install/my_cpp_py_pkg/local/lib/python3.10/dist-packages/my_cpp_py_pkg/stop_node.py'...
