[0.115s] Invoking command in '/home/pavitpc/ros2_ws/build/my_cpp_py_pkg': CMAKE_PREFIX_PATH=${CMAKE_PREFIX_PATH}:/home/pavitpc/ros2_ws/install/my_robot_controller:/opt/ros/humble /usr/bin/cmake /home/pavitpc/ros2_ws/src/my_cpp_py_pkg -DCMAKE_INSTALL_PREFIX=/home/pavitpc/ros2_ws/install/my_cpp_py_pkg
[0.175s] -- Found ament_cmake: 1.3.6 (/opt/ros/humble/share/ament_cmake/cmake)
[0.395s] -- Override CMake install command with custom implementation using symlinks instead of copying resources
[0.407s] -- Found rclcpp: 16.0.7 (/opt/ros/humble/share/rclcpp/cmake)
[0.457s] -- Found rosidl_generator_c: 3.1.5 (/opt/ros/humble/share/rosidl_generator_c/cmake)
[0.461s] -- Found rosidl_adapter: 3.1.5 (/opt/ros/humble/share/rosidl_adapter/cmake)
[0.471s] -- Found rosidl_generator_cpp: 3.1.5 (/opt/ros/humble/share/rosidl_generator_cpp/cmake)
[0.489s] -- Using all available rosidl_typesupport_c: rosidl_typesupport_fastrtps_c;rosidl_typesupport_introspection_c
[0.514s] -- Using all available rosidl_typesupport_cpp: rosidl_typesupport_fastrtps_cpp;rosidl_typesupport_introspection_cpp
[0.610s] -- Found rmw_implementation_cmake: 6.1.1 (/opt/ros/humble/share/rmw_implementation_cmake/cmake)
[0.613s] -- Found rmw_cyclonedds_cpp: 1.3.4 (/opt/ros/humble/share/rmw_cyclonedds_cpp/cmake)
[0.662s] -- Using RMW implementation 'rmw_cyclonedds_cpp' as default
[0.929s] -- Found rclpy: 3.3.11 (/opt/ros/humble/share/rclpy/cmake)
[1.132s] -- Configuring done
[1.178s] -- Generating done
[1.180s] -- Build files have been written to: /home/pavitpc/ros2_ws/build/my_cpp_py_pkg
[1.189s] Invoked command in '/home/pavitpc/ros2_ws/build/my_cpp_py_pkg' returned '0': CMAKE_PREFIX_PATH=${CMAKE_PREFIX_PATH}:/home/pavitpc/ros2_ws/install/my_robot_controller:/opt/ros/humble /usr/bin/cmake /home/pavitpc/ros2_ws/src/my_cpp_py_pkg -DCMAKE_INSTALL_PREFIX=/home/pavitpc/ros2_ws/install/my_cpp_py_pkg
[1.192s] Invoking command in '/home/pavitpc/ros2_ws/build/my_cpp_py_pkg': CMAKE_PREFIX_PATH=${CMAKE_PREFIX_PATH}:/home/pavitpc/ros2_ws/install/my_robot_controller:/opt/ros/humble /usr/bin/cmake --build /home/pavitpc/ros2_ws/build/my_cpp_py_pkg -- -j4 -l4
[1.254s] [35m[1mConsolidate compiler generated dependencies of target cpp_exe[0m
[1.281s] [  0%] Built target ament_cmake_python_symlink_my_cpp_py_pkg
[1.282s] [100%] Built target cpp_exe
[1.699s] running egg_info
[1.700s] writing my_cpp_py_pkg.egg-info/PKG-INFO
[1.701s] writing dependency_links to my_cpp_py_pkg.egg-info/dependency_links.txt
[1.701s] writing top-level names to my_cpp_py_pkg.egg-info/top_level.txt
[1.704s] reading manifest file 'my_cpp_py_pkg.egg-info/SOURCES.txt'
[1.705s] writing manifest file 'my_cpp_py_pkg.egg-info/SOURCES.txt'
[1.745s] [100%] Built target ament_cmake_python_build_my_cpp_py_pkg_egg
[1.762s] Invoked command in '/home/pavitpc/ros2_ws/build/my_cpp_py_pkg' returned '0': CMAKE_PREFIX_PATH=${CMAKE_PREFIX_PATH}:/home/pavitpc/ros2_ws/install/my_robot_controller:/opt/ros/humble /usr/bin/cmake --build /home/pavitpc/ros2_ws/build/my_cpp_py_pkg -- -j4 -l4
[1.818s] Invoking command in '/home/pavitpc/ros2_ws/build/my_cpp_py_pkg': CMAKE_PREFIX_PATH=${CMAKE_PREFIX_PATH}:/home/pavitpc/ros2_ws/install/my_robot_controller:/opt/ros/humble /usr/bin/cmake --install /home/pavitpc/ros2_ws/build/my_cpp_py_pkg
[1.830s] -- Install configuration: ""
[1.831s] -- Execute custom install script
[1.831s] -- Up-to-date symlink: /home/pavitpc/ros2_ws/install/my_cpp_py_pkg/libs/my_cpp_py_pkg/cpp_exe
[1.832s] -- Up-to-date symlink: /home/pavitpc/ros2_ws/install/my_cpp_py_pkg/share/my_cpp_py_pkg/environment/pythonpath.sh
[1.832s] -- Up-to-date symlink: /home/pavitpc/ros2_ws/install/my_cpp_py_pkg/share/my_cpp_py_pkg/environment/pythonpath.dsv
[1.833s] -- Up-to-date symlink: /home/pavitpc/ros2_ws/install/my_cpp_py_pkg/local/lib/python3.10/dist-packages/my_cpp_py_pkg-0.0.0-py3.10.egg-info/PKG-INFO
[1.833s] -- Up-to-date symlink: /home/pavitpc/ros2_ws/install/my_cpp_py_pkg/local/lib/python3.10/dist-packages/my_cpp_py_pkg-0.0.0-py3.10.egg-info/SOURCES.txt
[1.833s] -- Up-to-date symlink: /home/pavitpc/ros2_ws/install/my_cpp_py_pkg/local/lib/python3.10/dist-packages/my_cpp_py_pkg-0.0.0-py3.10.egg-info/dependency_links.txt
[1.834s] -- Up-to-date symlink: /home/pavitpc/ros2_ws/install/my_cpp_py_pkg/local/lib/python3.10/dist-packages/my_cpp_py_pkg-0.0.0-py3.10.egg-info/top_level.txt
[1.835s] -- Up-to-date symlink: /home/pavitpc/ros2_ws/install/my_cpp_py_pkg/local/lib/python3.10/dist-packages/my_cpp_py_pkg/__init__.py
[1.835s] -- Up-to-date symlink: /home/pavitpc/ros2_ws/install/my_cpp_py_pkg/local/lib/python3.10/dist-packages/my_cpp_py_pkg/my_node.py
[1.835s] -- Up-to-date symlink: /home/pavitpc/ros2_ws/install/my_cpp_py_pkg/local/lib/python3.10/dist-packages/my_cpp_py_pkg/stop_node.py
[1.836s] -- Up-to-date symlink: /home/pavitpc/ros2_ws/install/my_cpp_py_pkg/libs/my_cpp_py_pkg/py_node.py
[1.836s] -- Up-to-date symlink: /home/pavitpc/ros2_ws/install/my_cpp_py_pkg/share/ament_index/resource_index/package_run_dependencies/my_cpp_py_pkg
[1.836s] -- Up-to-date symlink: /home/pavitpc/ros2_ws/install/my_cpp_py_pkg/share/ament_index/resource_index/parent_prefix_path/my_cpp_py_pkg
[1.837s] -- Up-to-date symlink: /home/pavitpc/ros2_ws/install/my_cpp_py_pkg/share/my_cpp_py_pkg/environment/ament_prefix_path.sh
[1.837s] -- Up-to-date symlink: /home/pavitpc/ros2_ws/install/my_cpp_py_pkg/share/my_cpp_py_pkg/environment/ament_prefix_path.dsv
[1.838s] -- Up-to-date symlink: /home/pavitpc/ros2_ws/install/my_cpp_py_pkg/share/my_cpp_py_pkg/environment/path.sh
[1.838s] -- Up-to-date symlink: /home/pavitpc/ros2_ws/install/my_cpp_py_pkg/share/my_cpp_py_pkg/environment/path.dsv
[1.838s] -- Up-to-date symlink: /home/pavitpc/ros2_ws/install/my_cpp_py_pkg/share/my_cpp_py_pkg/local_setup.bash
[1.839s] -- Up-to-date symlink: /home/pavitpc/ros2_ws/install/my_cpp_py_pkg/share/my_cpp_py_pkg/local_setup.sh
[1.839s] -- Up-to-date symlink: /home/pavitpc/ros2_ws/install/my_cpp_py_pkg/share/my_cpp_py_pkg/local_setup.zsh
[1.839s] -- Up-to-date symlink: /home/pavitpc/ros2_ws/install/my_cpp_py_pkg/share/my_cpp_py_pkg/local_setup.dsv
[1.840s] -- Symlinking: /home/pavitpc/ros2_ws/install/my_cpp_py_pkg/share/my_cpp_py_pkg/package.dsv
[1.854s] -- Up-to-date symlink: /home/pavitpc/ros2_ws/install/my_cpp_py_pkg/share/ament_index/resource_index/packages/my_cpp_py_pkg
[1.855s] -- Up-to-date symlink: /home/pavitpc/ros2_ws/install/my_cpp_py_pkg/share/my_cpp_py_pkg/cmake/my_cpp_py_pkgConfig.cmake
[1.855s] -- Up-to-date symlink: /home/pavitpc/ros2_ws/install/my_cpp_py_pkg/share/my_cpp_py_pkg/cmake/my_cpp_py_pkgConfig-version.cmake
[1.855s] -- Up-to-date symlink: /home/pavitpc/ros2_ws/install/my_cpp_py_pkg/share/my_cpp_py_pkg/package.xml
[1.904s] Listing '/home/pavitpc/ros2_ws/install/my_cpp_py_pkg/local/lib/python3.10/dist-packages/my_cpp_py_pkg'...
[1.913s] Invoked command in '/home/pavitpc/ros2_ws/build/my_cpp_py_pkg' returned '0': CMAKE_PREFIX_PATH=${CMAKE_PREFIX_PATH}:/home/pavitpc/ros2_ws/install/my_robot_controller:/opt/ros/humble /usr/bin/cmake --install /home/pavitpc/ros2_ws/build/my_cpp_py_pkg
