[0.162s] Invoking command in '/home/pavitpc/ros2_ws/build/my_cpp_py_pkg': CMAKE_PREFIX_PATH=${CMAKE_PREFIX_PATH}:/home/pavitpc/ros2_ws/install/my_robot_controller:/opt/ros/humble /usr/bin/cmake --build /home/pavitpc/ros2_ws/build/my_cpp_py_pkg -- -j4 -l4
[0.278s] [35m[1mConsolidate compiler generated dependencies of target cpp_exe[0m
[0.290s] [  0%] Built target ament_cmake_python_copy_my_cpp_py_pkg
[0.307s] [100%] Built target cpp_exe
[0.726s] running egg_info
[0.728s] writing my_cpp_py_pkg.egg-info/PKG-INFO
[0.728s] writing dependency_links to my_cpp_py_pkg.egg-info/dependency_links.txt
[0.729s] writing top-level names to my_cpp_py_pkg.egg-info/top_level.txt
[0.732s] reading manifest file 'my_cpp_py_pkg.egg-info/SOURCES.txt'
[0.734s] writing manifest file 'my_cpp_py_pkg.egg-info/SOURCES.txt'
[0.787s] [100%] Built target ament_cmake_python_build_my_cpp_py_pkg_egg
[0.807s] Invoked command in '/home/pavitpc/ros2_ws/build/my_cpp_py_pkg' returned '0': CMAKE_PREFIX_PATH=${CMAKE_PREFIX_PATH}:/home/pavitpc/ros2_ws/install/my_robot_controller:/opt/ros/humble /usr/bin/cmake --build /home/pavitpc/ros2_ws/build/my_cpp_py_pkg -- -j4 -l4
[0.872s] Invoking command in '/home/pavitpc/ros2_ws/build/my_cpp_py_pkg': CMAKE_PREFIX_PATH=${CMAKE_PREFIX_PATH}:/home/pavitpc/ros2_ws/install/my_robot_controller:/opt/ros/humble /usr/bin/cmake --install /home/pavitpc/ros2_ws/build/my_cpp_py_pkg
[0.886s] -- Install configuration: ""
[0.887s] -- Up-to-date: /home/pavitpc/ros2_ws/install/my_cpp_py_pkg/libs/my_cpp_py_pkg/cpp_exe
[0.887s] -- Up-to-date: /home/pavitpc/ros2_ws/install/my_cpp_py_pkg/share/my_cpp_py_pkg/environment/pythonpath.sh
[0.887s] -- Up-to-date: /home/pavitpc/ros2_ws/install/my_cpp_py_pkg/share/my_cpp_py_pkg/environment/pythonpath.dsv
[0.888s] -- Up-to-date: /home/pavitpc/ros2_ws/install/my_cpp_py_pkg/local/lib/python3.10/dist-packages/my_cpp_py_pkg-0.0.0-py3.10.egg-info
[0.888s] -- Installing: /home/pavitpc/ros2_ws/install/my_cpp_py_pkg/local/lib/python3.10/dist-packages/my_cpp_py_pkg-0.0.0-py3.10.egg-info/top_level.txt
[0.888s] -- Installing: /home/pavitpc/ros2_ws/install/my_cpp_py_pkg/local/lib/python3.10/dist-packages/my_cpp_py_pkg-0.0.0-py3.10.egg-info/SOURCES.txt
[0.889s] -- Installing: /home/pavitpc/ros2_ws/install/my_cpp_py_pkg/local/lib/python3.10/dist-packages/my_cpp_py_pkg-0.0.0-py3.10.egg-info/dependency_links.txt
[0.889s] -- Installing: /home/pavitpc/ros2_ws/install/my_cpp_py_pkg/local/lib/python3.10/dist-packages/my_cpp_py_pkg-0.0.0-py3.10.egg-info/PKG-INFO
[0.889s] -- Up-to-date: /home/pavitpc/ros2_ws/install/my_cpp_py_pkg/local/lib/python3.10/dist-packages/my_cpp_py_pkg
[0.890s] -- Installing: /home/pavitpc/ros2_ws/install/my_cpp_py_pkg/local/lib/python3.10/dist-packages/my_cpp_py_pkg/my_node.py
[0.890s] -- Up-to-date: /home/pavitpc/ros2_ws/install/my_cpp_py_pkg/local/lib/python3.10/dist-packages/my_cpp_py_pkg/stop_node.py
[0.890s] -- Up-to-date: /home/pavitpc/ros2_ws/install/my_cpp_py_pkg/local/lib/python3.10/dist-packages/my_cpp_py_pkg/__init__.py
[0.945s] Listing '/home/pavitpc/ros2_ws/install/my_cpp_py_pkg/local/lib/python3.10/dist-packages/my_cpp_py_pkg'...
[0.945s] Compiling '/home/pavitpc/ros2_ws/install/my_cpp_py_pkg/local/lib/python3.10/dist-packages/my_cpp_py_pkg/my_node.py'...
[0.953s] -- Up-to-date: /home/pavitpc/ros2_ws/install/my_cpp_py_pkg/libs/my_cpp_py_pkg/py_node.py
[0.953s] -- Up-to-date: /home/pavitpc/ros2_ws/install/my_cpp_py_pkg/share/ament_index/resource_index/package_run_dependencies/my_cpp_py_pkg
[0.953s] -- Up-to-date: /home/pavitpc/ros2_ws/install/my_cpp_py_pkg/share/ament_index/resource_index/parent_prefix_path/my_cpp_py_pkg
[0.953s] -- Up-to-date: /home/pavitpc/ros2_ws/install/my_cpp_py_pkg/share/my_cpp_py_pkg/environment/ament_prefix_path.sh
[0.954s] -- Up-to-date: /home/pavitpc/ros2_ws/install/my_cpp_py_pkg/share/my_cpp_py_pkg/environment/ament_prefix_path.dsv
[0.954s] -- Up-to-date: /home/pavitpc/ros2_ws/install/my_cpp_py_pkg/share/my_cpp_py_pkg/environment/path.sh
[0.954s] -- Up-to-date: /home/pavitpc/ros2_ws/install/my_cpp_py_pkg/share/my_cpp_py_pkg/environment/path.dsv
[0.954s] -- Up-to-date: /home/pavitpc/ros2_ws/install/my_cpp_py_pkg/share/my_cpp_py_pkg/local_setup.bash
[0.954s] -- Up-to-date: /home/pavitpc/ros2_ws/install/my_cpp_py_pkg/share/my_cpp_py_pkg/local_setup.sh
[0.955s] -- Up-to-date: /home/pavitpc/ros2_ws/install/my_cpp_py_pkg/share/my_cpp_py_pkg/local_setup.zsh
[0.955s] -- Up-to-date: /home/pavitpc/ros2_ws/install/my_cpp_py_pkg/share/my_cpp_py_pkg/local_setup.dsv
[0.955s] -- Installing: /home/pavitpc/ros2_ws/install/my_cpp_py_pkg/share/my_cpp_py_pkg/package.dsv
[0.955s] -- Up-to-date: /home/pavitpc/ros2_ws/install/my_cpp_py_pkg/share/ament_index/resource_index/packages/my_cpp_py_pkg
[0.955s] -- Up-to-date: /home/pavitpc/ros2_ws/install/my_cpp_py_pkg/share/my_cpp_py_pkg/cmake/my_cpp_py_pkgConfig.cmake
[0.955s] -- Up-to-date: /home/pavitpc/ros2_ws/install/my_cpp_py_pkg/share/my_cpp_py_pkg/cmake/my_cpp_py_pkgConfig-version.cmake
[0.955s] -- Up-to-date: /home/pavitpc/ros2_ws/install/my_cpp_py_pkg/share/my_cpp_py_pkg/package.xml
[0.957s] Invoked command in '/home/pavitpc/ros2_ws/build/my_cpp_py_pkg' returned '0': CMAKE_PREFIX_PATH=${CMAKE_PREFIX_PATH}:/home/pavitpc/ros2_ws/install/my_robot_controller:/opt/ros/humble /usr/bin/cmake --install /home/pavitpc/ros2_ws/build/my_cpp_py_pkg
