[52.218s] Invoking command in '/home/pavitpc/ros2_ws/src/my_python_package': PYTHONPATH=/home/pavitpc/ros2_ws/build/my_python_package/prefix_override:/home/pavitpc/ros2_ws/install/my_python_package/lib/python3.10/site-packages:${PYTHONPATH} /usr/bin/python3 setup.py egg_info --egg-base ../../build/my_python_package build --build-base /home/pavitpc/ros2_ws/build/my_python_package/build install --record /home/pavitpc/ros2_ws/build/my_python_package/install.log --single-version-externally-managed
[56.198s] running egg_info
[56.389s] writing ../../build/my_python_package/my_python_package.egg-info/PKG-INFO
[56.468s] writing dependency_links to ../../build/my_python_package/my_python_package.egg-info/dependency_links.txt
[56.471s] writing entry points to ../../build/my_python_package/my_python_package.egg-info/entry_points.txt
[56.472s] writing requirements to ../../build/my_python_package/my_python_package.egg-info/requires.txt
[56.475s] writing top-level names to ../../build/my_python_package/my_python_package.egg-info/top_level.txt
[56.510s] reading manifest file '../../build/my_python_package/my_python_package.egg-info/SOURCES.txt'
[56.547s] adding license file 'LICENSE'
[56.550s] writing manifest file '../../build/my_python_package/my_python_package.egg-info/SOURCES.txt'
[56.550s] running build
[56.551s] running build_py
[56.554s] running install
[56.555s] running install_lib
[56.603s] running install_data
[56.644s] running install_egg_info
[56.650s] removing '/home/pavitpc/ros2_ws/install/my_python_package/lib/python3.10/site-packages/my_python_package-0.0.0-py3.10.egg-info' (and everything under it)
[56.773s] Copying ../../build/my_python_package/my_python_package.egg-info to /home/pavitpc/ros2_ws/install/my_python_package/lib/python3.10/site-packages/my_python_package-0.0.0-py3.10.egg-info
[56.858s] running install_scripts
[57.149s] Installing my_node script to /home/pavitpc/ros2_ws/install/my_python_package/lib/my_python_package
[57.185s] writing list of installed files to '/home/pavitpc/ros2_ws/build/my_python_package/install.log'
[57.529s] Invoked command in '/home/pavitpc/ros2_ws/src/my_python_package' returned '0': PYTHONPATH=/home/pavitpc/ros2_ws/build/my_python_package/prefix_override:/home/pavitpc/ros2_ws/install/my_python_package/lib/python3.10/site-packages:${PYTHONPATH} /usr/bin/python3 setup.py egg_info --egg-base ../../build/my_python_package build --build-base /home/pavitpc/ros2_ws/build/my_python_package/build install --record /home/pavitpc/ros2_ws/build/my_python_package/install.log --single-version-externally-managed
