running develop
Removing /home/pavitpc/ros2_ws/install/my_python_package/lib/python3.10/site-packages/my-python-package.egg-link (link to .)
running egg_info
writing ../../build/my_python_package/my_python_package.egg-info/PKG-INFO
writing dependency_links to ../../build/my_python_package/my_python_package.egg-info/dependency_links.txt
writing entry points to ../../build/my_python_package/my_python_package.egg-info/entry_points.txt
writing requirements to ../../build/my_python_package/my_python_package.egg-info/requires.txt
writing top-level names to ../../build/my_python_package/my_python_package.egg-info/top_level.txt
reading manifest file '../../build/my_python_package/my_python_package.egg-info/SOURCES.txt'
adding license file 'LICENSE'
writing manifest file '../../build/my_python_package/my_python_package.egg-info/SOURCES.txt'
running build
running build_py
creating /home/pavitpc/ros2_ws/build/my_python_package/build
creating /home/pavitpc/ros2_ws/build/my_python_package/build/lib
creating /home/pavitpc/ros2_ws/build/my_python_package/build/lib/my_python_package
copying my_python_package/my_node.py -> /home/pavitpc/ros2_ws/build/my_python_package/build/lib/my_python_package
copying my_python_package/__init__.py -> /home/pavitpc/ros2_ws/build/my_python_package/build/lib/my_python_package
running install
running install_lib
creating /home/pavitpc/ros2_ws/install/my_python_package/lib/python3.10/site-packages/my_python_package
copying /home/pavitpc/ros2_ws/build/my_python_package/build/lib/my_python_package/my_node.py -> /home/pavitpc/ros2_ws/install/my_python_package/lib/python3.10/site-packages/my_python_package
copying /home/pavitpc/ros2_ws/build/my_python_package/build/lib/my_python_package/__init__.py -> /home/pavitpc/ros2_ws/install/my_python_package/lib/python3.10/site-packages/my_python_package
byte-compiling /home/pavitpc/ros2_ws/install/my_python_package/lib/python3.10/site-packages/my_python_package/my_node.py to my_node.cpython-310.pyc
byte-compiling /home/pavitpc/ros2_ws/install/my_python_package/lib/python3.10/site-packages/my_python_package/__init__.py to __init__.cpython-310.pyc
running install_data
copying package.xml -> /home/pavitpc/ros2_ws/install/my_python_package/share/my_python_package
running install_egg_info
Copying ../../build/my_python_package/my_python_package.egg-info to /home/pavitpc/ros2_ws/install/my_python_package/lib/python3.10/site-packages/my_python_package-0.0.0-py3.10.egg-info
running install_scripts
Installing my_node script to /home/pavitpc/ros2_ws/install/my_python_package/lib/my_python_package
writing list of installed files to '/home/pavitpc/ros2_ws/build/my_python_package/install.log'
