[13.964s] Invoking command in '/home/pavitpc/ros2_ws/build/my_python_package': PYTHONPATH=/home/pavitpc/ros2_ws/build/my_python_package/prefix_override:/home/pavitpc/ros2_ws/install/my_python_package/lib/python3.10/site-packages:${PYTHONPATH} /usr/bin/python3 setup.py develop --uninstall --editable --build-directory /home/pavitpc/ros2_ws/build/my_python_package/build
[18.764s] running develop
[21.238s] Removing /home/pavitpc/ros2_ws/install/my_python_package/lib/python3.10/site-packages/my-python-package.egg-link (link to .)
[21.609s] Invoked command in '/home/pavitpc/ros2_ws/build/my_python_package' returned '0': PYTHONPATH=/home/pavitpc/ros2_ws/build/my_python_package/prefix_override:/home/pavitpc/ros2_ws/install/my_python_package/lib/python3.10/site-packages:${PYTHONPATH} /usr/bin/python3 setup.py develop --uninstall --editable --build-directory /home/pavitpc/ros2_ws/build/my_python_package/build
[21.610s] Invoking command in '/home/pavitpc/ros2_ws/src/my_python_package': PYTHONPATH=/home/pavitpc/ros2_ws/build/my_python_package/prefix_override:/home/pavitpc/ros2_ws/install/my_python_package/lib/python3.10/site-packages:${PYTHONPATH} /usr/bin/python3 setup.py egg_info --egg-base ../../build/my_python_package build --build-base /home/pavitpc/ros2_ws/build/my_python_package/build install --record /home/pavitpc/ros2_ws/build/my_python_package/install.log --single-version-externally-managed
[24.107s] running egg_info
[24.116s] writing ../../build/my_python_package/my_python_package.egg-info/PKG-INFO
[24.116s] writing dependency_links to ../../build/my_python_package/my_python_package.egg-info/dependency_links.txt
[24.116s] writing entry points to ../../build/my_python_package/my_python_package.egg-info/entry_points.txt
[24.116s] writing requirements to ../../build/my_python_package/my_python_package.egg-info/requires.txt
[24.116s] writing top-level names to ../../build/my_python_package/my_python_package.egg-info/top_level.txt
[24.119s] reading manifest file '../../build/my_python_package/my_python_package.egg-info/SOURCES.txt'
[24.128s] adding license file 'LICENSE'
[24.128s] writing manifest file '../../build/my_python_package/my_python_package.egg-info/SOURCES.txt'
[24.128s] running build
[24.148s] running build_py
[24.148s] creating /home/pavitpc/ros2_ws/build/my_python_package/build
[24.148s] creating /home/pavitpc/ros2_ws/build/my_python_package/build/lib
[24.169s] creating /home/pavitpc/ros2_ws/build/my_python_package/build/lib/my_python_package
[24.170s] copying my_python_package/my_node.py -> /home/pavitpc/ros2_ws/build/my_python_package/build/lib/my_python_package
[24.192s] copying my_python_package/__init__.py -> /home/pavitpc/ros2_ws/build/my_python_package/build/lib/my_python_package
[24.207s] running install
[24.227s] running install_lib
[24.228s] creating /home/pavitpc/ros2_ws/install/my_python_package/lib/python3.10/site-packages/my_python_package
[24.230s] copying /home/pavitpc/ros2_ws/build/my_python_package/build/lib/my_python_package/my_node.py -> /home/pavitpc/ros2_ws/install/my_python_package/lib/python3.10/site-packages/my_python_package
[24.241s] copying /home/pavitpc/ros2_ws/build/my_python_package/build/lib/my_python_package/__init__.py -> /home/pavitpc/ros2_ws/install/my_python_package/lib/python3.10/site-packages/my_python_package
[24.242s] byte-compiling /home/pavitpc/ros2_ws/install/my_python_package/lib/python3.10/site-packages/my_python_package/my_node.py to my_node.cpython-310.pyc
[24.244s] byte-compiling /home/pavitpc/ros2_ws/install/my_python_package/lib/python3.10/site-packages/my_python_package/__init__.py to __init__.cpython-310.pyc
[24.247s] running install_data
[24.251s] copying package.xml -> /home/pavitpc/ros2_ws/install/my_python_package/share/my_python_package
[24.251s] running install_egg_info
[24.273s] Copying ../../build/my_python_package/my_python_package.egg-info to /home/pavitpc/ros2_ws/install/my_python_package/lib/python3.10/site-packages/my_python_package-0.0.0-py3.10.egg-info
[24.303s] running install_scripts
[24.508s] Installing my_node script to /home/pavitpc/ros2_ws/install/my_python_package/lib/my_python_package
[24.508s] writing list of installed files to '/home/pavitpc/ros2_ws/build/my_python_package/install.log'
[24.838s] Invoked command in '/home/pavitpc/ros2_ws/src/my_python_package' returned '0': PYTHONPATH=/home/pavitpc/ros2_ws/build/my_python_package/prefix_override:/home/pavitpc/ros2_ws/install/my_python_package/lib/python3.10/site-packages:${PYTHONPATH} /usr/bin/python3 setup.py egg_info --egg-base ../../build/my_python_package build --build-base /home/pavitpc/ros2_ws/build/my_python_package/build install --record /home/pavitpc/ros2_ws/build/my_python_package/install.log --single-version-externally-managed
