[3.080s] Invoking command in '/home/pavitpc/ros2_ws/build/my_package': CMAKE_PREFIX_PATH=${CMAKE_PREFIX_PATH}:/home/pavitpc/ros2_ws/install/my_robot_controller:/home/pavitpc/ros2_ws/install/my_python_package:/opt/ros/humble /usr/bin/cmake --build /home/pavitpc/ros2_ws/build/my_package -- -j4 -l4
[6.674s] -- Found ament_cmake: 1.3.6 (/opt/ros/humble/share/ament_cmake/cmake)
[6.674s] -- Override CMake install command with custom implementation using symlinks instead of copying resources
[6.678s] -- Found ament_lint_auto: 0.12.9 (/opt/ros/humble/share/ament_lint_auto/cmake)
[6.693s] -- Added test 'cppcheck' to perform static code analysis on C / C++ code
[6.712s] -- Configured cppcheck include dirs: $<BUILD_INTERFACE:/home/pavitpc/ros2_ws/src/my_package/include>
[6.735s] -- Configured cppcheck exclude dirs and/or files: 
[6.744s] -- Added test 'lint_cmake' to check CMake code style
[6.746s] -- Added test 'uncrustify' to check C / C++ code style
[6.749s] -- Configured uncrustify additional arguments: 
[6.750s] -- Added test 'xmllint' to check XML markup files
[6.752s] -- Configuring done
[6.755s] -- Generating done
[6.762s] -- Build files have been written to: /home/pavitpc/ros2_ws/build/my_package
[6.775s] [35m[1mConsolidate compiler generated dependencies of target my_node[0m
[6.777s] [ 50%] [32mBuilding CXX object CMakeFiles/my_node.dir/src/my_node.cpp.o[0m
[6.780s] [01m[K/home/pavitpc/ros2_ws/src/my_package/src/my_node.cpp:1:10:[m[K [01;31m[Kfatal error: [m[Krclcpp/rclcpp.hpp: No such file or directory
[6.781s]     1 | #include [01;31m[K"rclcpp/rclcpp.hpp"[m[K
[6.782s]       |          [01;31m[K^~~~~~~~~~~~~~~~~~~[m[K
[6.783s] compilation terminated.
[6.783s] gmake[2]: *** [CMakeFiles/my_node.dir/build.make:76: CMakeFiles/my_node.dir/src/my_node.cpp.o] Error 1
[6.784s] gmake[1]: *** [CMakeFiles/Makefile2:137: CMakeFiles/my_node.dir/all] Error 2
[6.784s] gmake: *** [Makefile:146: all] Error 2
[10.450s] Invoked command in '/home/pavitpc/ros2_ws/build/my_package' returned '2': CMAKE_PREFIX_PATH=${CMAKE_PREFIX_PATH}:/home/pavitpc/ros2_ws/install/my_robot_controller:/home/pavitpc/ros2_ws/install/my_python_package:/opt/ros/humble /usr/bin/cmake --build /home/pavitpc/ros2_ws/build/my_package -- -j4 -l4
