[19.880s] Invoking command in '/home/pavitpc/ros2_ws/src/my_robot_controller': PYTHONPATH=/home/pavitpc/ros2_ws/build/my_robot_controller/prefix_override:/home/pavitpc/ros2_ws/install/my_robot_controller/lib/python3.10/site-packages:${PYTHONPATH} /usr/bin/python3 setup.py egg_info --egg-base ../../build/my_robot_controller build --build-base /home/pavitpc/ros2_ws/build/my_robot_controller/build install --record /home/pavitpc/ros2_ws/build/my_robot_controller/install.log --single-version-externally-managed
[23.293s] running egg_info
[23.308s] writing ../../build/my_robot_controller/my_robot_controller.egg-info/PKG-INFO
[23.308s] writing dependency_links to ../../build/my_robot_controller/my_robot_controller.egg-info/dependency_links.txt
[23.309s] writing entry points to ../../build/my_robot_controller/my_robot_controller.egg-info/entry_points.txt
[23.309s] writing requirements to ../../build/my_robot_controller/my_robot_controller.egg-info/requires.txt
[23.309s] writing top-level names to ../../build/my_robot_controller/my_robot_controller.egg-info/top_level.txt
[23.310s] reading manifest file '../../build/my_robot_controller/my_robot_controller.egg-info/SOURCES.txt'
[23.587s] writing manifest file '../../build/my_robot_controller/my_robot_controller.egg-info/SOURCES.txt'
[23.591s] running build
[23.591s] running build_py
[23.635s] running install
[23.635s] running install_lib
[24.676s] running install_data
[25.068s] running install_egg_info
[25.153s] removing '/home/pavitpc/ros2_ws/install/my_robot_controller/lib/python3.10/site-packages/my_robot_controller-0.0.0-py3.10.egg-info' (and everything under it)
[25.169s] Copying ../../build/my_robot_controller/my_robot_controller.egg-info to /home/pavitpc/ros2_ws/install/my_robot_controller/lib/python3.10/site-packages/my_robot_controller-0.0.0-py3.10.egg-info
[25.179s] running install_scripts
[25.324s] Installing circle_node script to /home/pavitpc/ros2_ws/install/my_robot_controller/lib/my_robot_controller
[25.596s] Installing test_node script to /home/pavitpc/ros2_ws/install/my_robot_controller/lib/my_robot_controller
[25.598s] writing list of installed files to '/home/pavitpc/ros2_ws/build/my_robot_controller/install.log'
[26.390s] Invoked command in '/home/pavitpc/ros2_ws/src/my_robot_controller' returned '0': PYTHONPATH=/home/pavitpc/ros2_ws/build/my_robot_controller/prefix_override:/home/pavitpc/ros2_ws/install/my_robot_controller/lib/python3.10/site-packages:${PYTHONPATH} /usr/bin/python3 setup.py egg_info --egg-base ../../build/my_robot_controller build --build-base /home/pavitpc/ros2_ws/build/my_robot_controller/build install --record /home/pavitpc/ros2_ws/build/my_robot_controller/install.log --single-version-externally-managed
