running develop
running egg_info
creating my_python_package.egg-info
writing my_python_package.egg-info/PKG-INFO
writing dependency_links to my_python_package.egg-info/dependency_links.txt
writing entry points to my_python_package.egg-info/entry_points.txt
writing requirements to my_python_package.egg-info/requires.txt
writing top-level names to my_python_package.egg-info/top_level.txt
writing manifest file 'my_python_package.egg-info/SOURCES.txt'
reading manifest file 'my_python_package.egg-info/SOURCES.txt'
writing manifest file 'my_python_package.egg-info/SOURCES.txt'
running build_ext
Creating /home/pavitpc/ros2_ws/install/my_python_package/lib/python3.10/site-packages/my-python-package.egg-link (link to .)
Installing my_node script to /home/pavitpc/ros2_ws/install/my_python_package/lib/my_python_package

Installed /home/pavitpc/ros2_ws/build/my_python_package
running install_data
creating /home/pavitpc/ros2_ws/install/my_python_package/share/ament_index
creating /home/pavitpc/ros2_ws/install/my_python_package/share/ament_index/resource_index
creating /home/pavitpc/ros2_ws/install/my_python_package/share/ament_index/resource_index/packages
copying resource/my_python_package -> /home/pavitpc/ros2_ws/install/my_python_package/share/ament_index/resource_index/packages
copying package.xml -> /home/pavitpc/ros2_ws/install/my_python_package/share/my_python_package
