[15.756s] Invoking command in '/home/pavitpc/ros2_ws/build/my_python_package': PYTHONPATH=/home/pavitpc/ros2_ws/build/my_python_package/prefix_override:/home/pavitpc/ros2_ws/install/my_python_package/lib/python3.10/site-packages:${PYTHONPATH} /usr/bin/python3 setup.py develop --editable --build-directory /home/pavitpc/ros2_ws/build/my_python_package/build --no-deps install_data
[17.856s] running develop
[19.689s] running egg_info
[19.697s] creating my_python_package.egg-info
[19.706s] writing my_python_package.egg-info/PKG-INFO
[19.706s] writing dependency_links to my_python_package.egg-info/dependency_links.txt
[19.707s] writing entry points to my_python_package.egg-info/entry_points.txt
[19.707s] writing requirements to my_python_package.egg-info/requires.txt
[19.707s] writing top-level names to my_python_package.egg-info/top_level.txt
[19.707s] writing manifest file 'my_python_package.egg-info/SOURCES.txt'
[19.720s] reading manifest file 'my_python_package.egg-info/SOURCES.txt'
[19.729s] writing manifest file 'my_python_package.egg-info/SOURCES.txt'
[19.776s] running build_ext
[19.778s] Creating /home/pavitpc/ros2_ws/install/my_python_package/lib/python3.10/site-packages/my-python-package.egg-link (link to .)
[19.795s] Installing my_node script to /home/pavitpc/ros2_ws/install/my_python_package/lib/my_python_package
[19.804s] 
[19.805s] Installed /home/pavitpc/ros2_ws/build/my_python_package
[19.805s] running install_data
[19.805s] creating /home/pavitpc/ros2_ws/install/my_python_package/share/ament_index
[19.805s] creating /home/pavitpc/ros2_ws/install/my_python_package/share/ament_index/resource_index
[19.805s] creating /home/pavitpc/ros2_ws/install/my_python_package/share/ament_index/resource_index/packages
[19.805s] copying resource/my_python_package -> /home/pavitpc/ros2_ws/install/my_python_package/share/ament_index/resource_index/packages
[19.806s] copying package.xml -> /home/pavitpc/ros2_ws/install/my_python_package/share/my_python_package
[20.273s] Invoked command in '/home/pavitpc/ros2_ws/build/my_python_package' returned '0': PYTHONPATH=/home/pavitpc/ros2_ws/build/my_python_package/prefix_override:/home/pavitpc/ros2_ws/install/my_python_package/lib/python3.10/site-packages:${PYTHONPATH} /usr/bin/python3 setup.py develop --editable --build-directory /home/pavitpc/ros2_ws/build/my_python_package/build --no-deps install_data
