[1.022s] Invoking command in '/home/pavitpc/ros2_ws/build/action_tutorials_cpp': CMAKE_PREFIX_PATH=${CMAKE_PREFIX_PATH}:/opt/ros/humble /usr/bin/cmake --build /home/pavitpc/ros2_ws/build/action_tutorials_cpp -- -j4 -l4
[1.427s] [35m[1mConsolidate compiler generated dependencies of target action_client[0m
[1.707s] [ 25%] [32mBuilding CXX object CMakeFiles/action_client.dir/src/navigate_to_pose_action_client.cpp.o[0m
[35.365s] [ 50%] [32m[1mLinking CXX shared library libaction_client.so[0m
[38.937s] [ 50%] Built target action_client
[39.442s] [100%] Built target navigate_to_pose_action_client
[39.553s] Invoked command in '/home/pavitpc/ros2_ws/build/action_tutorials_cpp' returned '0': CMAKE_PREFIX_PATH=${CMAKE_PREFIX_PATH}:/opt/ros/humble /usr/bin/cmake --build /home/pavitpc/ros2_ws/build/action_tutorials_cpp -- -j4 -l4
[39.933s] Invoking command in '/home/pavitpc/ros2_ws/build/action_tutorials_cpp': CMAKE_PREFIX_PATH=${CMAKE_PREFIX_PATH}:/opt/ros/humble /usr/bin/cmake --install /home/pavitpc/ros2_ws/build/action_tutorials_cpp
[40.020s] -- Install configuration: ""
[40.043s] -- Execute custom install script
[40.072s] -- Up-to-date symlink: /home/pavitpc/ros2_ws/install/action_tutorials_cpp/lib/action_tutorials_cpp/navigate_to_pose_action_client
[40.078s] -- Up-to-date symlink: /home/pavitpc/ros2_ws/install/action_tutorials_cpp/lib/libaction_client.so
[40.091s] -- Up-to-date symlink: /home/pavitpc/ros2_ws/install/action_tutorials_cpp/share/ament_index/resource_index/package_run_dependencies/action_tutorials_cpp
[40.091s] -- Up-to-date symlink: /home/pavitpc/ros2_ws/install/action_tutorials_cpp/share/ament_index/resource_index/parent_prefix_path/action_tutorials_cpp
[40.091s] -- Up-to-date symlink: /home/pavitpc/ros2_ws/install/action_tutorials_cpp/share/action_tutorials_cpp/environment/ament_prefix_path.sh
[40.103s] -- Up-to-date symlink: /home/pavitpc/ros2_ws/install/action_tutorials_cpp/share/action_tutorials_cpp/environment/ament_prefix_path.dsv
[40.104s] -- Up-to-date symlink: /home/pavitpc/ros2_ws/install/action_tutorials_cpp/share/action_tutorials_cpp/environment/path.sh
[40.115s] -- Up-to-date symlink: /home/pavitpc/ros2_ws/install/action_tutorials_cpp/share/action_tutorials_cpp/environment/path.dsv
[40.127s] -- Up-to-date symlink: /home/pavitpc/ros2_ws/install/action_tutorials_cpp/share/action_tutorials_cpp/local_setup.bash
[40.129s] -- Up-to-date symlink: /home/pavitpc/ros2_ws/install/action_tutorials_cpp/share/action_tutorials_cpp/local_setup.sh
[40.135s] -- Up-to-date symlink: /home/pavitpc/ros2_ws/install/action_tutorials_cpp/share/action_tutorials_cpp/local_setup.zsh
[40.136s] -- Up-to-date symlink: /home/pavitpc/ros2_ws/install/action_tutorials_cpp/share/action_tutorials_cpp/local_setup.dsv
[40.136s] -- Symlinking: /home/pavitpc/ros2_ws/install/action_tutorials_cpp/share/action_tutorials_cpp/package.dsv
[40.277s] -- Up-to-date symlink: /home/pavitpc/ros2_ws/install/action_tutorials_cpp/share/ament_index/resource_index/packages/action_tutorials_cpp
[40.282s] -- Up-to-date symlink: /home/pavitpc/ros2_ws/install/action_tutorials_cpp/share/ament_index/resource_index/rclcpp_components/action_tutorials_cpp
[40.294s] -- Up-to-date symlink: /home/pavitpc/ros2_ws/install/action_tutorials_cpp/share/action_tutorials_cpp/cmake/action_tutorials_cppConfig.cmake
[40.302s] -- Up-to-date symlink: /home/pavitpc/ros2_ws/install/action_tutorials_cpp/share/action_tutorials_cpp/cmake/action_tutorials_cppConfig-version.cmake
[40.305s] -- Up-to-date symlink: /home/pavitpc/ros2_ws/install/action_tutorials_cpp/share/action_tutorials_cpp/package.xml
[40.332s] Invoked command in '/home/pavitpc/ros2_ws/build/action_tutorials_cpp' returned '0': CMAKE_PREFIX_PATH=${CMAKE_PREFIX_PATH}:/opt/ros/humble /usr/bin/cmake --install /home/pavitpc/ros2_ws/build/action_tutorials_cpp
