[0.173s] Invoking command in '/home/pavitpc/ros2_ws/build/my_package': CMAKE_PREFIX_PATH=${CMAKE_PREFIX_PATH}:/opt/ros/humble /usr/bin/cmake /home/pavitpc/ros2_ws/src/my_package -DCMAKE_INSTALL_PREFIX=/home/pavitpc/ros2_ws/install/my_package
[1.412s] -- The C compiler identification is GNU 11.4.0
[2.241s] -- The CXX compiler identification is GNU 11.4.0
[2.275s] -- Detecting C compiler ABI info
[2.536s] -- Detecting C compiler ABI info - done
[2.550s] -- Check for working C compiler: /usr/bin/cc - skipped
[2.550s] -- Detecting C compile features
[2.595s] -- Detecting C compile features - done
[2.601s] -- Detecting CXX compiler ABI info
[2.783s] -- Detecting CXX compiler ABI info - done
[2.798s] -- Check for working CXX compiler: /usr/bin/c++ - skipped
[2.799s] -- Detecting CXX compile features
[2.800s] -- Detecting CXX compile features - done
[2.898s] -- Found ament_cmake: 1.3.6 (/opt/ros/humble/share/ament_cmake/cmake)
[3.310s] -- Found Python3: /usr/bin/python3.10 (found version "3.10.12") found components: Interpreter 
[3.571s] -- Found ament_lint_auto: 0.12.9 (/opt/ros/humble/share/ament_lint_auto/cmake)
[3.775s] -- Added test 'cppcheck' to perform static code analysis on C / C++ code
[3.775s] -- Configured cppcheck include dirs: $<BUILD_INTERFACE:/home/pavitpc/ros2_ws/src/my_package/include>
[3.775s] -- Configured cppcheck exclude dirs and/or files: 
[3.777s] -- Added test 'lint_cmake' to check CMake code style
[3.780s] -- Added test 'uncrustify' to check C / C++ code style
[3.780s] -- Configured uncrustify additional arguments: 
[3.782s] -- Added test 'xmllint' to check XML markup files
[3.785s] -- Configuring done
[3.793s] -- Generating done
[3.795s] -- Build files have been written to: /home/pavitpc/ros2_ws/build/my_package
[3.805s] Invoked command in '/home/pavitpc/ros2_ws/build/my_package' returned '0': CMAKE_PREFIX_PATH=${CMAKE_PREFIX_PATH}:/opt/ros/humble /usr/bin/cmake /home/pavitpc/ros2_ws/src/my_package -DCMAKE_INSTALL_PREFIX=/home/pavitpc/ros2_ws/install/my_package
[3.810s] Invoking command in '/home/pavitpc/ros2_ws/build/my_package': CMAKE_PREFIX_PATH=${CMAKE_PREFIX_PATH}:/opt/ros/humble /usr/bin/cmake --build /home/pavitpc/ros2_ws/build/my_package -- -j4 -l4
[3.896s] [ 50%] [32mBuilding CXX object CMakeFiles/my_node.dir/src/my_node.cpp.o[0m
[4.327s] [100%] [32m[1mLinking CXX executable my_node[0m
[4.418s] [100%] Built target my_node
[4.438s] Invoked command in '/home/pavitpc/ros2_ws/build/my_package' returned '0': CMAKE_PREFIX_PATH=${CMAKE_PREFIX_PATH}:/opt/ros/humble /usr/bin/cmake --build /home/pavitpc/ros2_ws/build/my_package -- -j4 -l4
[4.501s] Invoking command in '/home/pavitpc/ros2_ws/build/my_package': CMAKE_PREFIX_PATH=${CMAKE_PREFIX_PATH}:/opt/ros/humble /usr/bin/cmake --install /home/pavitpc/ros2_ws/build/my_package
[4.514s] -- Install configuration: ""
[4.515s] -- Installing: /home/pavitpc/ros2_ws/install/my_package/lib/my_package/my_node
[4.516s] -- Installing: /home/pavitpc/ros2_ws/install/my_package/share/ament_index/resource_index/package_run_dependencies/my_package
[4.516s] -- Installing: /home/pavitpc/ros2_ws/install/my_package/share/ament_index/resource_index/parent_prefix_path/my_package
[4.516s] -- Installing: /home/pavitpc/ros2_ws/install/my_package/share/my_package/environment/ament_prefix_path.sh
[4.517s] -- Installing: /home/pavitpc/ros2_ws/install/my_package/share/my_package/environment/ament_prefix_path.dsv
[4.517s] -- Installing: /home/pavitpc/ros2_ws/install/my_package/share/my_package/environment/path.sh
[4.517s] -- Installing: /home/pavitpc/ros2_ws/install/my_package/share/my_package/environment/path.dsv
[4.518s] -- Installing: /home/pavitpc/ros2_ws/install/my_package/share/my_package/local_setup.bash
[4.518s] -- Installing: /home/pavitpc/ros2_ws/install/my_package/share/my_package/local_setup.sh
[4.518s] -- Installing: /home/pavitpc/ros2_ws/install/my_package/share/my_package/local_setup.zsh
[4.519s] -- Installing: /home/pavitpc/ros2_ws/install/my_package/share/my_package/local_setup.dsv
[4.519s] -- Installing: /home/pavitpc/ros2_ws/install/my_package/share/my_package/package.dsv
[4.519s] -- Installing: /home/pavitpc/ros2_ws/install/my_package/share/ament_index/resource_index/packages/my_package
[4.519s] -- Installing: /home/pavitpc/ros2_ws/install/my_package/share/my_package/cmake/my_packageConfig.cmake
[4.520s] -- Installing: /home/pavitpc/ros2_ws/install/my_package/share/my_package/cmake/my_packageConfig-version.cmake
[4.520s] -- Installing: /home/pavitpc/ros2_ws/install/my_package/share/my_package/package.xml
[4.523s] Invoked command in '/home/pavitpc/ros2_ws/build/my_package' returned '0': CMAKE_PREFIX_PATH=${CMAKE_PREFIX_PATH}:/opt/ros/humble /usr/bin/cmake --install /home/pavitpc/ros2_ws/build/my_package
