[35m[1mConsolidate compiler generated dependencies of target action_client[0m
[ 25%] [32mBuilding CXX object CMakeFiles/action_client.dir/src/navigate_to_pose_action_client.cpp.o[0m
[ 50%] [32m[1mLinking CXX shared library libaction_client.so[0m
[ 50%] Built target action_client
[ 75%] [32mBuilding CXX object CMakeFiles/navigate_to_pose_action_client.dir/rclcpp_components/node_main_navigate_to_pose_action_client.cpp.o[0m
[100%] [32m[1mLinking CXX executable navigate_to_pose_action_client[0m
[100%] Built target navigate_to_pose_action_client
-- Install configuration: ""
-- Installing: /home/pavitpc/ros2_ws/install/action_tutorials_cpp/lib/action_tutorials_cpp/navigate_to_pose_action_client
-- Set runtime path of "/home/pavitpc/ros2_ws/install/action_tutorials_cpp/lib/action_tutorials_cpp/navigate_to_pose_action_client" to ""
-- Installing: /home/pavitpc/ros2_ws/install/action_tutorials_cpp/lib/libaction_client.so
-- Set runtime path of "/home/pavitpc/ros2_ws/install/action_tutorials_cpp/lib/libaction_client.so" to ""
-- Installing: /home/pavitpc/ros2_ws/install/action_tutorials_cpp/share/ament_index/resource_index/package_run_dependencies/action_tutorials_cpp
-- Up-to-date: /home/pavitpc/ros2_ws/install/action_tutorials_cpp/share/ament_index/resource_index/parent_prefix_path/action_tutorials_cpp
-- Up-to-date: /home/pavitpc/ros2_ws/install/action_tutorials_cpp/share/action_tutorials_cpp/environment/ament_prefix_path.sh
-- Installing: /home/pavitpc/ros2_ws/install/action_tutorials_cpp/share/action_tutorials_cpp/environment/ament_prefix_path.dsv
-- Up-to-date: /home/pavitpc/ros2_ws/install/action_tutorials_cpp/share/action_tutorials_cpp/environment/path.sh
-- Installing: /home/pavitpc/ros2_ws/install/action_tutorials_cpp/share/action_tutorials_cpp/environment/path.dsv
-- Up-to-date: /home/pavitpc/ros2_ws/install/action_tutorials_cpp/share/action_tutorials_cpp/local_setup.bash
-- Up-to-date: /home/pavitpc/ros2_ws/install/action_tutorials_cpp/share/action_tutorials_cpp/local_setup.sh
-- Up-to-date: /home/pavitpc/ros2_ws/install/action_tutorials_cpp/share/action_tutorials_cpp/local_setup.zsh
-- Installing: /home/pavitpc/ros2_ws/install/action_tutorials_cpp/share/action_tutorials_cpp/local_setup.dsv
-- Installing: /home/pavitpc/ros2_ws/install/action_tutorials_cpp/share/action_tutorials_cpp/package.dsv
-- Up-to-date: /home/pavitpc/ros2_ws/install/action_tutorials_cpp/share/ament_index/resource_index/packages/action_tutorials_cpp
-- Installing: /home/pavitpc/ros2_ws/install/action_tutorials_cpp/share/ament_index/resource_index/rclcpp_components/action_tutorials_cpp
-- Up-to-date: /home/pavitpc/ros2_ws/install/action_tutorials_cpp/share/action_tutorials_cpp/cmake/action_tutorials_cppConfig.cmake
-- Up-to-date: /home/pavitpc/ros2_ws/install/action_tutorials_cpp/share/action_tutorials_cpp/cmake/action_tutorials_cppConfig-version.cmake
-- Installing: /home/pavitpc/ros2_ws/install/action_tutorials_cpp/share/action_tutorials_cpp/package.xml
